# JRE version: OpenJDK Runtime Environment (11.0.11+9) (build 11.0.11+9-b60-7590822)
# Java VM: OpenJDK 64-Bit Server VM (11.0.11+9-b60-7590822, mixed mode, tiered, compressed oops, g1 gc, windows-amd64)
Heap:
 garbage-first heap   total 114688K, used 98154K [0x00000000e0000000, 0x0000000100000000)
  region size 1024K, 6 young (6144K), 1 survivors (1024K)
 Metaspace       used 76570K, capacity 78629K, committed 78848K, reserved 1118208K
  class space    used 9715K, capacity 10403K, committed 10496K, reserved 1048576K
GC Heap History (20 events):
Event: 156.540 GC heap before
{Heap before GC invocations=193 (full 0):
 garbage-first heap   total 114688K, used 98292K [0x00000000e0000000, 0x0000000100000000)
  region size 1024K, 11 young (11264K), 2 survivors (2048K)
 Metaspace       used 71762K, capacity 73659K, committed 73728K, reserved 1114112K
  class space    used 9049K, capacity 9707K, committed 9728K, reserved 1048576K
}
Event: 156.570 GC heap after
{Heap after GC invocations=194 (full 0):
 garbage-first heap   total 114688K, used 88871K [0x00000000e0000000, 0x0000000100000000)
  region size 1024K, 1 young (1024K), 1 survivors (1024K)
 Metaspace       used 71762K, capacity 73659K, committed 73728K, reserved 1114112K
  class space    used 9049K, capacity 9707K, committed 9728K, reserved 1048576K
}
Event: 158.388 GC heap before
{Heap before GC invocations=194 (full 0):
 garbage-first heap   total 114688K, used 98087K [0x00000000e0000000, 0x0000000100000000)
  region size 1024K, 10 young (10240K), 1 survivors (1024K)
 Metaspace       used 72826K, capacity 74831K, committed 74880K, reserved 1114112K
  class space    used 9191K, capacity 9842K, committed 9856K, reserved 1048576K
}
Event: 158.400 GC heap after
{Heap after GC invocations=195 (full 0):
 garbage-first heap   total 114688K, used 89022K [0x00000000e0000000, 0x0000000100000000)
  region size 1024K, 1 young (1024K), 1 survivors (1024K)
 Metaspace       used 72826K, capacity 74831K, committed 74880K, reserved 1114112K
  class space    used 9191K, capacity 9842K, committed 9856K, reserved 1048576K
}
Event: 159.296 GC heap before
{Heap before GC invocations=195 (full 0):
 garbage-first heap   total 114688K, used 98238K [0x00000000e0000000, 0x0000000100000000)
  region size 1024K, 10 young (10240K), 1 survivors (1024K)
 Metaspace       used 73381K, capacity 75315K, committed 75520K, reserved 1114112K
  class space    used 9241K, capacity 9874K, committed 9984K, reserved 1048576K
}
Event: 159.311 GC heap after
{Heap after GC invocations=196 (full 0):
 garbage-first heap   total 114688K, used 89553K [0x00000000e0000000, 0x0000000100000000)
  region size 1024K, 2 young (2048K), 2 survivors (2048K)
 Metaspace       used 73381K, capacity 75315K, committed 75520K, reserved 1114112K
  class space    used 9241K, capacity 9874K, committed 9984K, reserved 1048576K
}
Event: 160.010 GC heap before
{Heap before GC invocations=196 (full 0):
 garbage-first heap   total 114688K, used 97745K [0x00000000e0000000, 0x0000000100000000)
  region size 1024K, 10 young (10240K), 2 survivors (2048K)
 Metaspace       used 73794K, capacity 75750K, committed 75776K, reserved 1116160K
  class space    used 9301K, capacity 9974K, committed 9984K, reserved 1048576K
}
Event: 160.030 GC heap after
{Heap after GC invocations=197 (full 0):
 garbage-first heap   total 114688K, used 90192K [0x00000000e0000000, 0x0000000100000000)
  region size 1024K, 2 young (2048K), 2 survivors (2048K)
 Metaspace       used 73794K, capacity 75750K, committed 75776K, reserved 1116160K
  class space    used 9301K, capacity 9974K, committed 9984K, reserved 1048576K
}
Event: 160.426 GC heap before
{Heap before GC invocations=197 (full 0):
 garbage-first heap   total 114688K, used 98384K [0x00000000e0000000, 0x0000000100000000)
  region size 1024K, 10 young (10240K), 2 survivors (2048K)
 Metaspace       used 73888K, capacity 75821K, committed 76032K, reserved 1116160K
  class space    used 9317K, capacity 9976K, committed 9984K, reserved 1048576K
}
Event: 160.449 GC heap after
{Heap after GC invocations=198 (full 0):
 garbage-first heap   total 114688K, used 91533K [0x00000000e0000000, 0x0000000100000000)
  region size 1024K, 2 young (2048K), 2 survivors (2048K)
 Metaspace       used 73888K, capacity 75821K, committed 76032K, reserved 1116160K
  class space    used 9317K, capacity 9976K, committed 9984K, reserved 1048576K
}
Event: 160.615 GC heap before
{Heap before GC invocations=198 (full 0):
 garbage-first heap   total 114688K, used 98701K [0x00000000e0000000, 0x0000000100000000)
  region size 1024K, 9 young (9216K), 2 survivors (2048K)
 Metaspace       used 73917K, capacity 75984K, committed 76160K, reserved 1116160K
  class space    used 9321K, capacity 10010K, committed 10112K, reserved 1048576K
}
Event: 160.637 GC heap after
{Heap after GC invocations=199 (full 0):
 garbage-first heap   total 114688K, used 92304K [0x00000000e0000000, 0x0000000100000000)
  region size 1024K, 1 young (1024K), 1 survivors (1024K)
 Metaspace       used 73917K, capacity 75984K, committed 76160K, reserved 1116160K
  class space    used 9321K, capacity 10010K, committed 10112K, reserved 1048576K
}
Event: 160.914 GC heap before
{Heap before GC invocations=199 (full 0):
 garbage-first heap   total 114688K, used 97424K [0x00000000e0000000, 0x0000000100000000)
  region size 1024K, 7 young (7168K), 1 survivors (1024K)
 Metaspace       used 74097K, capacity 76112K, committed 76416K, reserved 1116160K
  class space    used 9328K, capacity 10010K, committed 10112K, reserved 1048576K
}
Event: 160.926 GC heap after
{Heap after GC invocations=200 (full 0):
 garbage-first heap   total 114688K, used 92926K [0x00000000e0000000, 0x0000000100000000)
  region size 1024K, 1 young (1024K), 1 survivors (1024K)
 Metaspace       used 74097K, capacity 76112K, committed 76416K, reserved 1116160K
  class space    used 9328K, capacity 10010K, committed 10112K, reserved 1048576K
}
Event: 161.760 GC heap before
{Heap before GC invocations=200 (full 0):
 garbage-first heap   total 114688K, used 98046K [0x00000000e0000000, 0x0000000100000000)
  region size 1024K, 7 young (7168K), 1 survivors (1024K)
 Metaspace       used 74804K, capacity 76854K, committed 76928K, reserved 1116160K
  class space    used 9412K, capacity 10108K, committed 10112K, reserved 1048576K
}
Event: 161.777 GC heap after
{Heap after GC invocations=201 (full 0):
 garbage-first heap   total 114688K, used 93358K [0x00000000e0000000, 0x0000000100000000)
  region size 1024K, 1 young (1024K), 1 survivors (1024K)
 Metaspace       used 74804K, capacity 76854K, committed 76928K, reserved 1116160K
  class space    used 9412K, capacity 10108K, committed 10112K, reserved 1048576K
}
Event: 162.230 GC heap before
{Heap before GC invocations=201 (full 0):
 garbage-first heap   total 114688K, used 98478K [0x00000000e0000000, 0x0000000100000000)
  region size 1024K, 6 young (6144K), 1 survivors (1024K)
 Metaspace       used 75338K, capacity 77366K, committed 77568K, reserved 1116160K
  class space    used 9492K, capacity 10172K, committed 10240K, reserved 1048576K
}
Event: 162.242 GC heap after
{Heap after GC invocations=202 (full 0):
 garbage-first heap   total 114688K, used 93719K [0x00000000e0000000, 0x0000000100000000)
  region size 1024K, 1 young (1024K), 1 survivors (1024K)
 Metaspace       used 75338K, capacity 77366K, committed 77568K, reserved 1116160K
  class space    used 9492K, capacity 10172K, committed 10240K, reserved 1048576K
}
Event: 163.284 GC heap before
{Heap before GC invocations=202 (full 0):
 garbage-first heap   total 114688K, used 98839K [0x00000000e0000000, 0x0000000100000000)
  region size 1024K, 6 young (6144K), 1 survivors (1024K)
 Metaspace       used 75876K, capacity 77910K, committed 78208K, reserved 1118208K
  class space    used 9589K, capacity 10268K, committed 10368K, reserved 1048576K
}
Event: 163.298 GC heap after
{Heap after GC invocations=203 (full 0):
 garbage-first heap   total 114688K, used 94058K [0x00000000e0000000, 0x0000000100000000)
  region size 1024K, 1 young (1024K), 1 survivors (1024K)
 Metaspace       used 75876K, capacity 77910K, committed 78208K, reserved 1118208K
  class space    used 9589K, capacity 10268K, committed 10368K, reserved 1048576K
}

