# JRE version: OpenJDK Runtime Environment (11.0.11+9) (build 11.0.11+9-b60-7590822)
# Java VM: OpenJDK 64-Bit Server VM (11.0.11+9-b60-7590822, mixed mode, tiered, compressed oops, g1 gc, windows-amd64)
Heap:
 garbage-first heap   total 200704K, used 106112K [0x00000000e0000000, 0x0000000100000000)
  region size 1024K, 1 young (1024K), 1 survivors (1024K)
 Metaspace       used 108313K, capacity 110748K, committed 110844K, reserved 1146880K
  class space    used 13287K, capacity 14134K, committed 14208K, reserved 1048576K
GC Heap History (20 events):
Event: 248.654 GC heap before
{Heap before GC invocations=260 (full 0):
 garbage-first heap   total 200704K, used 131779K [0x00000000e0000000, 0x0000000100000000)
  region size 1024K, 34 young (34816K), 3 survivors (3072K)
 Metaspace       used 107713K, capacity 110070K, committed 110332K, reserved 1144832K
  class space    used 13259K, capacity 14099K, committed 14208K, reserved 1048576K
}
Event: 248.676 GC heap after
{Heap after GC invocations=261 (full 0):
 garbage-first heap   total 200704K, used 101701K [0x00000000e0000000, 0x0000000100000000)
  region size 1024K, 4 young (4096K), 4 survivors (4096K)
 Metaspace       used 107713K, capacity 110070K, committed 110332K, reserved 1144832K
  class space    used 13259K, capacity 14099K, committed 14208K, reserved 1048576K
}
Event: 256.229 GC heap before
{Heap before GC invocations=261 (full 0):
 garbage-first heap   total 200704K, used 161093K [0x00000000e0000000, 0x0000000100000000)
  region size 1024K, 55 young (56320K), 4 survivors (4096K)
 Metaspace       used 108122K, capacity 110486K, committed 110588K, reserved 1146880K
  class space    used 13276K, capacity 14131K, committed 14208K, reserved 1048576K
}
Event: 256.309 GC heap after
{Heap after GC invocations=262 (full 0):
 garbage-first heap   total 200704K, used 108699K [0x00000000e0000000, 0x0000000100000000)
  region size 1024K, 7 young (7168K), 7 survivors (7168K)
 Metaspace       used 108122K, capacity 110486K, committed 110588K, reserved 1146880K
  class space    used 13276K, capacity 14131K, committed 14208K, reserved 1048576K
}
Event: 256.770 GC heap before
{Heap before GC invocations=262 (full 0):
 garbage-first heap   total 200704K, used 157851K [0x00000000e0000000, 0x0000000100000000)
  region size 1024K, 55 young (56320K), 7 survivors (7168K)
 Metaspace       used 108140K, capacity 110486K, committed 110588K, reserved 1146880K
  class space    used 13276K, capacity 14131K, committed 14208K, reserved 1048576K
}
Event: 256.806 GC heap after
{Heap after GC invocations=263 (full 0):
 garbage-first heap   total 200704K, used 112640K [0x00000000e0000000, 0x0000000100000000)
  region size 1024K, 4 young (4096K), 4 survivors (4096K)
 Metaspace       used 108140K, capacity 110486K, committed 110588K, reserved 1146880K
  class space    used 13276K, capacity 14131K, committed 14208K, reserved 1048576K
}
Event: 257.928 GC heap before
{Heap before GC invocations=263 (full 0):
 garbage-first heap   total 200704K, used 162816K [0x00000000e0000000, 0x0000000100000000)
  region size 1024K, 53 young (54272K), 4 survivors (4096K)
 Metaspace       used 108193K, capacity 110550K, committed 110844K, reserved 1146880K
  class space    used 13280K, capacity 14131K, committed 14208K, reserved 1048576K
}
Event: 257.942 GC heap after
{Heap after GC invocations=264 (full 0):
 garbage-first heap   total 200704K, used 112314K [0x00000000e0000000, 0x0000000100000000)
  region size 1024K, 1 young (1024K), 1 survivors (1024K)
 Metaspace       used 108193K, capacity 110550K, committed 110844K, reserved 1146880K
  class space    used 13280K, capacity 14131K, committed 14208K, reserved 1048576K
}
Event: 258.789 GC heap before
{Heap before GC invocations=264 (full 0):
 garbage-first heap   total 200704K, used 162490K [0x00000000e0000000, 0x0000000100000000)
  region size 1024K, 51 young (52224K), 1 survivors (1024K)
 Metaspace       used 108252K, capacity 110614K, committed 110844K, reserved 1146880K
  class space    used 13280K, capacity 14131K, committed 14208K, reserved 1048576K
}
Event: 258.895 GC heap after
{Heap after GC invocations=265 (full 0):
 garbage-first heap   total 200704K, used 115405K [0x00000000e0000000, 0x0000000100000000)
  region size 1024K, 4 young (4096K), 4 survivors (4096K)
 Metaspace       used 108252K, capacity 110614K, committed 110844K, reserved 1146880K
  class space    used 13280K, capacity 14131K, committed 14208K, reserved 1048576K
}
Event: 263.924 GC heap before
{Heap before GC invocations=266 (full 0):
 garbage-first heap   total 200704K, used 164606K [0x00000000e0000000, 0x0000000100000000)
  region size 1024K, 54 young (55296K), 4 survivors (4096K)
 Metaspace       used 108246K, capacity 110599K, committed 110844K, reserved 1146880K
  class space    used 13279K, capacity 14128K, committed 14208K, reserved 1048576K
}
Event: 265.154 GC heap after
{Heap after GC invocations=267 (full 0):
 garbage-first heap   total 200704K, used 111265K [0x00000000e0000000, 0x0000000100000000)
  region size 1024K, 2 young (2048K), 2 survivors (2048K)
 Metaspace       used 108246K, capacity 110599K, committed 110844K, reserved 1146880K
  class space    used 13279K, capacity 14128K, committed 14208K, reserved 1048576K
}
Event: 265.551 GC heap before
{Heap before GC invocations=267 (full 0):
 garbage-first heap   total 200704K, used 118433K [0x00000000e0000000, 0x0000000100000000)
  region size 1024K, 9 young (9216K), 2 survivors (2048K)
 Metaspace       used 108250K, capacity 110601K, committed 110844K, reserved 1146880K
  class space    used 13279K, capacity 14128K, committed 14208K, reserved 1048576K
}
Event: 266.552 GC heap after
{Heap after GC invocations=268 (full 0):
 garbage-first heap   total 200704K, used 105976K [0x00000000e0000000, 0x0000000100000000)
  region size 1024K, 1 young (1024K), 1 survivors (1024K)
 Metaspace       used 108250K, capacity 110601K, committed 110844K, reserved 1146880K
  class space    used 13279K, capacity 14128K, committed 14208K, reserved 1048576K
}
Event: 266.838 GC heap before
{Heap before GC invocations=268 (full 0):
 garbage-first heap   total 200704K, used 114168K [0x00000000e0000000, 0x0000000100000000)
  region size 1024K, 9 young (9216K), 1 survivors (1024K)
 Metaspace       used 108250K, capacity 110601K, committed 110844K, reserved 1146880K
  class space    used 13279K, capacity 14128K, committed 14208K, reserved 1048576K
}
Event: 266.846 GC heap after
{Heap after GC invocations=269 (full 0):
 garbage-first heap   total 200704K, used 105557K [0x00000000e0000000, 0x0000000100000000)
  region size 1024K, 1 young (1024K), 1 survivors (1024K)
 Metaspace       used 108250K, capacity 110601K, committed 110844K, reserved 1146880K
  class space    used 13279K, capacity 14128K, committed 14208K, reserved 1048576K
}
Event: 266.942 GC heap before
{Heap before GC invocations=269 (full 0):
 garbage-first heap   total 200704K, used 113749K [0x00000000e0000000, 0x0000000100000000)
  region size 1024K, 9 young (9216K), 1 survivors (1024K)
 Metaspace       used 108250K, capacity 110601K, committed 110844K, reserved 1146880K
  class space    used 13279K, capacity 14128K, committed 14208K, reserved 1048576K
}
Event: 267.064 GC heap after
{Heap after GC invocations=270 (full 0):
 garbage-first heap   total 200704K, used 105661K [0x00000000e0000000, 0x0000000100000000)
  region size 1024K, 1 young (1024K), 1 survivors (1024K)
 Metaspace       used 108250K, capacity 110601K, committed 110844K, reserved 1146880K
  class space    used 13279K, capacity 14128K, committed 14208K, reserved 1048576K
}
Event: 267.158 GC heap before
{Heap before GC invocations=270 (full 0):
 garbage-first heap   total 200704K, used 113853K [0x00000000e0000000, 0x0000000100000000)
  region size 1024K, 9 young (9216K), 1 survivors (1024K)
 Metaspace       used 108250K, capacity 110601K, committed 110844K, reserved 1146880K
  class space    used 13279K, capacity 14128K, committed 14208K, reserved 1048576K
}
Event: 267.163 GC heap after
{Heap after GC invocations=271 (full 0):
 garbage-first heap   total 200704K, used 106095K [0x00000000e0000000, 0x0000000100000000)
  region size 1024K, 2 young (2048K), 2 survivors (2048K)
 Metaspace       used 108250K, capacity 110601K, committed 110844K, reserved 1146880K
  class space    used 13279K, capacity 14128K, committed 14208K, reserved 1048576K
}

