# JRE version: OpenJDK Runtime Environment (11.0.11+9) (build 11.0.11+9-b60-7590822)
# Java VM: OpenJDK 64-Bit Server VM (11.0.11+9-b60-7590822, mixed mode, tiered, compressed oops, g1 gc, windows-amd64)
Heap:
 garbage-first heap   total 130048K, used 124325K [0x00000000e0000000, 0x0000000100000000)
  region size 1024K, 4 young (4096K), 1 survivors (1024K)
 Metaspace       used 105288K, capacity 107584K, committed 107776K, reserved 1142784K
  class space    used 13238K, capacity 14027K, committed 14080K, reserved 1048576K
GC Heap History (20 events):
Event: 483.666 GC heap before
{Heap before GC invocations=728 (full 0):
 garbage-first heap   total 124928K, used 123895K [0x00000000e0000000, 0x0000000100000000)
  region size 1024K, 6 young (6144K), 1 survivors (1024K)
 Metaspace       used 103208K, capacity 105405K, committed 105728K, reserved 1140736K
  class space    used 13027K, capacity 13795K, committed 13824K, reserved 1048576K
}
Event: 483.729 GC heap after
{Heap after GC invocations=729 (full 0):
 garbage-first heap   total 126976K, used 118354K [0x00000000e0000000, 0x0000000100000000)
  region size 1024K, 1 young (1024K), 1 survivors (1024K)
 Metaspace       used 103208K, capacity 105405K, committed 105728K, reserved 1140736K
  class space    used 13027K, capacity 13795K, committed 13824K, reserved 1048576K
}
Event: 489.555 GC heap before
{Heap before GC invocations=729 (full 0):
 garbage-first heap   total 126976K, used 122450K [0x00000000e0000000, 0x0000000100000000)
  region size 1024K, 6 young (6144K), 1 survivors (1024K)
 Metaspace       used 103356K, capacity 105564K, committed 105728K, reserved 1140736K
  class space    used 13044K, capacity 13801K, committed 13824K, reserved 1048576K
}
Event: 489.563 GC heap after
{Heap after GC invocations=730 (full 0):
 garbage-first heap   total 126976K, used 118553K [0x00000000e0000000, 0x0000000100000000)
  region size 1024K, 1 young (1024K), 1 survivors (1024K)
 Metaspace       used 103356K, capacity 105564K, committed 105728K, reserved 1140736K
  class space    used 13044K, capacity 13801K, committed 13824K, reserved 1048576K
}
Event: 492.942 GC heap before
{Heap before GC invocations=731 (full 0):
 garbage-first heap   total 126976K, used 122649K [0x00000000e0000000, 0x0000000100000000)
  region size 1024K, 6 young (6144K), 1 survivors (1024K)
 Metaspace       used 103465K, capacity 105651K, committed 105984K, reserved 1140736K
  class space    used 13041K, capacity 13781K, committed 13824K, reserved 1048576K
}
Event: 492.951 GC heap after
{Heap after GC invocations=732 (full 0):
 garbage-first heap   total 126976K, used 118950K [0x00000000e0000000, 0x0000000100000000)
  region size 1024K, 1 young (1024K), 1 survivors (1024K)
 Metaspace       used 103465K, capacity 105651K, committed 105984K, reserved 1140736K
  class space    used 13041K, capacity 13781K, committed 13824K, reserved 1048576K
}
Event: 495.684 GC heap before
{Heap before GC invocations=732 (full 0):
 garbage-first heap   total 126976K, used 124070K [0x00000000e0000000, 0x0000000100000000)
  region size 1024K, 6 young (6144K), 1 survivors (1024K)
 Metaspace       used 103610K, capacity 105795K, committed 105984K, reserved 1140736K
  class space    used 13045K, capacity 13783K, committed 13824K, reserved 1048576K
}
Event: 495.695 GC heap after
{Heap after GC invocations=733 (full 0):
 garbage-first heap   total 126976K, used 119693K [0x00000000e0000000, 0x0000000100000000)
  region size 1024K, 1 young (1024K), 1 survivors (1024K)
 Metaspace       used 103610K, capacity 105795K, committed 105984K, reserved 1140736K
  class space    used 13045K, capacity 13783K, committed 13824K, reserved 1048576K
}
Event: 496.938 GC heap before
{Heap before GC invocations=734 (full 0):
 garbage-first heap   total 126976K, used 123789K [0x00000000e0000000, 0x0000000100000000)
  region size 1024K, 6 young (6144K), 1 survivors (1024K)
 Metaspace       used 103980K, capacity 106122K, committed 106368K, reserved 1142784K
  class space    used 13058K, capacity 13819K, committed 13952K, reserved 1048576K
}
Event: 496.954 GC heap after
{Heap after GC invocations=735 (full 0):
 garbage-first heap   total 126976K, used 120286K [0x00000000e0000000, 0x0000000100000000)
  region size 1024K, 1 young (1024K), 1 survivors (1024K)
 Metaspace       used 103980K, capacity 106122K, committed 106368K, reserved 1142784K
  class space    used 13058K, capacity 13819K, committed 13952K, reserved 1048576K
}
Event: 498.153 GC heap before
{Heap before GC invocations=735 (full 0):
 garbage-first heap   total 126976K, used 125406K [0x00000000e0000000, 0x0000000100000000)
  region size 1024K, 6 young (6144K), 1 survivors (1024K)
 Metaspace       used 104375K, capacity 106723K, committed 106880K, reserved 1142784K
  class space    used 13142K, capacity 13936K, committed 13952K, reserved 1048576K
}
Event: 498.169 GC heap after
{Heap after GC invocations=736 (full 0):
 garbage-first heap   total 126976K, used 120422K [0x00000000e0000000, 0x0000000100000000)
  region size 1024K, 1 young (1024K), 1 survivors (1024K)
 Metaspace       used 104375K, capacity 106723K, committed 106880K, reserved 1142784K
  class space    used 13142K, capacity 13936K, committed 13952K, reserved 1048576K
}
Event: 498.994 GC heap before
{Heap before GC invocations=737 (full 0):
 garbage-first heap   total 126976K, used 125542K [0x00000000e0000000, 0x0000000100000000)
  region size 1024K, 6 young (6144K), 1 survivors (1024K)
 Metaspace       used 104566K, capacity 106851K, committed 107008K, reserved 1142784K
  class space    used 13179K, capacity 13958K, committed 14080K, reserved 1048576K
}
Event: 499.012 GC heap after
{Heap after GC invocations=738 (full 0):
 garbage-first heap   total 129024K, used 121674K [0x00000000e0000000, 0x0000000100000000)
  region size 1024K, 1 young (1024K), 1 survivors (1024K)
 Metaspace       used 104566K, capacity 106851K, committed 107008K, reserved 1142784K
  class space    used 13179K, capacity 13958K, committed 14080K, reserved 1048576K
}
Event: 501.384 GC heap before
{Heap before GC invocations=738 (full 0):
 garbage-first heap   total 129024K, used 126794K [0x00000000e0000000, 0x0000000100000000)
  region size 1024K, 6 young (6144K), 1 survivors (1024K)
 Metaspace       used 105040K, capacity 107305K, committed 107520K, reserved 1142784K
  class space    used 13247K, capacity 14045K, committed 14080K, reserved 1048576K
}
Event: 501.395 GC heap after
{Heap after GC invocations=739 (full 0):
 garbage-first heap   total 129024K, used 122162K [0x00000000e0000000, 0x0000000100000000)
  region size 1024K, 1 young (1024K), 1 survivors (1024K)
 Metaspace       used 105040K, capacity 107305K, committed 107520K, reserved 1142784K
  class space    used 13247K, capacity 14045K, committed 14080K, reserved 1048576K
}
Event: 503.807 GC heap before
{Heap before GC invocations=739 (full 0):
 garbage-first heap   total 129024K, used 126258K [0x00000000e0000000, 0x0000000100000000)
  region size 1024K, 6 young (6144K), 1 survivors (1024K)
 Metaspace       used 105119K, capacity 107380K, committed 107520K, reserved 1142784K
  class space    used 13248K, capacity 14046K, committed 14080K, reserved 1048576K
}
Event: 503.814 GC heap after
{Heap after GC invocations=740 (full 0):
 garbage-first heap   total 129024K, used 122350K [0x00000000e0000000, 0x0000000100000000)
  region size 1024K, 1 young (1024K), 1 survivors (1024K)
 Metaspace       used 105119K, capacity 107380K, committed 107520K, reserved 1142784K
  class space    used 13248K, capacity 14046K, committed 14080K, reserved 1048576K
}
Event: 504.798 GC heap before
{Heap before GC invocations=741 (full 0):
 garbage-first heap   total 129024K, used 126446K [0x00000000e0000000, 0x0000000100000000)
  region size 1024K, 6 young (6144K), 1 survivors (1024K)
 Metaspace       used 105206K, capacity 107454K, committed 107776K, reserved 1142784K
  class space    used 13238K, capacity 14027K, committed 14080K, reserved 1048576K
}
Event: 504.827 GC heap after
{Heap after GC invocations=742 (full 0):
 garbage-first heap   total 130048K, used 122300K [0x00000000e0000000, 0x0000000100000000)
  region size 1024K, 1 young (1024K), 1 survivors (1024K)
 Metaspace       used 105206K, capacity 107454K, committed 107776K, reserved 1142784K
  class space    used 13238K, capacity 14027K, committed 14080K, reserved 1048576K
}

