# JRE version: OpenJDK Runtime Environment (11.0.11+9) (build 11.0.11+9-b60-7590822)
# Java VM: OpenJDK 64-Bit Server VM (11.0.11+9-b60-7590822, mixed mode, tiered, compressed oops, g1 gc, windows-amd64)
Heap:
 garbage-first heap   total 367616K, used 148782K [0x00000000c0000000, 0x0000000100000000)
  region size 1024K, 1 young (1024K), 1 survivors (1024K)
 Metaspace       used 114892K, capacity 117532K, committed 118016K, reserved 1150976K
  class space    used 14512K, capacity 15508K, committed 15616K, reserved 1048576K
GC Heap History (20 events):
Event: 1329.836 GC heap after
{Heap after GC invocations=278 (full 0):
 garbage-first heap   total 164864K, used 147090K [0x00000000c0000000, 0x0000000100000000)
  region size 1024K, 1 young (1024K), 1 survivors (1024K)
 Metaspace       used 113945K, capacity 116698K, committed 117120K, reserved 1150976K
  class space    used 14395K, capacity 15382K, committed 15488K, reserved 1048576K
}
Event: 1329.867 GC heap before
{Heap before GC invocations=278 (full 0):
 garbage-first heap   total 164864K, used 149138K [0x00000000c0000000, 0x0000000100000000)
  region size 1024K, 5 young (5120K), 1 survivors (1024K)
 Metaspace       used 113947K, capacity 116699K, committed 117120K, reserved 1150976K
  class space    used 14395K, capacity 15382K, committed 15488K, reserved 1048576K
}
Event: 1329.873 GC heap after
{Heap after GC invocations=279 (full 0):
 garbage-first heap   total 164864K, used 148119K [0x00000000c0000000, 0x0000000100000000)
  region size 1024K, 1 young (1024K), 1 survivors (1024K)
 Metaspace       used 113947K, capacity 116699K, committed 117120K, reserved 1150976K
  class space    used 14395K, capacity 15382K, committed 15488K, reserved 1048576K
}
Event: 1330.193 GC heap before
{Heap before GC invocations=279 (full 0):
 garbage-first heap   total 164864K, used 156311K [0x00000000c0000000, 0x0000000100000000)
  region size 1024K, 8 young (8192K), 1 survivors (1024K)
 Metaspace       used 113947K, capacity 116699K, committed 117120K, reserved 1150976K
  class space    used 14395K, capacity 15382K, committed 15488K, reserved 1048576K
}
Event: 1330.200 GC heap after
{Heap after GC invocations=280 (full 0):
 garbage-first heap   total 164864K, used 150596K [0x00000000c0000000, 0x0000000100000000)
  region size 1024K, 1 young (1024K), 1 survivors (1024K)
 Metaspace       used 113947K, capacity 116699K, committed 117120K, reserved 1150976K
  class space    used 14395K, capacity 15382K, committed 15488K, reserved 1048576K
}
Event: 1330.387 GC heap before
{Heap before GC invocations=280 (full 0):
 garbage-first heap   total 164864K, used 157764K [0x00000000c0000000, 0x0000000100000000)
  region size 1024K, 8 young (8192K), 1 survivors (1024K)
 Metaspace       used 113712K, capacity 116327K, committed 117120K, reserved 1150976K
  class space    used 14361K, capacity 15319K, committed 15488K, reserved 1048576K
}
Event: 1330.393 GC heap after
{Heap after GC invocations=281 (full 0):
 garbage-first heap   total 164864K, used 152052K [0x00000000c0000000, 0x0000000100000000)
  region size 1024K, 1 young (1024K), 1 survivors (1024K)
 Metaspace       used 113712K, capacity 116327K, committed 117120K, reserved 1150976K
  class space    used 14361K, capacity 15319K, committed 15488K, reserved 1048576K
}
Event: 1330.541 GC heap before
{Heap before GC invocations=281 (full 0):
 garbage-first heap   total 164864K, used 158196K [0x00000000c0000000, 0x0000000100000000)
  region size 1024K, 8 young (8192K), 1 survivors (1024K)
 Metaspace       used 113712K, capacity 116327K, committed 117120K, reserved 1150976K
  class space    used 14361K, capacity 15319K, committed 15488K, reserved 1048576K
}
Event: 1330.548 GC heap after
{Heap after GC invocations=282 (full 0):
 garbage-first heap   total 164864K, used 153945K [0x00000000c0000000, 0x0000000100000000)
  region size 1024K, 1 young (1024K), 1 survivors (1024K)
 Metaspace       used 113712K, capacity 116327K, committed 117120K, reserved 1150976K
  class space    used 14361K, capacity 15319K, committed 15488K, reserved 1048576K
}
Event: 1330.633 GC heap before
{Heap before GC invocations=283 (full 0):
 garbage-first heap   total 164864K, used 160089K [0x00000000c0000000, 0x0000000100000000)
  region size 1024K, 8 young (8192K), 1 survivors (1024K)
 Metaspace       used 113712K, capacity 116327K, committed 117120K, reserved 1150976K
  class space    used 14361K, capacity 15319K, committed 15488K, reserved 1048576K
}
Event: 1330.638 GC heap after
{Heap after GC invocations=284 (full 0):
 garbage-first heap   total 164864K, used 155943K [0x00000000c0000000, 0x0000000100000000)
  region size 1024K, 1 young (1024K), 1 survivors (1024K)
 Metaspace       used 113712K, capacity 116327K, committed 117120K, reserved 1150976K
  class space    used 14361K, capacity 15319K, committed 15488K, reserved 1048576K
}
Event: 1330.826 GC heap before
{Heap before GC invocations=284 (full 0):
 garbage-first heap   total 164864K, used 162087K [0x00000000c0000000, 0x0000000100000000)
  region size 1024K, 8 young (8192K), 1 survivors (1024K)
 Metaspace       used 113767K, capacity 116371K, committed 117120K, reserved 1150976K
  class space    used 14369K, capacity 15355K, committed 15488K, reserved 1048576K
}
Event: 1330.924 GC heap after
{Heap after GC invocations=285 (full 0):
 garbage-first heap   total 175104K, used 148803K [0x00000000c0000000, 0x0000000100000000)
  region size 1024K, 1 young (1024K), 1 survivors (1024K)
 Metaspace       used 113767K, capacity 116371K, committed 117120K, reserved 1150976K
  class space    used 14369K, capacity 15355K, committed 15488K, reserved 1048576K
}
Event: 1331.427 GC heap before
{Heap before GC invocations=285 (full 0):
 garbage-first heap   total 175104K, used 154947K [0x00000000c0000000, 0x0000000100000000)
  region size 1024K, 8 young (8192K), 1 survivors (1024K)
 Metaspace       used 114049K, capacity 116674K, committed 117120K, reserved 1150976K
  class space    used 14406K, capacity 15392K, committed 15488K, reserved 1048576K
}
Event: 1331.503 GC heap after
{Heap after GC invocations=286 (full 0):
 garbage-first heap   total 175104K, used 145408K [0x00000000c0000000, 0x0000000100000000)
  region size 1024K, 1 young (1024K), 1 survivors (1024K)
 Metaspace       used 114049K, capacity 116674K, committed 117120K, reserved 1150976K
  class space    used 14406K, capacity 15392K, committed 15488K, reserved 1048576K
}
Event: 1331.700 GC heap before
{Heap before GC invocations=286 (full 0):
 garbage-first heap   total 175104K, used 151552K [0x00000000c0000000, 0x0000000100000000)
  region size 1024K, 8 young (8192K), 1 survivors (1024K)
 Metaspace       used 114337K, capacity 116980K, committed 117504K, reserved 1150976K
  class space    used 14446K, capacity 15431K, committed 15616K, reserved 1048576K
}
Event: 1331.715 GC heap after
{Heap after GC invocations=287 (full 0):
 garbage-first heap   total 175104K, used 146432K [0x00000000c0000000, 0x0000000100000000)
  region size 1024K, 1 young (1024K), 1 survivors (1024K)
 Metaspace       used 114337K, capacity 116980K, committed 117504K, reserved 1150976K
  class space    used 14446K, capacity 15431K, committed 15616K, reserved 1048576K
}
Event: 1331.972 GC heap before
{Heap before GC invocations=287 (full 0):
 garbage-first heap   total 175104K, used 153600K [0x00000000c0000000, 0x0000000100000000)
  region size 1024K, 8 young (8192K), 1 survivors (1024K)
 Metaspace       used 114595K, capacity 117223K, committed 117760K, reserved 1150976K
  class space    used 14489K, capacity 15470K, committed 15616K, reserved 1048576K
}
Event: 1331.979 GC heap after
{Heap after GC invocations=288 (full 0):
 garbage-first heap   total 175104K, used 147424K [0x00000000c0000000, 0x0000000100000000)
  region size 1024K, 1 young (1024K), 1 survivors (1024K)
 Metaspace       used 114595K, capacity 117223K, committed 117760K, reserved 1150976K
  class space    used 14489K, capacity 15470K, committed 15616K, reserved 1048576K
}
Event: 1332.418 GC heap before
{Heap before GC invocations=288 (full 0):
 garbage-first heap   total 175104K, used 154592K [0x00000000c0000000, 0x0000000100000000)
  region size 1024K, 8 young (8192K), 1 survivors (1024K)
 Metaspace       used 114892K, capacity 117532K, committed 118016K, reserved 1150976K
  class space    used 14512K, capacity 15508K, committed 15616K, reserved 1048576K
}

