# JRE version: OpenJDK Runtime Environment (11.0.11+9) (build 11.0.11+9-b60-7590822)
# Java VM: OpenJDK 64-Bit Server VM (11.0.11+9-b60-7590822, mixed mode, tiered, compressed oops, g1 gc, windows-amd64)
Heap:
 garbage-first heap   total 65536K, used 38399K [0x00000000e0000000, 0x0000000100000000)
  region size 1024K, 25 young (25600K), 2 survivors (2048K)
 Metaspace       used 22755K, capacity 23379K, committed 23600K, reserved 1069056K
  class space    used 2886K, capacity 3083K, committed 3200K, reserved 1048576K
GC Heap History (12 events):
Event: 4.415 GC heap before
{Heap before GC invocations=0 (full 0):
 garbage-first heap   total 65536K, used 7168K [0x00000000e0000000, 0x0000000100000000)
  region size 1024K, 7 young (7168K), 0 survivors (0K)
 Metaspace       used 6129K, capacity 6261K, committed 6528K, reserved 1056768K
  class space    used 536K, capacity 578K, committed 640K, reserved 1048576K
}
Event: 4.429 GC heap after
{Heap after GC invocations=1 (full 0):
 garbage-first heap   total 65536K, used 1384K [0x00000000e0000000, 0x0000000100000000)
  region size 1024K, 1 young (1024K), 1 survivors (1024K)
 Metaspace       used 6129K, capacity 6261K, committed 6528K, reserved 1056768K
  class space    used 536K, capacity 578K, committed 640K, reserved 1048576K
}
Event: 9.257 GC heap before
{Heap before GC invocations=1 (full 0):
 garbage-first heap   total 65536K, used 45416K [0x00000000e0000000, 0x0000000100000000)
  region size 1024K, 38 young (38912K), 1 survivors (1024K)
 Metaspace       used 10795K, capacity 11071K, committed 11264K, reserved 1058816K
  class space    used 1123K, capacity 1206K, committed 1280K, reserved 1048576K
}
Event: 9.279 GC heap after
{Heap after GC invocations=2 (full 0):
 garbage-first heap   total 65536K, used 9577K [0x00000000e0000000, 0x0000000100000000)
  region size 1024K, 5 young (5120K), 5 survivors (5120K)
 Metaspace       used 10795K, capacity 11071K, committed 11264K, reserved 1058816K
  class space    used 1123K, capacity 1206K, committed 1280K, reserved 1048576K
}
Event: 9.690 GC heap before
{Heap before GC invocations=2 (full 0):
 garbage-first heap   total 65536K, used 21865K [0x00000000e0000000, 0x0000000100000000)
  region size 1024K, 17 young (17408K), 5 survivors (5120K)
 Metaspace       used 10853K, capacity 11135K, committed 11264K, reserved 1058816K
  class space    used 1125K, capacity 1206K, committed 1280K, reserved 1048576K
}
Event: 9.705 GC heap after
{Heap after GC invocations=3 (full 0):
 garbage-first heap   total 65536K, used 12133K [0x00000000e0000000, 0x0000000100000000)
  region size 1024K, 3 young (3072K), 3 survivors (3072K)
 Metaspace       used 10853K, capacity 11135K, committed 11264K, reserved 1058816K
  class space    used 1125K, capacity 1206K, committed 1280K, reserved 1048576K
}
Event: 12.195 GC heap before
{Heap before GC invocations=3 (full 0):
 garbage-first heap   total 65536K, used 33637K [0x00000000e0000000, 0x0000000100000000)
  region size 1024K, 24 young (24576K), 3 survivors (3072K)
 Metaspace       used 13902K, capacity 14225K, committed 14336K, reserved 1062912K
  class space    used 1550K, capacity 1684K, committed 1792K, reserved 1048576K
}
Event: 12.223 GC heap after
{Heap after GC invocations=4 (full 0):
 garbage-first heap   total 65536K, used 15123K [0x00000000e0000000, 0x0000000100000000)
  region size 1024K, 3 young (3072K), 3 survivors (3072K)
 Metaspace       used 13902K, capacity 14225K, committed 14336K, reserved 1062912K
  class space    used 1550K, capacity 1684K, committed 1792K, reserved 1048576K
}
Event: 17.695 GC heap before
{Heap before GC invocations=4 (full 0):
 garbage-first heap   total 65536K, used 38675K [0x00000000e0000000, 0x0000000100000000)
  region size 1024K, 27 young (27648K), 3 survivors (3072K)
 Metaspace       used 18989K, capacity 19420K, committed 19584K, reserved 1067008K
  class space    used 2270K, capacity 2414K, committed 2432K, reserved 1048576K
}
Event: 17.711 GC heap after
{Heap after GC invocations=5 (full 0):
 garbage-first heap   total 65536K, used 16533K [0x00000000e0000000, 0x0000000100000000)
  region size 1024K, 2 young (2048K), 2 survivors (2048K)
 Metaspace       used 18989K, capacity 19420K, committed 19584K, reserved 1067008K
  class space    used 2270K, capacity 2414K, committed 2432K, reserved 1048576K
}
Event: 18.987 GC heap before
{Heap before GC invocations=5 (full 0):
 garbage-first heap   total 65536K, used 29845K [0x00000000e0000000, 0x0000000100000000)
  region size 1024K, 16 young (16384K), 2 survivors (2048K)
 Metaspace       used 20613K, capacity 21121K, committed 21296K, reserved 1069056K
  class space    used 2503K, capacity 2667K, committed 2688K, reserved 1048576K
}
Event: 18.997 GC heap after
{Heap after GC invocations=6 (full 0):
 garbage-first heap   total 65536K, used 16895K [0x00000000e0000000, 0x0000000100000000)
  region size 1024K, 2 young (2048K), 2 survivors (2048K)
 Metaspace       used 20613K, capacity 21121K, committed 21296K, reserved 1069056K
  class space    used 2503K, capacity 2667K, committed 2688K, reserved 1048576K
}

