# JRE version: OpenJDK Runtime Environment (11.0.11+9) (build 11.0.11+9-b60-7590822)
# Java VM: OpenJDK 64-Bit Server VM (11.0.11+9-b60-7590822, mixed mode, tiered, compressed oops, g1 gc, windows-amd64)
Heap:
 garbage-first heap   total 146432K, used 129389K [0x00000000c0000000, 0x0000000100000000)
  region size 1024K, 3 young (3072K), 1 survivors (1024K)
 Metaspace       used 109349K, capacity 112239K, committed 112256K, reserved 1146880K
  class space    used 13888K, capacity 14967K, committed 14976K, reserved 1048576K
GC Heap History (20 events):
Event: 312.329 GC heap before
{Heap before GC invocations=216 (full 0):
 garbage-first heap   total 138240K, used 134181K [0x00000000c0000000, 0x0000000100000000)
  region size 1024K, 6 young (6144K), 1 survivors (1024K)
 Metaspace       used 108689K, capacity 111523K, committed 111744K, reserved 1146880K
  class space    used 13856K, capacity 14913K, committed 14976K, reserved 1048576K
}
Event: 312.343 GC heap after
{Heap after GC invocations=217 (full 0):
 garbage-first heap   total 138240K, used 130315K [0x00000000c0000000, 0x0000000100000000)
  region size 1024K, 1 young (1024K), 1 survivors (1024K)
 Metaspace       used 108689K, capacity 111523K, committed 111744K, reserved 1146880K
  class space    used 13856K, capacity 14913K, committed 14976K, reserved 1048576K
}
Event: 519.428 GC heap before
{Heap before GC invocations=218 (full 0):
 garbage-first heap   total 138240K, used 135435K [0x00000000c0000000, 0x0000000100000000)
  region size 1024K, 6 young (6144K), 1 survivors (1024K)
 Metaspace       used 108733K, capacity 111588K, committed 111744K, reserved 1146880K
  class space    used 13856K, capacity 14913K, committed 14976K, reserved 1048576K
}
Event: 519.445 GC heap after
{Heap after GC invocations=219 (full 0):
 garbage-first heap   total 138240K, used 130301K [0x00000000c0000000, 0x0000000100000000)
  region size 1024K, 1 young (1024K), 1 survivors (1024K)
 Metaspace       used 108733K, capacity 111588K, committed 111744K, reserved 1146880K
  class space    used 13856K, capacity 14913K, committed 14976K, reserved 1048576K
}
Event: 571.863 GC heap before
{Heap before GC invocations=219 (full 0):
 garbage-first heap   total 138240K, used 134397K [0x00000000c0000000, 0x0000000100000000)
  region size 1024K, 6 young (6144K), 1 survivors (1024K)
 Metaspace       used 108838K, capacity 111706K, committed 112000K, reserved 1146880K
  class space    used 13865K, capacity 14925K, committed 14976K, reserved 1048576K
}
Event: 571.880 GC heap after
{Heap after GC invocations=220 (full 0):
 garbage-first heap   total 138240K, used 130925K [0x00000000c0000000, 0x0000000100000000)
  region size 1024K, 1 young (1024K), 1 survivors (1024K)
 Metaspace       used 108838K, capacity 111706K, committed 112000K, reserved 1146880K
  class space    used 13865K, capacity 14925K, committed 14976K, reserved 1048576K
}
Event: 581.937 GC heap before
{Heap before GC invocations=221 (full 0):
 garbage-first heap   total 138240K, used 136045K [0x00000000c0000000, 0x0000000100000000)
  region size 1024K, 6 young (6144K), 1 survivors (1024K)
 Metaspace       used 108910K, capacity 111832K, committed 112000K, reserved 1146880K
  class space    used 13873K, capacity 14939K, committed 14976K, reserved 1048576K
}
Event: 581.949 GC heap after
{Heap after GC invocations=222 (full 0):
 garbage-first heap   total 138240K, used 131764K [0x00000000c0000000, 0x0000000100000000)
  region size 1024K, 1 young (1024K), 1 survivors (1024K)
 Metaspace       used 108910K, capacity 111832K, committed 112000K, reserved 1146880K
  class space    used 13873K, capacity 14939K, committed 14976K, reserved 1048576K
}
Event: 584.589 GC heap before
{Heap before GC invocations=222 (full 0):
 garbage-first heap   total 138240K, used 136884K [0x00000000c0000000, 0x0000000100000000)
  region size 1024K, 6 young (6144K), 1 survivors (1024K)
 Metaspace       used 108919K, capacity 111896K, committed 112000K, reserved 1146880K
  class space    used 13873K, capacity 14939K, committed 14976K, reserved 1048576K
}
Event: 584.643 GC heap after
{Heap after GC invocations=223 (full 0):
 garbage-first heap   total 139264K, used 132831K [0x00000000c0000000, 0x0000000100000000)
  region size 1024K, 1 young (1024K), 1 survivors (1024K)
 Metaspace       used 108919K, capacity 111896K, committed 112000K, reserved 1146880K
  class space    used 13873K, capacity 14939K, committed 14976K, reserved 1048576K
}
Event: 585.529 GC heap before
{Heap before GC invocations=224 (full 0):
 garbage-first heap   total 139264K, used 137951K [0x00000000c0000000, 0x0000000100000000)
  region size 1024K, 6 young (6144K), 1 survivors (1024K)
 Metaspace       used 108939K, capacity 111897K, committed 112000K, reserved 1146880K
  class space    used 13873K, capacity 14939K, committed 14976K, reserved 1048576K
}
Event: 585.539 GC heap after
{Heap after GC invocations=225 (full 0):
 garbage-first heap   total 140288K, used 133379K [0x00000000c0000000, 0x0000000100000000)
  region size 1024K, 1 young (1024K), 1 survivors (1024K)
 Metaspace       used 108939K, capacity 111897K, committed 112000K, reserved 1146880K
  class space    used 13873K, capacity 14939K, committed 14976K, reserved 1048576K
}
Event: 585.983 GC heap before
{Heap before GC invocations=225 (full 0):
 garbage-first heap   total 140288K, used 138499K [0x00000000c0000000, 0x0000000100000000)
  region size 1024K, 6 young (6144K), 1 survivors (1024K)
 Metaspace       used 109054K, capacity 111989K, committed 112256K, reserved 1146880K
  class space    used 13884K, capacity 14960K, committed 14976K, reserved 1048576K
}
Event: 586.033 GC heap after
{Heap after GC invocations=226 (full 0):
 garbage-first heap   total 146432K, used 124919K [0x00000000c0000000, 0x0000000100000000)
  region size 1024K, 1 young (1024K), 1 survivors (1024K)
 Metaspace       used 109054K, capacity 111989K, committed 112256K, reserved 1146880K
  class space    used 13884K, capacity 14960K, committed 14976K, reserved 1048576K
}
Event: 587.058 GC heap before
{Heap before GC invocations=226 (full 0):
 garbage-first heap   total 146432K, used 131063K [0x00000000c0000000, 0x0000000100000000)
  region size 1024K, 7 young (7168K), 1 survivors (1024K)
 Metaspace       used 109181K, capacity 112075K, committed 112256K, reserved 1146880K
  class space    used 13886K, capacity 14962K, committed 14976K, reserved 1048576K
}
Event: 587.080 GC heap after
{Heap after GC invocations=227 (full 0):
 garbage-first heap   total 146432K, used 126348K [0x00000000c0000000, 0x0000000100000000)
  region size 1024K, 1 young (1024K), 1 survivors (1024K)
 Metaspace       used 109181K, capacity 112075K, committed 112256K, reserved 1146880K
  class space    used 13886K, capacity 14962K, committed 14976K, reserved 1048576K
}
Event: 587.897 GC heap before
{Heap before GC invocations=227 (full 0):
 garbage-first heap   total 146432K, used 132492K [0x00000000c0000000, 0x0000000100000000)
  region size 1024K, 7 young (7168K), 1 survivors (1024K)
 Metaspace       used 109251K, capacity 112161K, committed 112256K, reserved 1146880K
  class space    used 13888K, capacity 14966K, committed 14976K, reserved 1048576K
}
Event: 587.911 GC heap after
{Heap after GC invocations=228 (full 0):
 garbage-first heap   total 146432K, used 127579K [0x00000000c0000000, 0x0000000100000000)
  region size 1024K, 1 young (1024K), 1 survivors (1024K)
 Metaspace       used 109251K, capacity 112161K, committed 112256K, reserved 1146880K
  class space    used 13888K, capacity 14966K, committed 14976K, reserved 1048576K
}
Event: 588.501 GC heap before
{Heap before GC invocations=228 (full 0):
 garbage-first heap   total 146432K, used 132699K [0x00000000c0000000, 0x0000000100000000)
  region size 1024K, 7 young (7168K), 1 survivors (1024K)
 Metaspace       used 109259K, capacity 112161K, committed 112256K, reserved 1146880K
  class space    used 13888K, capacity 14966K, committed 14976K, reserved 1048576K
}
Event: 588.541 GC heap after
{Heap after GC invocations=229 (full 0):
 garbage-first heap   total 146432K, used 128069K [0x00000000c0000000, 0x0000000100000000)
  region size 1024K, 1 young (1024K), 1 survivors (1024K)
 Metaspace       used 109259K, capacity 112161K, committed 112256K, reserved 1146880K
  class space    used 13888K, capacity 14966K, committed 14976K, reserved 1048576K
}

