# JRE version: OpenJDK Runtime Environment (11.0.11+9) (build 11.0.11+9-b60-7590822)
# Java VM: OpenJDK 64-Bit Server VM (11.0.11+9-b60-7590822, mixed mode, tiered, compressed oops, g1 gc, windows-amd64)
Heap:
 garbage-first heap   total 112640K, used 108965K [0x00000000e0000000, 0x0000000100000000)
  region size 1024K, 4 young (4096K), 1 survivors (1024K)
 Metaspace       used 86297K, capacity 88473K, committed 88704K, reserved 1126400K
  class space    used 11086K, capacity 11820K, committed 11904K, reserved 1048576K
GC Heap History (20 events):
Event: 98.997 GC heap before
{Heap before GC invocations=152 (full 0):
 garbage-first heap   total 111616K, used 107474K [0x00000000e0000000, 0x0000000100000000)
  region size 1024K, 5 young (5120K), 1 survivors (1024K)
 Metaspace       used 80447K, capacity 82456K, committed 82560K, reserved 1120256K
  class space    used 10363K, capacity 11066K, committed 11136K, reserved 1048576K
}
Event: 99.002 GC heap after
{Heap after GC invocations=153 (full 0):
 garbage-first heap   total 111616K, used 105850K [0x00000000e0000000, 0x0000000100000000)
  region size 1024K, 1 young (1024K), 1 survivors (1024K)
 Metaspace       used 80447K, capacity 82456K, committed 82560K, reserved 1120256K
  class space    used 10363K, capacity 11066K, committed 11136K, reserved 1048576K
}
Event: 99.626 GC heap before
{Heap before GC invocations=154 (full 0):
 garbage-first heap   total 111616K, used 109946K [0x00000000e0000000, 0x0000000100000000)
  region size 1024K, 5 young (5120K), 1 survivors (1024K)
 Metaspace       used 81571K, capacity 83512K, committed 83584K, reserved 1122304K
  class space    used 10410K, capacity 11098K, committed 11136K, reserved 1048576K
}
Event: 99.633 GC heap after
{Heap after GC invocations=155 (full 0):
 garbage-first heap   total 112640K, used 105384K [0x00000000e0000000, 0x0000000100000000)
  region size 1024K, 1 young (1024K), 1 survivors (1024K)
 Metaspace       used 81571K, capacity 83512K, committed 83584K, reserved 1122304K
  class space    used 10410K, capacity 11098K, committed 11136K, reserved 1048576K
}
Event: 100.032 GC heap before
{Heap before GC invocations=155 (full 0):
 garbage-first heap   total 112640K, used 109480K [0x00000000e0000000, 0x0000000100000000)
  region size 1024K, 5 young (5120K), 1 survivors (1024K)
 Metaspace       used 82151K, capacity 84199K, committed 84480K, reserved 1122304K
  class space    used 10495K, capacity 11199K, committed 11264K, reserved 1048576K
}
Event: 100.036 GC heap after
{Heap after GC invocations=156 (full 0):
 garbage-first heap   total 112640K, used 105526K [0x00000000e0000000, 0x0000000100000000)
  region size 1024K, 1 young (1024K), 1 survivors (1024K)
 Metaspace       used 82151K, capacity 84199K, committed 84480K, reserved 1122304K
  class space    used 10495K, capacity 11199K, committed 11264K, reserved 1048576K
}
Event: 100.560 GC heap before
{Heap before GC invocations=157 (full 0):
 garbage-first heap   total 112640K, used 109622K [0x00000000e0000000, 0x0000000100000000)
  region size 1024K, 5 young (5120K), 1 survivors (1024K)
 Metaspace       used 82542K, capacity 84551K, committed 84736K, reserved 1122304K
  class space    used 10550K, capacity 11231K, committed 11264K, reserved 1048576K
}
Event: 100.575 GC heap after
{Heap after GC invocations=158 (full 0):
 garbage-first heap   total 112640K, used 105599K [0x00000000e0000000, 0x0000000100000000)
  region size 1024K, 1 young (1024K), 1 survivors (1024K)
 Metaspace       used 82542K, capacity 84551K, committed 84736K, reserved 1122304K
  class space    used 10550K, capacity 11231K, committed 11264K, reserved 1048576K
}
Event: 101.061 GC heap before
{Heap before GC invocations=158 (full 0):
 garbage-first heap   total 112640K, used 109695K [0x00000000e0000000, 0x0000000100000000)
  region size 1024K, 5 young (5120K), 1 survivors (1024K)
 Metaspace       used 83138K, capacity 85159K, committed 85376K, reserved 1124352K
  class space    used 10645K, capacity 11327K, committed 11392K, reserved 1048576K
}
Event: 101.066 GC heap after
{Heap after GC invocations=159 (full 0):
 garbage-first heap   total 112640K, used 105702K [0x00000000e0000000, 0x0000000100000000)
  region size 1024K, 1 young (1024K), 1 survivors (1024K)
 Metaspace       used 83138K, capacity 85159K, committed 85376K, reserved 1124352K
  class space    used 10645K, capacity 11327K, committed 11392K, reserved 1048576K
}
Event: 101.599 GC heap before
{Heap before GC invocations=160 (full 0):
 garbage-first heap   total 112640K, used 109798K [0x00000000e0000000, 0x0000000100000000)
  region size 1024K, 5 young (5120K), 1 survivors (1024K)
 Metaspace       used 83481K, capacity 85479K, committed 85632K, reserved 1124352K
  class space    used 10721K, capacity 11391K, committed 11392K, reserved 1048576K
}
Event: 101.606 GC heap after
{Heap after GC invocations=161 (full 0):
 garbage-first heap   total 112640K, used 105805K [0x00000000e0000000, 0x0000000100000000)
  region size 1024K, 1 young (1024K), 1 survivors (1024K)
 Metaspace       used 83481K, capacity 85479K, committed 85632K, reserved 1124352K
  class space    used 10721K, capacity 11391K, committed 11392K, reserved 1048576K
}
Event: 102.284 GC heap before
{Heap before GC invocations=161 (full 0):
 garbage-first heap   total 112640K, used 109901K [0x00000000e0000000, 0x0000000100000000)
  region size 1024K, 5 young (5120K), 1 survivors (1024K)
 Metaspace       used 83828K, capacity 85865K, committed 86016K, reserved 1124352K
  class space    used 10767K, capacity 11469K, committed 11520K, reserved 1048576K
}
Event: 102.293 GC heap after
{Heap after GC invocations=162 (full 0):
 garbage-first heap   total 112640K, used 106210K [0x00000000e0000000, 0x0000000100000000)
  region size 1024K, 1 young (1024K), 1 survivors (1024K)
 Metaspace       used 83828K, capacity 85865K, committed 86016K, reserved 1124352K
  class space    used 10767K, capacity 11469K, committed 11520K, reserved 1048576K
}
Event: 102.933 GC heap before
{Heap before GC invocations=163 (full 0):
 garbage-first heap   total 112640K, used 110306K [0x00000000e0000000, 0x0000000100000000)
  region size 1024K, 5 young (5120K), 1 survivors (1024K)
 Metaspace       used 84264K, capacity 86229K, committed 86272K, reserved 1124352K
  class space    used 10827K, capacity 11503K, committed 11520K, reserved 1048576K
}
Event: 102.953 GC heap after
{Heap after GC invocations=164 (full 0):
 garbage-first heap   total 112640K, used 106467K [0x00000000e0000000, 0x0000000100000000)
  region size 1024K, 1 young (1024K), 1 survivors (1024K)
 Metaspace       used 84264K, capacity 86229K, committed 86272K, reserved 1124352K
  class space    used 10827K, capacity 11503K, committed 11520K, reserved 1048576K
}
Event: 103.726 GC heap before
{Heap before GC invocations=164 (full 0):
 garbage-first heap   total 112640K, used 110563K [0x00000000e0000000, 0x0000000100000000)
  region size 1024K, 5 young (5120K), 1 survivors (1024K)
 Metaspace       used 85641K, capacity 87744K, committed 88064K, reserved 1126400K
  class space    used 10986K, capacity 11710K, committed 11776K, reserved 1048576K
}
Event: 103.734 GC heap after
{Heap after GC invocations=165 (full 0):
 garbage-first heap   total 112640K, used 106662K [0x00000000e0000000, 0x0000000100000000)
  region size 1024K, 1 young (1024K), 1 survivors (1024K)
 Metaspace       used 85641K, capacity 87744K, committed 88064K, reserved 1126400K
  class space    used 10986K, capacity 11710K, committed 11776K, reserved 1048576K
}
Event: 104.695 GC heap before
{Heap before GC invocations=166 (full 0):
 garbage-first heap   total 112640K, used 110758K [0x00000000e0000000, 0x0000000100000000)
  region size 1024K, 5 young (5120K), 1 survivors (1024K)
 Metaspace       used 86064K, capacity 88126K, committed 88320K, reserved 1126400K
  class space    used 11045K, capacity 11750K, committed 11776K, reserved 1048576K
}
Event: 104.702 GC heap after
{Heap after GC invocations=167 (full 0):
 garbage-first heap   total 112640K, used 106917K [0x00000000e0000000, 0x0000000100000000)
  region size 1024K, 1 young (1024K), 1 survivors (1024K)
 Metaspace       used 86064K, capacity 88126K, committed 88320K, reserved 1126400K
  class space    used 11045K, capacity 11750K, committed 11776K, reserved 1048576K
}

