# JRE version: OpenJDK Runtime Environment (11.0.11+9) (build 11.0.11+9-b60-7590822)
# Java VM: OpenJDK 64-Bit Server VM (11.0.11+9-b60-7590822, mixed mode, tiered, compressed oops, g1 gc, windows-amd64)
Heap:
 garbage-first heap   total 119808K, used 117582K [0x00000000e0000000, 0x0000000100000000)
  region size 1024K, 5 young (5120K), 1 survivors (1024K)
 Metaspace       used 105935K, capacity 108280K, committed 108412K, reserved 1142784K
  class space    used 13378K, capacity 14219K, committed 14336K, reserved 1048576K
GC Heap History (20 events):
Event: 250.283 GC heap after
{Heap after GC invocations=292 (full 0):
 garbage-first heap   total 115712K, used 107019K [0x00000000e0000000, 0x0000000100000000)
  region size 1024K, 1 young (1024K), 1 survivors (1024K)
 Metaspace       used 104727K, capacity 107033K, committed 107132K, reserved 1142784K
  class space    used 13236K, capacity 14063K, committed 14080K, reserved 1048576K
}
Event: 250.487 GC heap before
{Heap before GC invocations=292 (full 0):
 garbage-first heap   total 115712K, used 111115K [0x00000000e0000000, 0x0000000100000000)
  region size 1024K, 5 young (5120K), 1 survivors (1024K)
 Metaspace       used 104779K, capacity 107129K, committed 107260K, reserved 1142784K
  class space    used 13242K, capacity 14095K, committed 14208K, reserved 1048576K
}
Event: 250.493 GC heap after
{Heap after GC invocations=293 (full 0):
 garbage-first heap   total 115712K, used 107135K [0x00000000e0000000, 0x0000000100000000)
  region size 1024K, 1 young (1024K), 1 survivors (1024K)
 Metaspace       used 104779K, capacity 107129K, committed 107260K, reserved 1142784K
  class space    used 13242K, capacity 14095K, committed 14208K, reserved 1048576K
}
Event: 251.243 GC heap before
{Heap before GC invocations=294 (full 0):
 garbage-first heap   total 115712K, used 111231K [0x00000000e0000000, 0x0000000100000000)
  region size 1024K, 5 young (5120K), 1 survivors (1024K)
 Metaspace       used 104843K, capacity 107135K, committed 107260K, reserved 1142784K
  class space    used 13251K, capacity 14097K, committed 14208K, reserved 1048576K
}
Event: 251.251 GC heap after
{Heap after GC invocations=295 (full 0):
 garbage-first heap   total 115712K, used 107262K [0x00000000e0000000, 0x0000000100000000)
  region size 1024K, 1 young (1024K), 1 survivors (1024K)
 Metaspace       used 104843K, capacity 107135K, committed 107260K, reserved 1142784K
  class space    used 13251K, capacity 14097K, committed 14208K, reserved 1048576K
}
Event: 252.512 GC heap before
{Heap before GC invocations=295 (full 0):
 garbage-first heap   total 115712K, used 111358K [0x00000000e0000000, 0x0000000100000000)
  region size 1024K, 5 young (5120K), 1 survivors (1024K)
 Metaspace       used 105066K, capacity 107395K, committed 107516K, reserved 1142784K
  class space    used 13272K, capacity 14098K, committed 14208K, reserved 1048576K
}
Event: 252.519 GC heap after
{Heap after GC invocations=296 (full 0):
 garbage-first heap   total 115712K, used 107655K [0x00000000e0000000, 0x0000000100000000)
  region size 1024K, 1 young (1024K), 1 survivors (1024K)
 Metaspace       used 105066K, capacity 107395K, committed 107516K, reserved 1142784K
  class space    used 13272K, capacity 14098K, committed 14208K, reserved 1048576K
}
Event: 255.172 GC heap before
{Heap before GC invocations=297 (full 0):
 garbage-first heap   total 115712K, used 110727K [0x00000000e0000000, 0x0000000100000000)
  region size 1024K, 5 young (5120K), 1 survivors (1024K)
 Metaspace       used 105317K, capacity 107668K, committed 107772K, reserved 1142784K
  class space    used 13319K, capacity 14168K, committed 14208K, reserved 1048576K
}
Event: 255.180 GC heap after
{Heap after GC invocations=298 (full 0):
 garbage-first heap   total 115712K, used 108282K [0x00000000e0000000, 0x0000000100000000)
  region size 1024K, 1 young (1024K), 1 survivors (1024K)
 Metaspace       used 105317K, capacity 107668K, committed 107772K, reserved 1142784K
  class space    used 13319K, capacity 14168K, committed 14208K, reserved 1048576K
}
Event: 256.317 GC heap before
{Heap before GC invocations=298 (full 0):
 garbage-first heap   total 115712K, used 111354K [0x00000000e0000000, 0x0000000100000000)
  region size 1024K, 5 young (5120K), 1 survivors (1024K)
 Metaspace       used 105514K, capacity 107858K, committed 108156K, reserved 1142784K
  class space    used 13354K, capacity 14210K, committed 14336K, reserved 1048576K
}
Event: 256.325 GC heap after
{Heap after GC invocations=299 (full 0):
 garbage-first heap   total 115712K, used 109122K [0x00000000e0000000, 0x0000000100000000)
  region size 1024K, 1 young (1024K), 1 survivors (1024K)
 Metaspace       used 105514K, capacity 107858K, committed 108156K, reserved 1142784K
  class space    used 13354K, capacity 14210K, committed 14336K, reserved 1048576K
}
Event: 257.039 GC heap before
{Heap before GC invocations=299 (full 0):
 garbage-first heap   total 115712K, used 113218K [0x00000000e0000000, 0x0000000100000000)
  region size 1024K, 5 young (5120K), 1 survivors (1024K)
 Metaspace       used 105648K, capacity 107988K, committed 108156K, reserved 1142784K
  class space    used 13355K, capacity 14210K, committed 14336K, reserved 1048576K
}
Event: 257.054 GC heap after
{Heap after GC invocations=300 (full 0):
 garbage-first heap   total 115712K, used 110057K [0x00000000e0000000, 0x0000000100000000)
  region size 1024K, 1 young (1024K), 1 survivors (1024K)
 Metaspace       used 105648K, capacity 107988K, committed 108156K, reserved 1142784K
  class space    used 13355K, capacity 14210K, committed 14336K, reserved 1048576K
}
Event: 257.433 GC heap before
{Heap before GC invocations=301 (full 0):
 garbage-first heap   total 115712K, used 114153K [0x00000000e0000000, 0x0000000100000000)
  region size 1024K, 5 young (5120K), 1 survivors (1024K)
 Metaspace       used 105735K, capacity 108120K, committed 108412K, reserved 1142784K
  class space    used 13358K, capacity 14211K, committed 14336K, reserved 1048576K
}
Event: 257.462 GC heap after
{Heap after GC invocations=302 (full 0):
 garbage-first heap   total 116736K, used 111128K [0x00000000e0000000, 0x0000000100000000)
  region size 1024K, 1 young (1024K), 1 survivors (1024K)
 Metaspace       used 105735K, capacity 108120K, committed 108412K, reserved 1142784K
  class space    used 13358K, capacity 14211K, committed 14336K, reserved 1048576K
}
Event: 257.868 GC heap before
{Heap before GC invocations=302 (full 0):
 garbage-first heap   total 116736K, used 115224K [0x00000000e0000000, 0x0000000100000000)
  region size 1024K, 5 young (5120K), 1 survivors (1024K)
 Metaspace       used 105817K, capacity 108188K, committed 108412K, reserved 1142784K
  class space    used 13371K, capacity 14211K, committed 14336K, reserved 1048576K
}
Event: 257.898 GC heap after
{Heap after GC invocations=303 (full 0):
 garbage-first heap   total 117760K, used 112393K [0x00000000e0000000, 0x0000000100000000)
  region size 1024K, 1 young (1024K), 1 survivors (1024K)
 Metaspace       used 105817K, capacity 108188K, committed 108412K, reserved 1142784K
  class space    used 13371K, capacity 14211K, committed 14336K, reserved 1048576K
}
Event: 258.775 GC heap before
{Heap before GC invocations=304 (full 0):
 garbage-first heap   total 117760K, used 115465K [0x00000000e0000000, 0x0000000100000000)
  region size 1024K, 5 young (5120K), 1 survivors (1024K)
 Metaspace       used 105924K, capacity 108273K, committed 108412K, reserved 1142784K
  class space    used 13377K, capacity 14216K, committed 14336K, reserved 1048576K
}
Event: 258.793 GC heap after
{Heap after GC invocations=305 (full 0):
 garbage-first heap   total 118784K, used 113486K [0x00000000e0000000, 0x0000000100000000)
  region size 1024K, 1 young (1024K), 1 survivors (1024K)
 Metaspace       used 105924K, capacity 108273K, committed 108412K, reserved 1142784K
  class space    used 13377K, capacity 14216K, committed 14336K, reserved 1048576K
}
Event: 258.861 GC heap before
{Heap before GC invocations=305 (full 0):
 garbage-first heap   total 118784K, used 117582K [0x00000000e0000000, 0x0000000100000000)
  region size 1024K, 5 young (5120K), 1 survivors (1024K)
 Metaspace       used 105935K, capacity 108280K, committed 108412K, reserved 1142784K
  class space    used 13378K, capacity 14219K, committed 14336K, reserved 1048576K
}

