# JRE version: OpenJDK Runtime Environment (11.0.11+9) (build 11.0.11+9-b60-7590822)
# Java VM: OpenJDK 64-Bit Server VM (11.0.11+9-b60-7590822, mixed mode, tiered, compressed oops, g1 gc, windows-amd64)
Heap:
 garbage-first heap   total 120832K, used 114889K [0x00000000e0000000, 0x0000000100000000)
  region size 1024K, 3 young (3072K), 1 survivors (1024K)
 Metaspace       used 95411K, capacity 97921K, committed 98224K, reserved 1134592K
  class space    used 12157K, capacity 12980K, committed 13056K, reserved 1048576K
GC Heap History (20 events):
Event: 423.032 GC heap before
{Heap before GC invocations=296 (full 0):
 garbage-first heap   total 119808K, used 116460K [0x00000000e0000000, 0x0000000100000000)
  region size 1024K, 5 young (5120K), 1 survivors (1024K)
 Metaspace       used 89745K, capacity 92201K, committed 92336K, reserved 1130496K
  class space    used 11410K, capacity 12194K, committed 12288K, reserved 1048576K
}
Event: 423.043 GC heap after
{Heap after GC invocations=297 (full 0):
 garbage-first heap   total 119808K, used 112211K [0x00000000e0000000, 0x0000000100000000)
  region size 1024K, 1 young (1024K), 1 survivors (1024K)
 Metaspace       used 89745K, capacity 92201K, committed 92336K, reserved 1130496K
  class space    used 11410K, capacity 12194K, committed 12288K, reserved 1048576K
}
Event: 423.322 GC heap before
{Heap before GC invocations=297 (full 0):
 garbage-first heap   total 119808K, used 116307K [0x00000000e0000000, 0x0000000100000000)
  region size 1024K, 5 young (5120K), 1 survivors (1024K)
 Metaspace       used 90118K, capacity 92579K, committed 92848K, reserved 1130496K
  class space    used 11466K, capacity 12235K, committed 12288K, reserved 1048576K
}
Event: 423.327 GC heap after
{Heap after GC invocations=298 (full 0):
 garbage-first heap   total 119808K, used 112313K [0x00000000e0000000, 0x0000000100000000)
  region size 1024K, 1 young (1024K), 1 survivors (1024K)
 Metaspace       used 90118K, capacity 92579K, committed 92848K, reserved 1130496K
  class space    used 11466K, capacity 12235K, committed 12288K, reserved 1048576K
}
Event: 423.579 GC heap before
{Heap before GC invocations=298 (full 0):
 garbage-first heap   total 119808K, used 116409K [0x00000000e0000000, 0x0000000100000000)
  region size 1024K, 5 young (5120K), 1 survivors (1024K)
 Metaspace       used 90719K, capacity 93187K, committed 93488K, reserved 1130496K
  class space    used 11558K, capacity 12331K, committed 12416K, reserved 1048576K
}
Event: 423.586 GC heap after
{Heap after GC invocations=299 (full 0):
 garbage-first heap   total 119808K, used 112388K [0x00000000e0000000, 0x0000000100000000)
  region size 1024K, 1 young (1024K), 1 survivors (1024K)
 Metaspace       used 90719K, capacity 93187K, committed 93488K, reserved 1130496K
  class space    used 11558K, capacity 12331K, committed 12416K, reserved 1048576K
}
Event: 423.870 GC heap before
{Heap before GC invocations=300 (full 0):
 garbage-first heap   total 119808K, used 116484K [0x00000000e0000000, 0x0000000100000000)
  region size 1024K, 5 young (5120K), 1 survivors (1024K)
 Metaspace       used 91035K, capacity 93443K, committed 93488K, reserved 1130496K
  class space    used 11632K, capacity 12395K, committed 12416K, reserved 1048576K
}
Event: 423.877 GC heap after
{Heap after GC invocations=301 (full 0):
 garbage-first heap   total 119808K, used 112487K [0x00000000e0000000, 0x0000000100000000)
  region size 1024K, 1 young (1024K), 1 survivors (1024K)
 Metaspace       used 91035K, capacity 93443K, committed 93488K, reserved 1130496K
  class space    used 11632K, capacity 12395K, committed 12416K, reserved 1048576K
}
Event: 424.233 GC heap before
{Heap before GC invocations=301 (full 0):
 garbage-first heap   total 119808K, used 116583K [0x00000000e0000000, 0x0000000100000000)
  region size 1024K, 5 young (5120K), 1 survivors (1024K)
 Metaspace       used 91401K, capacity 93893K, committed 94128K, reserved 1130496K
  class space    used 11681K, capacity 12473K, committed 12544K, reserved 1048576K
}
Event: 424.242 GC heap after
{Heap after GC invocations=302 (full 0):
 garbage-first heap   total 119808K, used 112832K [0x00000000e0000000, 0x0000000100000000)
  region size 1024K, 1 young (1024K), 1 survivors (1024K)
 Metaspace       used 91401K, capacity 93893K, committed 94128K, reserved 1130496K
  class space    used 11681K, capacity 12473K, committed 12544K, reserved 1048576K
}
Event: 424.684 GC heap before
{Heap before GC invocations=302 (full 0):
 garbage-first heap   total 119808K, used 116928K [0x00000000e0000000, 0x0000000100000000)
  region size 1024K, 5 young (5120K), 1 survivors (1024K)
 Metaspace       used 91797K, capacity 94353K, committed 94384K, reserved 1130496K
  class space    used 11738K, capacity 12539K, committed 12544K, reserved 1048576K
}
Event: 424.695 GC heap after
{Heap after GC invocations=303 (full 0):
 garbage-first heap   total 119808K, used 113103K [0x00000000e0000000, 0x0000000100000000)
  region size 1024K, 1 young (1024K), 1 survivors (1024K)
 Metaspace       used 91797K, capacity 94353K, committed 94384K, reserved 1130496K
  class space    used 11738K, capacity 12539K, committed 12544K, reserved 1048576K
}
Event: 425.460 GC heap before
{Heap before GC invocations=304 (full 0):
 garbage-first heap   total 119808K, used 117199K [0x00000000e0000000, 0x0000000100000000)
  region size 1024K, 5 young (5120K), 1 survivors (1024K)
 Metaspace       used 93196K, capacity 95670K, committed 95920K, reserved 1132544K
  class space    used 11896K, capacity 12680K, committed 12800K, reserved 1048576K
}
Event: 425.467 GC heap after
{Heap after GC invocations=305 (full 0):
 garbage-first heap   total 119808K, used 113415K [0x00000000e0000000, 0x0000000100000000)
  region size 1024K, 1 young (1024K), 1 survivors (1024K)
 Metaspace       used 93196K, capacity 95670K, committed 95920K, reserved 1132544K
  class space    used 11896K, capacity 12680K, committed 12800K, reserved 1048576K
}
Event: 425.975 GC heap before
{Heap before GC invocations=305 (full 0):
 garbage-first heap   total 119808K, used 117511K [0x00000000e0000000, 0x0000000100000000)
  region size 1024K, 5 young (5120K), 1 survivors (1024K)
 Metaspace       used 93651K, capacity 96088K, committed 96176K, reserved 1132544K
  class space    used 11960K, capacity 12753K, committed 12800K, reserved 1048576K
}
Event: 425.981 GC heap after
{Heap after GC invocations=306 (full 0):
 garbage-first heap   total 119808K, used 113570K [0x00000000e0000000, 0x0000000100000000)
  region size 1024K, 1 young (1024K), 1 survivors (1024K)
 Metaspace       used 93651K, capacity 96088K, committed 96176K, reserved 1132544K
  class space    used 11960K, capacity 12753K, committed 12800K, reserved 1048576K
}
Event: 427.060 GC heap before
{Heap before GC invocations=307 (full 0):
 garbage-first heap   total 119808K, used 117666K [0x00000000e0000000, 0x0000000100000000)
  region size 1024K, 5 young (5120K), 1 survivors (1024K)
 Metaspace       used 94076K, capacity 96577K, committed 96816K, reserved 1132544K
  class space    used 12038K, capacity 12852K, committed 12928K, reserved 1048576K
}
Event: 427.070 GC heap after
{Heap after GC invocations=308 (full 0):
 garbage-first heap   total 119808K, used 113841K [0x00000000e0000000, 0x0000000100000000)
  region size 1024K, 1 young (1024K), 1 survivors (1024K)
 Metaspace       used 94076K, capacity 96577K, committed 96816K, reserved 1132544K
  class space    used 12038K, capacity 12852K, committed 12928K, reserved 1048576K
}
Event: 427.520 GC heap before
{Heap before GC invocations=308 (full 0):
 garbage-first heap   total 119808K, used 116913K [0x00000000e0000000, 0x0000000100000000)
  region size 1024K, 5 young (5120K), 1 survivors (1024K)
 Metaspace       used 94674K, capacity 97153K, committed 97328K, reserved 1134592K
  class space    used 12093K, capacity 12916K, committed 12928K, reserved 1048576K
}
Event: 427.531 GC heap after
{Heap after GC invocations=309 (full 0):
 garbage-first heap   total 120832K, used 113646K [0x00000000e0000000, 0x0000000100000000)
  region size 1024K, 1 young (1024K), 1 survivors (1024K)
 Metaspace       used 94674K, capacity 97153K, committed 97328K, reserved 1134592K
  class space    used 12093K, capacity 12916K, committed 12928K, reserved 1048576K
}

