# JRE version: OpenJDK Runtime Environment (11.0.11+9) (build 11.0.11+9-b60-7590822)
# Java VM: OpenJDK 64-Bit Server VM (11.0.11+9-b60-7590822, mixed mode, tiered, compressed oops, g1 gc, windows-amd64)
Heap:
 garbage-first heap   total 261120K, used 167270K [0x00000000e0000000, 0x0000000100000000)
  region size 1024K, 3 young (3072K), 3 survivors (3072K)
 Metaspace       used 102766K, capacity 105313K, committed 105468K, reserved 1140736K
  class space    used 13188K, capacity 14171K, committed 14208K, reserved 1048576K
GC Heap History (20 events):
Event: 306.887 GC heap after
{Heap after GC invocations=609 (full 0):
 garbage-first heap   total 209920K, used 149741K [0x00000000e0000000, 0x0000000100000000)
  region size 1024K, 2 young (2048K), 2 survivors (2048K)
 Metaspace       used 102446K, capacity 104983K, committed 105212K, reserved 1140736K
  class space    used 13182K, capacity 14164K, committed 14208K, reserved 1048576K
}
Event: 307.544 GC heap before
{Heap before GC invocations=609 (full 0):
 garbage-first heap   total 209920K, used 182509K [0x00000000e0000000, 0x0000000100000000)
  region size 1024K, 34 young (34816K), 2 survivors (2048K)
 Metaspace       used 102449K, capacity 104983K, committed 105212K, reserved 1140736K
  class space    used 13182K, capacity 14164K, committed 14208K, reserved 1048576K
}
Event: 307.568 GC heap after
{Heap after GC invocations=610 (full 0):
 garbage-first heap   total 209920K, used 149864K [0x00000000e0000000, 0x0000000100000000)
  region size 1024K, 2 young (2048K), 2 survivors (2048K)
 Metaspace       used 102449K, capacity 104983K, committed 105212K, reserved 1140736K
  class space    used 13182K, capacity 14164K, committed 14208K, reserved 1048576K
}
Event: 308.148 GC heap before
{Heap before GC invocations=610 (full 0):
 garbage-first heap   total 209920K, used 182632K [0x00000000e0000000, 0x0000000100000000)
  region size 1024K, 34 young (34816K), 2 survivors (2048K)
 Metaspace       used 102450K, capacity 104983K, committed 105212K, reserved 1140736K
  class space    used 13182K, capacity 14164K, committed 14208K, reserved 1048576K
}
Event: 308.175 GC heap after
{Heap after GC invocations=611 (full 0):
 garbage-first heap   total 209920K, used 150127K [0x00000000e0000000, 0x0000000100000000)
  region size 1024K, 3 young (3072K), 3 survivors (3072K)
 Metaspace       used 102450K, capacity 104983K, committed 105212K, reserved 1140736K
  class space    used 13182K, capacity 14164K, committed 14208K, reserved 1048576K
}
Event: 308.802 GC heap before
{Heap before GC invocations=611 (full 0):
 garbage-first heap   total 209920K, used 182895K [0x00000000e0000000, 0x0000000100000000)
  region size 1024K, 35 young (35840K), 3 survivors (3072K)
 Metaspace       used 102450K, capacity 104983K, committed 105212K, reserved 1140736K
  class space    used 13182K, capacity 14164K, committed 14208K, reserved 1048576K
}
Event: 308.830 GC heap after
{Heap after GC invocations=612 (full 0):
 garbage-first heap   total 209920K, used 150415K [0x00000000e0000000, 0x0000000100000000)
  region size 1024K, 3 young (3072K), 3 survivors (3072K)
 Metaspace       used 102450K, capacity 104983K, committed 105212K, reserved 1140736K
  class space    used 13182K, capacity 14164K, committed 14208K, reserved 1048576K
}
Event: 309.563 GC heap before
{Heap before GC invocations=612 (full 0):
 garbage-first heap   total 209920K, used 183183K [0x00000000e0000000, 0x0000000100000000)
  region size 1024K, 35 young (35840K), 3 survivors (3072K)
 Metaspace       used 102461K, capacity 104983K, committed 105212K, reserved 1140736K
  class space    used 13184K, capacity 14164K, committed 14208K, reserved 1048576K
}
Event: 309.591 GC heap after
{Heap after GC invocations=613 (full 0):
 garbage-first heap   total 209920K, used 150526K [0x00000000e0000000, 0x0000000100000000)
  region size 1024K, 3 young (3072K), 3 survivors (3072K)
 Metaspace       used 102461K, capacity 104983K, committed 105212K, reserved 1140736K
  class space    used 13184K, capacity 14164K, committed 14208K, reserved 1048576K
}
Event: 310.168 GC heap before
{Heap before GC invocations=613 (full 0):
 garbage-first heap   total 209920K, used 183294K [0x00000000e0000000, 0x0000000100000000)
  region size 1024K, 35 young (35840K), 3 survivors (3072K)
 Metaspace       used 102461K, capacity 104983K, committed 105212K, reserved 1140736K
  class space    used 13184K, capacity 14164K, committed 14208K, reserved 1048576K
}
Event: 310.203 GC heap after
{Heap after GC invocations=614 (full 0):
 garbage-first heap   total 209920K, used 150848K [0x00000000e0000000, 0x0000000100000000)
  region size 1024K, 3 young (3072K), 3 survivors (3072K)
 Metaspace       used 102461K, capacity 104983K, committed 105212K, reserved 1140736K
  class space    used 13184K, capacity 14164K, committed 14208K, reserved 1048576K
}
Event: 310.862 GC heap before
{Heap before GC invocations=614 (full 0):
 garbage-first heap   total 209920K, used 183616K [0x00000000e0000000, 0x0000000100000000)
  region size 1024K, 35 young (35840K), 3 survivors (3072K)
 Metaspace       used 102518K, capacity 105064K, committed 105212K, reserved 1140736K
  class space    used 13184K, capacity 14164K, committed 14208K, reserved 1048576K
}
Event: 310.918 GC heap after
{Heap after GC invocations=615 (full 0):
 garbage-first heap   total 209920K, used 152023K [0x00000000e0000000, 0x0000000100000000)
  region size 1024K, 4 young (4096K), 4 survivors (4096K)
 Metaspace       used 102518K, capacity 105064K, committed 105212K, reserved 1140736K
  class space    used 13184K, capacity 14164K, committed 14208K, reserved 1048576K
}
Event: 311.580 GC heap before
{Heap before GC invocations=615 (full 0):
 garbage-first heap   total 209920K, used 183767K [0x00000000e0000000, 0x0000000100000000)
  region size 1024K, 35 young (35840K), 4 survivors (4096K)
 Metaspace       used 102570K, capacity 105074K, committed 105212K, reserved 1140736K
  class space    used 13184K, capacity 14164K, committed 14208K, reserved 1048576K
}
Event: 311.688 GC heap after
{Heap after GC invocations=616 (full 0):
 garbage-first heap   total 209920K, used 154837K [0x00000000e0000000, 0x0000000100000000)
  region size 1024K, 5 young (5120K), 5 survivors (5120K)
 Metaspace       used 102570K, capacity 105074K, committed 105212K, reserved 1140736K
  class space    used 13184K, capacity 14164K, committed 14208K, reserved 1048576K
}
Event: 312.782 GC heap before
{Heap before GC invocations=616 (full 0):
 garbage-first heap   total 209920K, used 181461K [0x00000000e0000000, 0x0000000100000000)
  region size 1024K, 32 young (32768K), 5 survivors (5120K)
 Metaspace       used 102685K, capacity 105217K, committed 105468K, reserved 1140736K
  class space    used 13184K, capacity 14164K, committed 14208K, reserved 1048576K
}
Event: 312.895 GC heap after
{Heap after GC invocations=617 (full 0):
 garbage-first heap   total 209920K, used 159403K [0x00000000e0000000, 0x0000000100000000)
  region size 1024K, 4 young (4096K), 4 survivors (4096K)
 Metaspace       used 102685K, capacity 105217K, committed 105468K, reserved 1140736K
  class space    used 13184K, capacity 14164K, committed 14208K, reserved 1048576K
}
Event: 313.903 GC heap before
{Heap before GC invocations=617 (full 0):
 garbage-first heap   total 209920K, used 180907K [0x00000000e0000000, 0x0000000100000000)
  region size 1024K, 26 young (26624K), 4 survivors (4096K)
 Metaspace       used 102741K, capacity 105241K, committed 105468K, reserved 1140736K
  class space    used 13188K, capacity 14170K, committed 14208K, reserved 1048576K
}
Event: 313.962 GC heap after
{Heap after GC invocations=618 (full 0):
 garbage-first heap   total 209920K, used 163634K [0x00000000e0000000, 0x0000000100000000)
  region size 1024K, 4 young (4096K), 4 survivors (4096K)
 Metaspace       used 102741K, capacity 105241K, committed 105468K, reserved 1140736K
  class space    used 13188K, capacity 14170K, committed 14208K, reserved 1048576K
}
Event: 314.158 GC heap before
{Heap before GC invocations=618 (full 0):
 garbage-first heap   total 209920K, used 181042K [0x00000000e0000000, 0x0000000100000000)
  region size 1024K, 21 young (21504K), 4 survivors (4096K)
 Metaspace       used 102766K, capacity 105313K, committed 105468K, reserved 1140736K
  class space    used 13188K, capacity 14171K, committed 14208K, reserved 1048576K
}

