# JRE version: OpenJDK Runtime Environment (11.0.10) (build 11.0.10+0-b96-7249189)
# Java VM: OpenJDK 64-Bit Server VM (11.0.10+0-b96-7249189, mixed mode, tiered, compressed oops, g1 gc, windows-amd64)
Heap:
 garbage-first heap   total 78848K, used 59283K [0x0000000080000000, 0x0000000100000000)
  region size 1024K, 8 young (8192K), 1 survivors (1024K)
 Metaspace       used 45401K, capacity 46651K, committed 46976K, reserved 1089536K
  class space    used 5745K, capacity 6160K, committed 6272K, reserved 1048576K
GC Heap History (20 events):
Event: 37.543 GC heap before
{Heap before GC invocations=24 (full 0):
 garbage-first heap   total 65536K, used 48773K [0x0000000080000000, 0x0000000100000000)
  region size 1024K, 8 young (8192K), 2 survivors (2048K)
 Metaspace       used 42191K, capacity 43227K, committed 43264K, reserved 1087488K
  class space    used 5423K, capacity 5855K, committed 5888K, reserved 1048576K
}
Event: 37.556 GC heap after
{Heap after GC invocations=25 (full 0):
 garbage-first heap   total 65536K, used 46538K [0x0000000080000000, 0x0000000100000000)
  region size 1024K, 2 young (2048K), 2 survivors (2048K)
 Metaspace       used 42191K, capacity 43227K, committed 43264K, reserved 1087488K
  class space    used 5423K, capacity 5855K, committed 5888K, reserved 1048576K
}
Event: 38.704 GC heap before
{Heap before GC invocations=26 (full 0):
 garbage-first heap   total 65536K, used 56778K [0x0000000080000000, 0x0000000100000000)
  region size 1024K, 9 young (9216K), 2 survivors (2048K)
 Metaspace       used 42522K, capacity 43752K, committed 43776K, reserved 1087488K
  class space    used 5469K, capacity 5877K, committed 5888K, reserved 1048576K
}
Event: 38.714 GC heap after
{Heap after GC invocations=27 (full 0):
 garbage-first heap   total 65536K, used 50678K [0x0000000080000000, 0x0000000100000000)
  region size 1024K, 2 young (2048K), 2 survivors (2048K)
 Metaspace       used 42522K, capacity 43752K, committed 43776K, reserved 1087488K
  class space    used 5469K, capacity 5877K, committed 5888K, reserved 1048576K
}
Event: 39.025 GC heap before
{Heap before GC invocations=27 (full 0):
 garbage-first heap   total 65536K, used 54774K [0x0000000080000000, 0x0000000100000000)
  region size 1024K, 6 young (6144K), 2 survivors (2048K)
 Metaspace       used 42734K, capacity 43978K, committed 44160K, reserved 1087488K
  class space    used 5494K, capacity 5911K, committed 6016K, reserved 1048576K
}
Event: 39.032 GC heap after
{Heap after GC invocations=28 (full 0):
 garbage-first heap   total 65536K, used 50873K [0x0000000080000000, 0x0000000100000000)
  region size 1024K, 1 young (1024K), 1 survivors (1024K)
 Metaspace       used 42734K, capacity 43978K, committed 44160K, reserved 1087488K
  class space    used 5494K, capacity 5911K, committed 6016K, reserved 1048576K
}
Event: 39.395 GC heap before
{Heap before GC invocations=29 (full 0):
 garbage-first heap   total 65536K, used 54969K [0x0000000080000000, 0x0000000100000000)
  region size 1024K, 5 young (5120K), 1 survivors (1024K)
 Metaspace       used 43050K, capacity 44298K, committed 44416K, reserved 1087488K
  class space    used 5534K, capacity 5975K, committed 6016K, reserved 1048576K
}
Event: 39.400 GC heap after
{Heap after GC invocations=30 (full 0):
 garbage-first heap   total 65536K, used 51164K [0x0000000080000000, 0x0000000100000000)
  region size 1024K, 1 young (1024K), 1 survivors (1024K)
 Metaspace       used 43050K, capacity 44298K, committed 44416K, reserved 1087488K
  class space    used 5534K, capacity 5975K, committed 6016K, reserved 1048576K
}
Event: 39.659 GC heap before
{Heap before GC invocations=30 (full 0):
 garbage-first heap   total 65536K, used 54236K [0x0000000080000000, 0x0000000100000000)
  region size 1024K, 5 young (5120K), 1 survivors (1024K)
 Metaspace       used 43357K, capacity 44491K, committed 44672K, reserved 1087488K
  class space    used 5559K, capacity 5975K, committed 6016K, reserved 1048576K
}
Event: 39.663 GC heap after
{Heap after GC invocations=31 (full 0):
 garbage-first heap   total 65536K, used 51660K [0x0000000080000000, 0x0000000100000000)
  region size 1024K, 1 young (1024K), 1 survivors (1024K)
 Metaspace       used 43357K, capacity 44491K, committed 44672K, reserved 1087488K
  class space    used 5559K, capacity 5975K, committed 6016K, reserved 1048576K
}
Event: 40.060 GC heap before
{Heap before GC invocations=32 (full 0):
 garbage-first heap   total 65536K, used 55756K [0x0000000080000000, 0x0000000100000000)
  region size 1024K, 5 young (5120K), 1 survivors (1024K)
 Metaspace       used 44359K, capacity 45463K, committed 45696K, reserved 1089536K
  class space    used 5584K, capacity 5980K, committed 6016K, reserved 1048576K
}
Event: 40.066 GC heap after
{Heap after GC invocations=33 (full 0):
 garbage-first heap   total 65536K, used 51701K [0x0000000080000000, 0x0000000100000000)
  region size 1024K, 1 young (1024K), 1 survivors (1024K)
 Metaspace       used 44359K, capacity 45463K, committed 45696K, reserved 1089536K
  class space    used 5584K, capacity 5980K, committed 6016K, reserved 1048576K
}
Event: 40.304 GC heap before
{Heap before GC invocations=33 (full 0):
 garbage-first heap   total 65536K, used 55797K [0x0000000080000000, 0x0000000100000000)
  region size 1024K, 5 young (5120K), 1 survivors (1024K)
 Metaspace       used 44526K, capacity 45739K, committed 46080K, reserved 1089536K
  class space    used 5605K, capacity 6049K, committed 6144K, reserved 1048576K
}
Event: 40.312 GC heap after
{Heap after GC invocations=34 (full 0):
 garbage-first heap   total 65536K, used 52175K [0x0000000080000000, 0x0000000100000000)
  region size 1024K, 1 young (1024K), 1 survivors (1024K)
 Metaspace       used 44526K, capacity 45739K, committed 46080K, reserved 1089536K
  class space    used 5605K, capacity 6049K, committed 6144K, reserved 1048576K
}
Event: 40.576 GC heap before
{Heap before GC invocations=35 (full 0):
 garbage-first heap   total 65536K, used 56271K [0x0000000080000000, 0x0000000100000000)
  region size 1024K, 5 young (5120K), 1 survivors (1024K)
 Metaspace       used 44575K, capacity 45816K, committed 46080K, reserved 1089536K
  class space    used 5611K, capacity 6053K, committed 6144K, reserved 1048576K
}
Event: 40.585 GC heap after
{Heap after GC invocations=36 (full 0):
 garbage-first heap   total 65536K, used 52671K [0x0000000080000000, 0x0000000100000000)
  region size 1024K, 1 young (1024K), 1 survivors (1024K)
 Metaspace       used 44575K, capacity 45816K, committed 46080K, reserved 1089536K
  class space    used 5611K, capacity 6053K, committed 6144K, reserved 1048576K
}
Event: 40.597 GC heap before
{Heap before GC invocations=36 (full 0):
 garbage-first heap   total 65536K, used 55743K [0x0000000080000000, 0x0000000100000000)
  region size 1024K, 4 young (4096K), 1 survivors (1024K)
 Metaspace       used 44575K, capacity 45816K, committed 46080K, reserved 1089536K
  class space    used 5611K, capacity 6053K, committed 6144K, reserved 1048576K
}
Event: 40.602 GC heap after
{Heap after GC invocations=37 (full 0):
 garbage-first heap   total 78848K, used 52750K [0x0000000080000000, 0x0000000100000000)
  region size 1024K, 1 young (1024K), 1 survivors (1024K)
 Metaspace       used 44575K, capacity 45816K, committed 46080K, reserved 1089536K
  class space    used 5611K, capacity 6053K, committed 6144K, reserved 1048576K
}
Event: 41.153 GC heap before
{Heap before GC invocations=38 (full 0):
 garbage-first heap   total 78848K, used 60942K [0x0000000080000000, 0x0000000100000000)
  region size 1024K, 9 young (9216K), 1 survivors (1024K)
 Metaspace       used 44892K, capacity 46115K, committed 46336K, reserved 1089536K
  class space    used 5667K, capacity 6089K, committed 6144K, reserved 1048576K
}
Event: 41.160 GC heap after
{Heap after GC invocations=39 (full 0):
 garbage-first heap   total 78848K, used 53139K [0x0000000080000000, 0x0000000100000000)
  region size 1024K, 1 young (1024K), 1 survivors (1024K)
 Metaspace       used 44892K, capacity 46115K, committed 46336K, reserved 1089536K
  class space    used 5667K, capacity 6089K, committed 6144K, reserved 1048576K
}

