# JRE version: OpenJDK Runtime Environment (11.0.11+9) (build 11.0.11+9-b60-7590822)
# Java VM: OpenJDK 64-Bit Server VM (11.0.11+9-b60-7590822, mixed mode, tiered, compressed oops, g1 gc, windows-amd64)
Heap:
 garbage-first heap   total 95232K, used 39644K [0x00000000c0000000, 0x0000000100000000)
  region size 1024K, 1 young (1024K), 1 survivors (1024K)
 Metaspace       used 41618K, capacity 42744K, committed 42880K, reserved 1087488K
  class space    used 5315K, capacity 5698K, committed 5760K, reserved 1048576K
GC Heap History (20 events):
Event: 3.759 GC heap before
{Heap before GC invocations=1 (full 0):
 garbage-first heap   total 65536K, used 45413K [0x00000000c0000000, 0x0000000100000000)
  region size 1024K, 38 young (38912K), 1 survivors (1024K)
 Metaspace       used 10764K, capacity 11007K, committed 11264K, reserved 1058816K
  class space    used 1122K, capacity 1206K, committed 1280K, reserved 1048576K
}
Event: 3.775 GC heap after
{Heap after GC invocations=2 (full 0):
 garbage-first heap   total 65536K, used 9671K [0x00000000c0000000, 0x0000000100000000)
  region size 1024K, 5 young (5120K), 5 survivors (5120K)
 Metaspace       used 10764K, capacity 11007K, committed 11264K, reserved 1058816K
  class space    used 1122K, capacity 1206K, committed 1280K, reserved 1048576K
}
Event: 4.556 GC heap before
{Heap before GC invocations=2 (full 0):
 garbage-first heap   total 65536K, used 31175K [0x00000000c0000000, 0x0000000100000000)
  region size 1024K, 26 young (26624K), 5 survivors (5120K)
 Metaspace       used 10962K, capacity 11255K, committed 11520K, reserved 1058816K
  class space    used 1150K, capacity 1246K, committed 1280K, reserved 1048576K
}
Event: 4.576 GC heap after
{Heap after GC invocations=3 (full 0):
 garbage-first heap   total 65536K, used 13592K [0x00000000c0000000, 0x0000000100000000)
  region size 1024K, 4 young (4096K), 4 survivors (4096K)
 Metaspace       used 10962K, capacity 11255K, committed 11520K, reserved 1058816K
  class space    used 1150K, capacity 1246K, committed 1280K, reserved 1048576K
}
Event: 8.310 GC heap before
{Heap before GC invocations=3 (full 0):
 garbage-first heap   total 65536K, used 40216K [0x00000000c0000000, 0x0000000100000000)
  region size 1024K, 30 young (30720K), 4 survivors (4096K)
 Metaspace       used 17614K, capacity 18089K, committed 18432K, reserved 1064960K
  class space    used 2053K, capacity 2183K, committed 2304K, reserved 1048576K
}
Event: 8.330 GC heap after
{Heap after GC invocations=4 (full 0):
 garbage-first heap   total 65536K, used 16159K [0x00000000c0000000, 0x0000000100000000)
  region size 1024K, 3 young (3072K), 3 survivors (3072K)
 Metaspace       used 17614K, capacity 18089K, committed 18432K, reserved 1064960K
  class space    used 2053K, capacity 2183K, committed 2304K, reserved 1048576K
}
Event: 9.262 GC heap before
{Heap before GC invocations=4 (full 0):
 garbage-first heap   total 65536K, used 41759K [0x00000000c0000000, 0x0000000100000000)
  region size 1024K, 29 young (29696K), 3 survivors (3072K)
 Metaspace       used 20587K, capacity 21089K, committed 21248K, reserved 1067008K
  class space    used 2502K, capacity 2699K, committed 2816K, reserved 1048576K
}
Event: 9.283 GC heap after
{Heap after GC invocations=5 (full 0):
 garbage-first heap   total 78848K, used 17253K [0x00000000c0000000, 0x0000000100000000)
  region size 1024K, 1 young (1024K), 1 survivors (1024K)
 Metaspace       used 20587K, capacity 21089K, committed 21248K, reserved 1067008K
  class space    used 2502K, capacity 2699K, committed 2816K, reserved 1048576K
}
Event: 10.806 GC heap before
{Heap before GC invocations=6 (full 0):
 garbage-first heap   total 78848K, used 50021K [0x00000000c0000000, 0x0000000100000000)
  region size 1024K, 33 young (33792K), 1 survivors (1024K)
 Metaspace       used 23841K, capacity 24503K, committed 24576K, reserved 1071104K
  class space    used 3041K, capacity 3266K, committed 3328K, reserved 1048576K
}
Event: 10.818 GC heap after
{Heap after GC invocations=7 (full 0):
 garbage-first heap   total 78848K, used 18050K [0x00000000c0000000, 0x0000000100000000)
  region size 1024K, 2 young (2048K), 2 survivors (2048K)
 Metaspace       used 23841K, capacity 24503K, committed 24576K, reserved 1071104K
  class space    used 3041K, capacity 3266K, committed 3328K, reserved 1048576K
}
Event: 13.024 GC heap before
{Heap before GC invocations=7 (full 0):
 garbage-first heap   total 78848K, used 60034K [0x00000000c0000000, 0x0000000100000000)
  region size 1024K, 35 young (35840K), 2 survivors (2048K)
 Metaspace       used 27171K, capacity 27996K, committed 28288K, reserved 1073152K
  class space    used 3575K, capacity 3874K, committed 3968K, reserved 1048576K
}
Event: 13.062 GC heap after
{Heap after GC invocations=8 (full 0):
 garbage-first heap   total 78848K, used 30720K [0x00000000c0000000, 0x0000000100000000)
  region size 1024K, 5 young (5120K), 5 survivors (5120K)
 Metaspace       used 27171K, capacity 27996K, committed 28288K, reserved 1073152K
  class space    used 3575K, capacity 3874K, committed 3968K, reserved 1048576K
}
Event: 14.519 GC heap before
{Heap before GC invocations=8 (full 0):
 garbage-first heap   total 78848K, used 59392K [0x00000000c0000000, 0x0000000100000000)
  region size 1024K, 33 young (33792K), 5 survivors (5120K)
 Metaspace       used 29919K, capacity 30779K, committed 30976K, reserved 1075200K
  class space    used 4010K, capacity 4312K, committed 4352K, reserved 1048576K
}
Event: 14.538 GC heap after
{Heap after GC invocations=9 (full 0):
 garbage-first heap   total 78848K, used 31816K [0x00000000c0000000, 0x0000000100000000)
  region size 1024K, 1 young (1024K), 1 survivors (1024K)
 Metaspace       used 29919K, capacity 30779K, committed 30976K, reserved 1075200K
  class space    used 4010K, capacity 4312K, committed 4352K, reserved 1048576K
}
Event: 15.977 GC heap before
{Heap before GC invocations=9 (full 0):
 garbage-first heap   total 78848K, used 49224K [0x00000000c0000000, 0x0000000100000000)
  region size 1024K, 20 young (20480K), 1 survivors (1024K)
 Metaspace       used 34827K, capacity 35760K, committed 35840K, reserved 1081344K
  class space    used 4553K, capacity 4929K, committed 4992K, reserved 1048576K
}
Event: 15.995 GC heap after
{Heap after GC invocations=10 (full 0):
 garbage-first heap   total 78848K, used 33661K [0x00000000c0000000, 0x0000000100000000)
  region size 1024K, 3 young (3072K), 3 survivors (3072K)
 Metaspace       used 34827K, capacity 35760K, committed 35840K, reserved 1081344K
  class space    used 4553K, capacity 4929K, committed 4992K, reserved 1048576K
}
Event: 17.191 GC heap before
{Heap before GC invocations=11 (full 0):
 garbage-first heap   total 78848K, used 57213K [0x00000000c0000000, 0x0000000100000000)
  region size 1024K, 27 young (27648K), 3 survivors (3072K)
 Metaspace       used 37393K, capacity 38383K, committed 38528K, reserved 1083392K
  class space    used 4838K, capacity 5205K, committed 5248K, reserved 1048576K
}
Event: 17.217 GC heap after
{Heap after GC invocations=12 (full 0):
 garbage-first heap   total 78848K, used 36421K [0x00000000c0000000, 0x0000000100000000)
  region size 1024K, 4 young (4096K), 4 survivors (4096K)
 Metaspace       used 37393K, capacity 38383K, committed 38528K, reserved 1083392K
  class space    used 4838K, capacity 5205K, committed 5248K, reserved 1048576K
}
Event: 18.382 GC heap before
{Heap before GC invocations=12 (full 0):
 garbage-first heap   total 78848K, used 62021K [0x00000000c0000000, 0x0000000100000000)
  region size 1024K, 27 young (27648K), 4 survivors (4096K)
 Metaspace       used 39774K, capacity 40849K, committed 41088K, reserved 1085440K
  class space    used 5036K, capacity 5404K, committed 5504K, reserved 1048576K
}
Event: 18.409 GC heap after
{Heap after GC invocations=13 (full 0):
 garbage-first heap   total 78848K, used 39272K [0x00000000c0000000, 0x0000000100000000)
  region size 1024K, 3 young (3072K), 3 survivors (3072K)
 Metaspace       used 39774K, capacity 40849K, committed 41088K, reserved 1085440K
  class space    used 5036K, capacity 5404K, committed 5504K, reserved 1048576K
}

