# JRE version: OpenJDK Runtime Environment (11.0.11+9) (build 11.0.11+9-b60-7590822)
# Java VM: OpenJDK 64-Bit Server VM (11.0.11+9-b60-7590822, mixed mode, tiered, compressed oops, g1 gc, windows-amd64)
Heap:
 garbage-first heap   total 165888K, used 138442K [0x00000000c0000000, 0x0000000100000000)
  region size 1024K, 19 young (19456K), 3 survivors (3072K)
 Metaspace       used 109494K, capacity 112808K, committed 112944K, reserved 1146880K
  class space    used 13815K, capacity 14953K, committed 14976K, reserved 1048576K
GC Heap History (20 events):
Event: 1113.680 GC heap before
{Heap before GC invocations=171 (full 0):
 garbage-first heap   total 165888K, used 141681K [0x00000000c0000000, 0x0000000100000000)
  region size 1024K, 15 young (15360K), 2 survivors (2048K)
 Metaspace       used 105668K, capacity 108784K, committed 109104K, reserved 1144832K
  class space    used 13244K, capacity 14303K, committed 14464K, reserved 1048576K
}
Event: 1113.698 GC heap after
{Heap after GC invocations=172 (full 0):
 garbage-first heap   total 165888K, used 130691K [0x00000000c0000000, 0x0000000100000000)
  region size 1024K, 2 young (2048K), 2 survivors (2048K)
 Metaspace       used 105668K, capacity 108784K, committed 109104K, reserved 1144832K
  class space    used 13244K, capacity 14303K, committed 14464K, reserved 1048576K
}
Event: 1113.931 GC heap before
{Heap before GC invocations=172 (full 0):
 garbage-first heap   total 165888K, used 135811K [0x00000000c0000000, 0x0000000100000000)
  region size 1024K, 8 young (8192K), 2 survivors (2048K)
 Metaspace       used 105668K, capacity 108784K, committed 109104K, reserved 1144832K
  class space    used 13244K, capacity 14303K, committed 14464K, reserved 1048576K
}
Event: 1113.980 GC heap after
{Heap after GC invocations=173 (full 0):
 garbage-first heap   total 165888K, used 120884K [0x00000000c0000000, 0x0000000100000000)
  region size 1024K, 1 young (1024K), 1 survivors (1024K)
 Metaspace       used 105668K, capacity 108784K, committed 109104K, reserved 1144832K
  class space    used 13244K, capacity 14303K, committed 14464K, reserved 1048576K
}
Event: 1115.251 GC heap before
{Heap before GC invocations=173 (full 0):
 garbage-first heap   total 165888K, used 139316K [0x00000000c0000000, 0x0000000100000000)
  region size 1024K, 19 young (19456K), 1 survivors (1024K)
 Metaspace       used 105757K, capacity 108849K, committed 109104K, reserved 1144832K
  class space    used 13244K, capacity 14303K, committed 14464K, reserved 1048576K
}
Event: 1115.273 GC heap after
{Heap after GC invocations=174 (full 0):
 garbage-first heap   total 165888K, used 123379K [0x00000000c0000000, 0x0000000100000000)
  region size 1024K, 3 young (3072K), 3 survivors (3072K)
 Metaspace       used 105757K, capacity 108849K, committed 109104K, reserved 1144832K
  class space    used 13244K, capacity 14303K, committed 14464K, reserved 1048576K
}
Event: 1116.147 GC heap before
{Heap before GC invocations=174 (full 0):
 garbage-first heap   total 165888K, used 139763K [0x00000000c0000000, 0x0000000100000000)
  region size 1024K, 20 young (20480K), 3 survivors (3072K)
 Metaspace       used 105866K, capacity 108913K, committed 109104K, reserved 1144832K
  class space    used 13244K, capacity 14303K, committed 14464K, reserved 1048576K
}
Event: 1116.173 GC heap after
{Heap after GC invocations=175 (full 0):
 garbage-first heap   total 165888K, used 125151K [0x00000000c0000000, 0x0000000100000000)
  region size 1024K, 2 young (2048K), 2 survivors (2048K)
 Metaspace       used 105866K, capacity 108913K, committed 109104K, reserved 1144832K
  class space    used 13244K, capacity 14303K, committed 14464K, reserved 1048576K
}
Event: 1116.825 GC heap before
{Heap before GC invocations=175 (full 0):
 garbage-first heap   total 165888K, used 140511K [0x00000000c0000000, 0x0000000100000000)
  region size 1024K, 18 young (18432K), 2 survivors (2048K)
 Metaspace       used 105883K, capacity 108914K, committed 109104K, reserved 1144832K
  class space    used 13244K, capacity 14303K, committed 14464K, reserved 1048576K
}
Event: 1116.842 GC heap after
{Heap after GC invocations=176 (full 0):
 garbage-first heap   total 165888K, used 126544K [0x00000000c0000000, 0x0000000100000000)
  region size 1024K, 2 young (2048K), 2 survivors (2048K)
 Metaspace       used 105883K, capacity 108914K, committed 109104K, reserved 1144832K
  class space    used 13244K, capacity 14303K, committed 14464K, reserved 1048576K
}
Event: 1117.757 GC heap before
{Heap before GC invocations=177 (full 0):
 garbage-first heap   total 165888K, used 141904K [0x00000000c0000000, 0x0000000100000000)
  region size 1024K, 17 young (17408K), 2 survivors (2048K)
 Metaspace       used 105904K, capacity 108979K, committed 109360K, reserved 1144832K
  class space    used 13244K, capacity 14303K, committed 14464K, reserved 1048576K
}
Event: 1117.771 GC heap after
{Heap after GC invocations=178 (full 0):
 garbage-first heap   total 165888K, used 127452K [0x00000000c0000000, 0x0000000100000000)
  region size 1024K, 3 young (3072K), 3 survivors (3072K)
 Metaspace       used 105904K, capacity 108979K, committed 109360K, reserved 1144832K
  class space    used 13244K, capacity 14303K, committed 14464K, reserved 1048576K
}
Event: 1117.867 GC heap before
{Heap before GC invocations=178 (full 0):
 garbage-first heap   total 165888K, used 132572K [0x00000000c0000000, 0x0000000100000000)
  region size 1024K, 8 young (8192K), 3 survivors (3072K)
 Metaspace       used 105907K, capacity 108979K, committed 109360K, reserved 1144832K
  class space    used 13244K, capacity 14303K, committed 14464K, reserved 1048576K
}
Event: 1117.913 GC heap after
{Heap after GC invocations=179 (full 0):
 garbage-first heap   total 165888K, used 119484K [0x00000000c0000000, 0x0000000100000000)
  region size 1024K, 1 young (1024K), 1 survivors (1024K)
 Metaspace       used 105907K, capacity 108979K, committed 109360K, reserved 1144832K
  class space    used 13244K, capacity 14303K, committed 14464K, reserved 1048576K
}
Event: 1280.681 GC heap before
{Heap before GC invocations=179 (full 0):
 garbage-first heap   total 165888K, used 137916K [0x00000000c0000000, 0x0000000100000000)
  region size 1024K, 20 young (20480K), 1 survivors (1024K)
 Metaspace       used 106151K, capacity 109396K, committed 109616K, reserved 1144832K
  class space    used 13293K, capacity 14389K, committed 14464K, reserved 1048576K
}
Event: 1280.702 GC heap after
{Heap after GC invocations=180 (full 0):
 garbage-first heap   total 165888K, used 120968K [0x00000000c0000000, 0x0000000100000000)
  region size 1024K, 2 young (2048K), 2 survivors (2048K)
 Metaspace       used 106151K, capacity 109396K, committed 109616K, reserved 1144832K
  class space    used 13293K, capacity 14389K, committed 14464K, reserved 1048576K
}
Event: 1282.390 GC heap before
{Heap before GC invocations=180 (full 0):
 garbage-first heap   total 165888K, used 138376K [0x00000000c0000000, 0x0000000100000000)
  region size 1024K, 20 young (20480K), 2 survivors (2048K)
 Metaspace       used 106864K, capacity 110100K, committed 110256K, reserved 1144832K
  class space    used 13371K, capacity 14476K, committed 14592K, reserved 1048576K
}
Event: 1282.405 GC heap after
{Heap after GC invocations=181 (full 0):
 garbage-first heap   total 165888K, used 121847K [0x00000000c0000000, 0x0000000100000000)
  region size 1024K, 1 young (1024K), 1 survivors (1024K)
 Metaspace       used 106864K, capacity 110100K, committed 110256K, reserved 1144832K
  class space    used 13371K, capacity 14476K, committed 14592K, reserved 1048576K
}
Event: 1283.602 GC heap before
{Heap before GC invocations=181 (full 0):
 garbage-first heap   total 165888K, used 140279K [0x00000000c0000000, 0x0000000100000000)
  region size 1024K, 19 young (19456K), 1 survivors (1024K)
 Metaspace       used 108920K, capacity 112127K, committed 112304K, reserved 1146880K
  class space    used 13754K, capacity 14832K, committed 14848K, reserved 1048576K
}
Event: 1283.616 GC heap after
{Heap after GC invocations=182 (full 0):
 garbage-first heap   total 165888K, used 123082K [0x00000000c0000000, 0x0000000100000000)
  region size 1024K, 3 young (3072K), 3 survivors (3072K)
 Metaspace       used 108920K, capacity 112127K, committed 112304K, reserved 1146880K
  class space    used 13754K, capacity 14832K, committed 14848K, reserved 1048576K
}

