# JRE version: OpenJDK Runtime Environment (8.0_242-b01) (build 1.8.0_242-release-1644-b01)
# Java VM: OpenJDK 64-Bit Server VM (25.242-b01 mixed mode windows-amd64 compressed oops)
Heap:
 PSYoungGen      total 137216K, used 18415K [0x00000000d5580000, 0x00000000de480000, 0x0000000100000000)
  eden space 128000K, 14% used [0x00000000d5580000,0x00000000d677bf20,0x00000000dd280000)
  from space 9216K, 0% used [0x00000000ddb80000,0x00000000ddb80000,0x00000000de480000)
  to   space 9216K, 0% used [0x00000000dd280000,0x00000000dd280000,0x00000000ddb80000)
 ParOldGen       total 49152K, used 14438K [0x0000000080000000, 0x0000000083000000, 0x00000000d5580000)
  object space 49152K, 29% used [0x0000000080000000,0x0000000080e198f0,0x0000000083000000)
 Metaspace       used 35885K, capacity 37460K, committed 37760K, reserved 1081344K
  class space    used 5089K, capacity 5432K, committed 5504K, reserved 1048576K
GC Heap History (10 events):
Event: 17.326 GC heap before
{Heap before GC invocations=8 (full 0):
 PSYoungGen      total 71168K, used 39043K [0x00000000d5580000, 0x00000000de480000, 0x0000000100000000)
  eden space 64000K, 49% used [0x00000000d5580000,0x00000000d74a1fc8,0x00000000d9400000)
  from space 7168K, 99% used [0x00000000d9400000,0x00000000d9afef58,0x00000000d9b00000)
  to   space 9216K, 0% used [0x00000000ddb80000,0x00000000ddb80000,0x00000000de480000)
 ParOldGen       total 44032K, used 7791K [0x0000000080000000, 0x0000000082b00000, 0x00000000d5580000)
  object space 44032K, 17% used [0x0000000080000000,0x000000008079bd98,0x0000000082b00000)
 Metaspace       used 20428K, capacity 21228K, committed 21296K, reserved 1067008K
  class space    used 2948K, capacity 3184K, committed 3200K, reserved 1048576K
Event: 17.354 GC heap after
Heap after GC invocations=8 (full 0):
 PSYoungGen      total 137216K, used 6188K [0x00000000d5580000, 0x00000000de480000, 0x0000000100000000)
  eden space 128000K, 0% used [0x00000000d5580000,0x00000000d5580000,0x00000000dd280000)
  from space 9216K, 67% used [0x00000000ddb80000,0x00000000de18b0f8,0x00000000de480000)
  to   space 9216K, 0% used [0x00000000dd280000,0x00000000dd280000,0x00000000ddb80000)
 ParOldGen       total 44032K, used 8191K [0x0000000080000000, 0x0000000082b00000, 0x00000000d5580000)
  object space 44032K, 18% used [0x0000000080000000,0x00000000807ffcf0,0x0000000082b00000)
 Metaspace       used 20428K, capacity 21228K, committed 21296K, reserved 1067008K
  class space    used 2948K, capacity 3184K, committed 3200K, reserved 1048576K
}
Event: 17.354 GC heap before
{Heap before GC invocations=9 (full 1):
 PSYoungGen      total 137216K, used 6188K [0x00000000d5580000, 0x00000000de480000, 0x0000000100000000)
  eden space 128000K, 0% used [0x00000000d5580000,0x00000000d5580000,0x00000000dd280000)
  from space 9216K, 67% used [0x00000000ddb80000,0x00000000de18b0f8,0x00000000de480000)
  to   space 9216K, 0% used [0x00000000dd280000,0x00000000dd280000,0x00000000ddb80000)
 ParOldGen       total 44032K, used 8191K [0x0000000080000000, 0x0000000082b00000, 0x00000000d5580000)
  object space 44032K, 18% used [0x0000000080000000,0x00000000807ffcf0,0x0000000082b00000)
 Metaspace       used 20428K, capacity 21228K, committed 21296K, reserved 1067008K
  class space    used 2948K, capacity 3184K, committed 3200K, reserved 1048576K
Event: 17.513 GC heap after
Heap after GC invocations=9 (full 1):
 PSYoungGen      total 137216K, used 0K [0x00000000d5580000, 0x00000000de480000, 0x0000000100000000)
  eden space 128000K, 0% used [0x00000000d5580000,0x00000000d5580000,0x00000000dd280000)
  from space 9216K, 0% used [0x00000000ddb80000,0x00000000ddb80000,0x00000000de480000)
  to   space 9216K, 0% used [0x00000000dd280000,0x00000000dd280000,0x00000000ddb80000)
 ParOldGen       total 35840K, used 10706K [0x0000000080000000, 0x0000000082300000, 0x00000000d5580000)
  object space 35840K, 29% used [0x0000000080000000,0x0000000080a74b30,0x0000000082300000)
 Metaspace       used 20428K, capacity 21228K, committed 21296K, reserved 1067008K
  class space    used 2948K, capacity 3184K, committed 3200K, reserved 1048576K
}
Event: 44.321 GC heap before
{Heap before GC invocations=10 (full 1):
 PSYoungGen      total 137216K, used 128000K [0x00000000d5580000, 0x00000000de480000, 0x0000000100000000)
  eden space 128000K, 100% used [0x00000000d5580000,0x00000000dd280000,0x00000000dd280000)
  from space 9216K, 0% used [0x00000000ddb80000,0x00000000ddb80000,0x00000000de480000)
  to   space 9216K, 0% used [0x00000000dd280000,0x00000000dd280000,0x00000000ddb80000)
 ParOldGen       total 35840K, used 10706K [0x0000000080000000, 0x0000000082300000, 0x00000000d5580000)
  object space 35840K, 29% used [0x0000000080000000,0x0000000080a74b30,0x0000000082300000)
 Metaspace       used 32789K, capacity 34230K, committed 34304K, reserved 1079296K
  class space    used 4741K, capacity 5091K, committed 5120K, reserved 1048576K
Event: 44.399 GC heap after
Heap after GC invocations=10 (full 1):
 PSYoungGen      total 137216K, used 9188K [0x00000000d5580000, 0x00000000de480000, 0x0000000100000000)
  eden space 128000K, 0% used [0x00000000d5580000,0x00000000d5580000,0x00000000dd280000)
  from space 9216K, 99% used [0x00000000dd280000,0x00000000ddb79140,0x00000000ddb80000)
  to   space 9216K, 0% used [0x00000000ddb80000,0x00000000ddb80000,0x00000000de480000)
 ParOldGen       total 35840K, used 15476K [0x0000000080000000, 0x0000000082300000, 0x00000000d5580000)
  object space 35840K, 43% used [0x0000000080000000,0x0000000080f1d028,0x0000000082300000)
 Metaspace       used 32789K, capacity 34230K, committed 34304K, reserved 1079296K
  class space    used 4741K, capacity 5091K, committed 5120K, reserved 1048576K
}
Event: 45.628 GC heap before
{Heap before GC invocations=11 (full 1):
 PSYoungGen      total 137216K, used 43446K [0x00000000d5580000, 0x00000000de480000, 0x0000000100000000)
  eden space 128000K, 26% used [0x00000000d5580000,0x00000000d76f4948,0x00000000dd280000)
  from space 9216K, 99% used [0x00000000dd280000,0x00000000ddb79140,0x00000000ddb80000)
  to   space 9216K, 0% used [0x00000000ddb80000,0x00000000ddb80000,0x00000000de480000)
 ParOldGen       total 35840K, used 15476K [0x0000000080000000, 0x0000000082300000, 0x00000000d5580000)
  object space 35840K, 43% used [0x0000000080000000,0x0000000080f1d028,0x0000000082300000)
 Metaspace       used 33842K, capacity 35358K, committed 35456K, reserved 1079296K
  class space    used 4847K, capacity 5193K, committed 5248K, reserved 1048576K
Event: 45.653 GC heap after
Heap after GC invocations=11 (full 1):
 PSYoungGen      total 137216K, used 7434K [0x00000000d5580000, 0x00000000de480000, 0x0000000100000000)
  eden space 128000K, 0% used [0x00000000d5580000,0x00000000d5580000,0x00000000dd280000)
  from space 9216K, 80% used [0x00000000ddb80000,0x00000000de2c2bc8,0x00000000de480000)
  to   space 9216K, 0% used [0x00000000dd280000,0x00000000dd280000,0x00000000ddb80000)
 ParOldGen       total 35840K, used 15484K [0x0000000080000000, 0x0000000082300000, 0x00000000d5580000)
  object space 35840K, 43% used [0x0000000080000000,0x0000000080f1f028,0x0000000082300000)
 Metaspace       used 33842K, capacity 35358K, committed 35456K, reserved 1079296K
  class space    used 4847K, capacity 5193K, committed 5248K, reserved 1048576K
}
Event: 45.653 GC heap before
{Heap before GC invocations=12 (full 2):
 PSYoungGen      total 137216K, used 7434K [0x00000000d5580000, 0x00000000de480000, 0x0000000100000000)
  eden space 128000K, 0% used [0x00000000d5580000,0x00000000d5580000,0x00000000dd280000)
  from space 9216K, 80% used [0x00000000ddb80000,0x00000000de2c2bc8,0x00000000de480000)
  to   space 9216K, 0% used [0x00000000dd280000,0x00000000dd280000,0x00000000ddb80000)
 ParOldGen       total 35840K, used 15484K [0x0000000080000000, 0x0000000082300000, 0x00000000d5580000)
  object space 35840K, 43% used [0x0000000080000000,0x0000000080f1f028,0x0000000082300000)
 Metaspace       used 33842K, capacity 35358K, committed 35456K, reserved 1079296K
  class space    used 4847K, capacity 5193K, committed 5248K, reserved 1048576K
Event: 45.846 GC heap after
Heap after GC invocations=12 (full 2):
 PSYoungGen      total 137216K, used 0K [0x00000000d5580000, 0x00000000de480000, 0x0000000100000000)
  eden space 128000K, 0% used [0x00000000d5580000,0x00000000d5580000,0x00000000dd280000)
  from space 9216K, 0% used [0x00000000ddb80000,0x00000000ddb80000,0x00000000de480000)
  to   space 9216K, 0% used [0x00000000dd280000,0x00000000dd280000,0x00000000ddb80000)
 ParOldGen       total 49152K, used 14438K [0x0000000080000000, 0x0000000083000000, 0x00000000d5580000)
  object space 49152K, 29% used [0x0000000080000000,0x0000000080e198f0,0x0000000083000000)
 Metaspace       used 33842K, capacity 35358K, committed 35456K, reserved 1079296K
  class space    used 4847K, capacity 5193K, committed 5248K, reserved 1048576K
}

