# JRE version: OpenJDK Runtime Environment (11.0.11+9) (build 11.0.11+9-b60-7590822)
# Java VM: OpenJDK 64-Bit Server VM (11.0.11+9-b60-7590822, mixed mode, tiered, compressed oops, g1 gc, windows-amd64)
Heap:
 garbage-first heap   total 97280K, used 92735K [0x00000000e0000000, 0x0000000100000000)
  region size 1024K, 2 young (2048K), 1 survivors (1024K)
 Metaspace       used 74735K, capacity 76775K, committed 76976K, reserved 1116160K
  class space    used 9434K, capacity 10124K, committed 10240K, reserved 1048576K
GC Heap History (20 events):
Event: 72.597 GC heap before
{Heap before GC invocations=164 (full 0):
 garbage-first heap   total 95232K, used 92378K [0x00000000e0000000, 0x0000000100000000)
  region size 1024K, 4 young (4096K), 1 survivors (1024K)
 Metaspace       used 73592K, capacity 75625K, committed 75824K, reserved 1116160K
  class space    used 9320K, capacity 9997K, committed 10112K, reserved 1048576K
}
Event: 72.608 GC heap after
{Heap after GC invocations=165 (full 0):
 garbage-first heap   total 95232K, used 89487K [0x00000000e0000000, 0x0000000100000000)
  region size 1024K, 1 young (1024K), 1 survivors (1024K)
 Metaspace       used 73592K, capacity 75625K, committed 75824K, reserved 1116160K
  class space    used 9320K, capacity 9997K, committed 10112K, reserved 1048576K
}
Event: 72.731 GC heap before
{Heap before GC invocations=165 (full 0):
 garbage-first heap   total 95232K, used 92559K [0x00000000e0000000, 0x0000000100000000)
  region size 1024K, 4 young (4096K), 1 survivors (1024K)
 Metaspace       used 73610K, capacity 75631K, committed 75824K, reserved 1116160K
  class space    used 9322K, capacity 9999K, committed 10112K, reserved 1048576K
}
Event: 72.738 GC heap after
{Heap after GC invocations=166 (full 0):
 garbage-first heap   total 95232K, used 90066K [0x00000000e0000000, 0x0000000100000000)
  region size 1024K, 1 young (1024K), 1 survivors (1024K)
 Metaspace       used 73610K, capacity 75631K, committed 75824K, reserved 1116160K
  class space    used 9322K, capacity 9999K, committed 10112K, reserved 1048576K
}
Event: 73.187 GC heap before
{Heap before GC invocations=167 (full 0):
 garbage-first heap   total 95232K, used 93138K [0x00000000e0000000, 0x0000000100000000)
  region size 1024K, 4 young (4096K), 1 survivors (1024K)
 Metaspace       used 73619K, capacity 75632K, committed 75824K, reserved 1116160K
  class space    used 9322K, capacity 9999K, committed 10112K, reserved 1048576K
}
Event: 73.196 GC heap after
{Heap after GC invocations=168 (full 0):
 garbage-first heap   total 95232K, used 90690K [0x00000000e0000000, 0x0000000100000000)
  region size 1024K, 1 young (1024K), 1 survivors (1024K)
 Metaspace       used 73619K, capacity 75632K, committed 75824K, reserved 1116160K
  class space    used 9322K, capacity 9999K, committed 10112K, reserved 1048576K
}
Event: 73.264 GC heap before
{Heap before GC invocations=168 (full 0):
 garbage-first heap   total 95232K, used 93762K [0x00000000e0000000, 0x0000000100000000)
  region size 1024K, 4 young (4096K), 1 survivors (1024K)
 Metaspace       used 73645K, capacity 75730K, committed 75824K, reserved 1116160K
  class space    used 9327K, capacity 10033K, committed 10112K, reserved 1048576K
}
Event: 73.270 GC heap after
{Heap after GC invocations=169 (full 0):
 garbage-first heap   total 95232K, used 90951K [0x00000000e0000000, 0x0000000100000000)
  region size 1024K, 1 young (1024K), 1 survivors (1024K)
 Metaspace       used 73645K, capacity 75730K, committed 75824K, reserved 1116160K
  class space    used 9327K, capacity 10033K, committed 10112K, reserved 1048576K
}
Event: 73.712 GC heap before
{Heap before GC invocations=170 (full 0):
 garbage-first heap   total 95232K, used 94023K [0x00000000e0000000, 0x0000000100000000)
  region size 1024K, 4 young (4096K), 1 survivors (1024K)
 Metaspace       used 73605K, capacity 75610K, committed 75824K, reserved 1116160K
  class space    used 9314K, capacity 9993K, committed 10112K, reserved 1048576K
}
Event: 73.719 GC heap after
{Heap after GC invocations=171 (full 0):
 garbage-first heap   total 96256K, used 91035K [0x00000000e0000000, 0x0000000100000000)
  region size 1024K, 1 young (1024K), 1 survivors (1024K)
 Metaspace       used 73605K, capacity 75610K, committed 75824K, reserved 1116160K
  class space    used 9314K, capacity 9993K, committed 10112K, reserved 1048576K
}
Event: 73.787 GC heap before
{Heap before GC invocations=171 (full 0):
 garbage-first heap   total 96256K, used 94107K [0x00000000e0000000, 0x0000000100000000)
  region size 1024K, 4 young (4096K), 1 survivors (1024K)
 Metaspace       used 73613K, capacity 75611K, committed 75824K, reserved 1116160K
  class space    used 9314K, capacity 9993K, committed 10112K, reserved 1048576K
}
Event: 73.793 GC heap after
{Heap after GC invocations=172 (full 0):
 garbage-first heap   total 96256K, used 91346K [0x00000000e0000000, 0x0000000100000000)
  region size 1024K, 1 young (1024K), 1 survivors (1024K)
 Metaspace       used 73613K, capacity 75611K, committed 75824K, reserved 1116160K
  class space    used 9314K, capacity 9993K, committed 10112K, reserved 1048576K
}
Event: 74.272 GC heap before
{Heap before GC invocations=173 (full 0):
 garbage-first heap   total 96256K, used 94418K [0x00000000e0000000, 0x0000000100000000)
  region size 1024K, 4 young (4096K), 1 survivors (1024K)
 Metaspace       used 73624K, capacity 75611K, committed 75824K, reserved 1116160K
  class space    used 9315K, capacity 9993K, committed 10112K, reserved 1048576K
}
Event: 74.279 GC heap after
{Heap after GC invocations=174 (full 0):
 garbage-first heap   total 96256K, used 91852K [0x00000000e0000000, 0x0000000100000000)
  region size 1024K, 1 young (1024K), 1 survivors (1024K)
 Metaspace       used 73624K, capacity 75611K, committed 75824K, reserved 1116160K
  class space    used 9315K, capacity 9993K, committed 10112K, reserved 1048576K
}
Event: 74.527 GC heap before
{Heap before GC invocations=174 (full 0):
 garbage-first heap   total 96256K, used 94924K [0x00000000e0000000, 0x0000000100000000)
  region size 1024K, 4 young (4096K), 1 survivors (1024K)
 Metaspace       used 73809K, capacity 75803K, committed 76080K, reserved 1116160K
  class space    used 9322K, capacity 9993K, committed 10112K, reserved 1048576K
}
Event: 74.534 GC heap after
{Heap after GC invocations=175 (full 0):
 garbage-first heap   total 97280K, used 92143K [0x00000000e0000000, 0x0000000100000000)
  region size 1024K, 1 young (1024K), 1 survivors (1024K)
 Metaspace       used 73809K, capacity 75803K, committed 76080K, reserved 1116160K
  class space    used 9322K, capacity 9993K, committed 10112K, reserved 1048576K
}
Event: 74.958 GC heap before
{Heap before GC invocations=176 (full 0):
 garbage-first heap   total 97280K, used 95215K [0x00000000e0000000, 0x0000000100000000)
  region size 1024K, 4 young (4096K), 1 survivors (1024K)
 Metaspace       used 73825K, capacity 75809K, committed 76080K, reserved 1116160K
  class space    used 9324K, capacity 9994K, committed 10112K, reserved 1048576K
}
Event: 74.965 GC heap after
{Heap after GC invocations=177 (full 0):
 garbage-first heap   total 97280K, used 92357K [0x00000000e0000000, 0x0000000100000000)
  region size 1024K, 1 young (1024K), 1 survivors (1024K)
 Metaspace       used 73825K, capacity 75809K, committed 76080K, reserved 1116160K
  class space    used 9324K, capacity 9994K, committed 10112K, reserved 1048576K
}
Event: 74.983 GC heap before
{Heap before GC invocations=177 (full 0):
 garbage-first heap   total 97280K, used 95429K [0x00000000e0000000, 0x0000000100000000)
  region size 1024K, 4 young (4096K), 1 survivors (1024K)
 Metaspace       used 73825K, capacity 75809K, committed 76080K, reserved 1116160K
  class space    used 9324K, capacity 9994K, committed 10112K, reserved 1048576K
}
Event: 74.988 GC heap after
{Heap after GC invocations=178 (full 0):
 garbage-first heap   total 97280K, used 92458K [0x00000000e0000000, 0x0000000100000000)
  region size 1024K, 1 young (1024K), 1 survivors (1024K)
 Metaspace       used 73825K, capacity 75809K, committed 76080K, reserved 1116160K
  class space    used 9324K, capacity 9994K, committed 10112K, reserved 1048576K
}

