# JRE version: OpenJDK Runtime Environment (11.0.11+9) (build 11.0.11+9-b60-7590822)
# Java VM: OpenJDK 64-Bit Server VM (11.0.11+9-b60-7590822, mixed mode, tiered, compressed oops, g1 gc, windows-amd64)
Heap:
 garbage-first heap   total 78848K, used 51056K [0x00000000c0000000, 0x0000000100000000)
  region size 1024K, 6 young (6144K), 1 survivors (1024K)
 Metaspace       used 45225K, capacity 46379K, committed 46592K, reserved 1089536K
  class space    used 5890K, capacity 6306K, committed 6400K, reserved 1048576K
GC Heap History (20 events):
Event: 30.103 GC heap before
{Heap before GC invocations=13 (full 0):
 garbage-first heap   total 65536K, used 51030K [0x00000000c0000000, 0x0000000100000000)
  region size 1024K, 20 young (20480K), 3 survivors (3072K)
 Metaspace       used 37424K, capacity 38454K, committed 38528K, reserved 1083392K
  class space    used 4846K, capacity 5205K, committed 5248K, reserved 1048576K
}
Event: 30.124 GC heap after
{Heap after GC invocations=14 (full 0):
 garbage-first heap   total 65536K, used 37059K [0x00000000c0000000, 0x0000000100000000)
  region size 1024K, 3 young (3072K), 3 survivors (3072K)
 Metaspace       used 37424K, capacity 38454K, committed 38528K, reserved 1083392K
  class space    used 4846K, capacity 5205K, committed 5248K, reserved 1048576K
}
Event: 30.411 GC heap before
{Heap before GC invocations=14 (full 0):
 garbage-first heap   total 65536K, used 52419K [0x00000000c0000000, 0x0000000100000000)
  region size 1024K, 18 young (18432K), 3 survivors (3072K)
 Metaspace       used 37509K, capacity 38530K, committed 38784K, reserved 1083392K
  class space    used 4848K, capacity 5206K, committed 5248K, reserved 1048576K
}
Event: 30.425 GC heap after
{Heap after GC invocations=15 (full 0):
 garbage-first heap   total 65536K, used 37783K [0x00000000c0000000, 0x0000000100000000)
  region size 1024K, 2 young (2048K), 2 survivors (2048K)
 Metaspace       used 37509K, capacity 38530K, committed 38784K, reserved 1083392K
  class space    used 4848K, capacity 5206K, committed 5248K, reserved 1048576K
}
Event: 30.930 GC heap before
{Heap before GC invocations=16 (full 0):
 garbage-first heap   total 65536K, used 43927K [0x00000000c0000000, 0x0000000100000000)
  region size 1024K, 10 young (10240K), 2 survivors (2048K)
 Metaspace       used 37962K, capacity 38994K, committed 39168K, reserved 1083392K
  class space    used 4899K, capacity 5274K, committed 5376K, reserved 1048576K
}
Event: 30.940 GC heap after
{Heap after GC invocations=17 (full 0):
 garbage-first heap   total 65536K, used 38805K [0x00000000c0000000, 0x0000000100000000)
  region size 1024K, 3 young (3072K), 3 survivors (3072K)
 Metaspace       used 37962K, capacity 38994K, committed 39168K, reserved 1083392K
  class space    used 4899K, capacity 5274K, committed 5376K, reserved 1048576K
}
Event: 31.067 GC heap before
{Heap before GC invocations=18 (full 0):
 garbage-first heap   total 65536K, used 39829K [0x00000000c0000000, 0x0000000100000000)
  region size 1024K, 3 young (3072K), 3 survivors (3072K)
 Metaspace       used 37962K, capacity 38994K, committed 39168K, reserved 1083392K
  class space    used 4899K, capacity 5274K, committed 5376K, reserved 1048576K
}
Event: 31.076 GC heap after
{Heap after GC invocations=19 (full 0):
 garbage-first heap   total 65536K, used 39361K [0x00000000c0000000, 0x0000000100000000)
  region size 1024K, 1 young (1024K), 1 survivors (1024K)
 Metaspace       used 37962K, capacity 38994K, committed 39168K, reserved 1083392K
  class space    used 4899K, capacity 5274K, committed 5376K, reserved 1048576K
}
Event: 32.277 GC heap before
{Heap before GC invocations=20 (full 0):
 garbage-first heap   total 65536K, used 54721K [0x00000000c0000000, 0x0000000100000000)
  region size 1024K, 15 young (15360K), 1 survivors (1024K)
 Metaspace       used 40248K, capacity 41324K, committed 41600K, reserved 1085440K
  class space    used 5112K, capacity 5474K, committed 5504K, reserved 1048576K
}
Event: 32.286 GC heap after
{Heap after GC invocations=21 (full 0):
 garbage-first heap   total 65536K, used 39164K [0x00000000c0000000, 0x0000000100000000)
  region size 1024K, 2 young (2048K), 2 survivors (2048K)
 Metaspace       used 40248K, capacity 41324K, committed 41600K, reserved 1085440K
  class space    used 5112K, capacity 5474K, committed 5504K, reserved 1048576K
}
Event: 33.021 GC heap before
{Heap before GC invocations=21 (full 0):
 garbage-first heap   total 65536K, used 53500K [0x00000000c0000000, 0x0000000100000000)
  region size 1024K, 16 young (16384K), 2 survivors (2048K)
 Metaspace       used 41402K, capacity 42531K, committed 42624K, reserved 1085440K
  class space    used 5287K, capacity 5688K, committed 5760K, reserved 1048576K
}
Event: 33.035 GC heap after
{Heap after GC invocations=22 (full 0):
 garbage-first heap   total 65536K, used 39858K [0x00000000c0000000, 0x0000000100000000)
  region size 1024K, 2 young (2048K), 2 survivors (2048K)
 Metaspace       used 41402K, capacity 42531K, committed 42624K, reserved 1085440K
  class space    used 5287K, capacity 5688K, committed 5760K, reserved 1048576K
}
Event: 34.054 GC heap before
{Heap before GC invocations=23 (full 0):
 garbage-first heap   total 65536K, used 53170K [0x00000000c0000000, 0x0000000100000000)
  region size 1024K, 15 young (15360K), 2 survivors (2048K)
 Metaspace       used 42408K, capacity 43552K, committed 43776K, reserved 1087488K
  class space    used 5431K, capacity 5831K, committed 5888K, reserved 1048576K
}
Event: 34.067 GC heap after
{Heap after GC invocations=24 (full 0):
 garbage-first heap   total 65536K, used 40426K [0x00000000c0000000, 0x0000000100000000)
  region size 1024K, 2 young (2048K), 2 survivors (2048K)
 Metaspace       used 42408K, capacity 43552K, committed 43776K, reserved 1087488K
  class space    used 5431K, capacity 5831K, committed 5888K, reserved 1048576K
}
Event: 34.454 GC heap before
{Heap before GC invocations=24 (full 0):
 garbage-first heap   total 65536K, used 40426K [0x00000000c0000000, 0x0000000100000000)
  region size 1024K, 4 young (4096K), 2 survivors (2048K)
 Metaspace       used 42531K, capacity 43682K, committed 43776K, reserved 1087488K
  class space    used 5452K, capacity 5876K, committed 5888K, reserved 1048576K
}
Event: 34.463 GC heap after
{Heap after GC invocations=25 (full 0):
 garbage-first heap   total 65536K, used 40808K [0x00000000c0000000, 0x0000000100000000)
  region size 1024K, 2 young (2048K), 2 survivors (2048K)
 Metaspace       used 42531K, capacity 43682K, committed 43776K, reserved 1087488K
  class space    used 5452K, capacity 5876K, committed 5888K, reserved 1048576K
}
Event: 35.764 GC heap before
{Heap before GC invocations=26 (full 0):
 garbage-first heap   total 65536K, used 57192K [0x00000000c0000000, 0x0000000100000000)
  region size 1024K, 15 young (15360K), 2 survivors (2048K)
 Metaspace       used 44663K, capacity 45826K, committed 45952K, reserved 1089536K
  class space    used 5850K, capacity 6271K, committed 6272K, reserved 1048576K
}
Event: 35.781 GC heap after
{Heap after GC invocations=27 (full 0):
 garbage-first heap   total 65536K, used 45930K [0x00000000c0000000, 0x0000000100000000)
  region size 1024K, 2 young (2048K), 2 survivors (2048K)
 Metaspace       used 44663K, capacity 45826K, committed 45952K, reserved 1089536K
  class space    used 5850K, capacity 6271K, committed 6272K, reserved 1048576K
}
Event: 36.233 GC heap before
{Heap before GC invocations=27 (full 0):
 garbage-first heap   total 65536K, used 55146K [0x00000000c0000000, 0x0000000100000000)
  region size 1024K, 11 young (11264K), 2 survivors (2048K)
 Metaspace       used 45108K, capacity 46315K, committed 46592K, reserved 1089536K
  class space    used 5887K, capacity 6306K, committed 6400K, reserved 1048576K
}
Event: 36.248 GC heap after
{Heap after GC invocations=28 (full 0):
 garbage-first heap   total 78848K, used 46563K [0x00000000c0000000, 0x0000000100000000)
  region size 1024K, 1 young (1024K), 1 survivors (1024K)
 Metaspace       used 45108K, capacity 46315K, committed 46592K, reserved 1089536K
  class space    used 5887K, capacity 6306K, committed 6400K, reserved 1048576K
}

