# JRE version: OpenJDK Runtime Environment (11.0.11+9) (build 11.0.11+9-b60-7590822)
# Java VM: OpenJDK 64-Bit Server VM (11.0.11+9-b60-7590822, mixed mode, tiered, compressed oops, g1 gc, windows-amd64)
Heap:
 garbage-first heap   total 65536K, used 41692K [0x00000000e0000000, 0x0000000100000000)
  region size 1024K, 6 young (6144K), 2 survivors (2048K)
 Metaspace       used 40703K, capacity 41789K, committed 41984K, reserved 1085440K
  class space    used 5178K, capacity 5548K, committed 5632K, reserved 1048576K
GC Heap History (20 events):
Event: 19.845 GC heap before
{Heap before GC invocations=5 (full 0):
 garbage-first heap   total 65536K, used 28739K [0x00000000e0000000, 0x0000000100000000)
  region size 1024K, 17 young (17408K), 4 survivors (4096K)
 Metaspace       used 20587K, capacity 21089K, committed 21248K, reserved 1067008K
  class space    used 2500K, capacity 2699K, committed 2816K, reserved 1048576K
}
Event: 19.877 GC heap after
{Heap after GC invocations=6 (full 0):
 garbage-first heap   total 65536K, used 17712K [0x00000000e0000000, 0x0000000100000000)
  region size 1024K, 2 young (2048K), 2 survivors (2048K)
 Metaspace       used 20587K, capacity 21089K, committed 21248K, reserved 1067008K
  class space    used 2500K, capacity 2699K, committed 2816K, reserved 1048576K
}
Event: 21.979 GC heap before
{Heap before GC invocations=7 (full 0):
 garbage-first heap   total 65536K, used 43312K [0x00000000e0000000, 0x0000000100000000)
  region size 1024K, 27 young (27648K), 2 survivors (2048K)
 Metaspace       used 23202K, capacity 23821K, committed 23936K, reserved 1071104K
  class space    used 2934K, capacity 3123K, committed 3200K, reserved 1048576K
}
Event: 21.992 GC heap after
{Heap after GC invocations=8 (full 0):
 garbage-first heap   total 65536K, used 18514K [0x00000000e0000000, 0x0000000100000000)
  region size 1024K, 3 young (3072K), 3 survivors (3072K)
 Metaspace       used 23202K, capacity 23821K, committed 23936K, reserved 1071104K
  class space    used 2934K, capacity 3123K, committed 3200K, reserved 1048576K
}
Event: 24.681 GC heap before
{Heap before GC invocations=8 (full 0):
 garbage-first heap   total 65536K, used 45138K [0x00000000e0000000, 0x0000000100000000)
  region size 1024K, 28 young (28672K), 3 survivors (3072K)
 Metaspace       used 26074K, capacity 26775K, committed 27008K, reserved 1073152K
  class space    used 3395K, capacity 3642K, committed 3712K, reserved 1048576K
}
Event: 24.720 GC heap after
{Heap after GC invocations=9 (full 0):
 garbage-first heap   total 65536K, used 22138K [0x00000000e0000000, 0x0000000100000000)
  region size 1024K, 3 young (3072K), 3 survivors (3072K)
 Metaspace       used 26074K, capacity 26775K, committed 27008K, reserved 1073152K
  class space    used 3395K, capacity 3642K, committed 3712K, reserved 1048576K
}
Event: 27.681 GC heap before
{Heap before GC invocations=9 (full 0):
 garbage-first heap   total 65536K, used 53882K [0x00000000e0000000, 0x0000000100000000)
  region size 1024K, 28 young (28672K), 3 survivors (3072K)
 Metaspace       used 27845K, capacity 28692K, committed 28928K, reserved 1075200K
  class space    used 3688K, capacity 4001K, committed 4096K, reserved 1048576K
}
Event: 27.698 GC heap after
{Heap after GC invocations=10 (full 0):
 garbage-first heap   total 65536K, used 31593K [0x00000000e0000000, 0x0000000100000000)
  region size 1024K, 4 young (4096K), 4 survivors (4096K)
 Metaspace       used 27845K, capacity 28692K, committed 28928K, reserved 1075200K
  class space    used 3688K, capacity 4001K, committed 4096K, reserved 1048576K
}
Event: 29.343 GC heap before
{Heap before GC invocations=10 (full 0):
 garbage-first heap   total 65536K, used 52073K [0x00000000e0000000, 0x0000000100000000)
  region size 1024K, 24 young (24576K), 4 survivors (4096K)
 Metaspace       used 30148K, capacity 31010K, committed 31232K, reserved 1077248K
  class space    used 4046K, capacity 4347K, committed 4352K, reserved 1048576K
}
Event: 29.381 GC heap after
{Heap after GC invocations=11 (full 0):
 garbage-first heap   total 65536K, used 32506K [0x00000000e0000000, 0x0000000100000000)
  region size 1024K, 1 young (1024K), 1 survivors (1024K)
 Metaspace       used 30148K, capacity 31010K, committed 31232K, reserved 1077248K
  class space    used 4046K, capacity 4347K, committed 4352K, reserved 1048576K
}
Event: 32.528 GC heap before
{Heap before GC invocations=11 (full 0):
 garbage-first heap   total 65536K, used 48890K [0x00000000e0000000, 0x0000000100000000)
  region size 1024K, 18 young (18432K), 1 survivors (1024K)
 Metaspace       used 34755K, capacity 35732K, committed 35840K, reserved 1081344K
  class space    used 4531K, capacity 4897K, committed 4992K, reserved 1048576K
}
Event: 32.545 GC heap after
{Heap after GC invocations=12 (full 0):
 garbage-first heap   total 65536K, used 34039K [0x00000000e0000000, 0x0000000100000000)
  region size 1024K, 3 young (3072K), 3 survivors (3072K)
 Metaspace       used 34755K, capacity 35732K, committed 35840K, reserved 1081344K
  class space    used 4531K, capacity 4897K, committed 4992K, reserved 1048576K
}
Event: 34.194 GC heap before
{Heap before GC invocations=13 (full 0):
 garbage-first heap   total 65536K, used 51447K [0x00000000e0000000, 0x0000000100000000)
  region size 1024K, 21 young (21504K), 3 survivors (3072K)
 Metaspace       used 37467K, capacity 38514K, committed 38784K, reserved 1083392K
  class space    used 4840K, capacity 5205K, committed 5248K, reserved 1048576K
}
Event: 34.217 GC heap after
{Heap after GC invocations=14 (full 0):
 garbage-first heap   total 65536K, used 36567K [0x00000000e0000000, 0x0000000100000000)
  region size 1024K, 3 young (3072K), 3 survivors (3072K)
 Metaspace       used 37467K, capacity 38514K, committed 38784K, reserved 1083392K
  class space    used 4840K, capacity 5205K, committed 5248K, reserved 1048576K
}
Event: 34.587 GC heap before
{Heap before GC invocations=14 (full 0):
 garbage-first heap   total 65536K, used 51927K [0x00000000e0000000, 0x0000000100000000)
  region size 1024K, 18 young (18432K), 3 survivors (3072K)
 Metaspace       used 37676K, capacity 38748K, committed 38784K, reserved 1083392K
  class space    used 4858K, capacity 5238K, committed 5248K, reserved 1048576K
}
Event: 34.601 GC heap after
{Heap after GC invocations=15 (full 0):
 garbage-first heap   total 65536K, used 37166K [0x00000000e0000000, 0x0000000100000000)
  region size 1024K, 2 young (2048K), 2 survivors (2048K)
 Metaspace       used 37676K, capacity 38748K, committed 38784K, reserved 1083392K
  class space    used 4858K, capacity 5238K, committed 5248K, reserved 1048576K
}
Event: 35.015 GC heap before
{Heap before GC invocations=16 (full 0):
 garbage-first heap   total 65536K, used 41262K [0x00000000e0000000, 0x0000000100000000)
  region size 1024K, 8 young (8192K), 2 survivors (2048K)
 Metaspace       used 37991K, capacity 39051K, committed 39168K, reserved 1083392K
  class space    used 4893K, capacity 5274K, committed 5376K, reserved 1048576K
}
Event: 35.023 GC heap after
{Heap after GC invocations=17 (full 0):
 garbage-first heap   total 65536K, used 38070K [0x00000000e0000000, 0x0000000100000000)
  region size 1024K, 3 young (3072K), 3 survivors (3072K)
 Metaspace       used 37991K, capacity 39051K, committed 39168K, reserved 1083392K
  class space    used 4893K, capacity 5274K, committed 5376K, reserved 1048576K
}
Event: 36.900 GC heap before
{Heap before GC invocations=18 (full 0):
 garbage-first heap   total 65536K, used 56502K [0x00000000e0000000, 0x0000000100000000)
  region size 1024K, 18 young (18432K), 3 survivors (3072K)
 Metaspace       used 40325K, capacity 41381K, committed 41600K, reserved 1085440K
  class space    used 5110K, capacity 5474K, committed 5504K, reserved 1048576K
}
Event: 36.913 GC heap after
{Heap after GC invocations=19 (full 0):
 garbage-first heap   total 65536K, used 38620K [0x00000000e0000000, 0x0000000100000000)
  region size 1024K, 2 young (2048K), 2 survivors (2048K)
 Metaspace       used 40325K, capacity 41381K, committed 41600K, reserved 1085440K
  class space    used 5110K, capacity 5474K, committed 5504K, reserved 1048576K
}

