# JRE version: OpenJDK Runtime Environment (11.0.11+9) (build 11.0.11+9-b60-7590822)
# Java VM: OpenJDK 64-Bit Server VM (11.0.11+9-b60-7590822, mixed mode, tiered, compressed oops, g1 gc, windows-amd64)
Heap:
 garbage-first heap   total 130048K, used 115496K [0x00000000e0000000, 0x0000000100000000)
  region size 1024K, 6 young (6144K), 1 survivors (1024K)
 Metaspace       used 89267K, capacity 91436K, committed 91568K, reserved 1128448K
  class space    used 11451K, capacity 12185K, committed 12288K, reserved 1048576K
GC Heap History (20 events):
Event: 70.560 GC heap before
{Heap before GC invocations=171 (full 0):
 garbage-first heap   total 130048K, used 112657K [0x00000000e0000000, 0x0000000100000000)
  region size 1024K, 6 young (6144K), 1 survivors (1024K)
 Metaspace       used 82946K, capacity 84954K, committed 85040K, reserved 1122304K
  class space    used 10624K, capacity 11321K, committed 11392K, reserved 1048576K
}
Event: 70.565 GC heap after
{Heap after GC invocations=172 (full 0):
 garbage-first heap   total 130048K, used 108654K [0x00000000e0000000, 0x0000000100000000)
  region size 1024K, 1 young (1024K), 1 survivors (1024K)
 Metaspace       used 82946K, capacity 84954K, committed 85040K, reserved 1122304K
  class space    used 10624K, capacity 11321K, committed 11392K, reserved 1048576K
}
Event: 70.896 GC heap before
{Heap before GC invocations=172 (full 0):
 garbage-first heap   total 130048K, used 113774K [0x00000000e0000000, 0x0000000100000000)
  region size 1024K, 6 young (6144K), 1 survivors (1024K)
 Metaspace       used 83546K, capacity 85562K, committed 85680K, reserved 1124352K
  class space    used 10702K, capacity 11417K, committed 11520K, reserved 1048576K
}
Event: 70.903 GC heap after
{Heap after GC invocations=173 (full 0):
 garbage-first heap   total 130048K, used 108792K [0x00000000e0000000, 0x0000000100000000)
  region size 1024K, 1 young (1024K), 1 survivors (1024K)
 Metaspace       used 83546K, capacity 85562K, committed 85680K, reserved 1124352K
  class space    used 10702K, capacity 11417K, committed 11520K, reserved 1048576K
}
Event: 71.154 GC heap before
{Heap before GC invocations=174 (full 0):
 garbage-first heap   total 130048K, used 113912K [0x00000000e0000000, 0x0000000100000000)
  region size 1024K, 6 young (6144K), 1 survivors (1024K)
 Metaspace       used 84040K, capacity 86042K, committed 86192K, reserved 1124352K
  class space    used 10810K, capacity 11513K, committed 11520K, reserved 1048576K
}
Event: 71.160 GC heap after
{Heap after GC invocations=175 (full 0):
 garbage-first heap   total 130048K, used 108903K [0x00000000e0000000, 0x0000000100000000)
  region size 1024K, 1 young (1024K), 1 survivors (1024K)
 Metaspace       used 84040K, capacity 86042K, committed 86192K, reserved 1124352K
  class space    used 10810K, capacity 11513K, committed 11520K, reserved 1048576K
}
Event: 71.581 GC heap before
{Heap before GC invocations=175 (full 0):
 garbage-first heap   total 130048K, used 114023K [0x00000000e0000000, 0x0000000100000000)
  region size 1024K, 6 young (6144K), 1 survivors (1024K)
 Metaspace       used 84480K, capacity 86524K, committed 86832K, reserved 1124352K
  class space    used 10868K, capacity 11559K, committed 11648K, reserved 1048576K
}
Event: 71.591 GC heap after
{Heap after GC invocations=176 (full 0):
 garbage-first heap   total 130048K, used 109389K [0x00000000e0000000, 0x0000000100000000)
  region size 1024K, 1 young (1024K), 1 survivors (1024K)
 Metaspace       used 84480K, capacity 86524K, committed 86832K, reserved 1124352K
  class space    used 10868K, capacity 11559K, committed 11648K, reserved 1048576K
}
Event: 72.096 GC heap before
{Heap before GC invocations=177 (full 0):
 garbage-first heap   total 130048K, used 114509K [0x00000000e0000000, 0x0000000100000000)
  region size 1024K, 6 young (6144K), 1 survivors (1024K)
 Metaspace       used 85941K, capacity 88025K, committed 88240K, reserved 1126400K
  class space    used 11041K, capacity 11759K, committed 11776K, reserved 1048576K
}
Event: 72.107 GC heap after
{Heap after GC invocations=178 (full 0):
 garbage-first heap   total 130048K, used 109759K [0x00000000e0000000, 0x0000000100000000)
  region size 1024K, 1 young (1024K), 1 survivors (1024K)
 Metaspace       used 85941K, capacity 88025K, committed 88240K, reserved 1126400K
  class space    used 11041K, capacity 11759K, committed 11776K, reserved 1048576K
}
Event: 72.712 GC heap before
{Heap before GC invocations=178 (full 0):
 garbage-first heap   total 130048K, used 114879K [0x00000000e0000000, 0x0000000100000000)
  region size 1024K, 6 young (6144K), 1 survivors (1024K)
 Metaspace       used 86569K, capacity 88712K, committed 88880K, reserved 1126400K
  class space    used 11119K, capacity 11837K, committed 11904K, reserved 1048576K
}
Event: 72.721 GC heap after
{Heap after GC invocations=179 (full 0):
 garbage-first heap   total 130048K, used 110006K [0x00000000e0000000, 0x0000000100000000)
  region size 1024K, 1 young (1024K), 1 survivors (1024K)
 Metaspace       used 86569K, capacity 88712K, committed 88880K, reserved 1126400K
  class space    used 11119K, capacity 11837K, committed 11904K, reserved 1048576K
}
Event: 73.630 GC heap before
{Heap before GC invocations=180 (full 0):
 garbage-first heap   total 130048K, used 115126K [0x00000000e0000000, 0x0000000100000000)
  region size 1024K, 6 young (6144K), 1 survivors (1024K)
 Metaspace       used 87054K, capacity 89161K, committed 89264K, reserved 1126400K
  class space    used 11210K, capacity 11941K, committed 12032K, reserved 1048576K
}
Event: 73.639 GC heap after
{Heap after GC invocations=181 (full 0):
 garbage-first heap   total 130048K, used 110489K [0x00000000e0000000, 0x0000000100000000)
  region size 1024K, 1 young (1024K), 1 survivors (1024K)
 Metaspace       used 87054K, capacity 89161K, committed 89264K, reserved 1126400K
  class space    used 11210K, capacity 11941K, committed 12032K, reserved 1048576K
}
Event: 73.995 GC heap before
{Heap before GC invocations=181 (full 0):
 garbage-first heap   total 130048K, used 114585K [0x00000000e0000000, 0x0000000100000000)
  region size 1024K, 6 young (6144K), 1 survivors (1024K)
 Metaspace       used 87959K, capacity 90057K, committed 90288K, reserved 1128448K
  class space    used 11281K, capacity 12005K, committed 12032K, reserved 1048576K
}
Event: 74.004 GC heap after
{Heap after GC invocations=182 (full 0):
 garbage-first heap   total 130048K, used 110602K [0x00000000e0000000, 0x0000000100000000)
  region size 1024K, 1 young (1024K), 1 survivors (1024K)
 Metaspace       used 87959K, capacity 90057K, committed 90288K, reserved 1128448K
  class space    used 11281K, capacity 12005K, committed 12032K, reserved 1048576K
}
Event: 74.825 GC heap before
{Heap before GC invocations=183 (full 0):
 garbage-first heap   total 130048K, used 115722K [0x00000000e0000000, 0x0000000100000000)
  region size 1024K, 6 young (6144K), 1 survivors (1024K)
 Metaspace       used 88525K, capacity 90665K, committed 90928K, reserved 1128448K
  class space    used 11348K, capacity 12101K, committed 12160K, reserved 1048576K
}
Event: 74.830 GC heap after
{Heap after GC invocations=184 (full 0):
 garbage-first heap   total 130048K, used 110801K [0x00000000e0000000, 0x0000000100000000)
  region size 1024K, 1 young (1024K), 1 survivors (1024K)
 Metaspace       used 88525K, capacity 90665K, committed 90928K, reserved 1128448K
  class space    used 11348K, capacity 12101K, committed 12160K, reserved 1048576K
}
Event: 75.203 GC heap before
{Heap before GC invocations=184 (full 0):
 garbage-first heap   total 130048K, used 114897K [0x00000000e0000000, 0x0000000100000000)
  region size 1024K, 6 young (6144K), 1 survivors (1024K)
 Metaspace       used 88869K, capacity 91107K, committed 91184K, reserved 1128448K
  class space    used 11387K, capacity 12139K, committed 12160K, reserved 1048576K
}
Event: 75.211 GC heap after
{Heap after GC invocations=185 (full 0):
 garbage-first heap   total 130048K, used 111400K [0x00000000e0000000, 0x0000000100000000)
  region size 1024K, 1 young (1024K), 1 survivors (1024K)
 Metaspace       used 88869K, capacity 91107K, committed 91184K, reserved 1128448K
  class space    used 11387K, capacity 12139K, committed 12160K, reserved 1048576K
}

