# JRE version: OpenJDK Runtime Environment (11.0.11+9) (build 11.0.11+9-b60-7590822)
# Java VM: OpenJDK 64-Bit Server VM (11.0.11+9-b60-7590822, mixed mode, tiered, compressed oops, g1 gc, windows-amd64)
Heap:
 garbage-first heap   total 312320K, used 116676K [0x00000000e0000000, 0x0000000100000000)
  region size 1024K, 5 young (5120K), 5 survivors (5120K)
 Metaspace       used 114518K, capacity 116927K, committed 117244K, reserved 1150976K
  class space    used 14022K, capacity 14865K, committed 14976K, reserved 1048576K
GC Heap History (20 events):
Event: 373.382 GC heap after
{Heap after GC invocations=410 (full 0):
 garbage-first heap   total 150528K, used 123497K [0x00000000e0000000, 0x0000000100000000)
  region size 1024K, 1 young (1024K), 1 survivors (1024K)
 Metaspace       used 114518K, capacity 116927K, committed 117244K, reserved 1150976K
  class space    used 14022K, capacity 14865K, committed 14976K, reserved 1048576K
}
Event: 373.400 GC heap before
{Heap before GC invocations=410 (full 0):
 garbage-first heap   total 150528K, used 129641K [0x00000000e0000000, 0x0000000100000000)
  region size 1024K, 7 young (7168K), 1 survivors (1024K)
 Metaspace       used 114518K, capacity 116927K, committed 117244K, reserved 1150976K
  class space    used 14022K, capacity 14865K, committed 14976K, reserved 1048576K
}
Event: 373.422 GC heap after
{Heap after GC invocations=411 (full 0):
 garbage-first heap   total 150528K, used 111744K [0x00000000e0000000, 0x0000000100000000)
  region size 1024K, 1 young (1024K), 1 survivors (1024K)
 Metaspace       used 114518K, capacity 116927K, committed 117244K, reserved 1150976K
  class space    used 14022K, capacity 14865K, committed 14976K, reserved 1048576K
}
Event: 373.440 GC heap before
{Heap before GC invocations=411 (full 0):
 garbage-first heap   total 150528K, used 117888K [0x00000000e0000000, 0x0000000100000000)
  region size 1024K, 7 young (7168K), 1 survivors (1024K)
 Metaspace       used 114518K, capacity 116927K, committed 117244K, reserved 1150976K
  class space    used 14022K, capacity 14865K, committed 14976K, reserved 1048576K
}
Event: 373.450 GC heap after
{Heap after GC invocations=412 (full 0):
 garbage-first heap   total 150528K, used 111274K [0x00000000e0000000, 0x0000000100000000)
  region size 1024K, 1 young (1024K), 1 survivors (1024K)
 Metaspace       used 114518K, capacity 116927K, committed 117244K, reserved 1150976K
  class space    used 14022K, capacity 14865K, committed 14976K, reserved 1048576K
}
Event: 373.493 GC heap before
{Heap before GC invocations=412 (full 0):
 garbage-first heap   total 150528K, used 124586K [0x00000000e0000000, 0x0000000100000000)
  region size 1024K, 15 young (15360K), 1 survivors (1024K)
 Metaspace       used 114518K, capacity 116927K, committed 117244K, reserved 1150976K
  class space    used 14022K, capacity 14865K, committed 14976K, reserved 1048576K
}
Event: 373.501 GC heap after
{Heap after GC invocations=413 (full 0):
 garbage-first heap   total 150528K, used 113254K [0x00000000e0000000, 0x0000000100000000)
  region size 1024K, 2 young (2048K), 2 survivors (2048K)
 Metaspace       used 114518K, capacity 116927K, committed 117244K, reserved 1150976K
  class space    used 14022K, capacity 14865K, committed 14976K, reserved 1048576K
}
Event: 373.542 GC heap before
{Heap before GC invocations=413 (full 0):
 garbage-first heap   total 150528K, used 127590K [0x00000000e0000000, 0x0000000100000000)
  region size 1024K, 16 young (16384K), 2 survivors (2048K)
 Metaspace       used 114518K, capacity 116927K, committed 117244K, reserved 1150976K
  class space    used 14022K, capacity 14865K, committed 14976K, reserved 1048576K
}
Event: 373.548 GC heap after
{Heap after GC invocations=414 (full 0):
 garbage-first heap   total 150528K, used 112756K [0x00000000e0000000, 0x0000000100000000)
  region size 1024K, 1 young (1024K), 1 survivors (1024K)
 Metaspace       used 114518K, capacity 116927K, committed 117244K, reserved 1150976K
  class space    used 14022K, capacity 14865K, committed 14976K, reserved 1048576K
}
Event: 373.592 GC heap before
{Heap before GC invocations=414 (full 0):
 garbage-first heap   total 150528K, used 127092K [0x00000000e0000000, 0x0000000100000000)
  region size 1024K, 15 young (15360K), 1 survivors (1024K)
 Metaspace       used 114518K, capacity 116927K, committed 117244K, reserved 1150976K
  class space    used 14022K, capacity 14865K, committed 14976K, reserved 1048576K
}
Event: 373.690 GC heap after
{Heap after GC invocations=415 (full 0):
 garbage-first heap   total 192512K, used 112556K [0x00000000e0000000, 0x0000000100000000)
  region size 1024K, 1 young (1024K), 1 survivors (1024K)
 Metaspace       used 114518K, capacity 116927K, committed 117244K, reserved 1150976K
  class space    used 14022K, capacity 14865K, committed 14976K, reserved 1048576K
}
Event: 374.369 GC heap before
{Heap before GC invocations=415 (full 0):
 garbage-first heap   total 192512K, used 146348K [0x00000000e0000000, 0x0000000100000000)
  region size 1024K, 34 young (34816K), 1 survivors (1024K)
 Metaspace       used 114518K, capacity 116927K, committed 117244K, reserved 1150976K
  class space    used 14022K, capacity 14865K, committed 14976K, reserved 1048576K
}
Event: 374.404 GC heap after
{Heap after GC invocations=416 (full 0):
 garbage-first heap   total 192512K, used 112848K [0x00000000e0000000, 0x0000000100000000)
  region size 1024K, 1 young (1024K), 1 survivors (1024K)
 Metaspace       used 114518K, capacity 116927K, committed 117244K, reserved 1150976K
  class space    used 14022K, capacity 14865K, committed 14976K, reserved 1048576K
}
Event: 374.770 GC heap before
{Heap before GC invocations=416 (full 0):
 garbage-first heap   total 192512K, used 149712K [0x00000000e0000000, 0x0000000100000000)
  region size 1024K, 37 young (37888K), 1 survivors (1024K)
 Metaspace       used 114518K, capacity 116927K, committed 117244K, reserved 1150976K
  class space    used 14022K, capacity 14865K, committed 14976K, reserved 1048576K
}
Event: 374.781 GC heap after
{Heap after GC invocations=417 (full 0):
 garbage-first heap   total 192512K, used 112569K [0x00000000e0000000, 0x0000000100000000)
  region size 1024K, 1 young (1024K), 1 survivors (1024K)
 Metaspace       used 114518K, capacity 116927K, committed 117244K, reserved 1150976K
  class space    used 14022K, capacity 14865K, committed 14976K, reserved 1048576K
}
Event: 375.382 GC heap before
{Heap before GC invocations=417 (full 0):
 garbage-first heap   total 192512K, used 151481K [0x00000000e0000000, 0x0000000100000000)
  region size 1024K, 39 young (39936K), 1 survivors (1024K)
 Metaspace       used 114518K, capacity 116927K, committed 117244K, reserved 1150976K
  class space    used 14022K, capacity 14865K, committed 14976K, reserved 1048576K
}
Event: 375.398 GC heap after
{Heap after GC invocations=418 (full 0):
 garbage-first heap   total 192512K, used 113425K [0x00000000e0000000, 0x0000000100000000)
  region size 1024K, 2 young (2048K), 2 survivors (2048K)
 Metaspace       used 114518K, capacity 116927K, committed 117244K, reserved 1150976K
  class space    used 14022K, capacity 14865K, committed 14976K, reserved 1048576K
}
Event: 375.840 GC heap before
{Heap before GC invocations=418 (full 0):
 garbage-first heap   total 192512K, used 153361K [0x00000000e0000000, 0x0000000100000000)
  region size 1024K, 41 young (41984K), 2 survivors (2048K)
 Metaspace       used 114518K, capacity 116927K, committed 117244K, reserved 1150976K
  class space    used 14022K, capacity 14865K, committed 14976K, reserved 1048576K
}
Event: 375.902 GC heap after
{Heap after GC invocations=419 (full 0):
 garbage-first heap   total 192512K, used 115171K [0x00000000e0000000, 0x0000000100000000)
  region size 1024K, 3 young (3072K), 3 survivors (3072K)
 Metaspace       used 114518K, capacity 116927K, committed 117244K, reserved 1150976K
  class space    used 14022K, capacity 14865K, committed 14976K, reserved 1048576K
}
Event: 376.650 GC heap before
{Heap before GC invocations=419 (full 0):
 garbage-first heap   total 192512K, used 157155K [0x00000000e0000000, 0x0000000100000000)
  region size 1024K, 44 young (45056K), 3 survivors (3072K)
 Metaspace       used 114518K, capacity 116927K, committed 117244K, reserved 1150976K
  class space    used 14022K, capacity 14865K, committed 14976K, reserved 1048576K
}

