# JRE version: OpenJDK Runtime Environment (11.0.11+9) (build 11.0.11+9-b60-7590822)
# Java VM: OpenJDK 64-Bit Server VM (11.0.11+9-b60-7590822, mixed mode, tiered, compressed oops, g1 gc, windows-amd64)
Heap:
 garbage-first heap   total 116736K, used 110917K [0x00000000e0000000, 0x0000000100000000)
  region size 1024K, 2 young (2048K), 1 survivors (1024K)
 Metaspace       used 89958K, capacity 92177K, committed 92232K, reserved 1130496K
  class space    used 11510K, capacity 12250K, committed 12288K, reserved 1048576K
GC Heap History (20 events):
Event: 172.830 GC heap before
{Heap before GC invocations=207 (full 0):
 garbage-first heap   total 114688K, used 112074K [0x00000000e0000000, 0x0000000100000000)
  region size 1024K, 5 young (5120K), 1 survivors (1024K)
 Metaspace       used 86149K, capacity 88263K, committed 88520K, reserved 1126400K
  class space    used 11067K, capacity 11816K, committed 11904K, reserved 1048576K
}
Event: 172.836 GC heap after
{Heap after GC invocations=208 (full 0):
 garbage-first heap   total 114688K, used 108145K [0x00000000e0000000, 0x0000000100000000)
  region size 1024K, 1 young (1024K), 1 survivors (1024K)
 Metaspace       used 86149K, capacity 88263K, committed 88520K, reserved 1126400K
  class space    used 11067K, capacity 11816K, committed 11904K, reserved 1048576K
}
Event: 173.746 GC heap before
{Heap before GC invocations=209 (full 0):
 garbage-first heap   total 114688K, used 112241K [0x00000000e0000000, 0x0000000100000000)
  region size 1024K, 5 young (5120K), 1 survivors (1024K)
 Metaspace       used 86536K, capacity 88738K, committed 88776K, reserved 1126400K
  class space    used 11143K, capacity 11886K, committed 11904K, reserved 1048576K
}
Event: 173.755 GC heap after
{Heap after GC invocations=210 (full 0):
 garbage-first heap   total 114688K, used 108468K [0x00000000e0000000, 0x0000000100000000)
  region size 1024K, 1 young (1024K), 1 survivors (1024K)
 Metaspace       used 86536K, capacity 88738K, committed 88776K, reserved 1126400K
  class space    used 11143K, capacity 11886K, committed 11904K, reserved 1048576K
}
Event: 174.382 GC heap before
{Heap before GC invocations=210 (full 0):
 garbage-first heap   total 114688K, used 112564K [0x00000000e0000000, 0x0000000100000000)
  region size 1024K, 5 young (5120K), 1 survivors (1024K)
 Metaspace       used 87146K, capacity 89314K, committed 89416K, reserved 1126400K
  class space    used 11201K, capacity 11950K, committed 12032K, reserved 1048576K
}
Event: 174.401 GC heap after
{Heap after GC invocations=211 (full 0):
 garbage-first heap   total 114688K, used 108553K [0x00000000e0000000, 0x0000000100000000)
  region size 1024K, 1 young (1024K), 1 survivors (1024K)
 Metaspace       used 87146K, capacity 89314K, committed 89416K, reserved 1126400K
  class space    used 11201K, capacity 11950K, committed 12032K, reserved 1048576K
}
Event: 175.085 GC heap before
{Heap before GC invocations=212 (full 0):
 garbage-first heap   total 114688K, used 112649K [0x00000000e0000000, 0x0000000100000000)
  region size 1024K, 5 young (5120K), 1 survivors (1024K)
 Metaspace       used 87698K, capacity 89858K, committed 89928K, reserved 1128448K
  class space    used 11241K, capacity 11982K, committed 12032K, reserved 1048576K
}
Event: 175.093 GC heap after
{Heap after GC invocations=213 (full 0):
 garbage-first heap   total 114688K, used 108783K [0x00000000e0000000, 0x0000000100000000)
  region size 1024K, 1 young (1024K), 1 survivors (1024K)
 Metaspace       used 87698K, capacity 89858K, committed 89928K, reserved 1128448K
  class space    used 11241K, capacity 11982K, committed 12032K, reserved 1048576K
}
Event: 175.756 GC heap before
{Heap before GC invocations=213 (full 0):
 garbage-first heap   total 114688K, used 111855K [0x00000000e0000000, 0x0000000100000000)
  region size 1024K, 5 young (5120K), 1 survivors (1024K)
 Metaspace       used 88153K, capacity 90220K, committed 90440K, reserved 1128448K
  class space    used 11293K, capacity 12017K, committed 12032K, reserved 1048576K
}
Event: 175.765 GC heap after
{Heap after GC invocations=214 (full 0):
 garbage-first heap   total 114688K, used 109194K [0x00000000e0000000, 0x0000000100000000)
  region size 1024K, 1 young (1024K), 1 survivors (1024K)
 Metaspace       used 88153K, capacity 90220K, committed 90440K, reserved 1128448K
  class space    used 11293K, capacity 12017K, committed 12032K, reserved 1048576K
}
Event: 176.526 GC heap before
{Heap before GC invocations=215 (full 0):
 garbage-first heap   total 114688K, used 113290K [0x00000000e0000000, 0x0000000100000000)
  region size 1024K, 5 young (5120K), 1 survivors (1024K)
 Metaspace       used 88392K, capacity 90587K, committed 90824K, reserved 1128448K
  class space    used 11325K, capacity 12052K, committed 12160K, reserved 1048576K
}
Event: 176.534 GC heap after
{Heap after GC invocations=216 (full 0):
 garbage-first heap   total 115712K, used 109548K [0x00000000e0000000, 0x0000000100000000)
  region size 1024K, 1 young (1024K), 1 survivors (1024K)
 Metaspace       used 88392K, capacity 90587K, committed 90824K, reserved 1128448K
  class space    used 11325K, capacity 12052K, committed 12160K, reserved 1048576K
}
Event: 176.823 GC heap before
{Heap before GC invocations=216 (full 0):
 garbage-first heap   total 115712K, used 113644K [0x00000000e0000000, 0x0000000100000000)
  region size 1024K, 5 young (5120K), 1 survivors (1024K)
 Metaspace       used 88736K, capacity 90916K, committed 91080K, reserved 1128448K
  class space    used 11384K, capacity 12098K, committed 12160K, reserved 1048576K
}
Event: 176.831 GC heap after
{Heap after GC invocations=217 (full 0):
 garbage-first heap   total 115712K, used 109659K [0x00000000e0000000, 0x0000000100000000)
  region size 1024K, 1 young (1024K), 1 survivors (1024K)
 Metaspace       used 88736K, capacity 90916K, committed 91080K, reserved 1128448K
  class space    used 11384K, capacity 12098K, committed 12160K, reserved 1048576K
}
Event: 177.981 GC heap before
{Heap before GC invocations=218 (full 0):
 garbage-first heap   total 115712K, used 112731K [0x00000000e0000000, 0x0000000100000000)
  region size 1024K, 5 young (5120K), 1 survivors (1024K)
 Metaspace       used 89042K, capacity 91214K, committed 91336K, reserved 1128448K
  class space    used 11410K, capacity 12131K, committed 12160K, reserved 1048576K
}
Event: 177.989 GC heap after
{Heap after GC invocations=219 (full 0):
 garbage-first heap   total 115712K, used 109839K [0x00000000e0000000, 0x0000000100000000)
  region size 1024K, 1 young (1024K), 1 survivors (1024K)
 Metaspace       used 89042K, capacity 91214K, committed 91336K, reserved 1128448K
  class space    used 11410K, capacity 12131K, committed 12160K, reserved 1048576K
}
Event: 178.320 GC heap before
{Heap before GC invocations=219 (full 0):
 garbage-first heap   total 115712K, used 113935K [0x00000000e0000000, 0x0000000100000000)
  region size 1024K, 5 young (5120K), 1 survivors (1024K)
 Metaspace       used 89308K, capacity 91483K, committed 91720K, reserved 1128448K
  class space    used 11443K, capacity 12174K, committed 12288K, reserved 1048576K
}
Event: 178.328 GC heap after
{Heap after GC invocations=220 (full 0):
 garbage-first heap   total 115712K, used 110118K [0x00000000e0000000, 0x0000000100000000)
  region size 1024K, 1 young (1024K), 1 survivors (1024K)
 Metaspace       used 89308K, capacity 91483K, committed 91720K, reserved 1128448K
  class space    used 11443K, capacity 12174K, committed 12288K, reserved 1048576K
}
Event: 179.500 GC heap before
{Heap before GC invocations=221 (full 0):
 garbage-first heap   total 115712K, used 114214K [0x00000000e0000000, 0x0000000100000000)
  region size 1024K, 5 young (5120K), 1 survivors (1024K)
 Metaspace       used 89635K, capacity 91840K, committed 91976K, reserved 1128448K
  class space    used 11475K, capacity 12207K, committed 12288K, reserved 1048576K
}
Event: 179.516 GC heap after
{Heap after GC invocations=222 (full 0):
 garbage-first heap   total 116736K, used 110636K [0x00000000e0000000, 0x0000000100000000)
  region size 1024K, 1 young (1024K), 1 survivors (1024K)
 Metaspace       used 89635K, capacity 91840K, committed 91976K, reserved 1128448K
  class space    used 11475K, capacity 12207K, committed 12288K, reserved 1048576K
}

