# JRE version: OpenJDK Runtime Environment (11.0.11+9) (build 11.0.11+9-b60-7590822)
# Java VM: OpenJDK 64-Bit Server VM (11.0.11+9-b60-7590822, mixed mode, tiered, compressed oops, g1 gc, windows-amd64)
Heap:
 garbage-first heap   total 95232K, used 78944K [0x00000000e0000000, 0x0000000100000000)
  region size 1024K, 8 young (8192K), 1 survivors (1024K)
 Metaspace       used 57288K, capacity 59010K, committed 59264K, reserved 1101824K
  class space    used 7254K, capacity 7803K, committed 7808K, reserved 1048576K
GC Heap History (20 events):
Event: 33.927 GC heap before
{Heap before GC invocations=50 (full 0):
 garbage-first heap   total 95232K, used 61375K [0x00000000e0000000, 0x0000000100000000)
  region size 1024K, 6 young (6144K), 3 survivors (3072K)
 Metaspace       used 49568K, capacity 51143K, committed 51456K, reserved 1093632K
  class space    used 6309K, capacity 6829K, committed 6912K, reserved 1048576K
}
Event: 33.940 GC heap after
{Heap after GC invocations=51 (full 0):
 garbage-first heap   total 95232K, used 62077K [0x00000000e0000000, 0x0000000100000000)
  region size 1024K, 3 young (3072K), 3 survivors (3072K)
 Metaspace       used 49568K, capacity 51143K, committed 51456K, reserved 1093632K
  class space    used 6309K, capacity 6829K, committed 6912K, reserved 1048576K
}
Event: 34.227 GC heap before
{Heap before GC invocations=52 (full 0):
 garbage-first heap   total 95232K, used 67197K [0x00000000e0000000, 0x0000000100000000)
  region size 1024K, 7 young (7168K), 3 survivors (3072K)
 Metaspace       used 49568K, capacity 51143K, committed 51456K, reserved 1093632K
  class space    used 6309K, capacity 6829K, committed 6912K, reserved 1048576K
}
Event: 34.238 GC heap after
{Heap after GC invocations=53 (full 0):
 garbage-first heap   total 95232K, used 67791K [0x00000000e0000000, 0x0000000100000000)
  region size 1024K, 2 young (2048K), 2 survivors (2048K)
 Metaspace       used 49568K, capacity 51143K, committed 51456K, reserved 1093632K
  class space    used 6309K, capacity 6829K, committed 6912K, reserved 1048576K
}
Event: 34.784 GC heap before
{Heap before GC invocations=54 (full 0):
 garbage-first heap   total 95232K, used 75983K [0x00000000e0000000, 0x0000000100000000)
  region size 1024K, 9 young (9216K), 2 survivors (2048K)
 Metaspace       used 49747K, capacity 51244K, committed 51456K, reserved 1093632K
  class space    used 6339K, capacity 6839K, committed 6912K, reserved 1048576K
}
Event: 34.792 GC heap after
{Heap after GC invocations=55 (full 0):
 garbage-first heap   total 95232K, used 71499K [0x00000000e0000000, 0x0000000100000000)
  region size 1024K, 2 young (2048K), 2 survivors (2048K)
 Metaspace       used 49747K, capacity 51244K, committed 51456K, reserved 1093632K
  class space    used 6339K, capacity 6839K, committed 6912K, reserved 1048576K
}
Event: 35.002 GC heap before
{Heap before GC invocations=55 (full 0):
 garbage-first heap   total 95232K, used 76619K [0x00000000e0000000, 0x0000000100000000)
  region size 1024K, 7 young (7168K), 2 survivors (2048K)
 Metaspace       used 50417K, capacity 52007K, committed 52352K, reserved 1095680K
  class space    used 6428K, capacity 6944K, committed 7040K, reserved 1048576K
}
Event: 35.009 GC heap after
{Heap after GC invocations=56 (full 0):
 garbage-first heap   total 95232K, used 71535K [0x00000000e0000000, 0x0000000100000000)
  region size 1024K, 1 young (1024K), 1 survivors (1024K)
 Metaspace       used 50417K, capacity 52007K, committed 52352K, reserved 1095680K
  class space    used 6428K, capacity 6944K, committed 7040K, reserved 1048576K
}
Event: 35.361 GC heap before
{Heap before GC invocations=57 (full 0):
 garbage-first heap   total 95232K, used 76655K [0x00000000e0000000, 0x0000000100000000)
  region size 1024K, 7 young (7168K), 1 survivors (1024K)
 Metaspace       used 51178K, capacity 52763K, committed 52992K, reserved 1095680K
  class space    used 6531K, capacity 7048K, committed 7168K, reserved 1048576K
}
Event: 35.366 GC heap after
{Heap after GC invocations=58 (full 0):
 garbage-first heap   total 95232K, used 71638K [0x00000000e0000000, 0x0000000100000000)
  region size 1024K, 1 young (1024K), 1 survivors (1024K)
 Metaspace       used 51178K, capacity 52763K, committed 52992K, reserved 1095680K
  class space    used 6531K, capacity 7048K, committed 7168K, reserved 1048576K
}
Event: 35.666 GC heap before
{Heap before GC invocations=58 (full 0):
 garbage-first heap   total 95232K, used 77782K [0x00000000e0000000, 0x0000000100000000)
  region size 1024K, 7 young (7168K), 1 survivors (1024K)
 Metaspace       used 51973K, capacity 53571K, committed 53760K, reserved 1095680K
  class space    used 6620K, capacity 7147K, committed 7168K, reserved 1048576K
}
Event: 35.670 GC heap after
{Heap after GC invocations=59 (full 0):
 garbage-first heap   total 95232K, used 71787K [0x00000000e0000000, 0x0000000100000000)
  region size 1024K, 1 young (1024K), 1 survivors (1024K)
 Metaspace       used 51973K, capacity 53571K, committed 53760K, reserved 1095680K
  class space    used 6620K, capacity 7147K, committed 7168K, reserved 1048576K
}
Event: 36.255 GC heap before
{Heap before GC invocations=60 (full 0):
 garbage-first heap   total 95232K, used 78955K [0x00000000e0000000, 0x0000000100000000)
  region size 1024K, 8 young (8192K), 1 survivors (1024K)
 Metaspace       used 52920K, capacity 54531K, committed 54656K, reserved 1097728K
  class space    used 6741K, capacity 7250K, committed 7296K, reserved 1048576K
}
Event: 36.262 GC heap after
{Heap after GC invocations=61 (full 0):
 garbage-first heap   total 95232K, used 72033K [0x00000000e0000000, 0x0000000100000000)
  region size 1024K, 1 young (1024K), 1 survivors (1024K)
 Metaspace       used 52920K, capacity 54531K, committed 54656K, reserved 1097728K
  class space    used 6741K, capacity 7250K, committed 7296K, reserved 1048576K
}
Event: 36.605 GC heap before
{Heap before GC invocations=61 (full 0):
 garbage-first heap   total 95232K, used 79201K [0x00000000e0000000, 0x0000000100000000)
  region size 1024K, 8 young (8192K), 1 survivors (1024K)
 Metaspace       used 53905K, capacity 55586K, committed 55808K, reserved 1097728K
  class space    used 6858K, capacity 7413K, committed 7424K, reserved 1048576K
}
Event: 36.614 GC heap after
{Heap after GC invocations=62 (full 0):
 garbage-first heap   total 95232K, used 72349K [0x00000000e0000000, 0x0000000100000000)
  region size 1024K, 1 young (1024K), 1 survivors (1024K)
 Metaspace       used 53905K, capacity 55586K, committed 55808K, reserved 1097728K
  class space    used 6858K, capacity 7413K, committed 7424K, reserved 1048576K
}
Event: 37.225 GC heap before
{Heap before GC invocations=63 (full 0):
 garbage-first heap   total 95232K, used 79517K [0x00000000e0000000, 0x0000000100000000)
  region size 1024K, 8 young (8192K), 1 survivors (1024K)
 Metaspace       used 54952K, capacity 56583K, committed 56832K, reserved 1097728K
  class space    used 7008K, capacity 7554K, committed 7680K, reserved 1048576K
}
Event: 37.235 GC heap after
{Heap after GC invocations=64 (full 0):
 garbage-first heap   total 95232K, used 72643K [0x00000000e0000000, 0x0000000100000000)
  region size 1024K, 1 young (1024K), 1 survivors (1024K)
 Metaspace       used 54952K, capacity 56583K, committed 56832K, reserved 1097728K
  class space    used 7008K, capacity 7554K, committed 7680K, reserved 1048576K
}
Event: 37.498 GC heap before
{Heap before GC invocations=64 (full 0):
 garbage-first heap   total 95232K, used 78787K [0x00000000e0000000, 0x0000000100000000)
  region size 1024K, 8 young (8192K), 1 survivors (1024K)
 Metaspace       used 56103K, capacity 57782K, committed 57856K, reserved 1099776K
  class space    used 7117K, capacity 7654K, committed 7680K, reserved 1048576K
}
Event: 37.506 GC heap after
{Heap after GC invocations=65 (full 0):
 garbage-first heap   total 95232K, used 72800K [0x00000000e0000000, 0x0000000100000000)
  region size 1024K, 1 young (1024K), 1 survivors (1024K)
 Metaspace       used 56103K, capacity 57782K, committed 57856K, reserved 1099776K
  class space    used 7117K, capacity 7654K, committed 7680K, reserved 1048576K
}

