# JRE version: OpenJDK Runtime Environment (11.0.11+9) (build 11.0.11+9-b60-7590822)
# Java VM: OpenJDK 64-Bit Server VM (11.0.11+9-b60-7590822, mixed mode, tiered, compressed oops, g1 gc, windows-amd64)
Heap:
 garbage-first heap   total 302080K, used 209202K [0x00000000e0000000, 0x0000000100000000)
  region size 1024K, 3 young (3072K), 3 survivors (3072K)
 Metaspace       used 104438K, capacity 107118K, committed 107132K, reserved 1142784K
  class space    used 13312K, capacity 14333K, committed 14336K, reserved 1048576K
GC Heap History (20 events):
Event: 380.241 GC heap after
{Heap after GC invocations=778 (full 0):
 garbage-first heap   total 251904K, used 203082K [0x00000000e0000000, 0x0000000100000000)
  region size 1024K, 2 young (2048K), 2 survivors (2048K)
 Metaspace       used 104432K, capacity 107118K, committed 107132K, reserved 1142784K
  class space    used 13312K, capacity 14333K, committed 14336K, reserved 1048576K
}
Event: 380.493 GC heap before
{Heap before GC invocations=778 (full 0):
 garbage-first heap   total 251904K, used 223562K [0x00000000e0000000, 0x0000000100000000)
  region size 1024K, 22 young (22528K), 2 survivors (2048K)
 Metaspace       used 104432K, capacity 107118K, committed 107132K, reserved 1142784K
  class space    used 13312K, capacity 14333K, committed 14336K, reserved 1048576K
}
Event: 380.514 GC heap after
{Heap after GC invocations=779 (full 0):
 garbage-first heap   total 251904K, used 203053K [0x00000000e0000000, 0x0000000100000000)
  region size 1024K, 2 young (2048K), 2 survivors (2048K)
 Metaspace       used 104432K, capacity 107118K, committed 107132K, reserved 1142784K
  class space    used 13312K, capacity 14333K, committed 14336K, reserved 1048576K
}
Event: 380.811 GC heap before
{Heap before GC invocations=779 (full 0):
 garbage-first heap   total 251904K, used 223533K [0x00000000e0000000, 0x0000000100000000)
  region size 1024K, 22 young (22528K), 2 survivors (2048K)
 Metaspace       used 104432K, capacity 107118K, committed 107132K, reserved 1142784K
  class space    used 13312K, capacity 14333K, committed 14336K, reserved 1048576K
}
Event: 380.832 GC heap after
{Heap after GC invocations=780 (full 0):
 garbage-first heap   total 251904K, used 203329K [0x00000000e0000000, 0x0000000100000000)
  region size 1024K, 2 young (2048K), 2 survivors (2048K)
 Metaspace       used 104432K, capacity 107118K, committed 107132K, reserved 1142784K
  class space    used 13312K, capacity 14333K, committed 14336K, reserved 1048576K
}
Event: 381.108 GC heap before
{Heap before GC invocations=780 (full 0):
 garbage-first heap   total 251904K, used 223809K [0x00000000e0000000, 0x0000000100000000)
  region size 1024K, 22 young (22528K), 2 survivors (2048K)
 Metaspace       used 104432K, capacity 107118K, committed 107132K, reserved 1142784K
  class space    used 13312K, capacity 14333K, committed 14336K, reserved 1048576K
}
Event: 381.129 GC heap after
{Heap after GC invocations=781 (full 0):
 garbage-first heap   total 251904K, used 203438K [0x00000000e0000000, 0x0000000100000000)
  region size 1024K, 2 young (2048K), 2 survivors (2048K)
 Metaspace       used 104432K, capacity 107118K, committed 107132K, reserved 1142784K
  class space    used 13312K, capacity 14333K, committed 14336K, reserved 1048576K
}
Event: 381.398 GC heap before
{Heap before GC invocations=781 (full 0):
 garbage-first heap   total 251904K, used 222894K [0x00000000e0000000, 0x0000000100000000)
  region size 1024K, 21 young (21504K), 2 survivors (2048K)
 Metaspace       used 104432K, capacity 107118K, committed 107132K, reserved 1142784K
  class space    used 13312K, capacity 14333K, committed 14336K, reserved 1048576K
}
Event: 381.417 GC heap after
{Heap after GC invocations=782 (full 0):
 garbage-first heap   total 251904K, used 203390K [0x00000000e0000000, 0x0000000100000000)
  region size 1024K, 2 young (2048K), 2 survivors (2048K)
 Metaspace       used 104432K, capacity 107118K, committed 107132K, reserved 1142784K
  class space    used 13312K, capacity 14333K, committed 14336K, reserved 1048576K
}
Event: 381.672 GC heap before
{Heap before GC invocations=782 (full 0):
 garbage-first heap   total 251904K, used 222846K [0x00000000e0000000, 0x0000000100000000)
  region size 1024K, 21 young (21504K), 2 survivors (2048K)
 Metaspace       used 104432K, capacity 107118K, committed 107132K, reserved 1142784K
  class space    used 13312K, capacity 14333K, committed 14336K, reserved 1048576K
}
Event: 381.697 GC heap after
{Heap after GC invocations=783 (full 0):
 garbage-first heap   total 251904K, used 203833K [0x00000000e0000000, 0x0000000100000000)
  region size 1024K, 2 young (2048K), 2 survivors (2048K)
 Metaspace       used 104432K, capacity 107118K, committed 107132K, reserved 1142784K
  class space    used 13312K, capacity 14333K, committed 14336K, reserved 1048576K
}
Event: 381.935 GC heap before
{Heap before GC invocations=783 (full 0):
 garbage-first heap   total 251904K, used 223289K [0x00000000e0000000, 0x0000000100000000)
  region size 1024K, 21 young (21504K), 2 survivors (2048K)
 Metaspace       used 104433K, capacity 107118K, committed 107132K, reserved 1142784K
  class space    used 13312K, capacity 14333K, committed 14336K, reserved 1048576K
}
Event: 381.976 GC heap after
{Heap after GC invocations=784 (full 0):
 garbage-first heap   total 251904K, used 205346K [0x00000000e0000000, 0x0000000100000000)
  region size 1024K, 3 young (3072K), 3 survivors (3072K)
 Metaspace       used 104433K, capacity 107118K, committed 107132K, reserved 1142784K
  class space    used 13312K, capacity 14333K, committed 14336K, reserved 1048576K
}
Event: 382.290 GC heap before
{Heap before GC invocations=784 (full 0):
 garbage-first heap   total 251904K, used 222754K [0x00000000e0000000, 0x0000000100000000)
  region size 1024K, 20 young (20480K), 3 survivors (3072K)
 Metaspace       used 104436K, capacity 107118K, committed 107132K, reserved 1142784K
  class space    used 13312K, capacity 14333K, committed 14336K, reserved 1048576K
}
Event: 382.351 GC heap after
{Heap after GC invocations=785 (full 0):
 garbage-first heap   total 251904K, used 206456K [0x00000000e0000000, 0x0000000100000000)
  region size 1024K, 3 young (3072K), 3 survivors (3072K)
 Metaspace       used 104436K, capacity 107118K, committed 107132K, reserved 1142784K
  class space    used 13312K, capacity 14333K, committed 14336K, reserved 1048576K
}
Event: 382.647 GC heap before
{Heap before GC invocations=785 (full 0):
 garbage-first heap   total 251904K, used 221816K [0x00000000e0000000, 0x0000000100000000)
  region size 1024K, 19 young (19456K), 3 survivors (3072K)
 Metaspace       used 104437K, capacity 107118K, committed 107132K, reserved 1142784K
  class space    used 13312K, capacity 14333K, committed 14336K, reserved 1048576K
}
Event: 382.694 GC heap after
{Heap after GC invocations=786 (full 0):
 garbage-first heap   total 251904K, used 207016K [0x00000000e0000000, 0x0000000100000000)
  region size 1024K, 2 young (2048K), 2 survivors (2048K)
 Metaspace       used 104437K, capacity 107118K, committed 107132K, reserved 1142784K
  class space    used 13312K, capacity 14333K, committed 14336K, reserved 1048576K
}
Event: 383.002 GC heap before
{Heap before GC invocations=786 (full 0):
 garbage-first heap   total 251904K, used 221352K [0x00000000e0000000, 0x0000000100000000)
  region size 1024K, 17 young (17408K), 2 survivors (2048K)
 Metaspace       used 104437K, capacity 107118K, committed 107132K, reserved 1142784K
  class space    used 13312K, capacity 14333K, committed 14336K, reserved 1048576K
}
Event: 383.029 GC heap after
{Heap after GC invocations=787 (full 0):
 garbage-first heap   total 251904K, used 208045K [0x00000000e0000000, 0x0000000100000000)
  region size 1024K, 3 young (3072K), 3 survivors (3072K)
 Metaspace       used 104437K, capacity 107118K, committed 107132K, reserved 1142784K
  class space    used 13312K, capacity 14333K, committed 14336K, reserved 1048576K
}
Event: 383.278 GC heap before
{Heap before GC invocations=787 (full 0):
 garbage-first heap   total 251904K, used 221357K [0x00000000e0000000, 0x0000000100000000)
  region size 1024K, 17 young (17408K), 3 survivors (3072K)
 Metaspace       used 104438K, capacity 107118K, committed 107132K, reserved 1142784K
  class space    used 13312K, capacity 14333K, committed 14336K, reserved 1048576K
}

