# JRE version: OpenJDK Runtime Environment (11.0.11+9) (build 11.0.11+9-b60-7590822)
# Java VM: OpenJDK 64-Bit Server VM (11.0.11+9-b60-7590822, mixed mode, tiered, compressed oops, g1 gc, windows-amd64)
Heap:
 garbage-first heap   total 199680K, used 154904K [0x0000000080000000, 0x0000000100000000)
  region size 1024K, 35 young (35840K), 2 survivors (2048K)
 Metaspace       used 100852K, capacity 103380K, committed 103728K, reserved 1138688K
  class space    used 12699K, capacity 13574K, committed 13696K, reserved 1048576K
GC Heap History (20 events):
Event: 224.519 GC heap before
{Heap before GC invocations=155 (full 0):
 garbage-first heap   total 165888K, used 133248K [0x0000000080000000, 0x0000000100000000)
  region size 1024K, 19 young (19456K), 1 survivors (1024K)
 Metaspace       used 92958K, capacity 95281K, committed 95536K, reserved 1132544K
  class space    used 11852K, capacity 12651K, committed 12672K, reserved 1048576K
}
Event: 224.524 GC heap after
{Heap after GC invocations=156 (full 0):
 garbage-first heap   total 165888K, used 114850K [0x0000000080000000, 0x0000000100000000)
  region size 1024K, 1 young (1024K), 1 survivors (1024K)
 Metaspace       used 92958K, capacity 95281K, committed 95536K, reserved 1132544K
  class space    used 11852K, capacity 12651K, committed 12672K, reserved 1048576K
}
Event: 229.344 GC heap before
{Heap before GC invocations=156 (full 0):
 garbage-first heap   total 165888K, used 134306K [0x0000000080000000, 0x0000000100000000)
  region size 1024K, 20 young (20480K), 1 survivors (1024K)
 Metaspace       used 95131K, capacity 97493K, committed 97584K, reserved 1134592K
  class space    used 12089K, capacity 12914K, committed 12928K, reserved 1048576K
}
Event: 229.353 GC heap after
{Heap after GC invocations=157 (full 0):
 garbage-first heap   total 165888K, used 116135K [0x0000000080000000, 0x0000000100000000)
  region size 1024K, 2 young (2048K), 2 survivors (2048K)
 Metaspace       used 95131K, capacity 97493K, committed 97584K, reserved 1134592K
  class space    used 12089K, capacity 12914K, committed 12928K, reserved 1048576K
}
Event: 230.560 GC heap before
{Heap before GC invocations=157 (full 0):
 garbage-first heap   total 165888K, used 135591K [0x0000000080000000, 0x0000000100000000)
  region size 1024K, 21 young (21504K), 2 survivors (2048K)
 Metaspace       used 97128K, capacity 99563K, committed 99760K, reserved 1136640K
  class space    used 12358K, capacity 13195K, committed 13312K, reserved 1048576K
}
Event: 230.575 GC heap after
{Heap after GC invocations=158 (full 0):
 garbage-first heap   total 165888K, used 117651K [0x0000000080000000, 0x0000000100000000)
  region size 1024K, 3 young (3072K), 3 survivors (3072K)
 Metaspace       used 97128K, capacity 99563K, committed 99760K, reserved 1136640K
  class space    used 12358K, capacity 13195K, committed 13312K, reserved 1048576K
}
Event: 231.190 GC heap before
{Heap before GC invocations=158 (full 0):
 garbage-first heap   total 165888K, used 136083K [0x0000000080000000, 0x0000000100000000)
  region size 1024K, 22 young (22528K), 3 survivors (3072K)
 Metaspace       used 97272K, capacity 99703K, committed 100016K, reserved 1136640K
  class space    used 12365K, capacity 13197K, committed 13312K, reserved 1048576K
}
Event: 231.212 GC heap after
{Heap after GC invocations=159 (full 0):
 garbage-first heap   total 165888K, used 119835K [0x0000000080000000, 0x0000000100000000)
  region size 1024K, 3 young (3072K), 3 survivors (3072K)
 Metaspace       used 97272K, capacity 99703K, committed 100016K, reserved 1136640K
  class space    used 12365K, capacity 13197K, committed 13312K, reserved 1048576K
}
Event: 232.263 GC heap before
{Heap before GC invocations=159 (full 0):
 garbage-first heap   total 165888K, used 137243K [0x0000000080000000, 0x0000000100000000)
  region size 1024K, 21 young (21504K), 3 survivors (3072K)
 Metaspace       used 97537K, capacity 99981K, committed 100272K, reserved 1136640K
  class space    used 12378K, capacity 13210K, committed 13312K, reserved 1048576K
}
Event: 232.295 GC heap after
{Heap after GC invocations=160 (full 0):
 garbage-first heap   total 199680K, used 121263K [0x0000000080000000, 0x0000000100000000)
  region size 1024K, 3 young (3072K), 3 survivors (3072K)
 Metaspace       used 97537K, capacity 99981K, committed 100272K, reserved 1136640K
  class space    used 12378K, capacity 13210K, committed 13312K, reserved 1048576K
}
Event: 234.117 GC heap before
{Heap before GC invocations=160 (full 0):
 garbage-first heap   total 199680K, used 156079K [0x0000000080000000, 0x0000000100000000)
  region size 1024K, 37 young (37888K), 3 survivors (3072K)
 Metaspace       used 97627K, capacity 100088K, committed 100272K, reserved 1136640K
  class space    used 12382K, capacity 13217K, committed 13312K, reserved 1048576K
}
Event: 234.131 GC heap after
{Heap after GC invocations=161 (full 0):
 garbage-first heap   total 199680K, used 121466K [0x0000000080000000, 0x0000000100000000)
  region size 1024K, 1 young (1024K), 1 survivors (1024K)
 Metaspace       used 97627K, capacity 100088K, committed 100272K, reserved 1136640K
  class space    used 12382K, capacity 13217K, committed 13312K, reserved 1048576K
}
Event: 238.219 GC heap before
{Heap before GC invocations=161 (full 0):
 garbage-first heap   total 199680K, used 159354K [0x0000000080000000, 0x0000000100000000)
  region size 1024K, 38 young (38912K), 1 survivors (1024K)
 Metaspace       used 98048K, capacity 100550K, committed 100784K, reserved 1136640K
  class space    used 12416K, capacity 13232K, committed 13312K, reserved 1048576K
}
Event: 238.244 GC heap after
{Heap after GC invocations=162 (full 0):
 garbage-first heap   total 199680K, used 121829K [0x0000000080000000, 0x0000000100000000)
  region size 1024K, 1 young (1024K), 1 survivors (1024K)
 Metaspace       used 98048K, capacity 100550K, committed 100784K, reserved 1136640K
  class space    used 12416K, capacity 13232K, committed 13312K, reserved 1048576K
}
Event: 247.051 GC heap before
{Heap before GC invocations=162 (full 0):
 garbage-first heap   total 199680K, used 161765K [0x0000000080000000, 0x0000000100000000)
  region size 1024K, 40 young (40960K), 1 survivors (1024K)
 Metaspace       used 98056K, capacity 100562K, committed 100784K, reserved 1136640K
  class space    used 12417K, capacity 13234K, committed 13312K, reserved 1048576K
}
Event: 247.062 GC heap after
{Heap after GC invocations=163 (full 0):
 garbage-first heap   total 199680K, used 121852K [0x0000000080000000, 0x0000000100000000)
  region size 1024K, 1 young (1024K), 1 survivors (1024K)
 Metaspace       used 98056K, capacity 100562K, committed 100784K, reserved 1136640K
  class space    used 12417K, capacity 13234K, committed 13312K, reserved 1048576K
}
Event: 251.115 GC heap before
{Heap before GC invocations=163 (full 0):
 garbage-first heap   total 199680K, used 162812K [0x0000000080000000, 0x0000000100000000)
  region size 1024K, 41 young (41984K), 1 survivors (1024K)
 Metaspace       used 98056K, capacity 100562K, committed 100784K, reserved 1136640K
  class space    used 12417K, capacity 13234K, committed 13312K, reserved 1048576K
}
Event: 251.126 GC heap after
{Heap after GC invocations=164 (full 0):
 garbage-first heap   total 199680K, used 121944K [0x0000000080000000, 0x0000000100000000)
  region size 1024K, 2 young (2048K), 2 survivors (2048K)
 Metaspace       used 98056K, capacity 100562K, committed 100784K, reserved 1136640K
  class space    used 12417K, capacity 13234K, committed 13312K, reserved 1048576K
}
Event: 270.696 GC heap before
{Heap before GC invocations=164 (full 0):
 garbage-first heap   total 199680K, used 163928K [0x0000000080000000, 0x0000000100000000)
  region size 1024K, 43 young (44032K), 2 survivors (2048K)
 Metaspace       used 98566K, capacity 101084K, committed 101296K, reserved 1136640K
  class space    used 12467K, capacity 13300K, committed 13312K, reserved 1048576K
}
Event: 270.703 GC heap after
{Heap after GC invocations=165 (full 0):
 garbage-first heap   total 199680K, used 122136K [0x0000000080000000, 0x0000000100000000)
  region size 1024K, 2 young (2048K), 2 survivors (2048K)
 Metaspace       used 98566K, capacity 101084K, committed 101296K, reserved 1136640K
  class space    used 12467K, capacity 13300K, committed 13312K, reserved 1048576K
}

