# JRE version: OpenJDK Runtime Environment (11.0.11+9) (build 11.0.11+9-b60-7590822)
# Java VM: OpenJDK 64-Bit Server VM (11.0.11+9-b60-7590822, mixed mode, tiered, compressed oops, g1 gc, windows-amd64)
Heap:
 garbage-first heap   total 107520K, used 101396K [0x00000000e0000000, 0x0000000100000000)
  region size 1024K, 2 young (2048K), 1 survivors (1024K)
 Metaspace       used 76495K, capacity 78493K, committed 78720K, reserved 1118208K
  class space    used 9872K, capacity 10541K, committed 10624K, reserved 1048576K
GC Heap History (20 events):
Event: 48.254 GC heap before
{Heap before GC invocations=117 (full 0):
 garbage-first heap   total 101376K, used 88398K [0x00000000e0000000, 0x0000000100000000)
  region size 1024K, 4 young (4096K), 1 survivors (1024K)
 Metaspace       used 74189K, capacity 76078K, committed 76288K, reserved 1116160K
  class space    used 9567K, capacity 10207K, committed 10240K, reserved 1048576K
}
Event: 48.261 GC heap after
{Heap after GC invocations=118 (full 0):
 garbage-first heap   total 101376K, used 86409K [0x00000000e0000000, 0x0000000100000000)
  region size 1024K, 1 young (1024K), 1 survivors (1024K)
 Metaspace       used 74189K, capacity 76078K, committed 76288K, reserved 1116160K
  class space    used 9567K, capacity 10207K, committed 10240K, reserved 1048576K
}
Event: 48.402 GC heap before
{Heap before GC invocations=119 (full 0):
 garbage-first heap   total 101376K, used 89481K [0x00000000e0000000, 0x0000000100000000)
  region size 1024K, 4 young (4096K), 1 survivors (1024K)
 Metaspace       used 74433K, capacity 76340K, committed 76672K, reserved 1116160K
  class space    used 9604K, capacity 10273K, committed 10368K, reserved 1048576K
}
Event: 48.409 GC heap after
{Heap after GC invocations=120 (full 0):
 garbage-first heap   total 101376K, used 86563K [0x00000000e0000000, 0x0000000100000000)
  region size 1024K, 1 young (1024K), 1 survivors (1024K)
 Metaspace       used 74433K, capacity 76340K, committed 76672K, reserved 1116160K
  class space    used 9604K, capacity 10273K, committed 10368K, reserved 1048576K
}
Event: 48.653 GC heap before
{Heap before GC invocations=120 (full 0):
 garbage-first heap   total 101376K, used 89635K [0x00000000e0000000, 0x0000000100000000)
  region size 1024K, 4 young (4096K), 1 survivors (1024K)
 Metaspace       used 74707K, capacity 76573K, committed 76672K, reserved 1116160K
  class space    used 9650K, capacity 10307K, committed 10368K, reserved 1048576K
}
Event: 48.659 GC heap after
{Heap after GC invocations=121 (full 0):
 garbage-first heap   total 101376K, used 86730K [0x00000000e0000000, 0x0000000100000000)
  region size 1024K, 1 young (1024K), 1 survivors (1024K)
 Metaspace       used 74707K, capacity 76573K, committed 76672K, reserved 1116160K
  class space    used 9650K, capacity 10307K, committed 10368K, reserved 1048576K
}
Event: 49.257 GC heap before
{Heap before GC invocations=122 (full 0):
 garbage-first heap   total 101376K, used 89802K [0x00000000e0000000, 0x0000000100000000)
  region size 1024K, 4 young (4096K), 1 survivors (1024K)
 Metaspace       used 75102K, capacity 76989K, committed 77184K, reserved 1116160K
  class space    used 9698K, capacity 10339K, committed 10368K, reserved 1048576K
}
Event: 49.264 GC heap after
{Heap after GC invocations=123 (full 0):
 garbage-first heap   total 101376K, used 86772K [0x00000000e0000000, 0x0000000100000000)
  region size 1024K, 1 young (1024K), 1 survivors (1024K)
 Metaspace       used 75102K, capacity 76989K, committed 77184K, reserved 1116160K
  class space    used 9698K, capacity 10339K, committed 10368K, reserved 1048576K
}
Event: 49.769 GC heap before
{Heap before GC invocations=123 (full 0):
 garbage-first heap   total 101376K, used 87796K [0x00000000e0000000, 0x0000000100000000)
  region size 1024K, 4 young (4096K), 1 survivors (1024K)
 Metaspace       used 75389K, capacity 77309K, committed 77568K, reserved 1116160K
  class space    used 9731K, capacity 10403K, committed 10496K, reserved 1048576K
}
Event: 49.776 GC heap after
{Heap after GC invocations=124 (full 0):
 garbage-first heap   total 101376K, used 88343K [0x00000000e0000000, 0x0000000100000000)
  region size 1024K, 1 young (1024K), 1 survivors (1024K)
 Metaspace       used 75389K, capacity 77309K, committed 77568K, reserved 1116160K
  class space    used 9731K, capacity 10403K, committed 10496K, reserved 1048576K
}
Event: 50.191 GC heap before
{Heap before GC invocations=125 (full 0):
 garbage-first heap   total 101376K, used 94487K [0x00000000e0000000, 0x0000000100000000)
  region size 1024K, 3 young (3072K), 1 survivors (1024K)
 Metaspace       used 75389K, capacity 77309K, committed 77568K, reserved 1116160K
  class space    used 9731K, capacity 10403K, committed 10496K, reserved 1048576K
}
Event: 50.198 GC heap after
{Heap after GC invocations=126 (full 0):
 garbage-first heap   total 101376K, used 94463K [0x00000000e0000000, 0x0000000100000000)
  region size 1024K, 1 young (1024K), 1 survivors (1024K)
 Metaspace       used 75389K, capacity 77309K, committed 77568K, reserved 1116160K
  class space    used 9731K, capacity 10403K, committed 10496K, reserved 1048576K
}
Event: 50.628 GC heap before
{Heap before GC invocations=127 (full 0):
 garbage-first heap   total 101376K, used 100607K [0x00000000e0000000, 0x0000000100000000)
  region size 1024K, 3 young (3072K), 1 survivors (1024K)
 Metaspace       used 75432K, capacity 77314K, committed 77568K, reserved 1116160K
  class space    used 9735K, capacity 10404K, committed 10496K, reserved 1048576K
}
Event: 50.637 GC heap after
{Heap after GC invocations=128 (full 0):
 garbage-first heap   total 104448K, used 100405K [0x00000000e0000000, 0x0000000100000000)
  region size 1024K, 1 young (1024K), 1 survivors (1024K)
 Metaspace       used 75432K, capacity 77314K, committed 77568K, reserved 1116160K
  class space    used 9735K, capacity 10404K, committed 10496K, reserved 1048576K
}
Event: 50.987 GC heap before
{Heap before GC invocations=128 (full 0):
 garbage-first heap   total 104448K, used 103477K [0x00000000e0000000, 0x0000000100000000)
  region size 1024K, 4 young (4096K), 1 survivors (1024K)
 Metaspace       used 75840K, capacity 77845K, committed 78080K, reserved 1116160K
  class space    used 9789K, capacity 10495K, committed 10496K, reserved 1048576K
}
Event: 50.993 GC heap after
{Heap after GC invocations=129 (full 0):
 garbage-first heap   total 105472K, used 100549K [0x00000000e0000000, 0x0000000100000000)
  region size 1024K, 1 young (1024K), 1 survivors (1024K)
 Metaspace       used 75840K, capacity 77845K, committed 78080K, reserved 1116160K
  class space    used 9789K, capacity 10495K, committed 10496K, reserved 1048576K
}
Event: 51.640 GC heap before
{Heap before GC invocations=130 (full 0):
 garbage-first heap   total 105472K, used 104645K [0x00000000e0000000, 0x0000000100000000)
  region size 1024K, 5 young (5120K), 1 survivors (1024K)
 Metaspace       used 76136K, capacity 78094K, committed 78208K, reserved 1116160K
  class space    used 9835K, capacity 10536K, committed 10624K, reserved 1048576K
}
Event: 51.647 GC heap after
{Heap after GC invocations=131 (full 0):
 garbage-first heap   total 106496K, used 100823K [0x00000000e0000000, 0x0000000100000000)
  region size 1024K, 1 young (1024K), 1 survivors (1024K)
 Metaspace       used 76136K, capacity 78094K, committed 78208K, reserved 1116160K
  class space    used 9835K, capacity 10536K, committed 10624K, reserved 1048576K
}
Event: 51.877 GC heap before
{Heap before GC invocations=131 (full 0):
 garbage-first heap   total 106496K, used 104919K [0x00000000e0000000, 0x0000000100000000)
  region size 1024K, 5 young (5120K), 1 survivors (1024K)
 Metaspace       used 76201K, capacity 78222K, committed 78464K, reserved 1118208K
  class space    used 9843K, capacity 10536K, committed 10624K, reserved 1048576K
}
Event: 51.884 GC heap after
{Heap after GC invocations=132 (full 0):
 garbage-first heap   total 107520K, used 100929K [0x00000000e0000000, 0x0000000100000000)
  region size 1024K, 1 young (1024K), 1 survivors (1024K)
 Metaspace       used 76201K, capacity 78222K, committed 78464K, reserved 1118208K
  class space    used 9843K, capacity 10536K, committed 10624K, reserved 1048576K
}

