# JRE version: OpenJDK Runtime Environment (11.0.11+9) (build 11.0.11+9-b60-7590822)
# Java VM: OpenJDK 64-Bit Server VM (11.0.11+9-b60-7590822, mixed mode, tiered, compressed oops, g1 gc, windows-amd64)
Heap:
 garbage-first heap   total 329728K, used 259914K [0x00000000c0000000, 0x0000000100000000)
  region size 1024K, 69 young (70656K), 3 survivors (3072K)
 Metaspace       used 101206K, capacity 103827K, committed 103932K, reserved 1138688K
  class space    used 12924K, capacity 13929K, committed 13952K, reserved 1048576K
GC Heap History (20 events):
Event: 202.729 GC heap before
{Heap before GC invocations=146 (full 0):
 garbage-first heap   total 329728K, used 286297K [0x00000000c0000000, 0x0000000100000000)
  region size 1024K, 127 young (130048K), 9 survivors (9216K)
 Metaspace       used 100643K, capacity 103308K, committed 103420K, reserved 1138688K
  class space    used 12916K, capacity 13915K, committed 13952K, reserved 1048576K
}
Event: 202.825 GC heap after
{Heap after GC invocations=147 (full 0):
 garbage-first heap   total 329728K, used 167610K [0x00000000c0000000, 0x0000000100000000)
  region size 1024K, 11 young (11264K), 11 survivors (11264K)
 Metaspace       used 100643K, capacity 103308K, committed 103420K, reserved 1138688K
  class space    used 12916K, capacity 13915K, committed 13952K, reserved 1048576K
}
Event: 206.335 GC heap before
{Heap before GC invocations=147 (full 0):
 garbage-first heap   total 329728K, used 288442K [0x00000000c0000000, 0x0000000100000000)
  region size 1024K, 124 young (126976K), 11 survivors (11264K)
 Metaspace       used 101003K, capacity 103643K, committed 103676K, reserved 1138688K
  class space    used 12918K, capacity 13919K, committed 13952K, reserved 1048576K
}
Event: 206.444 GC heap after
{Heap after GC invocations=148 (full 0):
 garbage-first heap   total 329728K, used 178757K [0x00000000c0000000, 0x0000000100000000)
  region size 1024K, 15 young (15360K), 15 survivors (15360K)
 Metaspace       used 101003K, capacity 103643K, committed 103676K, reserved 1138688K
  class space    used 12918K, capacity 13919K, committed 13952K, reserved 1048576K
}
Event: 210.249 GC heap before
{Heap before GC invocations=148 (full 0):
 garbage-first heap   total 329728K, used 285253K [0x00000000c0000000, 0x0000000100000000)
  region size 1024K, 114 young (116736K), 15 survivors (15360K)
 Metaspace       used 101093K, capacity 103737K, committed 103932K, reserved 1138688K
  class space    used 12921K, capacity 13924K, committed 13952K, reserved 1048576K
}
Event: 210.399 GC heap after
{Heap after GC invocations=149 (full 0):
 garbage-first heap   total 329728K, used 178749K [0x00000000c0000000, 0x0000000100000000)
  region size 1024K, 15 young (15360K), 15 survivors (15360K)
 Metaspace       used 101093K, capacity 103737K, committed 103932K, reserved 1138688K
  class space    used 12921K, capacity 13924K, committed 13952K, reserved 1048576K
}
Event: 212.385 GC heap before
{Heap before GC invocations=149 (full 0):
 garbage-first heap   total 329728K, used 276029K [0x00000000c0000000, 0x0000000100000000)
  region size 1024K, 110 young (112640K), 15 survivors (15360K)
 Metaspace       used 101111K, capacity 103740K, committed 103932K, reserved 1138688K
  class space    used 12921K, capacity 13924K, committed 13952K, reserved 1048576K
}
Event: 212.554 GC heap after
{Heap after GC invocations=150 (full 0):
 garbage-first heap   total 329728K, used 190437K [0x00000000c0000000, 0x0000000100000000)
  region size 1024K, 14 young (14336K), 14 survivors (14336K)
 Metaspace       used 101111K, capacity 103740K, committed 103932K, reserved 1138688K
  class space    used 12921K, capacity 13924K, committed 13952K, reserved 1048576K
}
Event: 213.483 GC heap before
{Heap before GC invocations=150 (full 0):
 garbage-first heap   total 329728K, used 230373K [0x00000000c0000000, 0x0000000100000000)
  region size 1024K, 53 young (54272K), 14 survivors (14336K)
 Metaspace       used 101141K, capacity 103749K, committed 103932K, reserved 1138688K
  class space    used 12922K, capacity 13925K, committed 13952K, reserved 1048576K
}
Event: 213.573 GC heap after
{Heap after GC invocations=151 (full 0):
 garbage-first heap   total 329728K, used 192000K [0x00000000c0000000, 0x0000000100000000)
  region size 1024K, 1 young (1024K), 1 survivors (1024K)
 Metaspace       used 101141K, capacity 103749K, committed 103932K, reserved 1138688K
  class space    used 12922K, capacity 13925K, committed 13952K, reserved 1048576K
}
Event: 215.506 GC heap before
{Heap before GC invocations=151 (full 0):
 garbage-first heap   total 329728K, used 260608K [0x00000000c0000000, 0x0000000100000000)
  region size 1024K, 68 young (69632K), 1 survivors (1024K)
 Metaspace       used 101160K, capacity 103815K, committed 103932K, reserved 1138688K
  class space    used 12922K, capacity 13925K, committed 13952K, reserved 1048576K
}
Event: 215.517 GC heap after
{Heap after GC invocations=152 (full 0):
 garbage-first heap   total 329728K, used 191721K [0x00000000c0000000, 0x0000000100000000)
  region size 1024K, 1 young (1024K), 1 survivors (1024K)
 Metaspace       used 101160K, capacity 103815K, committed 103932K, reserved 1138688K
  class space    used 12922K, capacity 13925K, committed 13952K, reserved 1048576K
}
Event: 217.385 GC heap before
{Heap before GC invocations=152 (full 0):
 garbage-first heap   total 329728K, used 264425K [0x00000000c0000000, 0x0000000100000000)
  region size 1024K, 72 young (73728K), 1 survivors (1024K)
 Metaspace       used 101169K, capacity 103815K, committed 103932K, reserved 1138688K
  class space    used 12922K, capacity 13925K, committed 13952K, reserved 1048576K
}
Event: 217.398 GC heap after
{Heap after GC invocations=153 (full 0):
 garbage-first heap   total 329728K, used 192137K [0x00000000c0000000, 0x0000000100000000)
  region size 1024K, 2 young (2048K), 2 survivors (2048K)
 Metaspace       used 101169K, capacity 103815K, committed 103932K, reserved 1138688K
  class space    used 12922K, capacity 13925K, committed 13952K, reserved 1048576K
}
Event: 221.132 GC heap before
{Heap before GC invocations=153 (full 0):
 garbage-first heap   total 329728K, used 267913K [0x00000000c0000000, 0x0000000100000000)
  region size 1024K, 76 young (77824K), 2 survivors (2048K)
 Metaspace       used 101171K, capacity 103815K, committed 103932K, reserved 1138688K
  class space    used 12922K, capacity 13925K, committed 13952K, reserved 1048576K
}
Event: 221.147 GC heap after
{Heap after GC invocations=154 (full 0):
 garbage-first heap   total 329728K, used 192556K [0x00000000c0000000, 0x0000000100000000)
  region size 1024K, 2 young (2048K), 2 survivors (2048K)
 Metaspace       used 101171K, capacity 103815K, committed 103932K, reserved 1138688K
  class space    used 12922K, capacity 13925K, committed 13952K, reserved 1048576K
}
Event: 224.131 GC heap before
{Heap before GC invocations=154 (full 0):
 garbage-first heap   total 329728K, used 271404K [0x00000000c0000000, 0x0000000100000000)
  region size 1024K, 79 young (80896K), 2 survivors (2048K)
 Metaspace       used 101196K, capacity 103827K, committed 103932K, reserved 1138688K
  class space    used 12924K, capacity 13929K, committed 13952K, reserved 1048576K
}
Event: 224.151 GC heap after
{Heap after GC invocations=155 (full 0):
 garbage-first heap   total 329728K, used 192835K [0x00000000c0000000, 0x0000000100000000)
  region size 1024K, 2 young (2048K), 2 survivors (2048K)
 Metaspace       used 101196K, capacity 103827K, committed 103932K, reserved 1138688K
  class space    used 12924K, capacity 13929K, committed 13952K, reserved 1048576K
}
Event: 226.689 GC heap before
{Heap before GC invocations=155 (full 0):
 garbage-first heap   total 329728K, used 273731K [0x00000000c0000000, 0x0000000100000000)
  region size 1024K, 81 young (82944K), 2 survivors (2048K)
 Metaspace       used 101199K, capacity 103827K, committed 103932K, reserved 1138688K
  class space    used 12924K, capacity 13929K, committed 13952K, reserved 1048576K
}
Event: 226.709 GC heap after
{Heap after GC invocations=156 (full 0):
 garbage-first heap   total 329728K, used 193354K [0x00000000c0000000, 0x0000000100000000)
  region size 1024K, 3 young (3072K), 3 survivors (3072K)
 Metaspace       used 101199K, capacity 103827K, committed 103932K, reserved 1138688K
  class space    used 12924K, capacity 13929K, committed 13952K, reserved 1048576K
}

