# JRE version: OpenJDK Runtime Environment (11.0.11+9) (build 11.0.11+9-b60-7590822)
# Java VM: OpenJDK 64-Bit Server VM (11.0.11+9-b60-7590822, mixed mode, tiered, compressed oops, g1 gc, windows-amd64)
Heap:
 garbage-first heap   total 210944K, used 144773K [0x00000000e0000000, 0x0000000100000000)
  region size 1024K, 19 young (19456K), 6 survivors (6144K)
 Metaspace       used 109241K, capacity 112188K, committed 112560K, reserved 1146880K
  class space    used 13898K, capacity 14977K, committed 15104K, reserved 1048576K
GC Heap History (20 events):
Event: 180.758 GC heap before
{Heap before GC invocations=259 (full 0):
 garbage-first heap   total 210944K, used 155985K [0x00000000e0000000, 0x0000000100000000)
  region size 1024K, 40 young (40960K), 4 survivors (4096K)
 Metaspace       used 100334K, capacity 102877K, committed 102960K, reserved 1138688K
  class space    used 12804K, capacity 13682K, committed 13696K, reserved 1048576K
}
Event: 180.799 GC heap after
{Heap after GC invocations=260 (full 0):
 garbage-first heap   total 210944K, used 122234K [0x00000000e0000000, 0x0000000100000000)
  region size 1024K, 4 young (4096K), 4 survivors (4096K)
 Metaspace       used 100334K, capacity 102877K, committed 102960K, reserved 1138688K
  class space    used 12804K, capacity 13682K, committed 13696K, reserved 1048576K
}
Event: 186.342 GC heap before
{Heap before GC invocations=260 (full 0):
 garbage-first heap   total 210944K, used 161146K [0x00000000e0000000, 0x0000000100000000)
  region size 1024K, 43 young (44032K), 4 survivors (4096K)
 Metaspace       used 102572K, capacity 105235K, committed 105520K, reserved 1140736K
  class space    used 13134K, capacity 14134K, committed 14208K, reserved 1048576K
}
Event: 187.215 GC heap after
{Heap after GC invocations=261 (full 0):
 garbage-first heap   total 210944K, used 124372K [0x00000000e0000000, 0x0000000100000000)
  region size 1024K, 5 young (5120K), 5 survivors (5120K)
 Metaspace       used 102572K, capacity 105235K, committed 105520K, reserved 1140736K
  class space    used 13134K, capacity 14134K, committed 14208K, reserved 1048576K
}
Event: 191.968 GC heap before
{Heap before GC invocations=261 (full 0):
 garbage-first heap   total 210944K, used 129492K [0x00000000e0000000, 0x0000000100000000)
  region size 1024K, 10 young (10240K), 5 survivors (5120K)
 Metaspace       used 102855K, capacity 105523K, committed 105776K, reserved 1140736K
  class space    used 13175K, capacity 14166K, committed 14208K, reserved 1048576K
}
Event: 193.748 GC heap after
{Heap after GC invocations=262 (full 0):
 garbage-first heap   total 210944K, used 124643K [0x00000000e0000000, 0x0000000100000000)
  region size 1024K, 1 young (1024K), 1 survivors (1024K)
 Metaspace       used 102855K, capacity 105523K, committed 105776K, reserved 1140736K
  class space    used 13175K, capacity 14166K, committed 14208K, reserved 1048576K
}
Event: 198.212 GC heap before
{Heap before GC invocations=262 (full 0):
 garbage-first heap   total 210944K, used 133859K [0x00000000e0000000, 0x0000000100000000)
  region size 1024K, 10 young (10240K), 1 survivors (1024K)
 Metaspace       used 103468K, capacity 106131K, committed 106416K, reserved 1140736K
  class space    used 13263K, capacity 14262K, committed 14336K, reserved 1048576K
}
Event: 198.276 GC heap after
{Heap after GC invocations=263 (full 0):
 garbage-first heap   total 210944K, used 124187K [0x00000000e0000000, 0x0000000100000000)
  region size 1024K, 1 young (1024K), 1 survivors (1024K)
 Metaspace       used 103468K, capacity 106131K, committed 106416K, reserved 1140736K
  class space    used 13263K, capacity 14262K, committed 14336K, reserved 1048576K
}
Event: 201.293 GC heap before
{Heap before GC invocations=263 (full 0):
 garbage-first heap   total 210944K, used 133403K [0x00000000e0000000, 0x0000000100000000)
  region size 1024K, 10 young (10240K), 1 survivors (1024K)
 Metaspace       used 104167K, capacity 106835K, committed 106928K, reserved 1142784K
  class space    used 13356K, capacity 14326K, committed 14336K, reserved 1048576K
}
Event: 201.298 GC heap after
{Heap after GC invocations=264 (full 0):
 garbage-first heap   total 210944K, used 124173K [0x00000000e0000000, 0x0000000100000000)
  region size 1024K, 1 young (1024K), 1 survivors (1024K)
 Metaspace       used 104167K, capacity 106835K, committed 106928K, reserved 1142784K
  class space    used 13356K, capacity 14326K, committed 14336K, reserved 1048576K
}
Event: 203.059 GC heap before
{Heap before GC invocations=264 (full 0):
 garbage-first heap   total 210944K, used 133389K [0x00000000e0000000, 0x0000000100000000)
  region size 1024K, 10 young (10240K), 1 survivors (1024K)
 Metaspace       used 104878K, capacity 107507K, committed 107568K, reserved 1142784K
  class space    used 13437K, capacity 14422K, committed 14464K, reserved 1048576K
}
Event: 203.064 GC heap after
{Heap after GC invocations=265 (full 0):
 garbage-first heap   total 210944K, used 124398K [0x00000000e0000000, 0x0000000100000000)
  region size 1024K, 1 young (1024K), 1 survivors (1024K)
 Metaspace       used 104878K, capacity 107507K, committed 107568K, reserved 1142784K
  class space    used 13437K, capacity 14422K, committed 14464K, reserved 1048576K
}
Event: 204.259 GC heap before
{Heap before GC invocations=265 (full 0):
 garbage-first heap   total 210944K, used 133614K [0x00000000e0000000, 0x0000000100000000)
  region size 1024K, 10 young (10240K), 1 survivors (1024K)
 Metaspace       used 105568K, capacity 108211K, committed 108464K, reserved 1142784K
  class space    used 13510K, capacity 14486K, committed 14592K, reserved 1048576K
}
Event: 204.267 GC heap after
{Heap after GC invocations=266 (full 0):
 garbage-first heap   total 210944K, used 125001K [0x00000000e0000000, 0x0000000100000000)
  region size 1024K, 2 young (2048K), 2 survivors (2048K)
 Metaspace       used 105568K, capacity 108211K, committed 108464K, reserved 1142784K
  class space    used 13510K, capacity 14486K, committed 14592K, reserved 1048576K
}
Event: 206.966 GC heap before
{Heap before GC invocations=266 (full 0):
 garbage-first heap   total 210944K, used 145481K [0x00000000e0000000, 0x0000000100000000)
  region size 1024K, 22 young (22528K), 2 survivors (2048K)
 Metaspace       used 106950K, capacity 109651K, committed 109872K, reserved 1144832K
  class space    used 13661K, capacity 14646K, committed 14720K, reserved 1048576K
}
Event: 206.983 GC heap after
{Heap after GC invocations=267 (full 0):
 garbage-first heap   total 210944K, used 126647K [0x00000000e0000000, 0x0000000100000000)
  region size 1024K, 3 young (3072K), 3 survivors (3072K)
 Metaspace       used 106950K, capacity 109651K, committed 109872K, reserved 1144832K
  class space    used 13661K, capacity 14646K, committed 14720K, reserved 1048576K
}
Event: 231.805 GC heap before
{Heap before GC invocations=267 (full 0):
 garbage-first heap   total 210944K, used 158391K [0x00000000e0000000, 0x0000000100000000)
  region size 1024K, 34 young (34816K), 3 survivors (3072K)
 Metaspace       used 108596K, capacity 111548K, committed 111664K, reserved 1146880K
  class space    used 13867K, capacity 14924K, committed 14976K, reserved 1048576K
}
Event: 231.830 GC heap after
{Heap after GC invocations=268 (full 0):
 garbage-first heap   total 210944K, used 128799K [0x00000000e0000000, 0x0000000100000000)
  region size 1024K, 5 young (5120K), 5 survivors (5120K)
 Metaspace       used 108596K, capacity 111548K, committed 111664K, reserved 1146880K
  class space    used 13867K, capacity 14924K, committed 14976K, reserved 1048576K
}
Event: 432.279 GC heap before
{Heap before GC invocations=268 (full 0):
 garbage-first heap   total 210944K, used 166687K [0x00000000e0000000, 0x0000000100000000)
  region size 1024K, 43 young (44032K), 5 survivors (5120K)
 Metaspace       used 109187K, capacity 112181K, committed 112432K, reserved 1146880K
  class space    used 13897K, capacity 14976K, committed 14976K, reserved 1048576K
}
Event: 432.332 GC heap after
{Heap after GC invocations=269 (full 0):
 garbage-first heap   total 210944K, used 132485K [0x00000000e0000000, 0x0000000100000000)
  region size 1024K, 6 young (6144K), 6 survivors (6144K)
 Metaspace       used 109187K, capacity 112181K, committed 112432K, reserved 1146880K
  class space    used 13897K, capacity 14976K, committed 14976K, reserved 1048576K
}

