# JRE version: OpenJDK Runtime Environment (11.0.11+9) (build 11.0.11+9-b60-7590822)
# Java VM: OpenJDK 64-Bit Server VM (11.0.11+9-b60-7590822, mixed mode, tiered, compressed oops, g1 gc, windows-amd64)
Heap:
 garbage-first heap   total 65536K, used 22232K [0x00000000e0000000, 0x0000000100000000)
  region size 1024K, 4 young (4096K), 4 survivors (4096K)
 Metaspace       used 34801K, capacity 35614K, committed 35708K, reserved 1083392K
  class space    used 4527K, capacity 4832K, committed 4864K, reserved 1048576K
GC Heap History (16 events):
Event: 3.897 GC heap before
{Heap before GC invocations=0 (full 0):
 garbage-first heap   total 65536K, used 7168K [0x00000000e0000000, 0x0000000100000000)
  region size 1024K, 7 young (7168K), 0 survivors (0K)
 Metaspace       used 6131K, capacity 6261K, committed 6528K, reserved 1056768K
  class space    used 536K, capacity 578K, committed 640K, reserved 1048576K
}
Event: 3.904 GC heap after
{Heap after GC invocations=1 (full 0):
 garbage-first heap   total 65536K, used 1380K [0x00000000e0000000, 0x0000000100000000)
  region size 1024K, 1 young (1024K), 1 survivors (1024K)
 Metaspace       used 6131K, capacity 6261K, committed 6528K, reserved 1056768K
  class space    used 536K, capacity 578K, committed 640K, reserved 1048576K
}
Event: 8.550 GC heap before
{Heap before GC invocations=1 (full 0):
 garbage-first heap   total 65536K, used 45412K [0x00000000e0000000, 0x0000000100000000)
  region size 1024K, 38 young (38912K), 1 survivors (1024K)
 Metaspace       used 10752K, capacity 11007K, committed 11264K, reserved 1058816K
  class space    used 1123K, capacity 1206K, committed 1280K, reserved 1048576K
}
Event: 8.573 GC heap after
{Heap after GC invocations=2 (full 0):
 garbage-first heap   total 65536K, used 9423K [0x00000000e0000000, 0x0000000100000000)
  region size 1024K, 5 young (5120K), 5 survivors (5120K)
 Metaspace       used 10752K, capacity 11007K, committed 11264K, reserved 1058816K
  class space    used 1123K, capacity 1206K, committed 1280K, reserved 1048576K
}
Event: 9.718 GC heap before
{Heap before GC invocations=2 (full 0):
 garbage-first heap   total 65536K, used 31951K [0x00000000e0000000, 0x0000000100000000)
  region size 1024K, 27 young (27648K), 5 survivors (5120K)
 Metaspace       used 10968K, capacity 11255K, committed 11520K, reserved 1058816K
  class space    used 1156K, capacity 1246K, committed 1280K, reserved 1048576K
}
Event: 9.738 GC heap after
{Heap after GC invocations=3 (full 0):
 garbage-first heap   total 65536K, used 13737K [0x00000000e0000000, 0x0000000100000000)
  region size 1024K, 4 young (4096K), 4 survivors (4096K)
 Metaspace       used 10968K, capacity 11255K, committed 11520K, reserved 1058816K
  class space    used 1156K, capacity 1246K, committed 1280K, reserved 1048576K
}
Event: 17.759 GC heap before
{Heap before GC invocations=3 (full 0):
 garbage-first heap   total 65536K, used 38313K [0x00000000e0000000, 0x0000000100000000)
  region size 1024K, 29 young (29696K), 4 survivors (4096K)
 Metaspace       used 17647K, capacity 18122K, committed 18432K, reserved 1064960K
  class space    used 2064K, capacity 2204K, committed 2304K, reserved 1048576K
}
Event: 17.776 GC heap after
{Heap after GC invocations=4 (full 0):
 garbage-first heap   total 65536K, used 16455K [0x00000000e0000000, 0x0000000100000000)
  region size 1024K, 3 young (3072K), 3 survivors (3072K)
 Metaspace       used 17647K, capacity 18122K, committed 18432K, reserved 1064960K
  class space    used 2064K, capacity 2204K, committed 2304K, reserved 1048576K
}
Event: 21.017 GC heap before
{Heap before GC invocations=4 (full 0):
 garbage-first heap   total 65536K, used 41031K [0x00000000e0000000, 0x0000000100000000)
  region size 1024K, 28 young (28672K), 3 survivors (3072K)
 Metaspace       used 20702K, capacity 21218K, committed 21296K, reserved 1069056K
  class space    used 2514K, capacity 2688K, committed 2688K, reserved 1048576K
}
Event: 21.037 GC heap after
{Heap after GC invocations=5 (full 0):
 garbage-first heap   total 65536K, used 17245K [0x00000000e0000000, 0x0000000100000000)
  region size 1024K, 1 young (1024K), 1 survivors (1024K)
 Metaspace       used 20702K, capacity 21218K, committed 21296K, reserved 1069056K
  class space    used 2514K, capacity 2688K, committed 2688K, reserved 1048576K
}
Event: 24.646 GC heap before
{Heap before GC invocations=6 (full 0):
 garbage-first heap   total 65536K, used 43869K [0x00000000e0000000, 0x0000000100000000)
  region size 1024K, 28 young (28672K), 1 survivors (1024K)
 Metaspace       used 23527K, capacity 24053K, committed 24112K, reserved 1071104K
  class space    used 2982K, capacity 3190K, committed 3200K, reserved 1048576K
}
Event: 24.657 GC heap after
{Heap after GC invocations=7 (full 0):
 garbage-first heap   total 65536K, used 17936K [0x00000000e0000000, 0x0000000100000000)
  region size 1024K, 2 young (2048K), 2 survivors (2048K)
 Metaspace       used 23527K, capacity 24053K, committed 24112K, reserved 1071104K
  class space    used 2982K, capacity 3190K, committed 3200K, reserved 1048576K
}
Event: 28.904 GC heap before
{Heap before GC invocations=7 (full 0):
 garbage-first heap   total 65536K, used 45584K [0x00000000e0000000, 0x0000000100000000)
  region size 1024K, 29 young (29696K), 2 survivors (2048K)
 Metaspace       used 26353K, capacity 26980K, committed 27184K, reserved 1073152K
  class space    used 3444K, capacity 3698K, committed 3712K, reserved 1048576K
}
Event: 28.918 GC heap after
{Heap after GC invocations=8 (full 0):
 garbage-first heap   total 65536K, used 18987K [0x00000000e0000000, 0x0000000100000000)
  region size 1024K, 3 young (3072K), 3 survivors (3072K)
 Metaspace       used 26353K, capacity 26980K, committed 27184K, reserved 1073152K
  class space    used 3444K, capacity 3698K, committed 3712K, reserved 1048576K
}
Event: 32.039 GC heap before
{Heap before GC invocations=8 (full 0):
 garbage-first heap   total 65536K, used 47659K [0x00000000e0000000, 0x0000000100000000)
  region size 1024K, 31 young (31744K), 3 survivors (3072K)
 Metaspace       used 29077K, capacity 29669K, committed 30000K, reserved 1075200K
  class space    used 3879K, capacity 4105K, committed 4224K, reserved 1048576K
}
Event: 32.055 GC heap after
{Heap after GC invocations=9 (full 0):
 garbage-first heap   total 65536K, used 19887K [0x00000000e0000000, 0x0000000100000000)
  region size 1024K, 3 young (3072K), 3 survivors (3072K)
 Metaspace       used 29077K, capacity 29669K, committed 30000K, reserved 1075200K
  class space    used 3879K, capacity 4105K, committed 4224K, reserved 1048576K
}

