# JRE version: OpenJDK Runtime Environment (11.0.11+9) (build 11.0.11+9-b60-7590822)
# Java VM: OpenJDK 64-Bit Server VM (11.0.11+9-b60-7590822, mixed mode, tiered, compressed oops, g1 gc, windows-amd64)
Heap:
 garbage-first heap   total 65536K, used 17200K [0x00000000e0000000, 0x0000000100000000)
  region size 1024K, 2 young (2048K), 2 survivors (2048K)
 Metaspace       used 20585K, capacity 21089K, committed 21248K, reserved 1069056K
  class space    used 2502K, capacity 2699K, committed 2816K, reserved 1048576K
GC Heap History (12 events):
Event: 1.014 GC heap before
{Heap before GC invocations=0 (full 0):
 garbage-first heap   total 65536K, used 7168K [0x00000000e0000000, 0x0000000100000000)
  region size 1024K, 7 young (7168K), 0 survivors (0K)
 Metaspace       used 6129K, capacity 6261K, committed 6528K, reserved 1056768K
  class space    used 536K, capacity 578K, committed 640K, reserved 1048576K
}
Event: 1.021 GC heap after
{Heap after GC invocations=1 (full 0):
 garbage-first heap   total 65536K, used 1386K [0x00000000e0000000, 0x0000000100000000)
  region size 1024K, 1 young (1024K), 1 survivors (1024K)
 Metaspace       used 6129K, capacity 6261K, committed 6528K, reserved 1056768K
  class space    used 536K, capacity 578K, committed 640K, reserved 1048576K
}
Event: 3.673 GC heap before
{Heap before GC invocations=1 (full 0):
 garbage-first heap   total 65536K, used 45418K [0x00000000e0000000, 0x0000000100000000)
  region size 1024K, 38 young (38912K), 1 survivors (1024K)
 Metaspace       used 10779K, capacity 11007K, committed 11264K, reserved 1058816K
  class space    used 1122K, capacity 1206K, committed 1280K, reserved 1048576K
}
Event: 3.692 GC heap after
{Heap after GC invocations=2 (full 0):
 garbage-first heap   total 65536K, used 9437K [0x00000000e0000000, 0x0000000100000000)
  region size 1024K, 5 young (5120K), 5 survivors (5120K)
 Metaspace       used 10779K, capacity 11007K, committed 11264K, reserved 1058816K
  class space    used 1122K, capacity 1206K, committed 1280K, reserved 1048576K
}
Event: 4.159 GC heap before
{Heap before GC invocations=2 (full 0):
 garbage-first heap   total 65536K, used 24797K [0x00000000e0000000, 0x0000000100000000)
  region size 1024K, 20 young (20480K), 5 survivors (5120K)
 Metaspace       used 10861K, capacity 11135K, committed 11264K, reserved 1058816K
  class space    used 1125K, capacity 1206K, committed 1280K, reserved 1048576K
}
Event: 4.178 GC heap after
{Heap after GC invocations=3 (full 0):
 garbage-first heap   total 65536K, used 13176K [0x00000000e0000000, 0x0000000100000000)
  region size 1024K, 3 young (3072K), 3 survivors (3072K)
 Metaspace       used 10861K, capacity 11135K, committed 11264K, reserved 1058816K
  class space    used 1125K, capacity 1206K, committed 1280K, reserved 1048576K
}
Event: 6.840 GC heap before
{Heap before GC invocations=3 (full 0):
 garbage-first heap   total 65536K, used 34680K [0x00000000e0000000, 0x0000000100000000)
  region size 1024K, 24 young (24576K), 3 survivors (3072K)
 Metaspace       used 14877K, capacity 15222K, committed 15488K, reserved 1062912K
  class space    used 1692K, capacity 1826K, committed 1920K, reserved 1048576K
}
Event: 6.853 GC heap after
{Heap after GC invocations=4 (full 0):
 garbage-first heap   total 65536K, used 15448K [0x00000000e0000000, 0x0000000100000000)
  region size 1024K, 2 young (2048K), 2 survivors (2048K)
 Metaspace       used 14877K, capacity 15222K, committed 15488K, reserved 1062912K
  class space    used 1692K, capacity 1826K, committed 1920K, reserved 1048576K
}
Event: 9.786 GC heap before
{Heap before GC invocations=4 (full 0):
 garbage-first heap   total 65536K, used 39000K [0x00000000e0000000, 0x0000000100000000)
  region size 1024K, 25 young (25600K), 2 survivors (2048K)
 Metaspace       used 19055K, capacity 19517K, committed 19712K, reserved 1067008K
  class space    used 2287K, capacity 2446K, committed 2560K, reserved 1048576K
}
Event: 9.799 GC heap after
{Heap after GC invocations=5 (full 0):
 garbage-first heap   total 65536K, used 16751K [0x00000000e0000000, 0x0000000100000000)
  region size 1024K, 4 young (4096K), 4 survivors (4096K)
 Metaspace       used 19055K, capacity 19517K, committed 19712K, reserved 1067008K
  class space    used 2287K, capacity 2446K, committed 2560K, reserved 1048576K
}
Event: 10.494 GC heap before
{Heap before GC invocations=5 (full 0):
 garbage-first heap   total 65536K, used 29039K [0x00000000e0000000, 0x0000000100000000)
  region size 1024K, 17 young (17408K), 4 survivors (4096K)
 Metaspace       used 20585K, capacity 21089K, committed 21248K, reserved 1067008K
  class space    used 2502K, capacity 2699K, committed 2816K, reserved 1048576K
}
Event: 10.511 GC heap after
{Heap after GC invocations=6 (full 0):
 garbage-first heap   total 65536K, used 17200K [0x00000000e0000000, 0x0000000100000000)
  region size 1024K, 2 young (2048K), 2 survivors (2048K)
 Metaspace       used 20585K, capacity 21089K, committed 21248K, reserved 1067008K
  class space    used 2502K, capacity 2699K, committed 2816K, reserved 1048576K
}

