# JRE version: OpenJDK Runtime Environment (11.0.11+9) (build 11.0.11+9-b60-7590822)
# Java VM: OpenJDK 64-Bit Server VM (11.0.11+9-b60-7590822, mixed mode, tiered, compressed oops, g1 gc, windows-amd64)
Heap:
 garbage-first heap   total 95232K, used 45805K [0x00000000c0000000, 0x0000000100000000)
  region size 1024K, 2 young (2048K), 2 survivors (2048K)
 Metaspace       used 44889K, capacity 46047K, committed 46336K, reserved 1089536K
  class space    used 5871K, capacity 6303K, committed 6400K, reserved 1048576K
GC Heap History (20 events):
Event: 10.924 GC heap after
{Heap after GC invocations=8 (full 0):
 garbage-first heap   total 65536K, used 17602K [0x00000000c0000000, 0x0000000100000000)
  region size 1024K, 3 young (3072K), 3 survivors (3072K)
 Metaspace       used 23405K, capacity 24023K, committed 24192K, reserved 1071104K
  class space    used 2958K, capacity 3167K, committed 3200K, reserved 1048576K
}
Event: 12.400 GC heap before
{Heap before GC invocations=8 (full 0):
 garbage-first heap   total 65536K, used 49346K [0x00000000c0000000, 0x0000000100000000)
  region size 1024K, 29 young (29696K), 3 survivors (3072K)
 Metaspace       used 26172K, capacity 26863K, committed 27008K, reserved 1073152K
  class space    used 3415K, capacity 3686K, committed 3712K, reserved 1048576K
}
Event: 12.419 GC heap after
{Heap after GC invocations=9 (full 0):
 garbage-first heap   total 65536K, used 25367K [0x00000000c0000000, 0x0000000100000000)
  region size 1024K, 4 young (4096K), 4 survivors (4096K)
 Metaspace       used 26172K, capacity 26863K, committed 27008K, reserved 1073152K
  class space    used 3415K, capacity 3686K, committed 3712K, reserved 1048576K
}
Event: 13.938 GC heap before
{Heap before GC invocations=9 (full 0):
 garbage-first heap   total 65536K, used 53015K [0x00000000c0000000, 0x0000000100000000)
  region size 1024K, 27 young (27648K), 4 survivors (4096K)
 Metaspace       used 27730K, capacity 28569K, committed 28672K, reserved 1073152K
  class space    used 3669K, capacity 4000K, committed 4096K, reserved 1048576K
}
Event: 13.956 GC heap after
{Heap after GC invocations=10 (full 0):
 garbage-first heap   total 78848K, used 31764K [0x00000000c0000000, 0x0000000100000000)
  region size 1024K, 3 young (3072K), 3 survivors (3072K)
 Metaspace       used 27730K, capacity 28569K, committed 28672K, reserved 1073152K
  class space    used 3669K, capacity 4000K, committed 4096K, reserved 1048576K
}
Event: 15.163 GC heap before
{Heap before GC invocations=10 (full 0):
 garbage-first heap   total 78848K, used 57364K [0x00000000c0000000, 0x0000000100000000)
  region size 1024K, 28 young (28672K), 3 survivors (3072K)
 Metaspace       used 30721K, capacity 31588K, committed 31616K, reserved 1077248K
  class space    used 4136K, capacity 4452K, committed 4480K, reserved 1048576K
}
Event: 15.174 GC heap after
{Heap after GC invocations=11 (full 0):
 garbage-first heap   total 78848K, used 33007K [0x00000000c0000000, 0x0000000100000000)
  region size 1024K, 1 young (1024K), 1 survivors (1024K)
 Metaspace       used 30721K, capacity 31588K, committed 31616K, reserved 1077248K
  class space    used 4136K, capacity 4452K, committed 4480K, reserved 1048576K
}
Event: 16.233 GC heap before
{Heap before GC invocations=11 (full 0):
 garbage-first heap   total 78848K, used 44271K [0x00000000c0000000, 0x0000000100000000)
  region size 1024K, 14 young (14336K), 1 survivors (1024K)
 Metaspace       used 34832K, capacity 35768K, committed 35840K, reserved 1081344K
  class space    used 4552K, capacity 4929K, committed 4992K, reserved 1048576K
}
Event: 16.249 GC heap after
{Heap after GC invocations=12 (full 0):
 garbage-first heap   total 78848K, used 34537K [0x00000000c0000000, 0x0000000100000000)
  region size 1024K, 3 young (3072K), 3 survivors (3072K)
 Metaspace       used 34832K, capacity 35768K, committed 35840K, reserved 1081344K
  class space    used 4552K, capacity 4929K, committed 4992K, reserved 1048576K
}
Event: 17.433 GC heap before
{Heap before GC invocations=13 (full 0):
 garbage-first heap   total 78848K, used 55017K [0x00000000c0000000, 0x0000000100000000)
  region size 1024K, 24 young (24576K), 3 survivors (3072K)
 Metaspace       used 37363K, capacity 38391K, committed 38528K, reserved 1083392K
  class space    used 4835K, capacity 5205K, committed 5248K, reserved 1048576K
}
Event: 17.456 GC heap after
{Heap after GC invocations=14 (full 0):
 garbage-first heap   total 78848K, used 37400K [0x00000000c0000000, 0x0000000100000000)
  region size 1024K, 3 young (3072K), 3 survivors (3072K)
 Metaspace       used 37363K, capacity 38391K, committed 38528K, reserved 1083392K
  class space    used 4835K, capacity 5205K, committed 5248K, reserved 1048576K
}
Event: 17.982 GC heap before
{Heap before GC invocations=14 (full 0):
 garbage-first heap   total 78848K, used 53784K [0x00000000c0000000, 0x0000000100000000)
  region size 1024K, 20 young (20480K), 3 survivors (3072K)
 Metaspace       used 37913K, capacity 38928K, committed 39168K, reserved 1083392K
  class space    used 4888K, capacity 5274K, committed 5376K, reserved 1048576K
}
Event: 17.999 GC heap after
{Heap after GC invocations=15 (full 0):
 garbage-first heap   total 78848K, used 38668K [0x00000000c0000000, 0x0000000100000000)
  region size 1024K, 3 young (3072K), 3 survivors (3072K)
 Metaspace       used 37913K, capacity 38928K, committed 39168K, reserved 1083392K
  class space    used 4888K, capacity 5274K, committed 5376K, reserved 1048576K
}
Event: 19.179 GC heap before
{Heap before GC invocations=16 (full 0):
 garbage-first heap   total 78848K, used 62220K [0x00000000c0000000, 0x0000000100000000)
  region size 1024K, 23 young (23552K), 3 survivors (3072K)
 Metaspace       used 40732K, capacity 41794K, committed 41984K, reserved 1085440K
  class space    used 5196K, capacity 5548K, committed 5632K, reserved 1048576K
}
Event: 19.193 GC heap after
{Heap after GC invocations=17 (full 0):
 garbage-first heap   total 78848K, used 39410K [0x00000000c0000000, 0x0000000100000000)
  region size 1024K, 2 young (2048K), 2 survivors (2048K)
 Metaspace       used 40732K, capacity 41794K, committed 41984K, reserved 1085440K
  class space    used 5196K, capacity 5548K, committed 5632K, reserved 1048576K
}
Event: 20.042 GC heap before
{Heap before GC invocations=17 (full 0):
 garbage-first heap   total 78848K, used 58866K [0x00000000c0000000, 0x0000000100000000)
  region size 1024K, 22 young (22528K), 2 survivors (2048K)
 Metaspace       used 42217K, capacity 43289K, committed 43520K, reserved 1087488K
  class space    used 5413K, capacity 5830K, committed 5888K, reserved 1048576K
}
Event: 20.054 GC heap after
{Heap after GC invocations=18 (full 0):
 garbage-first heap   total 78848K, used 39994K [0x00000000c0000000, 0x0000000100000000)
  region size 1024K, 2 young (2048K), 2 survivors (2048K)
 Metaspace       used 42217K, capacity 43289K, committed 43520K, reserved 1087488K
  class space    used 5413K, capacity 5830K, committed 5888K, reserved 1048576K
}
Event: 20.467 GC heap before
{Heap before GC invocations=19 (full 0):
 garbage-first heap   total 78848K, used 42042K [0x00000000c0000000, 0x0000000100000000)
  region size 1024K, 5 young (5120K), 2 survivors (2048K)
 Metaspace       used 42528K, capacity 43648K, committed 43776K, reserved 1087488K
  class space    used 5449K, capacity 5844K, committed 5888K, reserved 1048576K
}
Event: 20.481 GC heap after
{Heap after GC invocations=20 (full 0):
 garbage-first heap   total 78848K, used 40660K [0x00000000c0000000, 0x0000000100000000)
  region size 1024K, 2 young (2048K), 2 survivors (2048K)
 Metaspace       used 42528K, capacity 43648K, committed 43776K, reserved 1087488K
  class space    used 5449K, capacity 5844K, committed 5888K, reserved 1048576K
}
Event: 21.397 GC heap before
{Heap before GC invocations=21 (full 0):
 garbage-first heap   total 78848K, used 57044K [0x00000000c0000000, 0x0000000100000000)
  region size 1024K, 16 young (16384K), 2 survivors (2048K)
 Metaspace       used 44889K, capacity 46047K, committed 46336K, reserved 1089536K
  class space    used 5871K, capacity 6303K, committed 6400K, reserved 1048576K
}

