# JRE version: OpenJDK Runtime Environment (11.0.11+9) (build 11.0.11+9-b60-7590822)
# Java VM: OpenJDK 64-Bit Server VM (11.0.11+9-b60-7590822, mixed mode, tiered, compressed oops, g1 gc, windows-amd64)
Heap:
 garbage-first heap   total 65536K, used 18875K [0x0000000080000000, 0x0000000100000000)
  region size 1024K, 5 young (5120K), 3 survivors (3072K)
 Metaspace       used 23553K, capacity 24088K, committed 24368K, reserved 1071104K
  class space    used 2981K, capacity 3169K, committed 3200K, reserved 1048576K
GC Heap History (14 events):
Event: 6.773 GC heap before
{Heap before GC invocations=0 (full 0):
 garbage-first heap   total 65536K, used 7168K [0x0000000080000000, 0x0000000100000000)
  region size 1024K, 7 young (7168K), 0 survivors (0K)
 Metaspace       used 6135K, capacity 6265K, committed 6528K, reserved 1056768K
  class space    used 536K, capacity 578K, committed 640K, reserved 1048576K
}
Event: 6.779 GC heap after
{Heap after GC invocations=1 (full 0):
 garbage-first heap   total 65536K, used 1383K [0x0000000080000000, 0x0000000100000000)
  region size 1024K, 1 young (1024K), 1 survivors (1024K)
 Metaspace       used 6135K, capacity 6265K, committed 6528K, reserved 1056768K
  class space    used 536K, capacity 578K, committed 640K, reserved 1048576K
}
Event: 10.452 GC heap before
{Heap before GC invocations=1 (full 0):
 garbage-first heap   total 65536K, used 45415K [0x0000000080000000, 0x0000000100000000)
  region size 1024K, 38 young (38912K), 1 survivors (1024K)
 Metaspace       used 10766K, capacity 11011K, committed 11264K, reserved 1058816K
  class space    used 1122K, capacity 1206K, committed 1280K, reserved 1048576K
}
Event: 10.471 GC heap after
{Heap after GC invocations=2 (full 0):
 garbage-first heap   total 65536K, used 9434K [0x0000000080000000, 0x0000000100000000)
  region size 1024K, 5 young (5120K), 5 survivors (5120K)
 Metaspace       used 10766K, capacity 11011K, committed 11264K, reserved 1058816K
  class space    used 1122K, capacity 1206K, committed 1280K, reserved 1048576K
}
Event: 11.227 GC heap before
{Heap before GC invocations=2 (full 0):
 garbage-first heap   total 65536K, used 24794K [0x0000000080000000, 0x0000000100000000)
  region size 1024K, 20 young (20480K), 5 survivors (5120K)
 Metaspace       used 10869K, capacity 11139K, committed 11264K, reserved 1058816K
  class space    used 1125K, capacity 1206K, committed 1280K, reserved 1048576K
}
Event: 11.262 GC heap after
{Heap after GC invocations=3 (full 0):
 garbage-first heap   total 65536K, used 13116K [0x0000000080000000, 0x0000000100000000)
  region size 1024K, 3 young (3072K), 3 survivors (3072K)
 Metaspace       used 10869K, capacity 11139K, committed 11264K, reserved 1058816K
  class space    used 1125K, capacity 1206K, committed 1280K, reserved 1048576K
}
Event: 14.971 GC heap before
{Heap before GC invocations=3 (full 0):
 garbage-first heap   total 65536K, used 34620K [0x0000000080000000, 0x0000000100000000)
  region size 1024K, 24 young (24576K), 3 survivors (3072K)
 Metaspace       used 14987K, capacity 15362K, committed 15488K, reserved 1062912K
  class space    used 1710K, capacity 1829K, committed 1920K, reserved 1048576K
}
Event: 14.984 GC heap after
{Heap after GC invocations=4 (full 0):
 garbage-first heap   total 65536K, used 15346K [0x0000000080000000, 0x0000000100000000)
  region size 1024K, 2 young (2048K), 2 survivors (2048K)
 Metaspace       used 14987K, capacity 15362K, committed 15488K, reserved 1062912K
  class space    used 1710K, capacity 1829K, committed 1920K, reserved 1048576K
}
Event: 19.286 GC heap before
{Heap before GC invocations=4 (full 0):
 garbage-first heap   total 65536K, used 38898K [0x0000000080000000, 0x0000000100000000)
  region size 1024K, 25 young (25600K), 2 survivors (2048K)
 Metaspace       used 19103K, capacity 19585K, committed 19712K, reserved 1067008K
  class space    used 2296K, capacity 2446K, committed 2560K, reserved 1048576K
}
Event: 19.300 GC heap after
{Heap after GC invocations=5 (full 0):
 garbage-first heap   total 65536K, used 16756K [0x0000000080000000, 0x0000000100000000)
  region size 1024K, 4 young (4096K), 4 survivors (4096K)
 Metaspace       used 19103K, capacity 19585K, committed 19712K, reserved 1067008K
  class space    used 2296K, capacity 2446K, committed 2560K, reserved 1048576K
}
Event: 20.827 GC heap before
{Heap before GC invocations=5 (full 0):
 garbage-first heap   total 65536K, used 26996K [0x0000000080000000, 0x0000000100000000)
  region size 1024K, 16 young (16384K), 4 survivors (4096K)
 Metaspace       used 20611K, capacity 21125K, committed 21296K, reserved 1069056K
  class space    used 2503K, capacity 2667K, committed 2688K, reserved 1048576K
}
Event: 20.844 GC heap after
{Heap after GC invocations=6 (full 0):
 garbage-first heap   total 65536K, used 17278K [0x0000000080000000, 0x0000000100000000)
  region size 1024K, 2 young (2048K), 2 survivors (2048K)
 Metaspace       used 20611K, capacity 21125K, committed 21296K, reserved 1069056K
  class space    used 2503K, capacity 2667K, committed 2688K, reserved 1048576K
}
Event: 23.603 GC heap before
{Heap before GC invocations=7 (full 0):
 garbage-first heap   total 65536K, used 42878K [0x0000000080000000, 0x0000000100000000)
  region size 1024K, 27 young (27648K), 2 survivors (2048K)
 Metaspace       used 23383K, capacity 23955K, committed 24112K, reserved 1071104K
  class space    used 2951K, capacity 3167K, committed 3200K, reserved 1048576K
}
Event: 23.617 GC heap after
{Heap after GC invocations=8 (full 0):
 garbage-first heap   total 65536K, used 17851K [0x0000000080000000, 0x0000000100000000)
  region size 1024K, 3 young (3072K), 3 survivors (3072K)
 Metaspace       used 23383K, capacity 23955K, committed 24112K, reserved 1071104K
  class space    used 2951K, capacity 3167K, committed 3200K, reserved 1048576K
}

