# JRE version: OpenJDK Runtime Environment (11.0.11+9) (build 11.0.11+9-b60-7590822)
# Java VM: OpenJDK 64-Bit Server VM (11.0.11+9-b60-7590822, mixed mode, tiered, compressed oops, g1 gc, windows-amd64)
Heap:
 garbage-first heap   total 154624K, used 116911K [0x00000000e0000000, 0x0000000100000000)
  region size 1024K, 1 young (1024K), 1 survivors (1024K)
 Metaspace       used 98977K, capacity 101124K, committed 101372K, reserved 1136640K
  class space    used 12569K, capacity 13366K, committed 13440K, reserved 1048576K
GC Heap History (20 events):
Event: 189.088 GC heap after
{Heap after GC invocations=248 (full 0):
 garbage-first heap   total 131072K, used 108533K [0x00000000e0000000, 0x0000000100000000)
  region size 1024K, 1 young (1024K), 1 survivors (1024K)
 Metaspace       used 99000K, capacity 101144K, committed 101372K, reserved 1136640K
  class space    used 12576K, capacity 13354K, committed 13440K, reserved 1048576K
}
Event: 189.124 GC heap before
{Heap before GC invocations=248 (full 0):
 garbage-first heap   total 131072K, used 113653K [0x00000000e0000000, 0x0000000100000000)
  region size 1024K, 6 young (6144K), 1 survivors (1024K)
 Metaspace       used 99001K, capacity 101144K, committed 101372K, reserved 1136640K
  class space    used 12576K, capacity 13354K, committed 13440K, reserved 1048576K
}
Event: 189.136 GC heap after
{Heap after GC invocations=249 (full 0):
 garbage-first heap   total 131072K, used 109734K [0x00000000e0000000, 0x0000000100000000)
  region size 1024K, 1 young (1024K), 1 survivors (1024K)
 Metaspace       used 99001K, capacity 101144K, committed 101372K, reserved 1136640K
  class space    used 12576K, capacity 13354K, committed 13440K, reserved 1048576K
}
Event: 189.240 GC heap before
{Heap before GC invocations=249 (full 0):
 garbage-first heap   total 131072K, used 114854K [0x00000000e0000000, 0x0000000100000000)
  region size 1024K, 6 young (6144K), 1 survivors (1024K)
 Metaspace       used 99002K, capacity 101144K, committed 101372K, reserved 1136640K
  class space    used 12576K, capacity 13354K, committed 13440K, reserved 1048576K
}
Event: 189.254 GC heap after
{Heap after GC invocations=250 (full 0):
 garbage-first heap   total 131072K, used 110765K [0x00000000e0000000, 0x0000000100000000)
  region size 1024K, 1 young (1024K), 1 survivors (1024K)
 Metaspace       used 99002K, capacity 101144K, committed 101372K, reserved 1136640K
  class space    used 12576K, capacity 13354K, committed 13440K, reserved 1048576K
}
Event: 190.064 GC heap before
{Heap before GC invocations=251 (full 0):
 garbage-first heap   total 131072K, used 115885K [0x00000000e0000000, 0x0000000100000000)
  region size 1024K, 6 young (6144K), 1 survivors (1024K)
 Metaspace       used 98971K, capacity 101092K, committed 101372K, reserved 1136640K
  class space    used 12566K, capacity 13334K, committed 13440K, reserved 1048576K
}
Event: 190.078 GC heap after
{Heap after GC invocations=252 (full 0):
 garbage-first heap   total 131072K, used 111987K [0x00000000e0000000, 0x0000000100000000)
  region size 1024K, 1 young (1024K), 1 survivors (1024K)
 Metaspace       used 98971K, capacity 101092K, committed 101372K, reserved 1136640K
  class space    used 12566K, capacity 13334K, committed 13440K, reserved 1048576K
}
Event: 190.289 GC heap before
{Heap before GC invocations=252 (full 0):
 garbage-first heap   total 131072K, used 117107K [0x00000000e0000000, 0x0000000100000000)
  region size 1024K, 6 young (6144K), 1 survivors (1024K)
 Metaspace       used 98972K, capacity 101092K, committed 101372K, reserved 1136640K
  class space    used 12566K, capacity 13334K, committed 13440K, reserved 1048576K
}
Event: 190.308 GC heap after
{Heap after GC invocations=253 (full 0):
 garbage-first heap   total 131072K, used 110773K [0x00000000e0000000, 0x0000000100000000)
  region size 1024K, 1 young (1024K), 1 survivors (1024K)
 Metaspace       used 98972K, capacity 101092K, committed 101372K, reserved 1136640K
  class space    used 12566K, capacity 13334K, committed 13440K, reserved 1048576K
}
Event: 190.402 GC heap before
{Heap before GC invocations=253 (full 0):
 garbage-first heap   total 131072K, used 115893K [0x00000000e0000000, 0x0000000100000000)
  region size 1024K, 6 young (6144K), 1 survivors (1024K)
 Metaspace       used 98972K, capacity 101092K, committed 101372K, reserved 1136640K
  class space    used 12566K, capacity 13334K, committed 13440K, reserved 1048576K
}
Event: 190.417 GC heap after
{Heap after GC invocations=254 (full 0):
 garbage-first heap   total 131072K, used 112300K [0x00000000e0000000, 0x0000000100000000)
  region size 1024K, 1 young (1024K), 1 survivors (1024K)
 Metaspace       used 98972K, capacity 101092K, committed 101372K, reserved 1136640K
  class space    used 12566K, capacity 13334K, committed 13440K, reserved 1048576K
}
Event: 190.551 GC heap before
{Heap before GC invocations=254 (full 0):
 garbage-first heap   total 131072K, used 117420K [0x00000000e0000000, 0x0000000100000000)
  region size 1024K, 6 young (6144K), 1 survivors (1024K)
 Metaspace       used 98972K, capacity 101092K, committed 101372K, reserved 1136640K
  class space    used 12566K, capacity 13334K, committed 13440K, reserved 1048576K
}
Event: 190.564 GC heap after
{Heap after GC invocations=255 (full 0):
 garbage-first heap   total 131072K, used 113422K [0x00000000e0000000, 0x0000000100000000)
  region size 1024K, 1 young (1024K), 1 survivors (1024K)
 Metaspace       used 98972K, capacity 101092K, committed 101372K, reserved 1136640K
  class space    used 12566K, capacity 13334K, committed 13440K, reserved 1048576K
}
Event: 190.728 GC heap before
{Heap before GC invocations=255 (full 0):
 garbage-first heap   total 131072K, used 118542K [0x00000000e0000000, 0x0000000100000000)
  region size 1024K, 6 young (6144K), 1 survivors (1024K)
 Metaspace       used 98973K, capacity 101092K, committed 101372K, reserved 1136640K
  class space    used 12566K, capacity 13334K, committed 13440K, reserved 1048576K
}
Event: 190.743 GC heap after
{Heap after GC invocations=256 (full 0):
 garbage-first heap   total 131072K, used 114513K [0x00000000e0000000, 0x0000000100000000)
  region size 1024K, 1 young (1024K), 1 survivors (1024K)
 Metaspace       used 98973K, capacity 101092K, committed 101372K, reserved 1136640K
  class space    used 12566K, capacity 13334K, committed 13440K, reserved 1048576K
}
Event: 191.585 GC heap before
{Heap before GC invocations=257 (full 0):
 garbage-first heap   total 131072K, used 119633K [0x00000000e0000000, 0x0000000100000000)
  region size 1024K, 6 young (6144K), 1 survivors (1024K)
 Metaspace       used 98977K, capacity 101124K, committed 101372K, reserved 1136640K
  class space    used 12569K, capacity 13366K, committed 13440K, reserved 1048576K
}
Event: 191.602 GC heap after
{Heap after GC invocations=258 (full 0):
 garbage-first heap   total 131072K, used 115560K [0x00000000e0000000, 0x0000000100000000)
  region size 1024K, 1 young (1024K), 1 survivors (1024K)
 Metaspace       used 98977K, capacity 101124K, committed 101372K, reserved 1136640K
  class space    used 12569K, capacity 13366K, committed 13440K, reserved 1048576K
}
Event: 191.637 GC heap before
{Heap before GC invocations=258 (full 0):
 garbage-first heap   total 131072K, used 120680K [0x00000000e0000000, 0x0000000100000000)
  region size 1024K, 6 young (6144K), 1 survivors (1024K)
 Metaspace       used 98977K, capacity 101124K, committed 101372K, reserved 1136640K
  class space    used 12569K, capacity 13366K, committed 13440K, reserved 1048576K
}
Event: 191.661 GC heap after
{Heap after GC invocations=259 (full 0):
 garbage-first heap   total 131072K, used 115699K [0x00000000e0000000, 0x0000000100000000)
  region size 1024K, 1 young (1024K), 1 survivors (1024K)
 Metaspace       used 98977K, capacity 101124K, committed 101372K, reserved 1136640K
  class space    used 12569K, capacity 13366K, committed 13440K, reserved 1048576K
}
Event: 191.809 GC heap before
{Heap before GC invocations=259 (full 0):
 garbage-first heap   total 131072K, used 120819K [0x00000000e0000000, 0x0000000100000000)
  region size 1024K, 6 young (6144K), 1 survivors (1024K)
 Metaspace       used 98977K, capacity 101124K, committed 101372K, reserved 1136640K
  class space    used 12569K, capacity 13366K, committed 13440K, reserved 1048576K
}

