# JRE version: OpenJDK Runtime Environment (11.0.11+9) (build 11.0.11+9-b60-7590822)
# Java VM: OpenJDK 64-Bit Server VM (11.0.11+9-b60-7590822, mixed mode, tiered, compressed oops, g1 gc, windows-amd64)
Heap:
 garbage-first heap   total 78848K, used 23211K [0x00000000c0800000, 0x0000000100000000)
  region size 1024K, 3 young (3072K), 3 survivors (3072K)
 Metaspace       used 39574K, capacity 40045K, committed 40220K, reserved 1085440K
  class space    used 4788K, capacity 4976K, committed 5068K, reserved 1048576K
GC Heap History (11 events):
Event: 1.303 GC heap before
{Heap before GC invocations=0 (full 0):
 garbage-first heap   total 65536K, used 9216K [0x00000000c0800000, 0x0000000100000000)
  region size 1024K, 7 young (7168K), 0 survivors (0K)
 Metaspace       used 6960K, capacity 7052K, committed 7296K, reserved 1056768K
  class space    used 596K, capacity 627K, committed 640K, reserved 1048576K
}
Event: 1.311 GC heap after
{Heap after GC invocations=1 (full 0):
 garbage-first heap   total 65536K, used 4946K [0x00000000c0800000, 0x0000000100000000)
  region size 1024K, 1 young (1024K), 1 survivors (1024K)
 Metaspace       used 6960K, capacity 7052K, committed 7296K, reserved 1056768K
  class space    used 596K, capacity 627K, committed 640K, reserved 1048576K
}
Event: 3.856 GC heap before
{Heap before GC invocations=1 (full 0):
 garbage-first heap   total 65536K, used 43858K [0x00000000c0800000, 0x0000000100000000)
  region size 1024K, 38 young (38912K), 1 survivors (1024K)
 Metaspace       used 15608K, capacity 15776K, committed 16000K, reserved 1062912K
  class space    used 1518K, capacity 1546K, committed 1664K, reserved 1048576K
}
Event: 3.885 GC heap after
{Heap after GC invocations=2 (full 0):
 garbage-first heap   total 65536K, used 8203K [0x00000000c0800000, 0x0000000100000000)
  region size 1024K, 5 young (5120K), 5 survivors (5120K)
 Metaspace       used 15608K, capacity 15776K, committed 16000K, reserved 1062912K
  class space    used 1518K, capacity 1546K, committed 1664K, reserved 1048576K
}
Event: 6.489 GC heap before
{Heap before GC invocations=2 (full 0):
 garbage-first heap   total 65536K, used 22539K [0x00000000c0800000, 0x0000000100000000)
  region size 1024K, 21 young (21504K), 5 survivors (5120K)
 Metaspace       used 20909K, capacity 21146K, committed 21296K, reserved 1069056K
  class space    used 2251K, capacity 2347K, committed 2432K, reserved 1048576K
}
Event: 6.513 GC heap after
{Heap after GC invocations=3 (full 0):
 garbage-first heap   total 65536K, used 9378K [0x00000000c0800000, 0x0000000100000000)
  region size 1024K, 2 young (2048K), 2 survivors (2048K)
 Metaspace       used 20909K, capacity 21146K, committed 21296K, reserved 1069056K
  class space    used 2251K, capacity 2347K, committed 2432K, reserved 1048576K
}
Event: 10.159 GC heap before
{Heap before GC invocations=4 (full 0):
 garbage-first heap   total 65536K, used 46242K [0x00000000c0800000, 0x0000000100000000)
  region size 1024K, 35 young (35840K), 2 survivors (2048K)
 Metaspace       used 31271K, capacity 31744K, committed 32048K, reserved 1077248K
  class space    used 3733K, capacity 3940K, committed 3968K, reserved 1048576K
}
Event: 10.175 GC heap after
{Heap after GC invocations=5 (full 0):
 garbage-first heap   total 65536K, used 14652K [0x00000000c0800000, 0x0000000100000000)
  region size 1024K, 4 young (4096K), 4 survivors (4096K)
 Metaspace       used 31271K, capacity 31744K, committed 32048K, reserved 1077248K
  class space    used 3733K, capacity 3940K, committed 3968K, reserved 1048576K
}
Event: 12.298 GC heap before
{Heap before GC invocations=5 (full 0):
 garbage-first heap   total 65536K, used 46396K [0x00000000c0800000, 0x0000000100000000)
  region size 1024K, 34 young (34816K), 4 survivors (4096K)
 Metaspace       used 35340K, capacity 35782K, committed 35920K, reserved 1081344K
  class space    used 4384K, capacity 4582K, committed 4608K, reserved 1048576K
}
Event: 12.352 GC heap after
{Heap after GC invocations=6 (full 0):
 garbage-first heap   total 65536K, used 22251K [0x00000000c0800000, 0x0000000100000000)
  region size 1024K, 5 young (5120K), 5 survivors (5120K)
 Metaspace       used 35340K, capacity 35782K, committed 35920K, reserved 1081344K
  class space    used 4384K, capacity 4582K, committed 4608K, reserved 1048576K
}
Event: 13.716 GC heap before
{Heap before GC invocations=7 (full 0):
 garbage-first heap   total 65536K, used 46827K [0x00000000c0800000, 0x0000000100000000)
  region size 1024K, 30 young (30720K), 5 survivors (5120K)
 Metaspace       used 39574K, capacity 40045K, committed 40220K, reserved 1085440K
  class space    used 4788K, capacity 4976K, committed 5068K, reserved 1048576K
}

