# JRE version: OpenJDK Runtime Environment (11.0.11+9) (build 11.0.11+9-b60-7590822)
# Java VM: OpenJDK 64-Bit Server VM (11.0.11+9-b60-7590822, mixed mode, tiered, compressed oops, g1 gc, windows-amd64)
Heap:
 garbage-first heap   total 65536K, used 27340K [0x0000000080000000, 0x0000000100000000)
  region size 1024K, 12 young (12288K), 1 survivors (1024K)
 Metaspace       used 21829K, capacity 22464K, committed 22704K, reserved 1069056K
  class space    used 2731K, capacity 2947K, committed 3072K, reserved 1048576K
GC Heap History (10 events):
Event: 10.777 GC heap before
{Heap before GC invocations=0 (full 0):
 garbage-first heap   total 65536K, used 7168K [0x0000000080000000, 0x0000000100000000)
  region size 1024K, 7 young (7168K), 0 survivors (0K)
 Metaspace       used 6136K, capacity 6261K, committed 6528K, reserved 1056768K
  class space    used 536K, capacity 578K, committed 640K, reserved 1048576K
}
Event: 10.936 GC heap after
{Heap after GC invocations=1 (full 0):
 garbage-first heap   total 65536K, used 1381K [0x0000000080000000, 0x0000000100000000)
  region size 1024K, 1 young (1024K), 1 survivors (1024K)
 Metaspace       used 6136K, capacity 6261K, committed 6528K, reserved 1056768K
  class space    used 536K, capacity 578K, committed 640K, reserved 1048576K
}
Event: 16.635 GC heap before
{Heap before GC invocations=1 (full 0):
 garbage-first heap   total 65536K, used 45413K [0x0000000080000000, 0x0000000100000000)
  region size 1024K, 38 young (38912K), 1 survivors (1024K)
 Metaspace       used 10752K, capacity 11007K, committed 11264K, reserved 1058816K
  class space    used 1122K, capacity 1206K, committed 1280K, reserved 1048576K
}
Event: 16.654 GC heap after
{Heap after GC invocations=2 (full 0):
 garbage-first heap   total 65536K, used 9754K [0x0000000080000000, 0x0000000100000000)
  region size 1024K, 5 young (5120K), 5 survivors (5120K)
 Metaspace       used 10752K, capacity 11007K, committed 11264K, reserved 1058816K
  class space    used 1122K, capacity 1206K, committed 1280K, reserved 1048576K
}
Event: 17.897 GC heap before
{Heap before GC invocations=2 (full 0):
 garbage-first heap   total 65536K, used 30234K [0x0000000080000000, 0x0000000100000000)
  region size 1024K, 25 young (25600K), 5 survivors (5120K)
 Metaspace       used 10928K, capacity 11255K, committed 11520K, reserved 1058816K
  class space    used 1144K, capacity 1246K, committed 1280K, reserved 1048576K
}
Event: 17.914 GC heap after
{Heap after GC invocations=3 (full 0):
 garbage-first heap   total 65536K, used 13585K [0x0000000080000000, 0x0000000100000000)
  region size 1024K, 4 young (4096K), 4 survivors (4096K)
 Metaspace       used 10928K, capacity 11255K, committed 11520K, reserved 1058816K
  class space    used 1144K, capacity 1246K, committed 1280K, reserved 1048576K
}
Event: 24.814 GC heap before
{Heap before GC invocations=3 (full 0):
 garbage-first heap   total 65536K, used 40209K [0x0000000080000000, 0x0000000100000000)
  region size 1024K, 30 young (30720K), 4 survivors (4096K)
 Metaspace       used 17646K, capacity 18121K, committed 18432K, reserved 1064960K
  class space    used 2063K, capacity 2215K, committed 2304K, reserved 1048576K
}
Event: 24.835 GC heap after
{Heap after GC invocations=4 (full 0):
 garbage-first heap   total 65536K, used 16304K [0x0000000080000000, 0x0000000100000000)
  region size 1024K, 3 young (3072K), 3 survivors (3072K)
 Metaspace       used 17646K, capacity 18121K, committed 18432K, reserved 1064960K
  class space    used 2063K, capacity 2215K, committed 2304K, reserved 1048576K
}
Event: 27.240 GC heap before
{Heap before GC invocations=4 (full 0):
 garbage-first heap   total 65536K, used 40880K [0x0000000080000000, 0x0000000100000000)
  region size 1024K, 28 young (28672K), 3 survivors (3072K)
 Metaspace       used 20583K, capacity 21121K, committed 21296K, reserved 1069056K
  class space    used 2501K, capacity 2667K, committed 2688K, reserved 1048576K
}
Event: 27.256 GC heap after
{Heap after GC invocations=5 (full 0):
 garbage-first heap   total 65536K, used 17100K [0x0000000080000000, 0x0000000100000000)
  region size 1024K, 1 young (1024K), 1 survivors (1024K)
 Metaspace       used 20583K, capacity 21121K, committed 21296K, reserved 1069056K
  class space    used 2501K, capacity 2667K, committed 2688K, reserved 1048576K
}

