# JRE version: OpenJDK Runtime Environment (11.0.11+9) (build 11.0.11+9-b60-7590822)
# Java VM: OpenJDK 64-Bit Server VM (11.0.11+9-b60-7590822, mixed mode, tiered, compressed oops, g1 gc, windows-amd64)
Heap:
 garbage-first heap   total 195584K, used 88869K [0x00000000e0000000, 0x0000000100000000)
  region size 1024K, 2 young (2048K), 2 survivors (2048K)
 Metaspace       used 89507K, capacity 91665K, committed 91772K, reserved 1128448K
  class space    used 11440K, capacity 12195K, committed 12288K, reserved 1048576K
GC Heap History (20 events):
Event: 129.636 GC heap after
{Heap after GC invocations=190 (full 0):
 garbage-first heap   total 95232K, used 85481K [0x00000000e0000000, 0x0000000100000000)
  region size 1024K, 1 young (1024K), 1 survivors (1024K)
 Metaspace       used 87558K, capacity 89646K, committed 89724K, reserved 1126400K
  class space    used 11226K, capacity 11991K, committed 12032K, reserved 1048576K
}
Event: 129.837 GC heap before
{Heap before GC invocations=190 (full 0):
 garbage-first heap   total 95232K, used 88553K [0x00000000e0000000, 0x0000000100000000)
  region size 1024K, 4 young (4096K), 1 survivors (1024K)
 Metaspace       used 87751K, capacity 89806K, committed 89980K, reserved 1128448K
  class space    used 11249K, capacity 12023K, committed 12032K, reserved 1048576K
}
Event: 129.845 GC heap after
{Heap after GC invocations=191 (full 0):
 garbage-first heap   total 95232K, used 85557K [0x00000000e0000000, 0x0000000100000000)
  region size 1024K, 1 young (1024K), 1 survivors (1024K)
 Metaspace       used 87751K, capacity 89806K, committed 89980K, reserved 1128448K
  class space    used 11249K, capacity 12023K, committed 12032K, reserved 1048576K
}
Event: 130.070 GC heap before
{Heap before GC invocations=191 (full 0):
 garbage-first heap   total 95232K, used 88629K [0x00000000e0000000, 0x0000000100000000)
  region size 1024K, 4 young (4096K), 1 survivors (1024K)
 Metaspace       used 87903K, capacity 89966K, committed 90108K, reserved 1128448K
  class space    used 11273K, capacity 12055K, committed 12160K, reserved 1048576K
}
Event: 130.078 GC heap after
{Heap after GC invocations=192 (full 0):
 garbage-first heap   total 95232K, used 85604K [0x00000000e0000000, 0x0000000100000000)
  region size 1024K, 1 young (1024K), 1 survivors (1024K)
 Metaspace       used 87903K, capacity 89966K, committed 90108K, reserved 1128448K
  class space    used 11273K, capacity 12055K, committed 12160K, reserved 1048576K
}
Event: 130.240 GC heap before
{Heap before GC invocations=193 (full 0):
 garbage-first heap   total 95232K, used 88676K [0x00000000e0000000, 0x0000000100000000)
  region size 1024K, 4 young (4096K), 1 survivors (1024K)
 Metaspace       used 88056K, capacity 90094K, committed 90364K, reserved 1128448K
  class space    used 11293K, capacity 12055K, committed 12160K, reserved 1048576K
}
Event: 130.246 GC heap after
{Heap after GC invocations=194 (full 0):
 garbage-first heap   total 95232K, used 85639K [0x00000000e0000000, 0x0000000100000000)
  region size 1024K, 1 young (1024K), 1 survivors (1024K)
 Metaspace       used 88056K, capacity 90094K, committed 90364K, reserved 1128448K
  class space    used 11293K, capacity 12055K, committed 12160K, reserved 1048576K
}
Event: 130.431 GC heap before
{Heap before GC invocations=194 (full 0):
 garbage-first heap   total 95232K, used 87687K [0x00000000e0000000, 0x0000000100000000)
  region size 1024K, 4 young (4096K), 1 survivors (1024K)
 Metaspace       used 88185K, capacity 90254K, committed 90364K, reserved 1128448K
  class space    used 11309K, capacity 12087K, committed 12160K, reserved 1048576K
}
Event: 130.438 GC heap after
{Heap after GC invocations=195 (full 0):
 garbage-first heap   total 95232K, used 85852K [0x00000000e0000000, 0x0000000100000000)
  region size 1024K, 1 young (1024K), 1 survivors (1024K)
 Metaspace       used 88185K, capacity 90254K, committed 90364K, reserved 1128448K
  class space    used 11309K, capacity 12087K, committed 12160K, reserved 1048576K
}
Event: 130.571 GC heap before
{Heap before GC invocations=195 (full 0):
 garbage-first heap   total 95232K, used 87900K [0x00000000e0000000, 0x0000000100000000)
  region size 1024K, 4 young (4096K), 1 survivors (1024K)
 Metaspace       used 88392K, capacity 90446K, committed 90620K, reserved 1128448K
  class space    used 11332K, capacity 12087K, committed 12160K, reserved 1048576K
}
Event: 130.579 GC heap after
{Heap after GC invocations=196 (full 0):
 garbage-first heap   total 95232K, used 86067K [0x00000000e0000000, 0x0000000100000000)
  region size 1024K, 1 young (1024K), 1 survivors (1024K)
 Metaspace       used 88392K, capacity 90446K, committed 90620K, reserved 1128448K
  class space    used 11332K, capacity 12087K, committed 12160K, reserved 1048576K
}
Event: 130.743 GC heap before
{Heap before GC invocations=196 (full 0):
 garbage-first heap   total 95232K, used 89139K [0x00000000e0000000, 0x0000000100000000)
  region size 1024K, 4 young (4096K), 1 survivors (1024K)
 Metaspace       used 88627K, capacity 90670K, committed 90876K, reserved 1128448K
  class space    used 11358K, capacity 12119K, committed 12160K, reserved 1048576K
}
Event: 130.779 GC heap after
{Heap after GC invocations=197 (full 0):
 garbage-first heap   total 112640K, used 86040K [0x00000000e0000000, 0x0000000100000000)
  region size 1024K, 1 young (1024K), 1 survivors (1024K)
 Metaspace       used 88627K, capacity 90670K, committed 90876K, reserved 1128448K
  class space    used 11358K, capacity 12119K, committed 12160K, reserved 1048576K
}
Event: 131.536 GC heap before
{Heap before GC invocations=198 (full 0):
 garbage-first heap   total 112640K, used 92184K [0x00000000e0000000, 0x0000000100000000)
  region size 1024K, 8 young (8192K), 1 survivors (1024K)
 Metaspace       used 88890K, capacity 90894K, committed 91132K, reserved 1128448K
  class space    used 11388K, capacity 12151K, committed 12160K, reserved 1048576K
}
Event: 131.563 GC heap after
{Heap after GC invocations=199 (full 0):
 garbage-first heap   total 112640K, used 86486K [0x00000000e0000000, 0x0000000100000000)
  region size 1024K, 1 young (1024K), 1 survivors (1024K)
 Metaspace       used 88890K, capacity 90894K, committed 91132K, reserved 1128448K
  class space    used 11388K, capacity 12151K, committed 12160K, reserved 1048576K
}
Event: 132.505 GC heap before
{Heap before GC invocations=199 (full 0):
 garbage-first heap   total 112640K, used 93654K [0x00000000e0000000, 0x0000000100000000)
  region size 1024K, 9 young (9216K), 1 survivors (1024K)
 Metaspace       used 89049K, capacity 91157K, committed 91388K, reserved 1128448K
  class space    used 11388K, capacity 12151K, committed 12160K, reserved 1048576K
}
Event: 132.537 GC heap after
{Heap after GC invocations=200 (full 0):
 garbage-first heap   total 112640K, used 87468K [0x00000000e0000000, 0x0000000100000000)
  region size 1024K, 2 young (2048K), 2 survivors (2048K)
 Metaspace       used 89049K, capacity 91157K, committed 91388K, reserved 1128448K
  class space    used 11388K, capacity 12151K, committed 12160K, reserved 1048576K
}
Event: 134.005 GC heap before
{Heap before GC invocations=201 (full 0):
 garbage-first heap   total 112640K, used 94636K [0x00000000e0000000, 0x0000000100000000)
  region size 1024K, 9 young (9216K), 2 survivors (2048K)
 Metaspace       used 89173K, capacity 91285K, committed 91388K, reserved 1128448K
  class space    used 11396K, capacity 12151K, committed 12160K, reserved 1048576K
}
Event: 134.045 GC heap after
{Heap after GC invocations=202 (full 0):
 garbage-first heap   total 112640K, used 88422K [0x00000000e0000000, 0x0000000100000000)
  region size 1024K, 2 young (2048K), 2 survivors (2048K)
 Metaspace       used 89173K, capacity 91285K, committed 91388K, reserved 1128448K
  class space    used 11396K, capacity 12151K, committed 12160K, reserved 1048576K
}
Event: 135.038 GC heap before
{Heap before GC invocations=202 (full 0):
 garbage-first heap   total 112640K, used 94566K [0x00000000e0000000, 0x0000000100000000)
  region size 1024K, 9 young (9216K), 2 survivors (2048K)
 Metaspace       used 89507K, capacity 91665K, committed 91772K, reserved 1128448K
  class space    used 11440K, capacity 12195K, committed 12288K, reserved 1048576K
}

