# JRE version: OpenJDK Runtime Environment (11.0.11+9) (build 11.0.11+9-b60-7590822)
# Java VM: OpenJDK 64-Bit Server VM (11.0.11+9-b60-7590822, mixed mode, tiered, compressed oops, g1 gc, windows-amd64)
Heap:
 garbage-first heap   total 78848K, used 54679K [0x00000000c0000000, 0x0000000100000000)
  region size 1024K, 15 young (15360K), 2 survivors (2048K)
 Metaspace       used 45934K, capacity 47171K, committed 47304K, reserved 1089536K
  class space    used 5966K, capacity 6426K, committed 6528K, reserved 1048576K
GC Heap History (20 events):
Event: 32.398 GC heap before
{Heap before GC invocations=20 (full 0):
 garbage-first heap   total 65536K, used 53444K [0x00000000c0000000, 0x0000000100000000)
  region size 1024K, 14 young (14336K), 1 survivors (1024K)
 Metaspace       used 40129K, capacity 41189K, committed 41416K, reserved 1085440K
  class space    used 5094K, capacity 5474K, committed 5504K, reserved 1048576K
}
Event: 32.406 GC heap after
{Heap after GC invocations=21 (full 0):
 garbage-first heap   total 65536K, used 37972K [0x00000000c0000000, 0x0000000100000000)
  region size 1024K, 2 young (2048K), 2 survivors (2048K)
 Metaspace       used 40129K, capacity 41189K, committed 41416K, reserved 1085440K
  class space    used 5094K, capacity 5474K, committed 5504K, reserved 1048576K
}
Event: 33.240 GC heap before
{Heap before GC invocations=21 (full 0):
 garbage-first heap   total 65536K, used 50260K [0x00000000c0000000, 0x0000000100000000)
  region size 1024K, 15 young (15360K), 2 survivors (2048K)
 Metaspace       used 41183K, capacity 42194K, committed 42312K, reserved 1085440K
  class space    used 5260K, capacity 5620K, committed 5632K, reserved 1048576K
}
Event: 33.252 GC heap after
{Heap after GC invocations=22 (full 0):
 garbage-first heap   total 65536K, used 38400K [0x00000000c0000000, 0x0000000100000000)
  region size 1024K, 2 young (2048K), 2 survivors (2048K)
 Metaspace       used 41183K, capacity 42194K, committed 42312K, reserved 1085440K
  class space    used 5260K, capacity 5620K, committed 5632K, reserved 1048576K
}
Event: 34.348 GC heap before
{Heap before GC invocations=23 (full 0):
 garbage-first heap   total 65536K, used 51712K [0x00000000c0000000, 0x0000000100000000)
  region size 1024K, 15 young (15360K), 2 survivors (2048K)
 Metaspace       used 42244K, capacity 43387K, committed 43592K, reserved 1087488K
  class space    used 5414K, capacity 5824K, committed 5888K, reserved 1048576K
}
Event: 34.359 GC heap after
{Heap after GC invocations=24 (full 0):
 garbage-first heap   total 65536K, used 38950K [0x00000000c0000000, 0x0000000100000000)
  region size 1024K, 1 young (1024K), 1 survivors (1024K)
 Metaspace       used 42244K, capacity 43387K, committed 43592K, reserved 1087488K
  class space    used 5414K, capacity 5824K, committed 5888K, reserved 1048576K
}
Event: 35.277 GC heap before
{Heap before GC invocations=24 (full 0):
 garbage-first heap   total 65536K, used 52262K [0x00000000c0000000, 0x0000000100000000)
  region size 1024K, 14 young (14336K), 1 survivors (1024K)
 Metaspace       used 44600K, capacity 45724K, committed 45768K, reserved 1089536K
  class space    used 5844K, capacity 6264K, committed 6272K, reserved 1048576K
}
Event: 35.288 GC heap after
{Heap after GC invocations=25 (full 0):
 garbage-first heap   total 65536K, used 39916K [0x00000000c0000000, 0x0000000100000000)
  region size 1024K, 2 young (2048K), 2 survivors (2048K)
 Metaspace       used 44600K, capacity 45724K, committed 45768K, reserved 1089536K
  class space    used 5844K, capacity 6264K, committed 6272K, reserved 1048576K
}
Event: 36.061 GC heap before
{Heap before GC invocations=26 (full 0):
 garbage-first heap   total 65536K, used 52204K [0x00000000c0000000, 0x0000000100000000)
  region size 1024K, 14 young (14336K), 2 survivors (2048K)
 Metaspace       used 45054K, capacity 46213K, committed 46408K, reserved 1089536K
  class space    used 5877K, capacity 6299K, committed 6400K, reserved 1048576K
}
Event: 36.076 GC heap after
{Heap after GC invocations=27 (full 0):
 garbage-first heap   total 65536K, used 40692K [0x00000000c0000000, 0x0000000100000000)
  region size 1024K, 2 young (2048K), 2 survivors (2048K)
 Metaspace       used 45054K, capacity 46213K, committed 46408K, reserved 1089536K
  class space    used 5877K, capacity 6299K, committed 6400K, reserved 1048576K
}
Event: 36.340 GC heap before
{Heap before GC invocations=27 (full 0):
 garbage-first heap   total 65536K, used 52980K [0x00000000c0000000, 0x0000000100000000)
  region size 1024K, 14 young (14336K), 2 survivors (2048K)
 Metaspace       used 45116K, capacity 46277K, committed 46408K, reserved 1089536K
  class space    used 5879K, capacity 6299K, committed 6400K, reserved 1048576K
}
Event: 36.354 GC heap after
{Heap after GC invocations=28 (full 0):
 garbage-first heap   total 65536K, used 40935K [0x00000000c0000000, 0x0000000100000000)
  region size 1024K, 1 young (1024K), 1 survivors (1024K)
 Metaspace       used 45116K, capacity 46277K, committed 46408K, reserved 1089536K
  class space    used 5879K, capacity 6299K, committed 6400K, reserved 1048576K
}
Event: 36.764 GC heap before
{Heap before GC invocations=29 (full 0):
 garbage-first heap   total 65536K, used 53223K [0x00000000c0000000, 0x0000000100000000)
  region size 1024K, 13 young (13312K), 1 survivors (1024K)
 Metaspace       used 45156K, capacity 46341K, committed 46664K, reserved 1089536K
  class space    used 5879K, capacity 6299K, committed 6400K, reserved 1048576K
}
Event: 36.776 GC heap after
{Heap after GC invocations=30 (full 0):
 garbage-first heap   total 65536K, used 41350K [0x00000000c0000000, 0x0000000100000000)
  region size 1024K, 2 young (2048K), 2 survivors (2048K)
 Metaspace       used 45156K, capacity 46341K, committed 46664K, reserved 1089536K
  class space    used 5879K, capacity 6299K, committed 6400K, reserved 1048576K
}
Event: 36.930 GC heap before
{Heap before GC invocations=30 (full 0):
 garbage-first heap   total 65536K, used 53638K [0x00000000c0000000, 0x0000000100000000)
  region size 1024K, 14 young (14336K), 2 survivors (2048K)
 Metaspace       used 45158K, capacity 46341K, committed 46664K, reserved 1089536K
  class space    used 5879K, capacity 6299K, committed 6400K, reserved 1048576K
}
Event: 36.942 GC heap after
{Heap after GC invocations=31 (full 0):
 garbage-first heap   total 65536K, used 41923K [0x00000000c0000000, 0x0000000100000000)
  region size 1024K, 2 young (2048K), 2 survivors (2048K)
 Metaspace       used 45158K, capacity 46341K, committed 46664K, reserved 1089536K
  class space    used 5879K, capacity 6299K, committed 6400K, reserved 1048576K
}
Event: 37.258 GC heap before
{Heap before GC invocations=32 (full 0):
 garbage-first heap   total 65536K, used 54211K [0x00000000c0000000, 0x0000000100000000)
  region size 1024K, 14 young (14336K), 2 survivors (2048K)
 Metaspace       used 45167K, capacity 46341K, committed 46664K, reserved 1089536K
  class space    used 5879K, capacity 6299K, committed 6400K, reserved 1048576K
}
Event: 37.269 GC heap after
{Heap after GC invocations=33 (full 0):
 garbage-first heap   total 78848K, used 42180K [0x00000000c0000000, 0x0000000100000000)
  region size 1024K, 1 young (1024K), 1 survivors (1024K)
 Metaspace       used 45167K, capacity 46341K, committed 46664K, reserved 1089536K
  class space    used 5879K, capacity 6299K, committed 6400K, reserved 1048576K
}
Event: 37.525 GC heap before
{Heap before GC invocations=33 (full 0):
 garbage-first heap   total 78848K, used 59588K [0x00000000c0000000, 0x0000000100000000)
  region size 1024K, 18 young (18432K), 1 survivors (1024K)
 Metaspace       used 45184K, capacity 46341K, committed 46664K, reserved 1089536K
  class space    used 5879K, capacity 6299K, committed 6400K, reserved 1048576K
}
Event: 37.534 GC heap after
{Heap after GC invocations=34 (full 0):
 garbage-first heap   total 78848K, used 42391K [0x00000000c0000000, 0x0000000100000000)
  region size 1024K, 2 young (2048K), 2 survivors (2048K)
 Metaspace       used 45184K, capacity 46341K, committed 46664K, reserved 1089536K
  class space    used 5879K, capacity 6299K, committed 6400K, reserved 1048576K
}

