# JRE version: OpenJDK Runtime Environment (11.0.11+9) (build 11.0.11+9-b60-7590822)
# Java VM: OpenJDK 64-Bit Server VM (11.0.11+9-b60-7590822, mixed mode, tiered, compressed oops, g1 gc, windows-amd64)
Heap:
 garbage-first heap   total 113664K, used 108285K [0x00000000e0000000, 0x0000000100000000)
  region size 1024K, 2 young (2048K), 1 survivors (1024K)
 Metaspace       used 86789K, capacity 88994K, committed 89264K, reserved 1130496K
  class space    used 11170K, capacity 11950K, committed 12032K, reserved 1048576K
GC Heap History (20 events):
Event: 132.598 GC heap before
{Heap before GC invocations=253 (full 0):
 garbage-first heap   total 112640K, used 107454K [0x00000000e0000000, 0x0000000100000000)
  region size 1024K, 4 young (4096K), 1 survivors (1024K)
 Metaspace       used 80671K, capacity 82692K, committed 82736K, reserved 1120256K
  class space    used 10393K, capacity 11101K, committed 11136K, reserved 1048576K
}
Event: 132.608 GC heap after
{Heap after GC invocations=254 (full 0):
 garbage-first heap   total 112640K, used 106957K [0x00000000e0000000, 0x0000000100000000)
  region size 1024K, 1 young (1024K), 1 survivors (1024K)
 Metaspace       used 80671K, capacity 82692K, committed 82736K, reserved 1120256K
  class space    used 10393K, capacity 11101K, committed 11136K, reserved 1048576K
}
Event: 133.318 GC heap before
{Heap before GC invocations=255 (full 0):
 garbage-first heap   total 112640K, used 111053K [0x00000000e0000000, 0x0000000100000000)
  region size 1024K, 5 young (5120K), 1 survivors (1024K)
 Metaspace       used 81775K, capacity 83908K, committed 84144K, reserved 1122304K
  class space    used 10439K, capacity 11165K, committed 11264K, reserved 1048576K
}
Event: 133.324 GC heap after
{Heap after GC invocations=256 (full 0):
 garbage-first heap   total 113664K, used 106542K [0x00000000e0000000, 0x0000000100000000)
  region size 1024K, 1 young (1024K), 1 survivors (1024K)
 Metaspace       used 81775K, capacity 83908K, committed 84144K, reserved 1122304K
  class space    used 10439K, capacity 11165K, committed 11264K, reserved 1048576K
}
Event: 134.234 GC heap before
{Heap before GC invocations=256 (full 0):
 garbage-first heap   total 113664K, used 110638K [0x00000000e0000000, 0x0000000100000000)
  region size 1024K, 5 young (5120K), 1 survivors (1024K)
 Metaspace       used 82352K, capacity 84467K, committed 84784K, reserved 1122304K
  class space    used 10525K, capacity 11266K, committed 11392K, reserved 1048576K
}
Event: 134.240 GC heap after
{Heap after GC invocations=257 (full 0):
 garbage-first heap   total 113664K, used 106653K [0x00000000e0000000, 0x0000000100000000)
  region size 1024K, 1 young (1024K), 1 survivors (1024K)
 Metaspace       used 82352K, capacity 84467K, committed 84784K, reserved 1122304K
  class space    used 10525K, capacity 11266K, committed 11392K, reserved 1048576K
}
Event: 134.676 GC heap before
{Heap before GC invocations=258 (full 0):
 garbage-first heap   total 113664K, used 110749K [0x00000000e0000000, 0x0000000100000000)
  region size 1024K, 5 young (5120K), 1 survivors (1024K)
 Metaspace       used 82711K, capacity 84755K, committed 85040K, reserved 1122304K
  class space    used 10576K, capacity 11298K, committed 11392K, reserved 1048576K
}
Event: 134.681 GC heap after
{Heap after GC invocations=259 (full 0):
 garbage-first heap   total 113664K, used 106752K [0x00000000e0000000, 0x0000000100000000)
  region size 1024K, 1 young (1024K), 1 survivors (1024K)
 Metaspace       used 82711K, capacity 84755K, committed 85040K, reserved 1122304K
  class space    used 10576K, capacity 11298K, committed 11392K, reserved 1048576K
}
Event: 135.052 GC heap before
{Heap before GC invocations=259 (full 0):
 garbage-first heap   total 113664K, used 109824K [0x00000000e0000000, 0x0000000100000000)
  region size 1024K, 5 young (5120K), 1 survivors (1024K)
 Metaspace       used 83312K, capacity 85363K, committed 85680K, reserved 1124352K
  class space    used 10668K, capacity 11394K, committed 11520K, reserved 1048576K
}
Event: 135.058 GC heap after
{Heap after GC invocations=260 (full 0):
 garbage-first heap   total 113664K, used 106869K [0x00000000e0000000, 0x0000000100000000)
  region size 1024K, 1 young (1024K), 1 survivors (1024K)
 Metaspace       used 83312K, capacity 85363K, committed 85680K, reserved 1124352K
  class space    used 10668K, capacity 11394K, committed 11520K, reserved 1048576K
}
Event: 135.686 GC heap before
{Heap before GC invocations=261 (full 0):
 garbage-first heap   total 113664K, used 110965K [0x00000000e0000000, 0x0000000100000000)
  region size 1024K, 5 young (5120K), 1 survivors (1024K)
 Metaspace       used 83632K, capacity 85683K, committed 85936K, reserved 1124352K
  class space    used 10742K, capacity 11458K, committed 11520K, reserved 1048576K
}
Event: 135.693 GC heap after
{Heap after GC invocations=262 (full 0):
 garbage-first heap   total 113664K, used 106936K [0x00000000e0000000, 0x0000000100000000)
  region size 1024K, 1 young (1024K), 1 survivors (1024K)
 Metaspace       used 83632K, capacity 85683K, committed 85936K, reserved 1124352K
  class space    used 10742K, capacity 11458K, committed 11520K, reserved 1048576K
}
Event: 136.152 GC heap before
{Heap before GC invocations=262 (full 0):
 garbage-first heap   total 113664K, used 111032K [0x00000000e0000000, 0x0000000100000000)
  region size 1024K, 5 young (5120K), 1 survivors (1024K)
 Metaspace       used 84000K, capacity 86037K, committed 86192K, reserved 1124352K
  class space    used 10792K, capacity 11504K, committed 11520K, reserved 1048576K
}
Event: 136.161 GC heap after
{Heap after GC invocations=263 (full 0):
 garbage-first heap   total 113664K, used 107295K [0x00000000e0000000, 0x0000000100000000)
  region size 1024K, 1 young (1024K), 1 survivors (1024K)
 Metaspace       used 84000K, capacity 86037K, committed 86192K, reserved 1124352K
  class space    used 10792K, capacity 11504K, committed 11520K, reserved 1048576K
}
Event: 136.721 GC heap before
{Heap before GC invocations=264 (full 0):
 garbage-first heap   total 113664K, used 111391K [0x00000000e0000000, 0x0000000100000000)
  region size 1024K, 5 young (5120K), 1 survivors (1024K)
 Metaspace       used 84398K, capacity 86497K, committed 86576K, reserved 1124352K
  class space    used 10849K, capacity 11570K, committed 11648K, reserved 1048576K
}
Event: 136.731 GC heap after
{Heap after GC invocations=265 (full 0):
 garbage-first heap   total 113664K, used 107556K [0x00000000e0000000, 0x0000000100000000)
  region size 1024K, 1 young (1024K), 1 survivors (1024K)
 Metaspace       used 84398K, capacity 86497K, committed 86576K, reserved 1124352K
  class space    used 10849K, capacity 11570K, committed 11648K, reserved 1048576K
}
Event: 137.675 GC heap before
{Heap before GC invocations=265 (full 0):
 garbage-first heap   total 113664K, used 111652K [0x00000000e0000000, 0x0000000100000000)
  region size 1024K, 5 young (5120K), 1 survivors (1024K)
 Metaspace       used 85788K, capacity 87910K, committed 87984K, reserved 1126400K
  class space    used 11004K, capacity 11743K, committed 11776K, reserved 1048576K
}
Event: 137.683 GC heap after
{Heap after GC invocations=266 (full 0):
 garbage-first heap   total 113664K, used 107795K [0x00000000e0000000, 0x0000000100000000)
  region size 1024K, 1 young (1024K), 1 survivors (1024K)
 Metaspace       used 85788K, capacity 87910K, committed 87984K, reserved 1126400K
  class space    used 11004K, capacity 11743K, committed 11776K, reserved 1048576K
}
Event: 138.767 GC heap before
{Heap before GC invocations=267 (full 0):
 garbage-first heap   total 113664K, used 111891K [0x00000000e0000000, 0x0000000100000000)
  region size 1024K, 5 young (5120K), 1 survivors (1024K)
 Metaspace       used 86254K, capacity 88423K, committed 88624K, reserved 1126400K
  class space    used 11070K, capacity 11848K, committed 11904K, reserved 1048576K
}
Event: 138.774 GC heap after
{Heap after GC invocations=268 (full 0):
 garbage-first heap   total 113664K, used 107956K [0x00000000e0000000, 0x0000000100000000)
  region size 1024K, 1 young (1024K), 1 survivors (1024K)
 Metaspace       used 86254K, capacity 88423K, committed 88624K, reserved 1126400K
  class space    used 11070K, capacity 11848K, committed 11904K, reserved 1048576K
}

