# JRE version: OpenJDK Runtime Environment (11.0.11+9) (build 11.0.11+9-b60-7590822)
# Java VM: OpenJDK 64-Bit Server VM (11.0.11+9-b60-7590822, mixed mode, tiered, compressed oops, g1 gc, windows-amd64)
Heap:
 garbage-first heap   total 95232K, used 50603K [0x00000000c0000000, 0x0000000100000000)
  region size 1024K, 3 young (3072K), 3 survivors (3072K)
 Metaspace       used 48248K, capacity 49691K, committed 49792K, reserved 1091584K
  class space    used 6205K, capacity 6719K, committed 6784K, reserved 1048576K
GC Heap History (20 events):
Event: 57.516 GC heap before
{Heap before GC invocations=24 (full 0):
 garbage-first heap   total 65536K, used 54534K [0x00000000c0000000, 0x0000000100000000)
  region size 1024K, 11 young (11264K), 2 survivors (2048K)
 Metaspace       used 45128K, capacity 46235K, committed 46336K, reserved 1089536K
  class space    used 5877K, capacity 6303K, committed 6400K, reserved 1048576K
}
Event: 57.533 GC heap after
{Heap after GC invocations=25 (full 0):
 garbage-first heap   total 65536K, used 46115K [0x00000000c0000000, 0x0000000100000000)
  region size 1024K, 1 young (1024K), 1 survivors (1024K)
 Metaspace       used 45128K, capacity 46235K, committed 46336K, reserved 1089536K
  class space    used 5877K, capacity 6303K, committed 6400K, reserved 1048576K
}
Event: 58.052 GC heap before
{Heap before GC invocations=26 (full 0):
 garbage-first heap   total 65536K, used 54307K [0x00000000c0000000, 0x0000000100000000)
  region size 1024K, 9 young (9216K), 1 survivors (1024K)
 Metaspace       used 45242K, capacity 46436K, committed 46592K, reserved 1089536K
  class space    used 5887K, capacity 6306K, committed 6400K, reserved 1048576K
}
Event: 58.059 GC heap after
{Heap after GC invocations=27 (full 0):
 garbage-first heap   total 65536K, used 46425K [0x00000000c0000000, 0x0000000100000000)
  region size 1024K, 2 young (2048K), 2 survivors (2048K)
 Metaspace       used 45242K, capacity 46436K, committed 46592K, reserved 1089536K
  class space    used 5887K, capacity 6306K, committed 6400K, reserved 1048576K
}
Event: 58.184 GC heap before
{Heap before GC invocations=27 (full 0):
 garbage-first heap   total 65536K, used 53593K [0x00000000c0000000, 0x0000000100000000)
  region size 1024K, 9 young (9216K), 2 survivors (2048K)
 Metaspace       used 45273K, capacity 46436K, committed 46592K, reserved 1089536K
  class space    used 5887K, capacity 6306K, committed 6400K, reserved 1048576K
}
Event: 58.191 GC heap after
{Heap after GC invocations=28 (full 0):
 garbage-first heap   total 65536K, used 46325K [0x00000000c0000000, 0x0000000100000000)
  region size 1024K, 1 young (1024K), 1 survivors (1024K)
 Metaspace       used 45273K, capacity 46436K, committed 46592K, reserved 1089536K
  class space    used 5887K, capacity 6306K, committed 6400K, reserved 1048576K
}
Event: 58.529 GC heap before
{Heap before GC invocations=29 (full 0):
 garbage-first heap   total 65536K, used 54517K [0x00000000c0000000, 0x0000000100000000)
  region size 1024K, 9 young (9216K), 1 survivors (1024K)
 Metaspace       used 45301K, capacity 46436K, committed 46592K, reserved 1089536K
  class space    used 5887K, capacity 6306K, committed 6400K, reserved 1048576K
}
Event: 58.537 GC heap after
{Heap after GC invocations=30 (full 0):
 garbage-first heap   total 65536K, used 46792K [0x00000000c0000000, 0x0000000100000000)
  region size 1024K, 2 young (2048K), 2 survivors (2048K)
 Metaspace       used 45301K, capacity 46436K, committed 46592K, reserved 1089536K
  class space    used 5887K, capacity 6306K, committed 6400K, reserved 1048576K
}
Event: 58.700 GC heap before
{Heap before GC invocations=30 (full 0):
 garbage-first heap   total 65536K, used 53960K [0x00000000c0000000, 0x0000000100000000)
  region size 1024K, 9 young (9216K), 2 survivors (2048K)
 Metaspace       used 45315K, capacity 46500K, committed 46848K, reserved 1089536K
  class space    used 5887K, capacity 6306K, committed 6400K, reserved 1048576K
}
Event: 58.709 GC heap after
{Heap after GC invocations=31 (full 0):
 garbage-first heap   total 65536K, used 47080K [0x00000000c0000000, 0x0000000100000000)
  region size 1024K, 2 young (2048K), 2 survivors (2048K)
 Metaspace       used 45315K, capacity 46500K, committed 46848K, reserved 1089536K
  class space    used 5887K, capacity 6306K, committed 6400K, reserved 1048576K
}
Event: 59.008 GC heap before
{Heap before GC invocations=32 (full 0):
 garbage-first heap   total 65536K, used 54248K [0x00000000c0000000, 0x0000000100000000)
  region size 1024K, 9 young (9216K), 2 survivors (2048K)
 Metaspace       used 45315K, capacity 46500K, committed 46848K, reserved 1089536K
  class space    used 5887K, capacity 6306K, committed 6400K, reserved 1048576K
}
Event: 59.017 GC heap after
{Heap after GC invocations=33 (full 0):
 garbage-first heap   total 65536K, used 47466K [0x00000000c0000000, 0x0000000100000000)
  region size 1024K, 2 young (2048K), 2 survivors (2048K)
 Metaspace       used 45315K, capacity 46500K, committed 46848K, reserved 1089536K
  class space    used 5887K, capacity 6306K, committed 6400K, reserved 1048576K
}
Event: 59.119 GC heap before
{Heap before GC invocations=33 (full 0):
 garbage-first heap   total 65536K, used 54634K [0x00000000c0000000, 0x0000000100000000)
  region size 1024K, 9 young (9216K), 2 survivors (2048K)
 Metaspace       used 45315K, capacity 46500K, committed 46848K, reserved 1089536K
  class space    used 5887K, capacity 6306K, committed 6400K, reserved 1048576K
}
Event: 59.128 GC heap after
{Heap after GC invocations=34 (full 0):
 garbage-first heap   total 78848K, used 47725K [0x00000000c0000000, 0x0000000100000000)
  region size 1024K, 1 young (1024K), 1 survivors (1024K)
 Metaspace       used 45315K, capacity 46500K, committed 46848K, reserved 1089536K
  class space    used 5887K, capacity 6306K, committed 6400K, reserved 1048576K
}
Event: 59.633 GC heap before
{Heap before GC invocations=35 (full 0):
 garbage-first heap   total 78848K, used 62061K [0x00000000c0000000, 0x0000000100000000)
  region size 1024K, 15 young (15360K), 1 survivors (1024K)
 Metaspace       used 45331K, capacity 46500K, committed 46848K, reserved 1089536K
  class space    used 5887K, capacity 6306K, committed 6400K, reserved 1048576K
}
Event: 59.642 GC heap after
{Heap after GC invocations=36 (full 0):
 garbage-first heap   total 78848K, used 47734K [0x00000000c0000000, 0x0000000100000000)
  region size 1024K, 1 young (1024K), 1 survivors (1024K)
 Metaspace       used 45331K, capacity 46500K, committed 46848K, reserved 1089536K
  class space    used 5887K, capacity 6306K, committed 6400K, reserved 1048576K
}
Event: 59.901 GC heap before
{Heap before GC invocations=36 (full 0):
 garbage-first heap   total 78848K, used 63094K [0x00000000c0000000, 0x0000000100000000)
  region size 1024K, 16 young (16384K), 1 survivors (1024K)
 Metaspace       used 45346K, capacity 46500K, committed 46848K, reserved 1089536K
  class space    used 5887K, capacity 6306K, committed 6400K, reserved 1048576K
}
Event: 59.911 GC heap after
{Heap after GC invocations=37 (full 0):
 garbage-first heap   total 78848K, used 48076K [0x00000000c0000000, 0x0000000100000000)
  region size 1024K, 2 young (2048K), 2 survivors (2048K)
 Metaspace       used 45346K, capacity 46500K, committed 46848K, reserved 1089536K
  class space    used 5887K, capacity 6306K, committed 6400K, reserved 1048576K
}
Event: 61.550 GC heap before
{Heap before GC invocations=38 (full 0):
 garbage-first heap   total 78848K, used 62412K [0x00000000c0000000, 0x0000000100000000)
  region size 1024K, 17 young (17408K), 2 survivors (2048K)
 Metaspace       used 46522K, capacity 47766K, committed 48000K, reserved 1091584K
  class space    used 6007K, capacity 6470K, committed 6528K, reserved 1048576K
}
Event: 61.563 GC heap after
{Heap after GC invocations=39 (full 0):
 garbage-first heap   total 78848K, used 48987K [0x00000000c0000000, 0x0000000100000000)
  region size 1024K, 3 young (3072K), 3 survivors (3072K)
 Metaspace       used 46522K, capacity 47766K, committed 48000K, reserved 1091584K
  class space    used 6007K, capacity 6470K, committed 6528K, reserved 1048576K
}

