# JRE version: OpenJDK Runtime Environment (11.0.11+9) (build 11.0.11+9-b60-7590822)
# Java VM: OpenJDK 64-Bit Server VM (11.0.11+9-b60-7590822, mixed mode, tiered, compressed oops, g1 gc, windows-amd64)
Heap:
 garbage-first heap   total 165888K, used 131644K [0x00000000c0000000, 0x0000000100000000)
  region size 1024K, 10 young (10240K), 2 survivors (2048K)
 Metaspace       used 103345K, capacity 106179K, committed 106288K, reserved 1140736K
  class space    used 13142K, capacity 14147K, committed 14208K, reserved 1048576K
GC Heap History (20 events):
Event: 110.706 GC heap before
{Heap before GC invocations=141 (full 0):
 garbage-first heap   total 165888K, used 132813K [0x00000000c0000000, 0x0000000100000000)
  region size 1024K, 24 young (24576K), 3 survivors (3072K)
 Metaspace       used 91154K, capacity 93540K, committed 93872K, reserved 1130496K
  class space    used 11590K, capacity 12438K, committed 12544K, reserved 1048576K
}
Event: 110.724 GC heap after
{Heap after GC invocations=142 (full 0):
 garbage-first heap   total 165888K, used 113666K [0x00000000c0000000, 0x0000000100000000)
  region size 1024K, 3 young (3072K), 3 survivors (3072K)
 Metaspace       used 91154K, capacity 93540K, committed 93872K, reserved 1130496K
  class space    used 11590K, capacity 12438K, committed 12544K, reserved 1048576K
}
Event: 112.552 GC heap before
{Heap before GC invocations=142 (full 0):
 garbage-first heap   total 165888K, used 134146K [0x00000000c0000000, 0x0000000100000000)
  region size 1024K, 24 young (24576K), 3 survivors (3072K)
 Metaspace       used 91481K, capacity 93858K, committed 94128K, reserved 1130496K
  class space    used 11622K, capacity 12454K, committed 12544K, reserved 1048576K
}
Event: 112.572 GC heap after
{Heap after GC invocations=143 (full 0):
 garbage-first heap   total 165888K, used 115020K [0x00000000c0000000, 0x0000000100000000)
  region size 1024K, 3 young (3072K), 3 survivors (3072K)
 Metaspace       used 91481K, capacity 93858K, committed 94128K, reserved 1130496K
  class space    used 11622K, capacity 12454K, committed 12544K, reserved 1048576K
}
Event: 116.001 GC heap before
{Heap before GC invocations=144 (full 0):
 garbage-first heap   total 165888K, used 136524K [0x00000000c0000000, 0x0000000100000000)
  region size 1024K, 25 young (25600K), 3 survivors (3072K)
 Metaspace       used 94798K, capacity 97300K, committed 97456K, reserved 1134592K
  class space    used 12083K, capacity 12951K, committed 13056K, reserved 1048576K
}
Event: 116.023 GC heap after
{Heap after GC invocations=145 (full 0):
 garbage-first heap   total 165888K, used 116088K [0x00000000c0000000, 0x0000000100000000)
  region size 1024K, 3 young (3072K), 3 survivors (3072K)
 Metaspace       used 94798K, capacity 97300K, committed 97456K, reserved 1134592K
  class space    used 12083K, capacity 12951K, committed 13056K, reserved 1048576K
}
Event: 117.653 GC heap before
{Heap before GC invocations=145 (full 0):
 garbage-first heap   total 165888K, used 138616K [0x00000000c0000000, 0x0000000100000000)
  region size 1024K, 25 young (25600K), 3 survivors (3072K)
 Metaspace       used 95414K, capacity 97811K, committed 97968K, reserved 1134592K
  class space    used 12164K, capacity 13054K, committed 13056K, reserved 1048576K
}
Event: 117.686 GC heap after
{Heap after GC invocations=146 (full 0):
 garbage-first heap   total 165888K, used 117318K [0x00000000c0000000, 0x0000000100000000)
  region size 1024K, 3 young (3072K), 3 survivors (3072K)
 Metaspace       used 95414K, capacity 97811K, committed 97968K, reserved 1134592K
  class space    used 12164K, capacity 13054K, committed 13056K, reserved 1048576K
}
Event: 118.864 GC heap before
{Heap before GC invocations=147 (full 0):
 garbage-first heap   total 165888K, used 138822K [0x00000000c0000000, 0x0000000100000000)
  region size 1024K, 24 young (24576K), 3 survivors (3072K)
 Metaspace       used 96956K, capacity 99379K, committed 99504K, reserved 1136640K
  class space    used 12378K, capacity 13278K, committed 13312K, reserved 1048576K
}
Event: 118.881 GC heap after
{Heap after GC invocations=148 (full 0):
 garbage-first heap   total 165888K, used 117632K [0x00000000c0000000, 0x0000000100000000)
  region size 1024K, 2 young (2048K), 2 survivors (2048K)
 Metaspace       used 96956K, capacity 99379K, committed 99504K, reserved 1136640K
  class space    used 12378K, capacity 13278K, committed 13312K, reserved 1048576K
}
Event: 119.752 GC heap before
{Heap before GC invocations=148 (full 0):
 garbage-first heap   total 165888K, used 140160K [0x00000000c0000000, 0x0000000100000000)
  region size 1024K, 24 young (24576K), 2 survivors (2048K)
 Metaspace       used 98629K, capacity 101043K, committed 101296K, reserved 1136640K
  class space    used 12575K, capacity 13470K, committed 13568K, reserved 1048576K
}
Event: 119.768 GC heap after
{Heap after GC invocations=149 (full 0):
 garbage-first heap   total 165888K, used 118476K [0x00000000c0000000, 0x0000000100000000)
  region size 1024K, 3 young (3072K), 3 survivors (3072K)
 Metaspace       used 98629K, capacity 101043K, committed 101296K, reserved 1136640K
  class space    used 12575K, capacity 13470K, committed 13568K, reserved 1048576K
}
Event: 121.122 GC heap before
{Heap before GC invocations=150 (full 0):
 garbage-first heap   total 165888K, used 141004K [0x00000000c0000000, 0x0000000100000000)
  region size 1024K, 25 young (25600K), 3 survivors (3072K)
 Metaspace       used 100181K, capacity 102667K, committed 102704K, reserved 1138688K
  class space    used 12754K, capacity 13669K, committed 13696K, reserved 1048576K
}
Event: 121.146 GC heap after
{Heap after GC invocations=151 (full 0):
 garbage-first heap   total 165888K, used 120240K [0x00000000c0000000, 0x0000000100000000)
  region size 1024K, 3 young (3072K), 3 survivors (3072K)
 Metaspace       used 100181K, capacity 102667K, committed 102704K, reserved 1138688K
  class space    used 12754K, capacity 13669K, committed 13696K, reserved 1048576K
}
Event: 123.516 GC heap before
{Heap before GC invocations=151 (full 0):
 garbage-first heap   total 165888K, used 140720K [0x00000000c0000000, 0x0000000100000000)
  region size 1024K, 24 young (24576K), 3 survivors (3072K)
 Metaspace       used 100847K, capacity 103273K, committed 103600K, reserved 1138688K
  class space    used 12825K, capacity 13751K, committed 13824K, reserved 1048576K
}
Event: 123.551 GC heap after
{Heap after GC invocations=152 (full 0):
 garbage-first heap   total 165888K, used 121865K [0x00000000c0000000, 0x0000000100000000)
  region size 1024K, 2 young (2048K), 2 survivors (2048K)
 Metaspace       used 100847K, capacity 103273K, committed 103600K, reserved 1138688K
  class space    used 12825K, capacity 13751K, committed 13824K, reserved 1048576K
}
Event: 124.833 GC heap before
{Heap before GC invocations=153 (full 0):
 garbage-first heap   total 165888K, used 142345K [0x00000000c0000000, 0x0000000100000000)
  region size 1024K, 22 young (22528K), 2 survivors (2048K)
 Metaspace       used 101978K, capacity 104499K, committed 104752K, reserved 1140736K
  class space    used 12987K, capacity 13925K, committed 13952K, reserved 1048576K
}
Event: 124.850 GC heap after
{Heap after GC invocations=154 (full 0):
 garbage-first heap   total 165888K, used 123359K [0x00000000c0000000, 0x0000000100000000)
  region size 1024K, 3 young (3072K), 3 survivors (3072K)
 Metaspace       used 101978K, capacity 104499K, committed 104752K, reserved 1140736K
  class space    used 12987K, capacity 13925K, committed 13952K, reserved 1048576K
}
Event: 379.702 GC heap before
{Heap before GC invocations=154 (full 0):
 garbage-first heap   total 165888K, used 142815K [0x00000000c0000000, 0x0000000100000000)
  region size 1024K, 22 young (22528K), 3 survivors (3072K)
 Metaspace       used 103229K, capacity 105948K, committed 106032K, reserved 1140736K
  class space    used 13127K, capacity 14124K, committed 14208K, reserved 1048576K
}
Event: 379.736 GC heap after
{Heap after GC invocations=155 (full 0):
 garbage-first heap   total 165888K, used 124476K [0x00000000c0000000, 0x0000000100000000)
  region size 1024K, 2 young (2048K), 2 survivors (2048K)
 Metaspace       used 103229K, capacity 105948K, committed 106032K, reserved 1140736K
  class space    used 13127K, capacity 14124K, committed 14208K, reserved 1048576K
}

