# JRE version: OpenJDK Runtime Environment (11.0.11+9) (build 11.0.11+9-b60-7590822)
# Java VM: OpenJDK 64-Bit Server VM (11.0.11+9-b60-7590822, mixed mode, tiered, compressed oops, g1 gc, windows-amd64)
Heap:
 garbage-first heap   total 199680K, used 152055K [0x00000000c0000000, 0x0000000100000000)
  region size 1024K, 28 young (28672K), 6 survivors (6144K)
 Metaspace       used 109749K, capacity 112510K, committed 112584K, reserved 1146880K
  class space    used 13888K, capacity 14921K, committed 14976K, reserved 1048576K
GC Heap History (20 events):
Event: 70.665 GC heap before
{Heap before GC invocations=99 (full 0):
 garbage-first heap   total 165888K, used 131652K [0x00000000c0000000, 0x0000000100000000)
  region size 1024K, 25 young (25600K), 3 survivors (3072K)
 Metaspace       used 89730K, capacity 92077K, committed 92232K, reserved 1130496K
  class space    used 11448K, capacity 12270K, committed 12288K, reserved 1048576K
}
Event: 70.692 GC heap after
{Heap after GC invocations=100 (full 0):
 garbage-first heap   total 199680K, used 110478K [0x00000000c0000000, 0x0000000100000000)
  region size 1024K, 3 young (3072K), 3 survivors (3072K)
 Metaspace       used 89730K, capacity 92077K, committed 92232K, reserved 1130496K
  class space    used 11448K, capacity 12270K, committed 12288K, reserved 1048576K
}
Event: 73.460 GC heap before
{Heap before GC invocations=100 (full 0):
 garbage-first heap   total 199680K, used 146318K [0x00000000c0000000, 0x0000000100000000)
  region size 1024K, 39 young (39936K), 3 survivors (3072K)
 Metaspace       used 90009K, capacity 92347K, committed 92488K, reserved 1130496K
  class space    used 11450K, capacity 12271K, committed 12288K, reserved 1048576K
}
Event: 73.488 GC heap after
{Heap after GC invocations=101 (full 0):
 garbage-first heap   total 199680K, used 112977K [0x00000000c0000000, 0x0000000100000000)
  region size 1024K, 4 young (4096K), 4 survivors (4096K)
 Metaspace       used 90009K, capacity 92347K, committed 92488K, reserved 1130496K
  class space    used 11450K, capacity 12271K, committed 12288K, reserved 1048576K
}
Event: 76.962 GC heap before
{Heap before GC invocations=102 (full 0):
 garbage-first heap   total 199680K, used 149841K [0x00000000c0000000, 0x0000000100000000)
  region size 1024K, 41 young (41984K), 4 survivors (4096K)
 Metaspace       used 91266K, capacity 93553K, committed 93640K, reserved 1130496K
  class space    used 11577K, capacity 12413K, committed 12416K, reserved 1048576K
}
Event: 76.991 GC heap after
{Heap after GC invocations=103 (full 0):
 garbage-first heap   total 199680K, used 115105K [0x00000000c0000000, 0x0000000100000000)
  region size 1024K, 5 young (5120K), 5 survivors (5120K)
 Metaspace       used 91266K, capacity 93553K, committed 93640K, reserved 1130496K
  class space    used 11577K, capacity 12413K, committed 12416K, reserved 1048576K
}
Event: 80.439 GC heap before
{Heap before GC invocations=103 (full 0):
 garbage-first heap   total 199680K, used 154017K [0x00000000c0000000, 0x0000000100000000)
  region size 1024K, 43 young (44032K), 5 survivors (5120K)
 Metaspace       used 94849K, capacity 97374K, committed 97608K, reserved 1134592K
  class space    used 12082K, capacity 12951K, committed 13056K, reserved 1048576K
}
Event: 80.468 GC heap after
{Heap after GC invocations=104 (full 0):
 garbage-first heap   total 199680K, used 116736K [0x00000000c0000000, 0x0000000100000000)
  region size 1024K, 4 young (4096K), 4 survivors (4096K)
 Metaspace       used 94849K, capacity 97374K, committed 97608K, reserved 1134592K
  class space    used 12082K, capacity 12951K, committed 13056K, reserved 1048576K
}
Event: 82.894 GC heap before
{Heap before GC invocations=105 (full 0):
 garbage-first heap   total 199680K, used 156672K [0x00000000c0000000, 0x0000000100000000)
  region size 1024K, 43 young (44032K), 4 survivors (4096K)
 Metaspace       used 96553K, capacity 99062K, committed 99400K, reserved 1136640K
  class space    used 12332K, capacity 13213K, committed 13312K, reserved 1048576K
}
Event: 82.923 GC heap after
{Heap after GC invocations=106 (full 0):
 garbage-first heap   total 199680K, used 118531K [0x00000000c0000000, 0x0000000100000000)
  region size 1024K, 4 young (4096K), 4 survivors (4096K)
 Metaspace       used 96553K, capacity 99062K, committed 99400K, reserved 1136640K
  class space    used 12332K, capacity 13213K, committed 13312K, reserved 1048576K
}
Event: 84.195 GC heap before
{Heap before GC invocations=106 (full 0):
 garbage-first heap   total 199680K, used 158467K [0x00000000c0000000, 0x0000000100000000)
  region size 1024K, 43 young (44032K), 4 survivors (4096K)
 Metaspace       used 99491K, capacity 101974K, committed 102216K, reserved 1138688K
  class space    used 12672K, capacity 13565K, committed 13568K, reserved 1048576K
}
Event: 84.227 GC heap after
{Heap after GC invocations=107 (full 0):
 garbage-first heap   total 199680K, used 120095K [0x00000000c0000000, 0x0000000100000000)
  region size 1024K, 4 young (4096K), 4 survivors (4096K)
 Metaspace       used 99491K, capacity 101974K, committed 102216K, reserved 1138688K
  class space    used 12672K, capacity 13565K, committed 13568K, reserved 1048576K
}
Event: 87.378 GC heap before
{Heap before GC invocations=108 (full 0):
 garbage-first heap   total 199680K, used 160031K [0x00000000c0000000, 0x0000000100000000)
  region size 1024K, 43 young (44032K), 4 survivors (4096K)
 Metaspace       used 103165K, capacity 105637K, committed 105800K, reserved 1140736K
  class space    used 13122K, capacity 14070K, committed 14080K, reserved 1048576K
}
Event: 87.416 GC heap after
{Heap after GC invocations=109 (full 0):
 garbage-first heap   total 199680K, used 123621K [0x00000000c0000000, 0x0000000100000000)
  region size 1024K, 6 young (6144K), 6 survivors (6144K)
 Metaspace       used 103165K, capacity 105637K, committed 105800K, reserved 1140736K
  class space    used 13122K, capacity 14070K, committed 14080K, reserved 1048576K
}
Event: 94.507 GC heap before
{Heap before GC invocations=109 (full 0):
 garbage-first heap   total 199680K, used 163557K [0x00000000c0000000, 0x0000000100000000)
  region size 1024K, 45 young (46080K), 6 survivors (6144K)
 Metaspace       used 106576K, capacity 109079K, committed 109256K, reserved 1144832K
  class space    used 13545K, capacity 14460K, committed 14464K, reserved 1048576K
}
Event: 94.555 GC heap after
{Heap after GC invocations=110 (full 0):
 garbage-first heap   total 199680K, used 126251K [0x00000000c0000000, 0x0000000100000000)
  region size 1024K, 3 young (3072K), 3 survivors (3072K)
 Metaspace       used 106576K, capacity 109079K, committed 109256K, reserved 1144832K
  class space    used 13545K, capacity 14460K, committed 14464K, reserved 1048576K
}
Event: 490.443 GC heap before
{Heap before GC invocations=111 (full 0):
 garbage-first heap   total 199680K, used 164138K [0x00000000c0000000, 0x0000000100000000)
  region size 1024K, 41 young (41984K), 3 survivors (3072K)
 Metaspace       used 108922K, capacity 111682K, committed 111816K, reserved 1146880K
  class space    used 13845K, capacity 14855K, committed 14976K, reserved 1048576K
}
Event: 490.478 GC heap after
{Heap after GC invocations=112 (full 0):
 garbage-first heap   total 199680K, used 127668K [0x00000000c0000000, 0x0000000100000000)
  region size 1024K, 4 young (4096K), 4 survivors (4096K)
 Metaspace       used 108922K, capacity 111682K, committed 111816K, reserved 1146880K
  class space    used 13845K, capacity 14855K, committed 14976K, reserved 1048576K
}
Event: 670.137 GC heap before
{Heap before GC invocations=112 (full 0):
 garbage-first heap   total 199680K, used 166580K [0x00000000c0000000, 0x0000000100000000)
  region size 1024K, 43 young (44032K), 4 survivors (4096K)
 Metaspace       used 109519K, capacity 112321K, committed 112584K, reserved 1146880K
  class space    used 13881K, capacity 14908K, committed 14976K, reserved 1048576K
}
Event: 670.217 GC heap after
{Heap after GC invocations=113 (full 0):
 garbage-first heap   total 199680K, used 131575K [0x00000000c0000000, 0x0000000100000000)
  region size 1024K, 6 young (6144K), 6 survivors (6144K)
 Metaspace       used 109519K, capacity 112321K, committed 112584K, reserved 1146880K
  class space    used 13881K, capacity 14908K, committed 14976K, reserved 1048576K
}

