# JRE version: OpenJDK Runtime Environment (11.0.11+9) (build 11.0.11+9-b60-7590822)
# Java VM: OpenJDK 64-Bit Server VM (11.0.11+9-b60-7590822, mixed mode, tiered, compressed oops, g1 gc, windows-amd64)
Heap:
 garbage-first heap   total 65536K, used 39309K [0x00000000c0000000, 0x0000000100000000)
  region size 1024K, 6 young (6144K), 3 survivors (3072K)
 Metaspace       used 37396K, capacity 38446K, committed 38528K, reserved 1083392K
  class space    used 4843K, capacity 5205K, committed 5248K, reserved 1048576K
GC Heap History (20 events):
Event: 9.224 GC heap before
{Heap before GC invocations=1 (full 0):
 garbage-first heap   total 65536K, used 45415K [0x00000000c0000000, 0x0000000100000000)
  region size 1024K, 38 young (38912K), 1 survivors (1024K)
 Metaspace       used 10767K, capacity 11007K, committed 11264K, reserved 1058816K
  class space    used 1123K, capacity 1206K, committed 1280K, reserved 1048576K
}
Event: 9.242 GC heap after
{Heap after GC invocations=2 (full 0):
 garbage-first heap   total 65536K, used 9483K [0x00000000c0000000, 0x0000000100000000)
  region size 1024K, 5 young (5120K), 5 survivors (5120K)
 Metaspace       used 10767K, capacity 11007K, committed 11264K, reserved 1058816K
  class space    used 1123K, capacity 1206K, committed 1280K, reserved 1048576K
}
Event: 10.883 GC heap before
{Heap before GC invocations=2 (full 0):
 garbage-first heap   total 65536K, used 24843K [0x00000000c0000000, 0x0000000100000000)
  region size 1024K, 20 young (20480K), 5 survivors (5120K)
 Metaspace       used 10855K, capacity 11135K, committed 11264K, reserved 1058816K
  class space    used 1126K, capacity 1206K, committed 1280K, reserved 1048576K
}
Event: 10.909 GC heap after
{Heap after GC invocations=3 (full 0):
 garbage-first heap   total 65536K, used 13231K [0x00000000c0000000, 0x0000000100000000)
  region size 1024K, 3 young (3072K), 3 survivors (3072K)
 Metaspace       used 10855K, capacity 11135K, committed 11264K, reserved 1058816K
  class space    used 1126K, capacity 1206K, committed 1280K, reserved 1048576K
}
Event: 14.170 GC heap before
{Heap before GC invocations=3 (full 0):
 garbage-first heap   total 65536K, used 34735K [0x00000000c0000000, 0x0000000100000000)
  region size 1024K, 24 young (24576K), 3 survivors (3072K)
 Metaspace       used 14849K, capacity 15222K, committed 15488K, reserved 1062912K
  class space    used 1692K, capacity 1826K, committed 1920K, reserved 1048576K
}
Event: 14.183 GC heap after
{Heap after GC invocations=4 (full 0):
 garbage-first heap   total 65536K, used 15126K [0x00000000c0000000, 0x0000000100000000)
  region size 1024K, 2 young (2048K), 2 survivors (2048K)
 Metaspace       used 14849K, capacity 15222K, committed 15488K, reserved 1062912K
  class space    used 1692K, capacity 1826K, committed 1920K, reserved 1048576K
}
Event: 17.320 GC heap before
{Heap before GC invocations=4 (full 0):
 garbage-first heap   total 65536K, used 39702K [0x00000000c0000000, 0x0000000100000000)
  region size 1024K, 26 young (26624K), 2 survivors (2048K)
 Metaspace       used 19137K, capacity 19647K, committed 19968K, reserved 1067008K
  class space    used 2307K, capacity 2447K, committed 2560K, reserved 1048576K
}
Event: 17.333 GC heap after
{Heap after GC invocations=5 (full 0):
 garbage-first heap   total 65536K, used 16555K [0x00000000c0000000, 0x0000000100000000)
  region size 1024K, 4 young (4096K), 4 survivors (4096K)
 Metaspace       used 19137K, capacity 19647K, committed 19968K, reserved 1067008K
  class space    used 2307K, capacity 2447K, committed 2560K, reserved 1048576K
}
Event: 18.122 GC heap before
{Heap before GC invocations=5 (full 0):
 garbage-first heap   total 65536K, used 26795K [0x00000000c0000000, 0x0000000100000000)
  region size 1024K, 16 young (16384K), 4 survivors (4096K)
 Metaspace       used 20583K, capacity 21089K, committed 21248K, reserved 1067008K
  class space    used 2503K, capacity 2699K, committed 2816K, reserved 1048576K
}
Event: 18.136 GC heap after
{Heap after GC invocations=6 (full 0):
 garbage-first heap   total 65536K, used 17069K [0x00000000c0000000, 0x0000000100000000)
  region size 1024K, 2 young (2048K), 2 survivors (2048K)
 Metaspace       used 20583K, capacity 21089K, committed 21248K, reserved 1067008K
  class space    used 2503K, capacity 2699K, committed 2816K, reserved 1048576K
}
Event: 19.624 GC heap before
{Heap before GC invocations=7 (full 0):
 garbage-first heap   total 65536K, used 42669K [0x00000000c0000000, 0x0000000100000000)
  region size 1024K, 28 young (28672K), 2 survivors (2048K)
 Metaspace       used 23373K, capacity 24015K, committed 24192K, reserved 1071104K
  class space    used 2955K, capacity 3167K, committed 3200K, reserved 1048576K
}
Event: 19.637 GC heap after
{Heap after GC invocations=8 (full 0):
 garbage-first heap   total 65536K, used 17638K [0x00000000c0000000, 0x0000000100000000)
  region size 1024K, 3 young (3072K), 3 survivors (3072K)
 Metaspace       used 23373K, capacity 24015K, committed 24192K, reserved 1071104K
  class space    used 2955K, capacity 3167K, committed 3200K, reserved 1048576K
}
Event: 21.790 GC heap before
{Heap before GC invocations=8 (full 0):
 garbage-first heap   total 65536K, used 48358K [0x00000000c0000000, 0x0000000100000000)
  region size 1024K, 29 young (29696K), 3 survivors (3072K)
 Metaspace       used 26108K, capacity 26849K, committed 27008K, reserved 1073152K
  class space    used 3409K, capacity 3685K, committed 3712K, reserved 1048576K
}
Event: 21.810 GC heap after
{Heap after GC invocations=9 (full 0):
 garbage-first heap   total 65536K, used 25221K [0x00000000c0000000, 0x0000000100000000)
  region size 1024K, 4 young (4096K), 4 survivors (4096K)
 Metaspace       used 26108K, capacity 26849K, committed 27008K, reserved 1073152K
  class space    used 3409K, capacity 3685K, committed 3712K, reserved 1048576K
}
Event: 23.417 GC heap before
{Heap before GC invocations=9 (full 0):
 garbage-first heap   total 65536K, used 51845K [0x00000000c0000000, 0x0000000100000000)
  region size 1024K, 27 young (27648K), 4 survivors (4096K)
 Metaspace       used 27664K, capacity 28488K, committed 28544K, reserved 1073152K
  class space    used 3662K, capacity 3933K, committed 3968K, reserved 1048576K
}
Event: 23.435 GC heap after
{Heap after GC invocations=10 (full 0):
 garbage-first heap   total 65536K, used 32341K [0x00000000c0000000, 0x0000000100000000)
  region size 1024K, 3 young (3072K), 3 survivors (3072K)
 Metaspace       used 27664K, capacity 28488K, committed 28544K, reserved 1073152K
  class space    used 3662K, capacity 3933K, committed 3968K, reserved 1048576K
}
Event: 24.532 GC heap before
{Heap before GC invocations=10 (full 0):
 garbage-first heap   total 65536K, used 51797K [0x00000000c0000000, 0x0000000100000000)
  region size 1024K, 22 young (22528K), 3 survivors (3072K)
 Metaspace       used 29846K, capacity 30709K, committed 30976K, reserved 1075200K
  class space    used 3999K, capacity 4310K, committed 4352K, reserved 1048576K
}
Event: 24.543 GC heap after
{Heap after GC invocations=11 (full 0):
 garbage-first heap   total 65536K, used 33217K [0x00000000c0000000, 0x0000000100000000)
  region size 1024K, 1 young (1024K), 1 survivors (1024K)
 Metaspace       used 29846K, capacity 30709K, committed 30976K, reserved 1075200K
  class space    used 3999K, capacity 4310K, committed 4352K, reserved 1048576K
}
Event: 26.347 GC heap before
{Heap before GC invocations=12 (full 0):
 garbage-first heap   total 65536K, used 51649K [0x00000000c0000000, 0x0000000100000000)
  region size 1024K, 19 young (19456K), 1 survivors (1024K)
 Metaspace       used 33586K, capacity 34497K, committed 34816K, reserved 1079296K
  class space    used 4427K, capacity 4763K, committed 4864K, reserved 1048576K
}
Event: 26.361 GC heap after
{Heap after GC invocations=13 (full 0):
 garbage-first heap   total 65536K, used 34809K [0x00000000c0000000, 0x0000000100000000)
  region size 1024K, 3 young (3072K), 3 survivors (3072K)
 Metaspace       used 33586K, capacity 34497K, committed 34816K, reserved 1079296K
  class space    used 4427K, capacity 4763K, committed 4864K, reserved 1048576K
}

