# JRE version: OpenJDK Runtime Environment (11.0.11+9) (build 11.0.11+9-b60-7590822)
# Java VM: OpenJDK 64-Bit Server VM (11.0.11+9-b60-7590822, mixed mode, tiered, compressed oops, g1 gc, windows-amd64)
Heap:
 garbage-first heap   total 95232K, used 48364K [0x00000000c0000000, 0x0000000100000000)
  region size 1024K, 2 young (2048K), 2 survivors (2048K)
 Metaspace       used 47353K, capacity 48533K, committed 48640K, reserved 1099776K
  class space    used 6108K, capacity 6553K, committed 6656K, reserved 1048576K
GC Heap History (20 events):
Event: 18.132 GC heap before
{Heap before GC invocations=15 (full 0):
 garbage-first heap   total 78848K, used 38958K [0x00000000c0000000, 0x0000000100000000)
  region size 1024K, 6 young (6144K), 2 survivors (2048K)
 Metaspace       used 37876K, capacity 38914K, committed 39168K, reserved 1083392K
  class space    used 4891K, capacity 5273K, committed 5376K, reserved 1048576K
}
Event: 18.142 GC heap after
{Heap after GC invocations=16 (full 0):
 garbage-first heap   total 78848K, used 37687K [0x00000000c0000000, 0x0000000100000000)
  region size 1024K, 3 young (3072K), 3 survivors (3072K)
 Metaspace       used 37876K, capacity 38914K, committed 39168K, reserved 1083392K
  class space    used 4891K, capacity 5273K, committed 5376K, reserved 1048576K
}
Event: 18.269 GC heap before
{Heap before GC invocations=17 (full 0):
 garbage-first heap   total 78848K, used 38711K [0x00000000c0000000, 0x0000000100000000)
  region size 1024K, 4 young (4096K), 3 survivors (3072K)
 Metaspace       used 37876K, capacity 38914K, committed 39168K, reserved 1083392K
  class space    used 4891K, capacity 5273K, committed 5376K, reserved 1048576K
}
Event: 18.277 GC heap after
{Heap after GC invocations=18 (full 0):
 garbage-first heap   total 78848K, used 38271K [0x00000000c0000000, 0x0000000100000000)
  region size 1024K, 1 young (1024K), 1 survivors (1024K)
 Metaspace       used 37876K, capacity 38914K, committed 39168K, reserved 1083392K
  class space    used 4891K, capacity 5273K, committed 5376K, reserved 1048576K
}
Event: 19.630 GC heap before
{Heap before GC invocations=19 (full 0):
 garbage-first heap   total 78848K, used 62847K [0x00000000c0000000, 0x0000000100000000)
  region size 1024K, 23 young (23552K), 1 survivors (1024K)
 Metaspace       used 40836K, capacity 41882K, committed 41984K, reserved 1085440K
  class space    used 5213K, capacity 5580K, committed 5632K, reserved 1048576K
}
Event: 19.642 GC heap after
{Heap after GC invocations=20 (full 0):
 garbage-first heap   total 78848K, used 38425K [0x00000000c0000000, 0x0000000100000000)
  region size 1024K, 2 young (2048K), 2 survivors (2048K)
 Metaspace       used 40836K, capacity 41882K, committed 41984K, reserved 1085440K
  class space    used 5213K, capacity 5580K, committed 5632K, reserved 1048576K
}
Event: 21.001 GC heap before
{Heap before GC invocations=20 (full 0):
 garbage-first heap   total 78848K, used 59929K [0x00000000c0000000, 0x0000000100000000)
  region size 1024K, 24 young (24576K), 2 survivors (2048K)
 Metaspace       used 42520K, capacity 43672K, committed 43776K, reserved 1087488K
  class space    used 5450K, capacity 5876K, committed 5888K, reserved 1048576K
}
Event: 21.015 GC heap after
{Heap after GC invocations=21 (full 0):
 garbage-first heap   total 78848K, used 39613K [0x00000000c0000000, 0x0000000100000000)
  region size 1024K, 3 young (3072K), 3 survivors (3072K)
 Metaspace       used 42520K, capacity 43672K, committed 43776K, reserved 1087488K
  class space    used 5450K, capacity 5876K, committed 5888K, reserved 1048576K
}
Event: 22.631 GC heap before
{Heap before GC invocations=22 (full 0):
 garbage-first heap   total 78848K, used 64189K [0x00000000c0000000, 0x0000000100000000)
  region size 1024K, 25 young (25600K), 3 survivors (3072K)
 Metaspace       used 45093K, capacity 46243K, committed 46592K, reserved 1089536K
  class space    used 5886K, capacity 6306K, committed 6400K, reserved 1048576K
}
Event: 22.654 GC heap after
{Heap after GC invocations=23 (full 0):
 garbage-first heap   total 78848K, used 45186K [0x00000000c0000000, 0x0000000100000000)
  region size 1024K, 4 young (4096K), 4 survivors (4096K)
 Metaspace       used 45093K, capacity 46243K, committed 46592K, reserved 1089536K
  class space    used 5886K, capacity 6306K, committed 6400K, reserved 1048576K
}
Event: 23.086 GC heap before
{Heap before GC invocations=23 (full 0):
 garbage-first heap   total 78848K, used 64642K [0x00000000c0000000, 0x0000000100000000)
  region size 1024K, 23 young (23552K), 4 survivors (4096K)
 Metaspace       used 45224K, capacity 46371K, committed 46592K, reserved 1089536K
  class space    used 5889K, capacity 6306K, committed 6400K, reserved 1048576K
}
Event: 23.111 GC heap after
{Heap after GC invocations=24 (full 0):
 garbage-first heap   total 78848K, used 46323K [0x00000000c0000000, 0x0000000100000000)
  region size 1024K, 2 young (2048K), 2 survivors (2048K)
 Metaspace       used 45224K, capacity 46371K, committed 46592K, reserved 1089536K
  class space    used 5889K, capacity 6306K, committed 6400K, reserved 1048576K
}
Event: 23.558 GC heap before
{Heap before GC invocations=25 (full 0):
 garbage-first heap   total 78848K, used 64755K [0x00000000c0000000, 0x0000000100000000)
  region size 1024K, 20 young (20480K), 2 survivors (2048K)
 Metaspace       used 45256K, capacity 46435K, committed 46592K, reserved 1089536K
  class space    used 5889K, capacity 6306K, committed 6400K, reserved 1048576K
}
Event: 23.572 GC heap after
{Heap after GC invocations=26 (full 0):
 garbage-first heap   total 95232K, used 46676K [0x00000000c0000000, 0x0000000100000000)
  region size 1024K, 2 young (2048K), 2 survivors (2048K)
 Metaspace       used 45256K, capacity 46435K, committed 46592K, reserved 1089536K
  class space    used 5889K, capacity 6306K, committed 6400K, reserved 1048576K
}
Event: 23.955 GC heap before
{Heap before GC invocations=26 (full 0):
 garbage-first heap   total 95232K, used 73300K [0x00000000c0000000, 0x0000000100000000)
  region size 1024K, 28 young (28672K), 2 survivors (2048K)
 Metaspace       used 45275K, capacity 46435K, committed 46592K, reserved 1089536K
  class space    used 5889K, capacity 6306K, committed 6400K, reserved 1048576K
}
Event: 23.966 GC heap after
{Heap after GC invocations=27 (full 0):
 garbage-first heap   total 95232K, used 47027K [0x00000000c0000000, 0x0000000100000000)
  region size 1024K, 2 young (2048K), 2 survivors (2048K)
 Metaspace       used 45275K, capacity 46435K, committed 46592K, reserved 1089536K
  class space    used 5889K, capacity 6306K, committed 6400K, reserved 1048576K
}
Event: 25.190 GC heap before
{Heap before GC invocations=28 (full 0):
 garbage-first heap   total 95232K, used 74675K [0x00000000c0000000, 0x0000000100000000)
  region size 1024K, 29 young (29696K), 2 survivors (2048K)
 Metaspace       used 46762K, capacity 48020K, committed 48256K, reserved 1091584K
  class space    used 6051K, capacity 6512K, committed 6528K, reserved 1048576K
}
Event: 25.206 GC heap after
{Heap after GC invocations=29 (full 0):
 garbage-first heap   total 95232K, used 48128K [0x00000000c0000000, 0x0000000100000000)
  region size 1024K, 3 young (3072K), 3 survivors (3072K)
 Metaspace       used 46762K, capacity 48020K, committed 48256K, reserved 1091584K
  class space    used 6051K, capacity 6512K, committed 6528K, reserved 1048576K
}
Event: 25.460 GC heap before
{Heap before GC invocations=29 (full 0):
 garbage-first heap   total 95232K, used 50176K [0x00000000c0000000, 0x0000000100000000)
  region size 1024K, 6 young (6144K), 3 survivors (3072K)
 Metaspace       used 47353K, capacity 48533K, committed 48640K, reserved 1097728K
  class space    used 6108K, capacity 6553K, committed 6656K, reserved 1048576K
}
Event: 25.474 GC heap after
{Heap after GC invocations=30 (full 0):
 garbage-first heap   total 95232K, used 48364K [0x00000000c0000000, 0x0000000100000000)
  region size 1024K, 2 young (2048K), 2 survivors (2048K)
 Metaspace       used 47353K, capacity 48533K, committed 48640K, reserved 1097728K
  class space    used 6108K, capacity 6553K, committed 6656K, reserved 1048576K
}

