# JRE version: OpenJDK Runtime Environment (11.0.11+9) (build 11.0.11+9-b60-7590822)
# Java VM: OpenJDK 64-Bit Server VM (11.0.11+9-b60-7590822, mixed mode, tiered, compressed oops, g1 gc, windows-amd64)
Heap:
 garbage-first heap   total 257024K, used 207430K [0x00000000e0000000, 0x0000000100000000)
  region size 1024K, 2 young (2048K), 2 survivors (2048K)
 Metaspace       used 120979K, capacity 124032K, committed 124288K, reserved 1157120K
  class space    used 15225K, capacity 16385K, committed 16512K, reserved 1048576K
GC Heap History (20 events):
Event: 1972.771 GC heap after
{Heap after GC invocations=745 (full 0):
 garbage-first heap   total 193536K, used 172749K [0x00000000e0000000, 0x0000000100000000)
  region size 1024K, 2 young (2048K), 2 survivors (2048K)
 Metaspace       used 120498K, capacity 123503K, committed 123648K, reserved 1157120K
  class space    used 15188K, capacity 16338K, committed 16384K, reserved 1048576K
}
Event: 1972.983 GC heap before
{Heap before GC invocations=745 (full 0):
 garbage-first heap   total 193536K, used 178893K [0x00000000e0000000, 0x0000000100000000)
  region size 1024K, 9 young (9216K), 2 survivors (2048K)
 Metaspace       used 120617K, capacity 123729K, committed 123904K, reserved 1157120K
  class space    used 15191K, capacity 16370K, committed 16384K, reserved 1048576K
}
Event: 1973.004 GC heap after
{Heap after GC invocations=746 (full 0):
 garbage-first heap   total 193536K, used 175571K [0x00000000e0000000, 0x0000000100000000)
  region size 1024K, 2 young (2048K), 2 survivors (2048K)
 Metaspace       used 120617K, capacity 123729K, committed 123904K, reserved 1157120K
  class space    used 15191K, capacity 16370K, committed 16384K, reserved 1048576K
}
Event: 1973.859 GC heap before
{Heap before GC invocations=747 (full 0):
 garbage-first heap   total 193536K, used 182739K [0x00000000e0000000, 0x0000000100000000)
  region size 1024K, 9 young (9216K), 2 survivors (2048K)
 Metaspace       used 120628K, capacity 123729K, committed 123904K, reserved 1157120K
  class space    used 15192K, capacity 16370K, committed 16384K, reserved 1048576K
}
Event: 1973.890 GC heap after
{Heap after GC invocations=748 (full 0):
 garbage-first heap   total 193536K, used 178176K [0x00000000e0000000, 0x0000000100000000)
  region size 1024K, 2 young (2048K), 2 survivors (2048K)
 Metaspace       used 120628K, capacity 123729K, committed 123904K, reserved 1157120K
  class space    used 15192K, capacity 16370K, committed 16384K, reserved 1048576K
}
Event: 1974.013 GC heap before
{Heap before GC invocations=748 (full 0):
 garbage-first heap   total 193536K, used 184320K [0x00000000e0000000, 0x0000000100000000)
  region size 1024K, 9 young (9216K), 2 survivors (2048K)
 Metaspace       used 120647K, capacity 123729K, committed 123904K, reserved 1157120K
  class space    used 15194K, capacity 16370K, committed 16384K, reserved 1048576K
}
Event: 1974.048 GC heap after
{Heap after GC invocations=749 (full 0):
 garbage-first heap   total 193536K, used 180632K [0x00000000e0000000, 0x0000000100000000)
  region size 1024K, 2 young (2048K), 2 survivors (2048K)
 Metaspace       used 120647K, capacity 123729K, committed 123904K, reserved 1157120K
  class space    used 15194K, capacity 16370K, committed 16384K, reserved 1048576K
}
Event: 1974.157 GC heap before
{Heap before GC invocations=749 (full 0):
 garbage-first heap   total 193536K, used 187800K [0x00000000e0000000, 0x0000000100000000)
  region size 1024K, 9 young (9216K), 2 survivors (2048K)
 Metaspace       used 120647K, capacity 123729K, committed 123904K, reserved 1157120K
  class space    used 15194K, capacity 16370K, committed 16384K, reserved 1048576K
}
Event: 1974.197 GC heap after
{Heap after GC invocations=750 (full 0):
 garbage-first heap   total 193536K, used 184144K [0x00000000e0000000, 0x0000000100000000)
  region size 1024K, 2 young (2048K), 2 survivors (2048K)
 Metaspace       used 120647K, capacity 123729K, committed 123904K, reserved 1157120K
  class space    used 15194K, capacity 16370K, committed 16384K, reserved 1048576K
}
Event: 1975.062 GC heap before
{Heap before GC invocations=751 (full 0):
 garbage-first heap   total 193536K, used 192336K [0x00000000e0000000, 0x0000000100000000)
  region size 1024K, 9 young (9216K), 2 survivors (2048K)
 Metaspace       used 120647K, capacity 123729K, committed 123904K, reserved 1157120K
  class space    used 15194K, capacity 16370K, committed 16384K, reserved 1048576K
}
Event: 1975.135 GC heap after
{Heap after GC invocations=752 (full 0):
 garbage-first heap   total 197632K, used 188416K [0x00000000e0000000, 0x0000000100000000)
  region size 1024K, 2 young (2048K), 2 survivors (2048K)
 Metaspace       used 120647K, capacity 123729K, committed 123904K, reserved 1157120K
  class space    used 15194K, capacity 16370K, committed 16384K, reserved 1048576K
}
Event: 1975.246 GC heap before
{Heap before GC invocations=752 (full 0):
 garbage-first heap   total 197632K, used 196608K [0x00000000e0000000, 0x0000000100000000)
  region size 1024K, 9 young (9216K), 2 survivors (2048K)
 Metaspace       used 120647K, capacity 123729K, committed 123904K, reserved 1157120K
  class space    used 15194K, capacity 16370K, committed 16384K, reserved 1048576K
}
Event: 1975.310 GC heap after
{Heap after GC invocations=753 (full 0):
 garbage-first heap   total 202752K, used 191778K [0x00000000e0000000, 0x0000000100000000)
  region size 1024K, 2 young (2048K), 2 survivors (2048K)
 Metaspace       used 120647K, capacity 123729K, committed 123904K, reserved 1157120K
  class space    used 15194K, capacity 16370K, committed 16384K, reserved 1048576K
}
Event: 1975.388 GC heap before
{Heap before GC invocations=753 (full 0):
 garbage-first heap   total 202752K, used 198946K [0x00000000e0000000, 0x0000000100000000)
  region size 1024K, 9 young (9216K), 2 survivors (2048K)
 Metaspace       used 120647K, capacity 123729K, committed 123904K, reserved 1157120K
  class space    used 15194K, capacity 16370K, committed 16384K, reserved 1048576K
}
Event: 1975.438 GC heap after
{Heap after GC invocations=754 (full 0):
 garbage-first heap   total 203776K, used 194560K [0x00000000e0000000, 0x0000000100000000)
  region size 1024K, 2 young (2048K), 2 survivors (2048K)
 Metaspace       used 120647K, capacity 123729K, committed 123904K, reserved 1157120K
  class space    used 15194K, capacity 16370K, committed 16384K, reserved 1048576K
}
Event: 1975.748 GC heap before
{Heap before GC invocations=754 (full 0):
 garbage-first heap   total 203776K, used 200704K [0x00000000e0000000, 0x0000000100000000)
  region size 1024K, 9 young (9216K), 2 survivors (2048K)
 Metaspace       used 120647K, capacity 123729K, committed 123904K, reserved 1157120K
  class space    used 15194K, capacity 16370K, committed 16384K, reserved 1048576K
}
Event: 1975.793 GC heap after
{Heap after GC invocations=755 (full 0):
 garbage-first heap   total 207872K, used 197904K [0x00000000e0000000, 0x0000000100000000)
  region size 1024K, 2 young (2048K), 2 survivors (2048K)
 Metaspace       used 120647K, capacity 123729K, committed 123904K, reserved 1157120K
  class space    used 15194K, capacity 16370K, committed 16384K, reserved 1048576K
}
Event: 1975.841 GC heap before
{Heap before GC invocations=755 (full 0):
 garbage-first heap   total 207872K, used 205072K [0x00000000e0000000, 0x0000000100000000)
  region size 1024K, 10 young (10240K), 2 survivors (2048K)
 Metaspace       used 120647K, capacity 123729K, committed 123904K, reserved 1157120K
  class space    used 15194K, capacity 16370K, committed 16384K, reserved 1048576K
}
Event: 1975.889 GC heap after
{Heap after GC invocations=756 (full 0):
 garbage-first heap   total 211968K, used 201273K [0x00000000e0000000, 0x0000000100000000)
  region size 1024K, 2 young (2048K), 2 survivors (2048K)
 Metaspace       used 120647K, capacity 123729K, committed 123904K, reserved 1157120K
  class space    used 15194K, capacity 16370K, committed 16384K, reserved 1048576K
}
Event: 1976.899 GC heap before
{Heap before GC invocations=757 (full 0):
 garbage-first heap   total 211968K, used 210489K [0x00000000e0000000, 0x0000000100000000)
  region size 1024K, 10 young (10240K), 2 survivors (2048K)
 Metaspace       used 120979K, capacity 124032K, committed 124288K, reserved 1157120K
  class space    used 15225K, capacity 16385K, committed 16512K, reserved 1048576K
}

