# JRE version: OpenJDK Runtime Environment (11.0.11+9) (build 11.0.11+9-b60-7590822)
# Java VM: OpenJDK 64-Bit Server VM (11.0.11+9-b60-7590822, mixed mode, tiered, compressed oops, g1 gc, windows-amd64)
Heap:
 garbage-first heap   total 95232K, used 46497K [0x00000000c0000000, 0x0000000100000000)
  region size 1024K, 2 young (2048K), 2 survivors (2048K)
 Metaspace       used 45307K, capacity 46435K, committed 46592K, reserved 1089536K
  class space    used 5890K, capacity 6306K, committed 6400K, reserved 1048576K
GC Heap History (20 events):
Event: 13.280 GC heap after
{Heap after GC invocations=8 (full 0):
 garbage-first heap   total 65536K, used 29805K [0x00000000c0000000, 0x0000000100000000)
  region size 1024K, 4 young (4096K), 4 survivors (4096K)
 Metaspace       used 26446K, capacity 27211K, committed 27392K, reserved 1073152K
  class space    used 3459K, capacity 3740K, committed 3840K, reserved 1048576K
}
Event: 14.045 GC heap before
{Heap before GC invocations=8 (full 0):
 garbage-first heap   total 65536K, used 49261K [0x00000000c0000000, 0x0000000100000000)
  region size 1024K, 24 young (24576K), 4 survivors (4096K)
 Metaspace       used 28172K, capacity 28980K, committed 29184K, reserved 1075200K
  class space    used 3732K, capacity 4033K, committed 4096K, reserved 1048576K
}
Event: 14.068 GC heap after
{Heap after GC invocations=9 (full 0):
 garbage-first heap   total 65536K, used 31188K [0x00000000c0000000, 0x0000000100000000)
  region size 1024K, 1 young (1024K), 1 survivors (1024K)
 Metaspace       used 28172K, capacity 28980K, committed 29184K, reserved 1075200K
  class space    used 3732K, capacity 4033K, committed 4096K, reserved 1048576K
}
Event: 14.971 GC heap before
{Heap before GC invocations=9 (full 0):
 garbage-first heap   total 65536K, used 49620K [0x00000000c0000000, 0x0000000100000000)
  region size 1024K, 20 young (20480K), 1 survivors (1024K)
 Metaspace       used 30254K, capacity 31110K, committed 31360K, reserved 1077248K
  class space    used 4068K, capacity 4380K, committed 4480K, reserved 1048576K
}
Event: 14.980 GC heap after
{Heap after GC invocations=10 (full 0):
 garbage-first heap   total 65536K, used 31311K [0x00000000c0000000, 0x0000000100000000)
  region size 1024K, 2 young (2048K), 2 survivors (2048K)
 Metaspace       used 30254K, capacity 31110K, committed 31360K, reserved 1077248K
  class space    used 4068K, capacity 4380K, committed 4480K, reserved 1048576K
}
Event: 16.450 GC heap before
{Heap before GC invocations=11 (full 0):
 garbage-first heap   total 65536K, used 49743K [0x00000000c0000000, 0x0000000100000000)
  region size 1024K, 21 young (21504K), 2 survivors (2048K)
 Metaspace       used 35773K, capacity 36761K, committed 36864K, reserved 1081344K
  class space    used 4685K, capacity 5051K, committed 5120K, reserved 1048576K
}
Event: 16.469 GC heap after
{Heap after GC invocations=12 (full 0):
 garbage-first heap   total 65536K, used 33666K [0x00000000c0000000, 0x0000000100000000)
  region size 1024K, 3 young (3072K), 3 survivors (3072K)
 Metaspace       used 35773K, capacity 36761K, committed 36864K, reserved 1081344K
  class space    used 4685K, capacity 5051K, committed 5120K, reserved 1048576K
}
Event: 17.291 GC heap before
{Heap before GC invocations=12 (full 0):
 garbage-first heap   total 65536K, used 51074K [0x00000000c0000000, 0x0000000100000000)
  region size 1024K, 21 young (21504K), 3 survivors (3072K)
 Metaspace       used 37414K, capacity 38383K, committed 38528K, reserved 1083392K
  class space    used 4839K, capacity 5205K, committed 5248K, reserved 1048576K
}
Event: 17.315 GC heap after
{Heap after GC invocations=13 (full 0):
 garbage-first heap   total 78848K, used 36213K [0x00000000c0000000, 0x0000000100000000)
  region size 1024K, 3 young (3072K), 3 survivors (3072K)
 Metaspace       used 37414K, capacity 38383K, committed 38528K, reserved 1083392K
  class space    used 4839K, capacity 5205K, committed 5248K, reserved 1048576K
}
Event: 17.941 GC heap before
{Heap before GC invocations=14 (full 0):
 garbage-first heap   total 78848K, used 52597K [0x00000000c0000000, 0x0000000100000000)
  region size 1024K, 20 young (20480K), 3 survivors (3072K)
 Metaspace       used 37922K, capacity 38920K, committed 39168K, reserved 1083392K
  class space    used 4892K, capacity 5274K, committed 5376K, reserved 1048576K
}
Event: 17.953 GC heap after
{Heap after GC invocations=15 (full 0):
 garbage-first heap   total 78848K, used 37919K [0x00000000c0000000, 0x0000000100000000)
  region size 1024K, 2 young (2048K), 2 survivors (2048K)
 Metaspace       used 37922K, capacity 38920K, committed 39168K, reserved 1083392K
  class space    used 4892K, capacity 5274K, committed 5376K, reserved 1048576K
}
Event: 19.336 GC heap before
{Heap before GC invocations=16 (full 0):
 garbage-first heap   total 78848K, used 61471K [0x00000000c0000000, 0x0000000100000000)
  region size 1024K, 23 young (23552K), 2 survivors (2048K)
 Metaspace       used 40861K, capacity 41946K, committed 42240K, reserved 1085440K
  class space    used 5209K, capacity 5580K, committed 5632K, reserved 1048576K
}
Event: 19.349 GC heap after
{Heap after GC invocations=17 (full 0):
 garbage-first heap   total 78848K, used 38102K [0x00000000c0000000, 0x0000000100000000)
  region size 1024K, 3 young (3072K), 3 survivors (3072K)
 Metaspace       used 40861K, capacity 41946K, committed 42240K, reserved 1085440K
  class space    used 5209K, capacity 5580K, committed 5632K, reserved 1048576K
}
Event: 20.412 GC heap before
{Heap before GC invocations=17 (full 0):
 garbage-first heap   total 78848K, used 58582K [0x00000000c0000000, 0x0000000100000000)
  region size 1024K, 25 young (25600K), 3 survivors (3072K)
 Metaspace       used 42572K, capacity 43640K, committed 43776K, reserved 1087488K
  class space    used 5451K, capacity 5844K, committed 5888K, reserved 1048576K
}
Event: 20.430 GC heap after
{Heap after GC invocations=18 (full 0):
 garbage-first heap   total 78848K, used 39446K [0x00000000c0000000, 0x0000000100000000)
  region size 1024K, 3 young (3072K), 3 survivors (3072K)
 Metaspace       used 42572K, capacity 43640K, committed 43776K, reserved 1087488K
  class space    used 5451K, capacity 5844K, committed 5888K, reserved 1048576K
}
Event: 21.861 GC heap before
{Heap before GC invocations=19 (full 0):
 garbage-first heap   total 78848K, used 64022K [0x00000000c0000000, 0x0000000100000000)
  region size 1024K, 25 young (25600K), 3 survivors (3072K)
 Metaspace       used 45144K, capacity 46304K, committed 46592K, reserved 1089536K
  class space    used 5887K, capacity 6306K, committed 6400K, reserved 1048576K
}
Event: 21.885 GC heap after
{Heap after GC invocations=20 (full 0):
 garbage-first heap   total 78848K, used 45201K [0x00000000c0000000, 0x0000000100000000)
  region size 1024K, 4 young (4096K), 4 survivors (4096K)
 Metaspace       used 45144K, capacity 46304K, committed 46592K, reserved 1089536K
  class space    used 5887K, capacity 6306K, committed 6400K, reserved 1048576K
}
Event: 22.335 GC heap before
{Heap before GC invocations=20 (full 0):
 garbage-first heap   total 78848K, used 64657K [0x00000000c0000000, 0x0000000100000000)
  region size 1024K, 23 young (23552K), 4 survivors (4096K)
 Metaspace       used 45272K, capacity 46368K, committed 46592K, reserved 1089536K
  class space    used 5890K, capacity 6306K, committed 6400K, reserved 1048576K
}
Event: 22.362 GC heap after
{Heap after GC invocations=21 (full 0):
 garbage-first heap   total 78848K, used 46126K [0x00000000c0000000, 0x0000000100000000)
  region size 1024K, 2 young (2048K), 2 survivors (2048K)
 Metaspace       used 45272K, capacity 46368K, committed 46592K, reserved 1089536K
  class space    used 5890K, capacity 6306K, committed 6400K, reserved 1048576K
}
Event: 22.819 GC heap before
{Heap before GC invocations=22 (full 0):
 garbage-first heap   total 78848K, used 64558K [0x00000000c0000000, 0x0000000100000000)
  region size 1024K, 20 young (20480K), 2 survivors (2048K)
 Metaspace       used 45307K, capacity 46435K, committed 46592K, reserved 1089536K
  class space    used 5890K, capacity 6306K, committed 6400K, reserved 1048576K
}

