# JRE version: OpenJDK Runtime Environment (11.0.11+9) (build 11.0.11+9-b60-7590822)
# Java VM: OpenJDK 64-Bit Server VM (11.0.11+9-b60-7590822, mixed mode, tiered, compressed oops, g1 gc, windows-amd64)
Heap:
 garbage-first heap   total 95232K, used 44353K [0x00000000c0000000, 0x0000000100000000)
  region size 1024K, 2 young (2048K), 2 survivors (2048K)
 Metaspace       used 45240K, capacity 46406K, committed 46592K, reserved 1089536K
  class space    used 5878K, capacity 6299K, committed 6400K, reserved 1048576K
GC Heap History (20 events):
Event: 23.369 GC heap after
{Heap after GC invocations=13 (full 0):
 garbage-first heap   total 65536K, used 37006K [0x00000000c0000000, 0x0000000100000000)
  region size 1024K, 3 young (3072K), 3 survivors (3072K)
 Metaspace       used 37452K, capacity 38508K, committed 38784K, reserved 1083392K
  class space    used 4837K, capacity 5205K, committed 5248K, reserved 1048576K
}
Event: 23.694 GC heap before
{Heap before GC invocations=14 (full 0):
 garbage-first heap   total 65536K, used 52366K [0x00000000c0000000, 0x0000000100000000)
  region size 1024K, 18 young (18432K), 3 survivors (3072K)
 Metaspace       used 37478K, capacity 38522K, committed 38784K, reserved 1083392K
  class space    used 4839K, capacity 5206K, committed 5248K, reserved 1048576K
}
Event: 23.713 GC heap after
{Heap after GC invocations=15 (full 0):
 garbage-first heap   total 78848K, used 38617K [0x00000000c0000000, 0x0000000100000000)
  region size 1024K, 2 young (2048K), 2 survivors (2048K)
 Metaspace       used 37478K, capacity 38522K, committed 38784K, reserved 1083392K
  class space    used 4839K, capacity 5206K, committed 5248K, reserved 1048576K
}
Event: 24.154 GC heap before
{Heap before GC invocations=15 (full 0):
 garbage-first heap   total 78848K, used 45785K [0x00000000c0000000, 0x0000000100000000)
  region size 1024K, 11 young (11264K), 2 survivors (2048K)
 Metaspace       used 37977K, capacity 39051K, committed 39168K, reserved 1083392K
  class space    used 4890K, capacity 5274K, committed 5376K, reserved 1048576K
}
Event: 24.166 GC heap after
{Heap after GC invocations=16 (full 0):
 garbage-first heap   total 78848K, used 39696K [0x00000000c0000000, 0x0000000100000000)
  region size 1024K, 3 young (3072K), 3 survivors (3072K)
 Metaspace       used 37977K, capacity 39051K, committed 39168K, reserved 1083392K
  class space    used 4890K, capacity 5274K, committed 5376K, reserved 1048576K
}
Event: 24.289 GC heap before
{Heap before GC invocations=17 (full 0):
 garbage-first heap   total 78848K, used 40720K [0x00000000c0000000, 0x0000000100000000)
  region size 1024K, 4 young (4096K), 3 survivors (3072K)
 Metaspace       used 37977K, capacity 39051K, committed 39168K, reserved 1083392K
  class space    used 4890K, capacity 5274K, committed 5376K, reserved 1048576K
}
Event: 24.299 GC heap after
{Heap after GC invocations=18 (full 0):
 garbage-first heap   total 78848K, used 40161K [0x00000000c0000000, 0x0000000100000000)
  region size 1024K, 1 young (1024K), 1 survivors (1024K)
 Metaspace       used 37977K, capacity 39051K, committed 39168K, reserved 1083392K
  class space    used 4890K, capacity 5274K, committed 5376K, reserved 1048576K
}
Event: 25.666 GC heap before
{Heap before GC invocations=19 (full 0):
 garbage-first heap   total 78848K, used 60641K [0x00000000c0000000, 0x0000000100000000)
  region size 1024K, 19 young (19456K), 1 survivors (1024K)
 Metaspace       used 40661K, capacity 41720K, committed 41984K, reserved 1085440K
  class space    used 5171K, capacity 5546K, committed 5632K, reserved 1048576K
}
Event: 25.677 GC heap after
{Heap after GC invocations=20 (full 0):
 garbage-first heap   total 78848K, used 40297K [0x00000000c0000000, 0x0000000100000000)
  region size 1024K, 2 young (2048K), 2 survivors (2048K)
 Metaspace       used 40661K, capacity 41720K, committed 41984K, reserved 1085440K
  class space    used 5171K, capacity 5546K, committed 5632K, reserved 1048576K
}
Event: 26.648 GC heap before
{Heap before GC invocations=20 (full 0):
 garbage-first heap   total 78848K, used 58729K [0x00000000c0000000, 0x0000000100000000)
  region size 1024K, 20 young (20480K), 2 survivors (2048K)
 Metaspace       used 42095K, capacity 43143K, committed 43392K, reserved 1087488K
  class space    used 5379K, capacity 5747K, committed 5760K, reserved 1048576K
}
Event: 26.660 GC heap after
{Heap after GC invocations=21 (full 0):
 garbage-first heap   total 78848K, used 40734K [0x00000000c0000000, 0x0000000100000000)
  region size 1024K, 2 young (2048K), 2 survivors (2048K)
 Metaspace       used 42095K, capacity 43143K, committed 43392K, reserved 1087488K
  class space    used 5379K, capacity 5747K, committed 5760K, reserved 1048576K
}
Event: 28.251 GC heap before
{Heap before GC invocations=22 (full 0):
 garbage-first heap   total 78848K, used 59166K [0x00000000c0000000, 0x0000000100000000)
  region size 1024K, 20 young (20480K), 2 survivors (2048K)
 Metaspace       used 44955K, capacity 46141K, committed 46336K, reserved 1089536K
  class space    used 5867K, capacity 6296K, committed 6400K, reserved 1048576K
}
Event: 28.268 GC heap after
{Heap after GC invocations=23 (full 0):
 garbage-first heap   total 78848K, used 42098K [0x00000000c0000000, 0x0000000100000000)
  region size 1024K, 3 young (3072K), 3 survivors (3072K)
 Metaspace       used 44955K, capacity 46141K, committed 46336K, reserved 1089536K
  class space    used 5867K, capacity 6296K, committed 6400K, reserved 1048576K
}
Event: 28.840 GC heap before
{Heap before GC invocations=23 (full 0):
 garbage-first heap   total 78848K, used 60530K [0x00000000c0000000, 0x0000000100000000)
  region size 1024K, 21 young (21504K), 3 survivors (3072K)
 Metaspace       used 45148K, capacity 46278K, committed 46592K, reserved 1089536K
  class space    used 5878K, capacity 6299K, committed 6400K, reserved 1048576K
}
Event: 28.862 GC heap after
{Heap after GC invocations=24 (full 0):
 garbage-first heap   total 78848K, used 42510K [0x00000000c0000000, 0x0000000100000000)
  region size 1024K, 2 young (2048K), 2 survivors (2048K)
 Metaspace       used 45148K, capacity 46278K, committed 46592K, reserved 1089536K
  class space    used 5878K, capacity 6299K, committed 6400K, reserved 1048576K
}
Event: 29.612 GC heap before
{Heap before GC invocations=25 (full 0):
 garbage-first heap   total 78848K, used 60942K [0x00000000c0000000, 0x0000000100000000)
  region size 1024K, 20 young (20480K), 2 survivors (2048K)
 Metaspace       used 45214K, capacity 46342K, committed 46592K, reserved 1089536K
  class space    used 5878K, capacity 6299K, committed 6400K, reserved 1048576K
}
Event: 29.630 GC heap after
{Heap after GC invocations=26 (full 0):
 garbage-first heap   total 78848K, used 43640K [0x00000000c0000000, 0x0000000100000000)
  region size 1024K, 2 young (2048K), 2 survivors (2048K)
 Metaspace       used 45214K, capacity 46342K, committed 46592K, reserved 1089536K
  class space    used 5878K, capacity 6299K, committed 6400K, reserved 1048576K
}
Event: 29.814 GC heap before
{Heap before GC invocations=26 (full 0):
 garbage-first heap   total 78848K, used 62072K [0x00000000c0000000, 0x0000000100000000)
  region size 1024K, 20 young (20480K), 2 survivors (2048K)
 Metaspace       used 45215K, capacity 46342K, committed 46592K, reserved 1089536K
  class space    used 5878K, capacity 6299K, committed 6400K, reserved 1048576K
}
Event: 29.829 GC heap after
{Heap after GC invocations=27 (full 0):
 garbage-first heap   total 78848K, used 43965K [0x00000000c0000000, 0x0000000100000000)
  region size 1024K, 2 young (2048K), 2 survivors (2048K)
 Metaspace       used 45215K, capacity 46342K, committed 46592K, reserved 1089536K
  class space    used 5878K, capacity 6299K, committed 6400K, reserved 1048576K
}
Event: 30.199 GC heap before
{Heap before GC invocations=28 (full 0):
 garbage-first heap   total 78848K, used 63421K [0x00000000c0000000, 0x0000000100000000)
  region size 1024K, 21 young (21504K), 2 survivors (2048K)
 Metaspace       used 45240K, capacity 46406K, committed 46592K, reserved 1089536K
  class space    used 5878K, capacity 6299K, committed 6400K, reserved 1048576K
}

