# JRE version: OpenJDK Runtime Environment (11.0.11+9) (build 11.0.11+9-b60-7590822)
# Java VM: OpenJDK 64-Bit Server VM (11.0.11+9-b60-7590822, mixed mode, tiered, compressed oops, g1 gc, windows-amd64)
Heap:
 garbage-first heap   total 78848K, used 27104K [0x00000000c0800000, 0x0000000100000000)
  region size 1024K, 5 young (5120K), 2 survivors (2048K)
 Metaspace       used 45650K, capacity 46263K, committed 46416K, reserved 1089536K
  class space    used 5367K, capacity 5608K, committed 5632K, reserved 1048576K
GC Heap History (20 events):
Event: 1.793 GC heap before
{Heap before GC invocations=0 (full 0):
 garbage-first heap   total 65536K, used 9216K [0x00000000c0800000, 0x0000000100000000)
  region size 1024K, 7 young (7168K), 0 survivors (0K)
 Metaspace       used 6961K, capacity 7052K, committed 7296K, reserved 1056768K
  class space    used 596K, capacity 627K, committed 640K, reserved 1048576K
}
Event: 1.800 GC heap after
{Heap after GC invocations=1 (full 0):
 garbage-first heap   total 65536K, used 5202K [0x00000000c0800000, 0x0000000100000000)
  region size 1024K, 1 young (1024K), 1 survivors (1024K)
 Metaspace       used 6961K, capacity 7052K, committed 7296K, reserved 1056768K
  class space    used 596K, capacity 627K, committed 640K, reserved 1048576K
}
Event: 2.707 GC heap before
{Heap before GC invocations=1 (full 0):
 garbage-first heap   total 65536K, used 11346K [0x00000000c0800000, 0x0000000100000000)
  region size 1024K, 6 young (6144K), 1 survivors (1024K)
 Metaspace       used 8786K, capacity 8908K, committed 8960K, reserved 1056768K
  class space    used 719K, capacity 755K, committed 768K, reserved 1048576K
}
Event: 2.711 GC heap after
{Heap after GC invocations=2 (full 0):
 garbage-first heap   total 65536K, used 4964K [0x00000000c0800000, 0x0000000100000000)
  region size 1024K, 1 young (1024K), 1 survivors (1024K)
 Metaspace       used 8786K, capacity 8908K, committed 8960K, reserved 1056768K
  class space    used 719K, capacity 755K, committed 768K, reserved 1048576K
}
Event: 4.356 GC heap before
{Heap before GC invocations=2 (full 0):
 garbage-first heap   total 65536K, used 18276K [0x00000000c0800000, 0x0000000100000000)
  region size 1024K, 14 young (14336K), 1 survivors (1024K)
 Metaspace       used 12410K, capacity 12501K, committed 12800K, reserved 1060864K
  class space    used 1168K, capacity 1206K, committed 1280K, reserved 1048576K
}
Event: 4.362 GC heap after
{Heap after GC invocations=3 (full 0):
 garbage-first heap   total 65536K, used 5802K [0x00000000c0800000, 0x0000000100000000)
  region size 1024K, 2 young (2048K), 2 survivors (2048K)
 Metaspace       used 12410K, capacity 12501K, committed 12800K, reserved 1060864K
  class space    used 1168K, capacity 1206K, committed 1280K, reserved 1048576K
}
Event: 6.314 GC heap before
{Heap before GC invocations=3 (full 0):
 garbage-first heap   total 65536K, used 26282K [0x00000000c0800000, 0x0000000100000000)
  region size 1024K, 22 young (22528K), 2 survivors (2048K)
 Metaspace       used 16008K, capacity 16209K, committed 16256K, reserved 1064960K
  class space    used 1561K, capacity 1617K, committed 1664K, reserved 1048576K
}
Event: 6.333 GC heap after
{Heap after GC invocations=4 (full 0):
 garbage-first heap   total 65536K, used 8256K [0x00000000c0800000, 0x0000000100000000)
  region size 1024K, 3 young (3072K), 3 survivors (3072K)
 Metaspace       used 16008K, capacity 16209K, committed 16256K, reserved 1064960K
  class space    used 1561K, capacity 1617K, committed 1664K, reserved 1048576K
}
Event: 8.310 GC heap before
{Heap before GC invocations=4 (full 0):
 garbage-first heap   total 65536K, used 22592K [0x00000000c0800000, 0x0000000100000000)
  region size 1024K, 18 young (18432K), 3 survivors (3072K)
 Metaspace       used 20905K, capacity 21146K, committed 21296K, reserved 1069056K
  class space    used 2255K, capacity 2347K, committed 2432K, reserved 1048576K
}
Event: 8.328 GC heap after
{Heap after GC invocations=5 (full 0):
 garbage-first heap   total 65536K, used 9292K [0x00000000c0800000, 0x0000000100000000)
  region size 1024K, 3 young (3072K), 3 survivors (3072K)
 Metaspace       used 20905K, capacity 21146K, committed 21296K, reserved 1069056K
  class space    used 2255K, capacity 2347K, committed 2432K, reserved 1048576K
}
Event: 11.009 GC heap before
{Heap before GC invocations=6 (full 0):
 garbage-first heap   total 65536K, used 36940K [0x00000000c0800000, 0x0000000100000000)
  region size 1024K, 28 young (28672K), 3 survivors (3072K)
 Metaspace       used 28398K, capacity 28905K, committed 29104K, reserved 1075200K
  class space    used 3111K, capacity 3314K, committed 3328K, reserved 1048576K
}
Event: 11.053 GC heap after
{Heap after GC invocations=7 (full 0):
 garbage-first heap   total 65536K, used 14231K [0x00000000c0800000, 0x0000000100000000)
  region size 1024K, 3 young (3072K), 3 survivors (3072K)
 Metaspace       used 28398K, capacity 28905K, committed 29104K, reserved 1075200K
  class space    used 3111K, capacity 3314K, committed 3328K, reserved 1048576K
}
Event: 19.416 GC heap before
{Heap before GC invocations=7 (full 0):
 garbage-first heap   total 65536K, used 42903K [0x00000000c0800000, 0x0000000100000000)
  region size 1024K, 29 young (29696K), 3 survivors (3072K)
 Metaspace       used 32592K, capacity 32996K, committed 33200K, reserved 1079296K
  class space    used 4085K, capacity 4293K, committed 4352K, reserved 1048576K
}
Event: 19.453 GC heap after
{Heap after GC invocations=8 (full 0):
 garbage-first heap   total 65536K, used 21504K [0x00000000c0800000, 0x0000000100000000)
  region size 1024K, 4 young (4096K), 4 survivors (4096K)
 Metaspace       used 32592K, capacity 32996K, committed 33200K, reserved 1079296K
  class space    used 4085K, capacity 4293K, committed 4352K, reserved 1048576K
}
Event: 20.553 GC heap before
{Heap before GC invocations=8 (full 0):
 garbage-first heap   total 65536K, used 31744K [0x00000000c0800000, 0x0000000100000000)
  region size 1024K, 15 young (15360K), 4 survivors (4096K)
 Metaspace       used 35350K, capacity 35782K, committed 35920K, reserved 1081344K
  class space    used 4388K, capacity 4582K, committed 4608K, reserved 1048576K
}
Event: 20.589 GC heap after
{Heap after GC invocations=9 (full 0):
 garbage-first heap   total 78848K, used 23241K [0x00000000c0800000, 0x0000000100000000)
  region size 1024K, 2 young (2048K), 2 survivors (2048K)
 Metaspace       used 35350K, capacity 35782K, committed 35920K, reserved 1081344K
  class space    used 4388K, capacity 4582K, committed 4608K, reserved 1048576K
}
Event: 22.969 GC heap before
{Heap before GC invocations=10 (full 0):
 garbage-first heap   total 78848K, used 45769K [0x00000000c0800000, 0x0000000100000000)
  region size 1024K, 25 young (25600K), 2 survivors (2048K)
 Metaspace       used 39375K, capacity 39917K, committed 40144K, reserved 1085440K
  class space    used 4778K, capacity 4976K, committed 4992K, reserved 1048576K
}
Event: 22.983 GC heap after
{Heap after GC invocations=11 (full 0):
 garbage-first heap   total 78848K, used 23184K [0x00000000c0800000, 0x0000000100000000)
  region size 1024K, 4 young (4096K), 4 survivors (4096K)
 Metaspace       used 39375K, capacity 39917K, committed 40144K, reserved 1085440K
  class space    used 4778K, capacity 4976K, committed 4992K, reserved 1048576K
}
Event: 26.538 GC heap before
{Heap before GC invocations=11 (full 0):
 garbage-first heap   total 78848K, used 46736K [0x00000000c0800000, 0x0000000100000000)
  region size 1024K, 28 young (28672K), 4 survivors (4096K)
 Metaspace       used 45364K, capacity 45915K, committed 46160K, reserved 1089536K
  class space    used 5356K, capacity 5592K, committed 5632K, reserved 1048576K
}
Event: 26.560 GC heap after
{Heap after GC invocations=12 (full 0):
 garbage-first heap   total 78848K, used 25056K [0x00000000c0800000, 0x0000000100000000)
  region size 1024K, 2 young (2048K), 2 survivors (2048K)
 Metaspace       used 45364K, capacity 45915K, committed 46160K, reserved 1089536K
  class space    used 5356K, capacity 5592K, committed 5632K, reserved 1048576K
}

