# JRE version: OpenJDK Runtime Environment (11.0.11+9) (build 11.0.11+9-b60-7590822)
# Java VM: OpenJDK 64-Bit Server VM (11.0.11+9-b60-7590822, mixed mode, tiered, compressed oops, g1 gc, windows-amd64)
Heap:
 garbage-first heap   total 138240K, used 99004K [0x00000000c0000000, 0x0000000100000000)
  region size 1024K, 12 young (12288K), 4 survivors (4096K)
 Metaspace       used 91997K, capacity 94092K, committed 94332K, reserved 1130496K
  class space    used 11745K, capacity 12503K, committed 12544K, reserved 1048576K
GC Heap History (20 events):
Event: 88.369 GC heap before
{Heap before GC invocations=63 (full 0):
 garbage-first heap   total 138240K, used 104914K [0x00000000c0000000, 0x0000000100000000)
  region size 1024K, 38 young (38912K), 5 survivors (5120K)
 Metaspace       used 83769K, capacity 85774K, committed 86012K, reserved 1124352K
  class space    used 10827K, capacity 11589K, committed 11648K, reserved 1048576K
}
Event: 88.406 GC heap after
{Heap after GC invocations=64 (full 0):
 garbage-first heap   total 138240K, used 73676K [0x00000000c0000000, 0x0000000100000000)
  region size 1024K, 3 young (3072K), 3 survivors (3072K)
 Metaspace       used 83769K, capacity 85774K, committed 86012K, reserved 1124352K
  class space    used 10827K, capacity 11589K, committed 11648K, reserved 1048576K
}
Event: 92.085 GC heap before
{Heap before GC invocations=64 (full 0):
 garbage-first heap   total 138240K, used 106444K [0x00000000c0000000, 0x0000000100000000)
  region size 1024K, 36 young (36864K), 3 survivors (3072K)
 Metaspace       used 84100K, capacity 86159K, committed 86268K, reserved 1124352K
  class space    used 10834K, capacity 11596K, committed 11648K, reserved 1048576K
}
Event: 92.107 GC heap after
{Heap after GC invocations=65 (full 0):
 garbage-first heap   total 138240K, used 75295K [0x00000000c0000000, 0x0000000100000000)
  region size 1024K, 4 young (4096K), 4 survivors (4096K)
 Metaspace       used 84100K, capacity 86159K, committed 86268K, reserved 1124352K
  class space    used 10834K, capacity 11596K, committed 11648K, reserved 1048576K
}
Event: 95.104 GC heap before
{Heap before GC invocations=66 (full 0):
 garbage-first heap   total 138240K, used 108063K [0x00000000c0000000, 0x0000000100000000)
  region size 1024K, 37 young (37888K), 4 survivors (4096K)
 Metaspace       used 84577K, capacity 86597K, committed 86780K, reserved 1124352K
  class space    used 10872K, capacity 11643K, committed 11648K, reserved 1048576K
}
Event: 95.137 GC heap after
{Heap after GC invocations=67 (full 0):
 garbage-first heap   total 138240K, used 77452K [0x00000000c0000000, 0x0000000100000000)
  region size 1024K, 4 young (4096K), 4 survivors (4096K)
 Metaspace       used 84577K, capacity 86597K, committed 86780K, reserved 1124352K
  class space    used 10872K, capacity 11643K, committed 11648K, reserved 1048576K
}
Event: 100.418 GC heap before
{Heap before GC invocations=67 (full 0):
 garbage-first heap   total 138240K, used 110220K [0x00000000c0000000, 0x0000000100000000)
  region size 1024K, 37 young (37888K), 4 survivors (4096K)
 Metaspace       used 85984K, capacity 88122K, committed 88188K, reserved 1126400K
  class space    used 11000K, capacity 11764K, committed 11776K, reserved 1048576K
}
Event: 100.448 GC heap after
{Heap after GC invocations=68 (full 0):
 garbage-first heap   total 138240K, used 79379K [0x00000000c0000000, 0x0000000100000000)
  region size 1024K, 4 young (4096K), 4 survivors (4096K)
 Metaspace       used 85984K, capacity 88122K, committed 88188K, reserved 1126400K
  class space    used 11000K, capacity 11764K, committed 11776K, reserved 1048576K
}
Event: 103.819 GC heap before
{Heap before GC invocations=69 (full 0):
 garbage-first heap   total 138240K, used 113171K [0x00000000c0000000, 0x0000000100000000)
  region size 1024K, 37 young (37888K), 4 survivors (4096K)
 Metaspace       used 87995K, capacity 90058K, committed 90236K, reserved 1128448K
  class space    used 11256K, capacity 12019K, committed 12032K, reserved 1048576K
}
Event: 103.872 GC heap after
{Heap after GC invocations=70 (full 0):
 garbage-first heap   total 138240K, used 79697K [0x00000000c0000000, 0x0000000100000000)
  region size 1024K, 2 young (2048K), 2 survivors (2048K)
 Metaspace       used 87995K, capacity 90058K, committed 90236K, reserved 1128448K
  class space    used 11256K, capacity 12019K, committed 12032K, reserved 1048576K
}
Event: 105.867 GC heap before
{Heap before GC invocations=70 (full 0):
 garbage-first heap   total 138240K, used 112465K [0x00000000c0000000, 0x0000000100000000)
  region size 1024K, 35 young (35840K), 2 survivors (2048K)
 Metaspace       used 90384K, capacity 92462K, committed 92540K, reserved 1130496K
  class space    used 11539K, capacity 12284K, committed 12288K, reserved 1048576K
}
Event: 105.891 GC heap after
{Heap after GC invocations=71 (full 0):
 garbage-first heap   total 138240K, used 81745K [0x00000000c0000000, 0x0000000100000000)
  region size 1024K, 4 young (4096K), 4 survivors (4096K)
 Metaspace       used 90384K, capacity 92462K, committed 92540K, reserved 1130496K
  class space    used 11539K, capacity 12284K, committed 12288K, reserved 1048576K
}
Event: 108.961 GC heap before
{Heap before GC invocations=72 (full 0):
 garbage-first heap   total 138240K, used 113489K [0x00000000c0000000, 0x0000000100000000)
  region size 1024K, 36 young (36864K), 4 survivors (4096K)
 Metaspace       used 90471K, capacity 92468K, committed 92540K, reserved 1130496K
  class space    used 11543K, capacity 12285K, committed 12288K, reserved 1048576K
}
Event: 108.994 GC heap after
{Heap after GC invocations=73 (full 0):
 garbage-first heap   total 138240K, used 83690K [0x00000000c0000000, 0x0000000100000000)
  region size 1024K, 4 young (4096K), 4 survivors (4096K)
 Metaspace       used 90471K, capacity 92468K, committed 92540K, reserved 1130496K
  class space    used 11543K, capacity 12285K, committed 12288K, reserved 1048576K
}
Event: 111.423 GC heap before
{Heap before GC invocations=73 (full 0):
 garbage-first heap   total 138240K, used 114410K [0x00000000c0000000, 0x0000000100000000)
  region size 1024K, 35 young (35840K), 4 survivors (4096K)
 Metaspace       used 90521K, capacity 92536K, committed 92540K, reserved 1130496K
  class space    used 11545K, capacity 12285K, committed 12288K, reserved 1048576K
}
Event: 111.452 GC heap after
{Heap after GC invocations=74 (full 0):
 garbage-first heap   total 138240K, used 85710K [0x00000000c0000000, 0x0000000100000000)
  region size 1024K, 4 young (4096K), 4 survivors (4096K)
 Metaspace       used 90521K, capacity 92536K, committed 92540K, reserved 1130496K
  class space    used 11545K, capacity 12285K, committed 12288K, reserved 1048576K
}
Event: 113.184 GC heap before
{Heap before GC invocations=75 (full 0):
 garbage-first heap   total 138240K, used 108238K [0x00000000c0000000, 0x0000000100000000)
  region size 1024K, 28 young (28672K), 4 survivors (4096K)
 Metaspace       used 91177K, capacity 93271K, committed 93436K, reserved 1130496K
  class space    used 11648K, capacity 12401K, committed 12416K, reserved 1048576K
}
Event: 113.213 GC heap after
{Heap after GC invocations=76 (full 0):
 garbage-first heap   total 138240K, used 89923K [0x00000000c0000000, 0x0000000100000000)
  region size 1024K, 5 young (5120K), 5 survivors (5120K)
 Metaspace       used 91177K, capacity 93271K, committed 93436K, reserved 1130496K
  class space    used 11648K, capacity 12401K, committed 12416K, reserved 1048576K
}
Event: 114.202 GC heap before
{Heap before GC invocations=77 (full 0):
 garbage-first heap   total 138240K, used 116547K [0x00000000c0000000, 0x0000000100000000)
  region size 1024K, 30 young (30720K), 5 survivors (5120K)
 Metaspace       used 91227K, capacity 93385K, committed 93564K, reserved 1130496K
  class space    used 11657K, capacity 12438K, committed 12544K, reserved 1048576K
}
Event: 114.223 GC heap after
{Heap after GC invocations=78 (full 0):
 garbage-first heap   total 138240K, used 92860K [0x00000000c0000000, 0x0000000100000000)
  region size 1024K, 4 young (4096K), 4 survivors (4096K)
 Metaspace       used 91227K, capacity 93385K, committed 93564K, reserved 1130496K
  class space    used 11657K, capacity 12438K, committed 12544K, reserved 1048576K
}

