# JRE version: OpenJDK Runtime Environment (11.0.11+9) (build 11.0.11+9-b60-7590822)
# Java VM: OpenJDK 64-Bit Server VM (11.0.11+9-b60-7590822, mixed mode, tiered, compressed oops, g1 gc, windows-amd64)
Heap:
 garbage-first heap   total 65536K, used 39047K [0x0000000080000000, 0x0000000100000000)
  region size 1024K, 4 young (4096K), 2 survivors (2048K)
 Metaspace       used 37760K, capacity 38827K, committed 39040K, reserved 1083392K
  class space    used 4880K, capacity 5242K, committed 5248K, reserved 1048576K
GC Heap History (20 events):
Event: 5.384 GC heap before
{Heap before GC invocations=2 (full 0):
 garbage-first heap   total 65536K, used 24842K [0x0000000080000000, 0x0000000100000000)
  region size 1024K, 20 young (20480K), 5 survivors (5120K)
 Metaspace       used 10877K, capacity 11135K, committed 11264K, reserved 1058816K
  class space    used 1126K, capacity 1206K, committed 1280K, reserved 1048576K
}
Event: 5.407 GC heap after
{Heap after GC invocations=3 (full 0):
 garbage-first heap   total 65536K, used 13175K [0x0000000080000000, 0x0000000100000000)
  region size 1024K, 3 young (3072K), 3 survivors (3072K)
 Metaspace       used 10877K, capacity 11135K, committed 11264K, reserved 1058816K
  class space    used 1126K, capacity 1206K, committed 1280K, reserved 1048576K
}
Event: 8.119 GC heap before
{Heap before GC invocations=3 (full 0):
 garbage-first heap   total 65536K, used 34679K [0x0000000080000000, 0x0000000100000000)
  region size 1024K, 24 young (24576K), 3 survivors (3072K)
 Metaspace       used 14893K, capacity 15222K, committed 15488K, reserved 1062912K
  class space    used 1696K, capacity 1826K, committed 1920K, reserved 1048576K
}
Event: 8.132 GC heap after
{Heap after GC invocations=4 (full 0):
 garbage-first heap   total 65536K, used 15602K [0x0000000080000000, 0x0000000100000000)
  region size 1024K, 2 young (2048K), 2 survivors (2048K)
 Metaspace       used 14893K, capacity 15222K, committed 15488K, reserved 1062912K
  class space    used 1696K, capacity 1826K, committed 1920K, reserved 1048576K
}
Event: 11.163 GC heap before
{Heap before GC invocations=4 (full 0):
 garbage-first heap   total 65536K, used 39154K [0x0000000080000000, 0x0000000100000000)
  region size 1024K, 25 young (25600K), 2 survivors (2048K)
 Metaspace       used 19086K, capacity 19581K, committed 19712K, reserved 1067008K
  class space    used 2295K, capacity 2446K, committed 2560K, reserved 1048576K
}
Event: 11.176 GC heap after
{Heap after GC invocations=5 (full 0):
 garbage-first heap   total 65536K, used 16838K [0x0000000080000000, 0x0000000100000000)
  region size 1024K, 4 young (4096K), 4 survivors (4096K)
 Metaspace       used 19086K, capacity 19581K, committed 19712K, reserved 1067008K
  class space    used 2295K, capacity 2446K, committed 2560K, reserved 1048576K
}
Event: 11.981 GC heap before
{Heap before GC invocations=5 (full 0):
 garbage-first heap   total 65536K, used 28102K [0x0000000080000000, 0x0000000100000000)
  region size 1024K, 16 young (16384K), 4 survivors (4096K)
 Metaspace       used 20594K, capacity 21089K, committed 21248K, reserved 1067008K
  class space    used 2503K, capacity 2699K, committed 2816K, reserved 1048576K
}
Event: 11.996 GC heap after
{Heap after GC invocations=6 (full 0):
 garbage-first heap   total 65536K, used 17066K [0x0000000080000000, 0x0000000100000000)
  region size 1024K, 2 young (2048K), 2 survivors (2048K)
 Metaspace       used 20594K, capacity 21089K, committed 21248K, reserved 1067008K
  class space    used 2503K, capacity 2699K, committed 2816K, reserved 1048576K
}
Event: 14.439 GC heap before
{Heap before GC invocations=7 (full 0):
 garbage-first heap   total 65536K, used 41642K [0x0000000080000000, 0x0000000100000000)
  region size 1024K, 27 young (27648K), 2 survivors (2048K)
 Metaspace       used 23288K, capacity 23884K, committed 23936K, reserved 1071104K
  class space    used 2947K, capacity 3166K, committed 3200K, reserved 1048576K
}
Event: 14.452 GC heap after
{Heap after GC invocations=8 (full 0):
 garbage-first heap   total 65536K, used 17867K [0x0000000080000000, 0x0000000100000000)
  region size 1024K, 3 young (3072K), 3 survivors (3072K)
 Metaspace       used 23288K, capacity 23884K, committed 23936K, reserved 1071104K
  class space    used 2947K, capacity 3166K, committed 3200K, reserved 1048576K
}
Event: 17.978 GC heap before
{Heap before GC invocations=8 (full 0):
 garbage-first heap   total 65536K, used 49611K [0x0000000080000000, 0x0000000100000000)
  region size 1024K, 29 young (29696K), 3 survivors (3072K)
 Metaspace       used 26174K, capacity 26919K, committed 27008K, reserved 1073152K
  class space    used 3416K, capacity 3686K, committed 3712K, reserved 1048576K
}
Event: 17.997 GC heap after
{Heap after GC invocations=9 (full 0):
 garbage-first heap   total 65536K, used 25622K [0x0000000080000000, 0x0000000100000000)
  region size 1024K, 4 young (4096K), 4 survivors (4096K)
 Metaspace       used 26174K, capacity 26919K, committed 27008K, reserved 1073152K
  class space    used 3416K, capacity 3686K, committed 3712K, reserved 1048576K
}
Event: 21.089 GC heap before
{Heap before GC invocations=9 (full 0):
 garbage-first heap   total 65536K, used 52246K [0x0000000080000000, 0x0000000100000000)
  region size 1024K, 27 young (27648K), 4 survivors (4096K)
 Metaspace       used 27816K, capacity 28692K, committed 28928K, reserved 1075200K
  class space    used 3682K, capacity 4001K, committed 4096K, reserved 1048576K
}
Event: 21.109 GC heap after
{Heap after GC invocations=10 (full 0):
 garbage-first heap   total 65536K, used 32436K [0x0000000080000000, 0x0000000100000000)
  region size 1024K, 3 young (3072K), 3 survivors (3072K)
 Metaspace       used 27816K, capacity 28692K, committed 28928K, reserved 1075200K
  class space    used 3682K, capacity 4001K, committed 4096K, reserved 1048576K
}
Event: 22.745 GC heap before
{Heap before GC invocations=10 (full 0):
 garbage-first heap   total 65536K, used 51892K [0x0000000080000000, 0x0000000100000000)
  region size 1024K, 22 young (22528K), 3 survivors (3072K)
 Metaspace       used 30002K, capacity 30845K, committed 30976K, reserved 1075200K
  class space    used 4021K, capacity 4313K, committed 4352K, reserved 1048576K
}
Event: 22.760 GC heap after
{Heap after GC invocations=11 (full 0):
 garbage-first heap   total 65536K, used 33231K [0x0000000080000000, 0x0000000100000000)
  region size 1024K, 1 young (1024K), 1 survivors (1024K)
 Metaspace       used 30002K, capacity 30845K, committed 30976K, reserved 1075200K
  class space    used 4021K, capacity 4313K, committed 4352K, reserved 1048576K
}
Event: 26.022 GC heap before
{Heap before GC invocations=12 (full 0):
 garbage-first heap   total 65536K, used 52687K [0x0000000080000000, 0x0000000100000000)
  region size 1024K, 20 young (20480K), 1 survivors (1024K)
 Metaspace       used 35308K, capacity 36244K, committed 36480K, reserved 1081344K
  class space    used 4612K, capacity 4961K, committed 4992K, reserved 1048576K
}
Event: 26.038 GC heap after
{Heap after GC invocations=13 (full 0):
 garbage-first heap   total 65536K, used 35273K [0x0000000080000000, 0x0000000100000000)
  region size 1024K, 3 young (3072K), 3 survivors (3072K)
 Metaspace       used 35308K, capacity 36244K, committed 36480K, reserved 1081344K
  class space    used 4612K, capacity 4961K, committed 4992K, reserved 1048576K
}
Event: 27.417 GC heap before
{Heap before GC invocations=13 (full 0):
 garbage-first heap   total 65536K, used 51657K [0x0000000080000000, 0x0000000100000000)
  region size 1024K, 20 young (20480K), 3 survivors (3072K)
 Metaspace       used 37417K, capacity 38447K, committed 38528K, reserved 1083392K
  class space    used 4838K, capacity 5205K, committed 5248K, reserved 1048576K
}
Event: 27.438 GC heap after
{Heap after GC invocations=14 (full 0):
 garbage-first heap   total 65536K, used 37707K [0x0000000080000000, 0x0000000100000000)
  region size 1024K, 3 young (3072K), 3 survivors (3072K)
 Metaspace       used 37417K, capacity 38447K, committed 38528K, reserved 1083392K
  class space    used 4838K, capacity 5205K, committed 5248K, reserved 1048576K
}

