# JRE version: OpenJDK Runtime Environment (11.0.11+9) (build 11.0.11+9-b60-7590822)
# Java VM: OpenJDK 64-Bit Server VM (11.0.11+9-b60-7590822, mixed mode, tiered, compressed oops, g1 gc, windows-amd64)
Heap:
 garbage-first heap   total 95232K, used 59165K [0x0000000080000000, 0x0000000100000000)
  region size 1024K, 12 young (12288K), 3 survivors (3072K)
 Metaspace       used 48852K, capacity 50300K, committed 50432K, reserved 1093632K
  class space    used 6274K, capacity 6795K, committed 6912K, reserved 1048576K
GC Heap History (20 events):
Event: 46.910 GC heap before
{Heap before GC invocations=24 (full 0):
 garbage-first heap   total 65536K, used 54152K [0x0000000080000000, 0x0000000100000000)
  region size 1024K, 13 young (13312K), 1 survivors (1024K)
 Metaspace       used 45113K, capacity 46213K, committed 46336K, reserved 1089536K
  class space    used 5877K, capacity 6299K, committed 6400K, reserved 1048576K
}
Event: 46.918 GC heap after
{Heap after GC invocations=25 (full 0):
 garbage-first heap   total 65536K, used 42080K [0x0000000080000000, 0x0000000100000000)
  region size 1024K, 2 young (2048K), 2 survivors (2048K)
 Metaspace       used 45113K, capacity 46213K, committed 46336K, reserved 1089536K
  class space    used 5877K, capacity 6299K, committed 6400K, reserved 1048576K
}
Event: 47.353 GC heap before
{Heap before GC invocations=26 (full 0):
 garbage-first heap   total 65536K, used 54368K [0x0000000080000000, 0x0000000100000000)
  region size 1024K, 14 young (14336K), 2 survivors (2048K)
 Metaspace       used 45145K, capacity 46277K, committed 46592K, reserved 1089536K
  class space    used 5877K, capacity 6299K, committed 6400K, reserved 1048576K
}
Event: 47.362 GC heap after
{Heap after GC invocations=27 (full 0):
 garbage-first heap   total 65536K, used 42371K [0x0000000080000000, 0x0000000100000000)
  region size 1024K, 1 young (1024K), 1 survivors (1024K)
 Metaspace       used 45145K, capacity 46277K, committed 46592K, reserved 1089536K
  class space    used 5877K, capacity 6299K, committed 6400K, reserved 1048576K
}
Event: 47.504 GC heap before
{Heap before GC invocations=27 (full 0):
 garbage-first heap   total 65536K, used 54659K [0x0000000080000000, 0x0000000100000000)
  region size 1024K, 13 young (13312K), 1 survivors (1024K)
 Metaspace       used 45146K, capacity 46277K, committed 46592K, reserved 1089536K
  class space    used 5877K, capacity 6299K, committed 6400K, reserved 1048576K
}
Event: 47.514 GC heap after
{Heap after GC invocations=28 (full 0):
 garbage-first heap   total 65536K, used 42756K [0x0000000080000000, 0x0000000100000000)
  region size 1024K, 2 young (2048K), 2 survivors (2048K)
 Metaspace       used 45146K, capacity 46277K, committed 46592K, reserved 1089536K
  class space    used 5877K, capacity 6299K, committed 6400K, reserved 1048576K
}
Event: 47.813 GC heap before
{Heap before GC invocations=29 (full 0):
 garbage-first heap   total 65536K, used 54020K [0x0000000080000000, 0x0000000100000000)
  region size 1024K, 13 young (13312K), 2 survivors (2048K)
 Metaspace       used 45155K, capacity 46277K, committed 46592K, reserved 1089536K
  class space    used 5877K, capacity 6299K, committed 6400K, reserved 1048576K
}
Event: 47.853 GC heap after
{Heap after GC invocations=30 (full 0):
 garbage-first heap   total 78848K, used 42935K [0x0000000080000000, 0x0000000100000000)
  region size 1024K, 2 young (2048K), 2 survivors (2048K)
 Metaspace       used 45155K, capacity 46277K, committed 46592K, reserved 1089536K
  class space    used 5877K, capacity 6299K, committed 6400K, reserved 1048576K
}
Event: 48.515 GC heap before
{Heap before GC invocations=30 (full 0):
 garbage-first heap   total 78848K, used 60343K [0x0000000080000000, 0x0000000100000000)
  region size 1024K, 19 young (19456K), 2 survivors (2048K)
 Metaspace       used 45175K, capacity 46341K, committed 46592K, reserved 1089536K
  class space    used 5877K, capacity 6299K, committed 6400K, reserved 1048576K
}
Event: 48.524 GC heap after
{Heap after GC invocations=31 (full 0):
 garbage-first heap   total 78848K, used 43308K [0x0000000080000000, 0x0000000100000000)
  region size 1024K, 2 young (2048K), 2 survivors (2048K)
 Metaspace       used 45175K, capacity 46341K, committed 46592K, reserved 1089536K
  class space    used 5877K, capacity 6299K, committed 6400K, reserved 1048576K
}
Event: 50.822 GC heap before
{Heap before GC invocations=32 (full 0):
 garbage-first heap   total 78848K, used 61740K [0x0000000080000000, 0x0000000100000000)
  region size 1024K, 20 young (20480K), 2 survivors (2048K)
 Metaspace       used 47279K, capacity 48518K, committed 48640K, reserved 1091584K
  class space    used 6109K, capacity 6551K, committed 6656K, reserved 1048576K
}
Event: 50.837 GC heap after
{Heap after GC invocations=33 (full 0):
 garbage-first heap   total 78848K, used 44535K [0x0000000080000000, 0x0000000100000000)
  region size 1024K, 3 young (3072K), 3 survivors (3072K)
 Metaspace       used 47279K, capacity 48518K, committed 48640K, reserved 1091584K
  class space    used 6109K, capacity 6551K, committed 6656K, reserved 1048576K
}
Event: 52.001 GC heap before
{Heap before GC invocations=33 (full 0):
 garbage-first heap   total 78848K, used 47607K [0x0000000080000000, 0x0000000100000000)
  region size 1024K, 7 young (7168K), 3 survivors (3072K)
 Metaspace       used 47457K, capacity 48721K, committed 48896K, reserved 1091584K
  class space    used 6123K, capacity 6594K, committed 6656K, reserved 1048576K
}
Event: 52.018 GC heap after
{Heap after GC invocations=34 (full 0):
 garbage-first heap   total 78848K, used 45412K [0x0000000080000000, 0x0000000100000000)
  region size 1024K, 3 young (3072K), 3 survivors (3072K)
 Metaspace       used 47457K, capacity 48721K, committed 48896K, reserved 1091584K
  class space    used 6123K, capacity 6594K, committed 6656K, reserved 1048576K
}
Event: 52.648 GC heap before
{Heap before GC invocations=35 (full 0):
 garbage-first heap   total 78848K, used 61796K [0x0000000080000000, 0x0000000100000000)
  region size 1024K, 16 young (16384K), 3 survivors (3072K)
 Metaspace       used 47503K, capacity 48817K, committed 48896K, reserved 1091584K
  class space    used 6126K, capacity 6626K, committed 6656K, reserved 1048576K
}
Event: 52.662 GC heap after
{Heap after GC invocations=36 (full 0):
 garbage-first heap   total 95232K, used 49591K [0x0000000080000000, 0x0000000100000000)
  region size 1024K, 2 young (2048K), 2 survivors (2048K)
 Metaspace       used 47503K, capacity 48817K, committed 48896K, reserved 1091584K
  class space    used 6126K, capacity 6626K, committed 6656K, reserved 1048576K
}
Event: 52.837 GC heap before
{Heap before GC invocations=36 (full 0):
 garbage-first heap   total 95232K, used 70071K [0x0000000080000000, 0x0000000100000000)
  region size 1024K, 22 young (22528K), 2 survivors (2048K)
 Metaspace       used 47507K, capacity 48817K, committed 48896K, reserved 1091584K
  class space    used 6126K, capacity 6626K, committed 6656K, reserved 1048576K
}
Event: 52.846 GC heap after
{Heap after GC invocations=37 (full 0):
 garbage-first heap   total 95232K, used 49749K [0x0000000080000000, 0x0000000100000000)
  region size 1024K, 2 young (2048K), 2 survivors (2048K)
 Metaspace       used 47507K, capacity 48817K, committed 48896K, reserved 1091584K
  class space    used 6126K, capacity 6626K, committed 6656K, reserved 1048576K
}
Event: 54.771 GC heap before
{Heap before GC invocations=38 (full 0):
 garbage-first heap   total 95232K, used 70229K [0x0000000080000000, 0x0000000100000000)
  region size 1024K, 22 young (22528K), 2 survivors (2048K)
 Metaspace       used 48318K, capacity 49780K, committed 50048K, reserved 1093632K
  class space    used 6208K, capacity 6727K, committed 6784K, reserved 1048576K
}
Event: 54.780 GC heap after
{Heap after GC invocations=39 (full 0):
 garbage-first heap   total 95232K, used 50973K [0x0000000080000000, 0x0000000100000000)
  region size 1024K, 3 young (3072K), 3 survivors (3072K)
 Metaspace       used 48318K, capacity 49780K, committed 50048K, reserved 1093632K
  class space    used 6208K, capacity 6727K, committed 6784K, reserved 1048576K
}

