# JRE version: OpenJDK Runtime Environment (11.0.11+9) (build 11.0.11+9-b60-7590822)
# Java VM: OpenJDK 64-Bit Server VM (11.0.11+9-b60-7590822, mixed mode, tiered, compressed oops, g1 gc, windows-amd64)
Heap:
 garbage-first heap   total 78848K, used 48386K [0x00000000c0000000, 0x0000000100000000)
  region size 1024K, 4 young (4096K), 2 survivors (2048K)
 Metaspace       used 45599K, capacity 46802K, committed 46848K, reserved 1089536K
  class space    used 5931K, capacity 6384K, committed 6400K, reserved 1048576K
GC Heap History (20 events):
Event: 48.184 GC heap before
{Heap before GC invocations=19 (full 0):
 garbage-first heap   total 65536K, used 52514K [0x00000000c0000000, 0x0000000100000000)
  region size 1024K, 16 young (16384K), 2 survivors (2048K)
 Metaspace       used 41488K, capacity 42531K, committed 42624K, reserved 1085440K
  class space    used 5295K, capacity 5689K, committed 5760K, reserved 1048576K
}
Event: 48.195 GC heap after
{Heap after GC invocations=20 (full 0):
 garbage-first heap   total 65536K, used 38613K [0x00000000c0000000, 0x0000000100000000)
  region size 1024K, 2 young (2048K), 2 survivors (2048K)
 Metaspace       used 41488K, capacity 42531K, committed 42624K, reserved 1085440K
  class space    used 5295K, capacity 5689K, committed 5760K, reserved 1048576K
}
Event: 50.044 GC heap before
{Heap before GC invocations=21 (full 0):
 garbage-first heap   total 65536K, used 50901K [0x00000000c0000000, 0x0000000100000000)
  region size 1024K, 16 young (16384K), 2 survivors (2048K)
 Metaspace       used 42560K, capacity 43647K, committed 43776K, reserved 1087488K
  class space    used 5450K, capacity 5844K, committed 5888K, reserved 1048576K
}
Event: 50.058 GC heap after
{Heap after GC invocations=22 (full 0):
 garbage-first heap   total 65536K, used 39806K [0x00000000c0000000, 0x0000000100000000)
  region size 1024K, 2 young (2048K), 2 survivors (2048K)
 Metaspace       used 42560K, capacity 43647K, committed 43776K, reserved 1087488K
  class space    used 5450K, capacity 5844K, committed 5888K, reserved 1048576K
}
Event: 51.257 GC heap before
{Heap before GC invocations=23 (full 0):
 garbage-first heap   total 65536K, used 55166K [0x00000000c0000000, 0x0000000100000000)
  region size 1024K, 15 young (15360K), 2 survivors (2048K)
 Metaspace       used 44690K, capacity 45822K, committed 45952K, reserved 1089536K
  class space    used 5849K, capacity 6271K, committed 6272K, reserved 1048576K
}
Event: 51.271 GC heap after
{Heap after GC invocations=24 (full 0):
 garbage-first heap   total 65536K, used 44753K [0x00000000c0000000, 0x0000000100000000)
  region size 1024K, 2 young (2048K), 2 survivors (2048K)
 Metaspace       used 44690K, capacity 45822K, committed 45952K, reserved 1089536K
  class space    used 5849K, capacity 6271K, committed 6272K, reserved 1048576K
}
Event: 51.740 GC heap before
{Heap before GC invocations=24 (full 0):
 garbage-first heap   total 65536K, used 54993K [0x00000000c0000000, 0x0000000100000000)
  region size 1024K, 12 young (12288K), 2 survivors (2048K)
 Metaspace       used 45150K, capacity 46311K, committed 46592K, reserved 1089536K
  class space    used 5886K, capacity 6306K, committed 6400K, reserved 1048576K
}
Event: 51.760 GC heap after
{Heap after GC invocations=25 (full 0):
 garbage-first heap   total 65536K, used 45340K [0x00000000c0000000, 0x0000000100000000)
  region size 1024K, 1 young (1024K), 1 survivors (1024K)
 Metaspace       used 45150K, capacity 46311K, committed 46592K, reserved 1089536K
  class space    used 5886K, capacity 6306K, committed 6400K, reserved 1048576K
}
Event: 52.195 GC heap before
{Heap before GC invocations=26 (full 0):
 garbage-first heap   total 65536K, used 54556K [0x00000000c0000000, 0x0000000100000000)
  region size 1024K, 10 young (10240K), 1 survivors (1024K)
 Metaspace       used 45221K, capacity 46311K, committed 46592K, reserved 1089536K
  class space    used 5889K, capacity 6306K, committed 6400K, reserved 1048576K
}
Event: 52.202 GC heap after
{Heap after GC invocations=27 (full 0):
 garbage-first heap   total 65536K, used 45682K [0x00000000c0000000, 0x0000000100000000)
  region size 1024K, 1 young (1024K), 1 survivors (1024K)
 Metaspace       used 45221K, capacity 46311K, committed 46592K, reserved 1089536K
  class space    used 5889K, capacity 6306K, committed 6400K, reserved 1048576K
}
Event: 52.367 GC heap before
{Heap before GC invocations=27 (full 0):
 garbage-first heap   total 65536K, used 54898K [0x00000000c0000000, 0x0000000100000000)
  region size 1024K, 10 young (10240K), 1 survivors (1024K)
 Metaspace       used 45260K, capacity 46375K, committed 46592K, reserved 1089536K
  class space    used 5889K, capacity 6306K, committed 6400K, reserved 1048576K
}
Event: 52.376 GC heap after
{Heap after GC invocations=28 (full 0):
 garbage-first heap   total 65536K, used 46249K [0x00000000c0000000, 0x0000000100000000)
  region size 1024K, 2 young (2048K), 2 survivors (2048K)
 Metaspace       used 45260K, capacity 46375K, committed 46592K, reserved 1089536K
  class space    used 5889K, capacity 6306K, committed 6400K, reserved 1048576K
}
Event: 52.697 GC heap before
{Heap before GC invocations=29 (full 0):
 garbage-first heap   total 65536K, used 54441K [0x00000000c0000000, 0x0000000100000000)
  region size 1024K, 10 young (10240K), 2 survivors (2048K)
 Metaspace       used 45287K, capacity 46439K, committed 46592K, reserved 1089536K
  class space    used 5889K, capacity 6306K, committed 6400K, reserved 1048576K
}
Event: 52.706 GC heap after
{Heap after GC invocations=30 (full 0):
 garbage-first heap   total 65536K, used 46199K [0x00000000c0000000, 0x0000000100000000)
  region size 1024K, 1 young (1024K), 1 survivors (1024K)
 Metaspace       used 45287K, capacity 46439K, committed 46592K, reserved 1089536K
  class space    used 5889K, capacity 6306K, committed 6400K, reserved 1048576K
}
Event: 52.821 GC heap before
{Heap before GC invocations=30 (full 0):
 garbage-first heap   total 65536K, used 54391K [0x00000000c0000000, 0x0000000100000000)
  region size 1024K, 9 young (9216K), 1 survivors (1024K)
 Metaspace       used 45291K, capacity 46439K, committed 46592K, reserved 1089536K
  class space    used 5889K, capacity 6306K, committed 6400K, reserved 1048576K
}
Event: 52.830 GC heap after
{Heap after GC invocations=31 (full 0):
 garbage-first heap   total 65536K, used 46707K [0x00000000c0000000, 0x0000000100000000)
  region size 1024K, 2 young (2048K), 2 survivors (2048K)
 Metaspace       used 45291K, capacity 46439K, committed 46592K, reserved 1089536K
  class space    used 5889K, capacity 6306K, committed 6400K, reserved 1048576K
}
Event: 53.120 GC heap before
{Heap before GC invocations=32 (full 0):
 garbage-first heap   total 65536K, used 53875K [0x00000000c0000000, 0x0000000100000000)
  region size 1024K, 9 young (9216K), 2 survivors (2048K)
 Metaspace       used 45292K, capacity 46439K, committed 46592K, reserved 1089536K
  class space    used 5889K, capacity 6306K, committed 6400K, reserved 1048576K
}
Event: 53.129 GC heap after
{Heap after GC invocations=33 (full 0):
 garbage-first heap   total 65536K, used 46780K [0x00000000c0000000, 0x0000000100000000)
  region size 1024K, 1 young (1024K), 1 survivors (1024K)
 Metaspace       used 45292K, capacity 46439K, committed 46592K, reserved 1089536K
  class space    used 5889K, capacity 6306K, committed 6400K, reserved 1048576K
}
Event: 53.215 GC heap before
{Heap before GC invocations=33 (full 0):
 garbage-first heap   total 65536K, used 54972K [0x00000000c0000000, 0x0000000100000000)
  region size 1024K, 9 young (9216K), 1 survivors (1024K)
 Metaspace       used 45293K, capacity 46439K, committed 46592K, reserved 1089536K
  class space    used 5889K, capacity 6306K, committed 6400K, reserved 1048576K
}
Event: 53.226 GC heap after
{Heap after GC invocations=34 (full 0):
 garbage-first heap   total 78848K, used 47109K [0x00000000c0000000, 0x0000000100000000)
  region size 1024K, 2 young (2048K), 2 survivors (2048K)
 Metaspace       used 45293K, capacity 46439K, committed 46592K, reserved 1089536K
  class space    used 5889K, capacity 6306K, committed 6400K, reserved 1048576K
}

