# JRE version: OpenJDK Runtime Environment (11.0.11+9) (build 11.0.11+9-b60-7590822)
# Java VM: OpenJDK 64-Bit Server VM (11.0.11+9-b60-7590822, mixed mode, tiered, compressed oops, g1 gc, windows-amd64)
Heap:
 garbage-first heap   total 65536K, used 23965K [0x0000000080000000, 0x0000000100000000)
  region size 1024K, 9 young (9216K), 1 survivors (1024K)
 Metaspace       used 21615K, capacity 22202K, committed 22400K, reserved 1069056K
  class space    used 2687K, capacity 2879K, committed 2944K, reserved 1048576K
GC Heap History (14 events):
Event: 4.116 GC heap before
{Heap before GC invocations=0 (full 0):
 garbage-first heap   total 65536K, used 7168K [0x0000000080000000, 0x0000000100000000)
  region size 1024K, 7 young (7168K), 0 survivors (0K)
 Metaspace       used 6131K, capacity 6261K, committed 6528K, reserved 1056768K
  class space    used 536K, capacity 578K, committed 640K, reserved 1048576K
}
Event: 4.130 GC heap after
{Heap after GC invocations=1 (full 0):
 garbage-first heap   total 65536K, used 1384K [0x0000000080000000, 0x0000000100000000)
  region size 1024K, 1 young (1024K), 1 survivors (1024K)
 Metaspace       used 6131K, capacity 6261K, committed 6528K, reserved 1056768K
  class space    used 536K, capacity 578K, committed 640K, reserved 1048576K
}
Event: 11.778 GC heap before
{Heap before GC invocations=1 (full 0):
 garbage-first heap   total 65536K, used 45416K [0x0000000080000000, 0x0000000100000000)
  region size 1024K, 38 young (38912K), 1 survivors (1024K)
 Metaspace       used 10763K, capacity 11007K, committed 11264K, reserved 1058816K
  class space    used 1122K, capacity 1206K, committed 1280K, reserved 1048576K
}
Event: 11.798 GC heap after
{Heap after GC invocations=2 (full 0):
 garbage-first heap   total 65536K, used 9366K [0x0000000080000000, 0x0000000100000000)
  region size 1024K, 5 young (5120K), 5 survivors (5120K)
 Metaspace       used 10763K, capacity 11007K, committed 11264K, reserved 1058816K
  class space    used 1122K, capacity 1206K, committed 1280K, reserved 1048576K
}
Event: 12.414 GC heap before
{Heap before GC invocations=2 (full 0):
 garbage-first heap   total 65536K, used 14486K [0x0000000080000000, 0x0000000100000000)
  region size 1024K, 10 young (10240K), 5 survivors (5120K)
 Metaspace       used 10793K, capacity 11071K, committed 11264K, reserved 1058816K
  class space    used 1124K, capacity 1206K, committed 1280K, reserved 1048576K
}
Event: 12.428 GC heap after
{Heap after GC invocations=3 (full 0):
 garbage-first heap   total 65536K, used 10047K [0x0000000080000000, 0x0000000100000000)
  region size 1024K, 1 young (1024K), 1 survivors (1024K)
 Metaspace       used 10793K, capacity 11071K, committed 11264K, reserved 1058816K
  class space    used 1124K, capacity 1206K, committed 1280K, reserved 1048576K
}
Event: 16.105 GC heap before
{Heap before GC invocations=3 (full 0):
 garbage-first heap   total 65536K, used 29503K [0x0000000080000000, 0x0000000100000000)
  region size 1024K, 20 young (20480K), 1 survivors (1024K)
 Metaspace       used 11102K, capacity 11351K, committed 11520K, reserved 1058816K
  class space    used 1191K, capacity 1278K, committed 1280K, reserved 1048576K
}
Event: 16.112 GC heap after
{Heap after GC invocations=4 (full 0):
 garbage-first heap   total 65536K, used 13739K [0x0000000080000000, 0x0000000100000000)
  region size 1024K, 3 young (3072K), 3 survivors (3072K)
 Metaspace       used 11102K, capacity 11351K, committed 11520K, reserved 1058816K
  class space    used 1191K, capacity 1278K, committed 1280K, reserved 1048576K
}
Event: 26.495 GC heap before
{Heap before GC invocations=4 (full 0):
 garbage-first heap   total 65536K, used 36267K [0x0000000080000000, 0x0000000100000000)
  region size 1024K, 25 young (25600K), 3 survivors (3072K)
 Metaspace       used 17599K, capacity 18025K, committed 18176K, reserved 1064960K
  class space    used 2050K, capacity 2183K, committed 2304K, reserved 1048576K
}
Event: 26.512 GC heap after
{Heap after GC invocations=5 (full 0):
 garbage-first heap   total 65536K, used 15986K [0x0000000080000000, 0x0000000100000000)
  region size 1024K, 3 young (3072K), 3 survivors (3072K)
 Metaspace       used 17599K, capacity 18025K, committed 18176K, reserved 1064960K
  class space    used 2050K, capacity 2183K, committed 2304K, reserved 1048576K
}
Event: 32.449 GC heap before
{Heap before GC invocations=5 (full 0):
 garbage-first heap   total 65536K, used 38514K [0x0000000080000000, 0x0000000100000000)
  region size 1024K, 25 young (25600K), 3 survivors (3072K)
 Metaspace       used 20047K, capacity 20486K, committed 20736K, reserved 1067008K
  class space    used 2424K, capacity 2558K, committed 2560K, reserved 1048576K
}
Event: 32.467 GC heap after
{Heap after GC invocations=6 (full 0):
 garbage-first heap   total 65536K, used 16829K [0x0000000080000000, 0x0000000100000000)
  region size 1024K, 1 young (1024K), 1 survivors (1024K)
 Metaspace       used 20047K, capacity 20486K, committed 20736K, reserved 1067008K
  class space    used 2424K, capacity 2558K, committed 2560K, reserved 1048576K
}
Event: 33.778 GC heap before
{Heap before GC invocations=6 (full 0):
 garbage-first heap   total 65536K, used 19901K [0x0000000080000000, 0x0000000100000000)
  region size 1024K, 5 young (5120K), 1 survivors (1024K)
 Metaspace       used 20593K, capacity 21083K, committed 21248K, reserved 1067008K
  class space    used 2502K, capacity 2693K, committed 2816K, reserved 1048576K
}
Event: 33.793 GC heap after
{Heap after GC invocations=7 (full 0):
 garbage-first heap   total 65536K, used 16797K [0x0000000080000000, 0x0000000100000000)
  region size 1024K, 1 young (1024K), 1 survivors (1024K)
 Metaspace       used 20593K, capacity 21083K, committed 21248K, reserved 1067008K
  class space    used 2502K, capacity 2693K, committed 2816K, reserved 1048576K
}

