# JRE version: OpenJDK Runtime Environment (11.0.11+9) (build 11.0.11+9-b60-7590822)
# Java VM: OpenJDK 64-Bit Server VM (11.0.11+9-b60-7590822, mixed mode, tiered, compressed oops, g1 gc, windows-amd64)
Heap:
 garbage-first heap   total 182272K, used 89788K [0x00000000e0000000, 0x0000000100000000)
  region size 1024K, 1 young (1024K), 1 survivors (1024K)
 Metaspace       used 73358K, capacity 75407K, committed 75440K, reserved 1114112K
  class space    used 9310K, capacity 9969K, committed 9984K, reserved 1048576K
GC Heap History (20 events):
Event: 125.203 GC heap after
{Heap after GC invocations=159 (full 0):
 garbage-first heap   total 93184K, used 86955K [0x00000000e0000000, 0x0000000100000000)
  region size 1024K, 1 young (1024K), 1 survivors (1024K)
 Metaspace       used 72614K, capacity 74573K, committed 74928K, reserved 1114112K
  class space    used 9214K, capacity 9864K, committed 9984K, reserved 1048576K
}
Event: 125.585 GC heap before
{Heap before GC invocations=159 (full 0):
 garbage-first heap   total 93184K, used 90027K [0x00000000e0000000, 0x0000000100000000)
  region size 1024K, 4 young (4096K), 1 survivors (1024K)
 Metaspace       used 72776K, capacity 74703K, committed 74928K, reserved 1114112K
  class space    used 9225K, capacity 9864K, committed 9984K, reserved 1048576K
}
Event: 125.593 GC heap after
{Heap after GC invocations=160 (full 0):
 garbage-first heap   total 93184K, used 86753K [0x00000000e0000000, 0x0000000100000000)
  region size 1024K, 1 young (1024K), 1 survivors (1024K)
 Metaspace       used 72776K, capacity 74703K, committed 74928K, reserved 1114112K
  class space    used 9225K, capacity 9864K, committed 9984K, reserved 1048576K
}
Event: 126.576 GC heap before
{Heap before GC invocations=160 (full 0):
 garbage-first heap   total 93184K, used 89825K [0x00000000e0000000, 0x0000000100000000)
  region size 1024K, 4 young (4096K), 1 survivors (1024K)
 Metaspace       used 72946K, capacity 74866K, committed 75184K, reserved 1114112K
  class space    used 9246K, capacity 9896K, committed 9984K, reserved 1048576K
}
Event: 127.204 GC heap after
{Heap after GC invocations=161 (full 0):
 garbage-first heap   total 93184K, used 86978K [0x00000000e0000000, 0x0000000100000000)
  region size 1024K, 1 young (1024K), 1 survivors (1024K)
 Metaspace       used 72946K, capacity 74866K, committed 75184K, reserved 1114112K
  class space    used 9246K, capacity 9896K, committed 9984K, reserved 1048576K
}
Event: 128.692 GC heap before
{Heap before GC invocations=162 (full 0):
 garbage-first heap   total 93184K, used 90050K [0x00000000e0000000, 0x0000000100000000)
  region size 1024K, 4 young (4096K), 1 survivors (1024K)
 Metaspace       used 73134K, capacity 75061K, committed 75184K, reserved 1114112K
  class space    used 9267K, capacity 9897K, committed 9984K, reserved 1048576K
}
Event: 128.915 GC heap after
{Heap after GC invocations=163 (full 0):
 garbage-first heap   total 93184K, used 87161K [0x00000000e0000000, 0x0000000100000000)
  region size 1024K, 1 young (1024K), 1 survivors (1024K)
 Metaspace       used 73134K, capacity 75061K, committed 75184K, reserved 1114112K
  class space    used 9267K, capacity 9897K, committed 9984K, reserved 1048576K
}
Event: 129.858 GC heap before
{Heap before GC invocations=163 (full 0):
 garbage-first heap   total 93184K, used 89209K [0x00000000e0000000, 0x0000000100000000)
  region size 1024K, 4 young (4096K), 1 survivors (1024K)
 Metaspace       used 73187K, capacity 75077K, committed 75184K, reserved 1114112K
  class space    used 9276K, capacity 9901K, committed 9984K, reserved 1048576K
}
Event: 129.879 GC heap after
{Heap after GC invocations=164 (full 0):
 garbage-first heap   total 93184K, used 87410K [0x00000000e0000000, 0x0000000100000000)
  region size 1024K, 1 young (1024K), 1 survivors (1024K)
 Metaspace       used 73187K, capacity 75077K, committed 75184K, reserved 1114112K
  class space    used 9276K, capacity 9901K, committed 9984K, reserved 1048576K
}
Event: 131.000 GC heap before
{Heap before GC invocations=165 (full 0):
 garbage-first heap   total 93184K, used 89458K [0x00000000e0000000, 0x0000000100000000)
  region size 1024K, 4 young (4096K), 1 survivors (1024K)
 Metaspace       used 73287K, capacity 75173K, committed 75440K, reserved 1114112K
  class space    used 9301K, capacity 9933K, committed 9984K, reserved 1048576K
}
Event: 131.009 GC heap after
{Heap after GC invocations=166 (full 0):
 garbage-first heap   total 93184K, used 87845K [0x00000000e0000000, 0x0000000100000000)
  region size 1024K, 1 young (1024K), 1 survivors (1024K)
 Metaspace       used 73287K, capacity 75173K, committed 75440K, reserved 1114112K
  class space    used 9301K, capacity 9933K, committed 9984K, reserved 1048576K
}
Event: 131.102 GC heap before
{Heap before GC invocations=166 (full 0):
 garbage-first heap   total 93184K, used 90917K [0x00000000e0000000, 0x0000000100000000)
  region size 1024K, 4 young (4096K), 1 survivors (1024K)
 Metaspace       used 73307K, capacity 75244K, committed 75440K, reserved 1114112K
  class space    used 9303K, capacity 9935K, committed 9984K, reserved 1048576K
}
Event: 131.111 GC heap after
{Heap after GC invocations=167 (full 0):
 garbage-first heap   total 93184K, used 88458K [0x00000000e0000000, 0x0000000100000000)
  region size 1024K, 1 young (1024K), 1 survivors (1024K)
 Metaspace       used 73307K, capacity 75244K, committed 75440K, reserved 1114112K
  class space    used 9303K, capacity 9935K, committed 9984K, reserved 1048576K
}
Event: 131.903 GC heap before
{Heap before GC invocations=168 (full 0):
 garbage-first heap   total 93184K, used 91530K [0x00000000e0000000, 0x0000000100000000)
  region size 1024K, 4 young (4096K), 1 survivors (1024K)
 Metaspace       used 73331K, capacity 75310K, committed 75440K, reserved 1114112K
  class space    used 9306K, capacity 9937K, committed 9984K, reserved 1048576K
}
Event: 132.016 GC heap after
{Heap after GC invocations=169 (full 0):
 garbage-first heap   total 94208K, used 88980K [0x00000000e0000000, 0x0000000100000000)
  region size 1024K, 1 young (1024K), 1 survivors (1024K)
 Metaspace       used 73331K, capacity 75310K, committed 75440K, reserved 1114112K
  class space    used 9306K, capacity 9937K, committed 9984K, reserved 1048576K
}
Event: 132.042 GC heap before
{Heap before GC invocations=169 (full 0):
 garbage-first heap   total 94208K, used 92052K [0x00000000e0000000, 0x0000000100000000)
  region size 1024K, 4 young (4096K), 1 survivors (1024K)
 Metaspace       used 73338K, capacity 75342K, committed 75440K, reserved 1114112K
  class space    used 9308K, capacity 9969K, committed 9984K, reserved 1048576K
}
Event: 132.047 GC heap after
{Heap after GC invocations=170 (full 0):
 garbage-first heap   total 94208K, used 89141K [0x00000000e0000000, 0x0000000100000000)
  region size 1024K, 1 young (1024K), 1 survivors (1024K)
 Metaspace       used 73338K, capacity 75342K, committed 75440K, reserved 1114112K
  class space    used 9308K, capacity 9969K, committed 9984K, reserved 1048576K
}
Event: 132.598 GC heap before
{Heap before GC invocations=171 (full 0):
 garbage-first heap   total 94208K, used 92213K [0x00000000e0000000, 0x0000000100000000)
  region size 1024K, 4 young (4096K), 1 survivors (1024K)
 Metaspace       used 73339K, capacity 75342K, committed 75440K, reserved 1114112K
  class space    used 9308K, capacity 9969K, committed 9984K, reserved 1048576K
}
Event: 132.635 GC heap after
{Heap after GC invocations=172 (full 0):
 garbage-first heap   total 94208K, used 89432K [0x00000000e0000000, 0x0000000100000000)
  region size 1024K, 1 young (1024K), 1 survivors (1024K)
 Metaspace       used 73339K, capacity 75342K, committed 75440K, reserved 1114112K
  class space    used 9308K, capacity 9969K, committed 9984K, reserved 1048576K
}
Event: 132.752 GC heap before
{Heap before GC invocations=172 (full 0):
 garbage-first heap   total 94208K, used 92504K [0x00000000e0000000, 0x0000000100000000)
  region size 1024K, 4 young (4096K), 1 survivors (1024K)
 Metaspace       used 73358K, capacity 75407K, committed 75440K, reserved 1114112K
  class space    used 9310K, capacity 9969K, committed 9984K, reserved 1048576K
}

