# JRE version: OpenJDK Runtime Environment (11.0.11+9) (build 11.0.11+9-b60-7590822)
# Java VM: OpenJDK 64-Bit Server VM (11.0.11+9-b60-7590822, mixed mode, tiered, compressed oops, g1 gc, windows-amd64)
Heap:
 garbage-first heap   total 95232K, used 75579K [0x00000000e0000000, 0x0000000100000000)
  region size 1024K, 3 young (3072K), 1 survivors (1024K)
 Metaspace       used 59518K, capacity 61317K, committed 61616K, reserved 1103872K
  class space    used 7552K, capacity 8145K, committed 8192K, reserved 1048576K
GC Heap History (20 events):
Event: 31.933 GC heap before
{Heap before GC invocations=60 (full 0):
 garbage-first heap   total 95232K, used 76095K [0x00000000e0000000, 0x0000000100000000)
  region size 1024K, 6 young (6144K), 1 survivors (1024K)
 Metaspace       used 50544K, capacity 52115K, committed 52272K, reserved 1095680K
  class space    used 6445K, capacity 6916K, committed 7040K, reserved 1048576K
}
Event: 31.938 GC heap after
{Heap after GC invocations=61 (full 0):
 garbage-first heap   total 95232K, used 72301K [0x00000000e0000000, 0x0000000100000000)
  region size 1024K, 1 young (1024K), 1 survivors (1024K)
 Metaspace       used 50544K, capacity 52115K, committed 52272K, reserved 1095680K
  class space    used 6445K, capacity 6916K, committed 7040K, reserved 1048576K
}
Event: 32.321 GC heap before
{Heap before GC invocations=62 (full 0):
 garbage-first heap   total 95232K, used 77421K [0x00000000e0000000, 0x0000000100000000)
  region size 1024K, 6 young (6144K), 1 survivors (1024K)
 Metaspace       used 51270K, capacity 52883K, committed 53168K, reserved 1095680K
  class space    used 6529K, capacity 7044K, committed 7168K, reserved 1048576K
}
Event: 32.325 GC heap after
{Heap after GC invocations=63 (full 0):
 garbage-first heap   total 95232K, used 72400K [0x00000000e0000000, 0x0000000100000000)
  region size 1024K, 1 young (1024K), 1 survivors (1024K)
 Metaspace       used 51270K, capacity 52883K, committed 53168K, reserved 1095680K
  class space    used 6529K, capacity 7044K, committed 7168K, reserved 1048576K
}
Event: 32.536 GC heap before
{Heap before GC invocations=63 (full 0):
 garbage-first heap   total 95232K, used 76496K [0x00000000e0000000, 0x0000000100000000)
  region size 1024K, 6 young (6144K), 1 survivors (1024K)
 Metaspace       used 51931K, capacity 53481K, committed 53680K, reserved 1095680K
  class space    used 6600K, capacity 7117K, committed 7168K, reserved 1048576K
}
Event: 32.541 GC heap after
{Heap after GC invocations=64 (full 0):
 garbage-first heap   total 95232K, used 72474K [0x00000000e0000000, 0x0000000100000000)
  region size 1024K, 1 young (1024K), 1 survivors (1024K)
 Metaspace       used 51931K, capacity 53481K, committed 53680K, reserved 1095680K
  class space    used 6600K, capacity 7117K, committed 7168K, reserved 1048576K
}
Event: 32.941 GC heap before
{Heap before GC invocations=65 (full 0):
 garbage-first heap   total 95232K, used 78618K [0x00000000e0000000, 0x0000000100000000)
  region size 1024K, 7 young (7168K), 1 survivors (1024K)
 Metaspace       used 52658K, capacity 54204K, committed 54320K, reserved 1095680K
  class space    used 6700K, capacity 7186K, committed 7296K, reserved 1048576K
}
Event: 32.948 GC heap after
{Heap after GC invocations=66 (full 0):
 garbage-first heap   total 95232K, used 72657K [0x00000000e0000000, 0x0000000100000000)
  region size 1024K, 1 young (1024K), 1 survivors (1024K)
 Metaspace       used 52658K, capacity 54204K, committed 54320K, reserved 1095680K
  class space    used 6700K, capacity 7186K, committed 7296K, reserved 1048576K
}
Event: 33.325 GC heap before
{Heap before GC invocations=66 (full 0):
 garbage-first heap   total 95232K, used 78801K [0x00000000e0000000, 0x0000000100000000)
  region size 1024K, 7 young (7168K), 1 survivors (1024K)
 Metaspace       used 53587K, capacity 55278K, committed 55472K, reserved 1097728K
  class space    used 6816K, capacity 7353K, committed 7424K, reserved 1048576K
}
Event: 33.333 GC heap after
{Heap after GC invocations=67 (full 0):
 garbage-first heap   total 95232K, used 73044K [0x00000000e0000000, 0x0000000100000000)
  region size 1024K, 1 young (1024K), 1 survivors (1024K)
 Metaspace       used 53587K, capacity 55278K, committed 55472K, reserved 1097728K
  class space    used 6816K, capacity 7353K, committed 7424K, reserved 1048576K
}
Event: 33.853 GC heap before
{Heap before GC invocations=68 (full 0):
 garbage-first heap   total 95232K, used 79188K [0x00000000e0000000, 0x0000000100000000)
  region size 1024K, 7 young (7168K), 1 survivors (1024K)
 Metaspace       used 54329K, capacity 55982K, committed 56240K, reserved 1097728K
  class space    used 6909K, capacity 7417K, committed 7424K, reserved 1048576K
}
Event: 33.862 GC heap after
{Heap after GC invocations=69 (full 0):
 garbage-first heap   total 95232K, used 73199K [0x00000000e0000000, 0x0000000100000000)
  region size 1024K, 1 young (1024K), 1 survivors (1024K)
 Metaspace       used 54329K, capacity 55982K, committed 56240K, reserved 1097728K
  class space    used 6909K, capacity 7417K, committed 7424K, reserved 1048576K
}
Event: 34.348 GC heap before
{Heap before GC invocations=69 (full 0):
 garbage-first heap   total 95232K, used 79343K [0x00000000e0000000, 0x0000000100000000)
  region size 1024K, 7 young (7168K), 1 survivors (1024K)
 Metaspace       used 55280K, capacity 56851K, committed 57008K, reserved 1099776K
  class space    used 7046K, capacity 7558K, committed 7680K, reserved 1048576K
}
Event: 34.355 GC heap after
{Heap after GC invocations=70 (full 0):
 garbage-first heap   total 95232K, used 73429K [0x00000000e0000000, 0x0000000100000000)
  region size 1024K, 1 young (1024K), 1 survivors (1024K)
 Metaspace       used 55280K, capacity 56851K, committed 57008K, reserved 1099776K
  class space    used 7046K, capacity 7558K, committed 7680K, reserved 1048576K
}
Event: 35.329 GC heap before
{Heap before GC invocations=71 (full 0):
 garbage-first heap   total 95232K, used 79573K [0x00000000e0000000, 0x0000000100000000)
  region size 1024K, 7 young (7168K), 1 survivors (1024K)
 Metaspace       used 56336K, capacity 58050K, committed 58288K, reserved 1099776K
  class space    used 7133K, capacity 7658K, committed 7680K, reserved 1048576K
}
Event: 35.337 GC heap after
{Heap after GC invocations=72 (full 0):
 garbage-first heap   total 95232K, used 73560K [0x00000000e0000000, 0x0000000100000000)
  region size 1024K, 1 young (1024K), 1 survivors (1024K)
 Metaspace       used 56336K, capacity 58050K, committed 58288K, reserved 1099776K
  class space    used 7133K, capacity 7658K, committed 7680K, reserved 1048576K
}
Event: 36.137 GC heap before
{Heap before GC invocations=72 (full 0):
 garbage-first heap   total 95232K, used 79704K [0x00000000e0000000, 0x0000000100000000)
  region size 1024K, 7 young (7168K), 1 survivors (1024K)
 Metaspace       used 57500K, capacity 59132K, committed 59184K, reserved 1101824K
  class space    used 7270K, capacity 7763K, committed 7808K, reserved 1048576K
}
Event: 36.144 GC heap after
{Heap after GC invocations=73 (full 0):
 garbage-first heap   total 95232K, used 73783K [0x00000000e0000000, 0x0000000100000000)
  region size 1024K, 1 young (1024K), 1 survivors (1024K)
 Metaspace       used 57500K, capacity 59132K, committed 59184K, reserved 1101824K
  class space    used 7270K, capacity 7763K, committed 7808K, reserved 1048576K
}
Event: 37.064 GC heap before
{Heap before GC invocations=74 (full 0):
 garbage-first heap   total 95232K, used 79927K [0x00000000e0000000, 0x0000000100000000)
  region size 1024K, 7 young (7168K), 1 survivors (1024K)
 Metaspace       used 58061K, capacity 59785K, committed 59824K, reserved 1101824K
  class space    used 7354K, capacity 7912K, committed 7936K, reserved 1048576K
}
Event: 37.072 GC heap after
{Heap after GC invocations=75 (full 0):
 garbage-first heap   total 95232K, used 73997K [0x00000000e0000000, 0x0000000100000000)
  region size 1024K, 1 young (1024K), 1 survivors (1024K)
 Metaspace       used 58061K, capacity 59785K, committed 59824K, reserved 1101824K
  class space    used 7354K, capacity 7912K, committed 7936K, reserved 1048576K
}

