# JRE version: OpenJDK Runtime Environment (11.0.11+9) (build 11.0.11+9-b60-7590822)
# Java VM: OpenJDK 64-Bit Server VM (11.0.11+9-b60-7590822, mixed mode, tiered, compressed oops, g1 gc, windows-amd64)
Heap:
 garbage-first heap   total 103424K, used 55447K [0x00000000e0000000, 0x0000000100000000)
  region size 1024K, 2 young (2048K), 2 survivors (2048K)
 Metaspace       used 49163K, capacity 50628K, committed 50816K, reserved 1093632K
  class space    used 6275K, capacity 6731K, committed 6784K, reserved 1048576K
GC Heap History (20 events):
Event: 25.738 GC heap after
{Heap after GC invocations=41 (full 0):
 garbage-first heap   total 65536K, used 52886K [0x00000000e0000000, 0x0000000100000000)
  region size 1024K, 1 young (1024K), 1 survivors (1024K)
 Metaspace       used 46272K, capacity 47520K, committed 47872K, reserved 1091584K
  class space    used 5862K, capacity 6274K, committed 6400K, reserved 1048576K
}
Event: 25.777 GC heap before
{Heap before GC invocations=41 (full 0):
 garbage-first heap   total 65536K, used 54934K [0x00000000e0000000, 0x0000000100000000)
  region size 1024K, 3 young (3072K), 1 survivors (1024K)
 Metaspace       used 46358K, capacity 47656K, committed 47872K, reserved 1091584K
  class space    used 5877K, capacity 6338K, committed 6400K, reserved 1048576K
}
Event: 25.783 GC heap after
{Heap after GC invocations=42 (full 0):
 garbage-first heap   total 65536K, used 52938K [0x00000000e0000000, 0x0000000100000000)
  region size 1024K, 1 young (1024K), 1 survivors (1024K)
 Metaspace       used 46358K, capacity 47656K, committed 47872K, reserved 1091584K
  class space    used 5877K, capacity 6338K, committed 6400K, reserved 1048576K
}
Event: 26.106 GC heap before
{Heap before GC invocations=43 (full 0):
 garbage-first heap   total 65536K, used 54986K [0x00000000e0000000, 0x0000000100000000)
  region size 1024K, 3 young (3072K), 1 survivors (1024K)
 Metaspace       used 46582K, capacity 47940K, committed 48128K, reserved 1091584K
  class space    used 5918K, capacity 6372K, committed 6400K, reserved 1048576K
}
Event: 26.112 GC heap after
{Heap after GC invocations=44 (full 0):
 garbage-first heap   total 65536K, used 53040K [0x00000000e0000000, 0x0000000100000000)
  region size 1024K, 1 young (1024K), 1 survivors (1024K)
 Metaspace       used 46582K, capacity 47940K, committed 48128K, reserved 1091584K
  class space    used 5918K, capacity 6372K, committed 6400K, reserved 1048576K
}
Event: 26.251 GC heap before
{Heap before GC invocations=44 (full 0):
 garbage-first heap   total 65536K, used 55088K [0x00000000e0000000, 0x0000000100000000)
  region size 1024K, 3 young (3072K), 1 survivors (1024K)
 Metaspace       used 46742K, capacity 48111K, committed 48256K, reserved 1091584K
  class space    used 5942K, capacity 6409K, committed 6528K, reserved 1048576K
}
Event: 26.258 GC heap after
{Heap after GC invocations=45 (full 0):
 garbage-first heap   total 65536K, used 53209K [0x00000000e0000000, 0x0000000100000000)
  region size 1024K, 1 young (1024K), 1 survivors (1024K)
 Metaspace       used 46742K, capacity 48111K, committed 48256K, reserved 1091584K
  class space    used 5942K, capacity 6409K, committed 6528K, reserved 1048576K
}
Event: 26.468 GC heap before
{Heap before GC invocations=46 (full 0):
 garbage-first heap   total 65536K, used 55257K [0x00000000e0000000, 0x0000000100000000)
  region size 1024K, 3 young (3072K), 1 survivors (1024K)
 Metaspace       used 46754K, capacity 48123K, committed 48256K, reserved 1091584K
  class space    used 5945K, capacity 6413K, committed 6528K, reserved 1048576K
}
Event: 26.475 GC heap after
{Heap after GC invocations=47 (full 0):
 garbage-first heap   total 65536K, used 53225K [0x00000000e0000000, 0x0000000100000000)
  region size 1024K, 1 young (1024K), 1 survivors (1024K)
 Metaspace       used 46754K, capacity 48123K, committed 48256K, reserved 1091584K
  class space    used 5945K, capacity 6413K, committed 6528K, reserved 1048576K
}
Event: 26.488 GC heap before
{Heap before GC invocations=47 (full 0):
 garbage-first heap   total 65536K, used 55273K [0x00000000e0000000, 0x0000000100000000)
  region size 1024K, 3 young (3072K), 1 survivors (1024K)
 Metaspace       used 46754K, capacity 48123K, committed 48256K, reserved 1091584K
  class space    used 5945K, capacity 6413K, committed 6528K, reserved 1048576K
}
Event: 26.493 GC heap after
{Heap after GC invocations=48 (full 0):
 garbage-first heap   total 65536K, used 53262K [0x00000000e0000000, 0x0000000100000000)
  region size 1024K, 1 young (1024K), 1 survivors (1024K)
 Metaspace       used 46754K, capacity 48123K, committed 48256K, reserved 1091584K
  class space    used 5945K, capacity 6413K, committed 6528K, reserved 1048576K
}
Event: 26.643 GC heap before
{Heap before GC invocations=48 (full 0):
 garbage-first heap   total 65536K, used 55310K [0x00000000e0000000, 0x0000000100000000)
  region size 1024K, 3 young (3072K), 1 survivors (1024K)
 Metaspace       used 46773K, capacity 48133K, committed 48256K, reserved 1091584K
  class space    used 5950K, capacity 6415K, committed 6528K, reserved 1048576K
}
Event: 26.650 GC heap after
{Heap after GC invocations=49 (full 0):
 garbage-first heap   total 78848K, used 53363K [0x00000000e0000000, 0x0000000100000000)
  region size 1024K, 1 young (1024K), 1 survivors (1024K)
 Metaspace       used 46773K, capacity 48133K, committed 48256K, reserved 1091584K
  class space    used 5950K, capacity 6415K, committed 6528K, reserved 1048576K
}
Event: 27.205 GC heap before
{Heap before GC invocations=50 (full 0):
 garbage-first heap   total 78848K, used 61555K [0x00000000e0000000, 0x0000000100000000)
  region size 1024K, 9 young (9216K), 1 survivors (1024K)
 Metaspace       used 47444K, capacity 48873K, committed 49152K, reserved 1091584K
  class space    used 6073K, capacity 6533K, committed 6656K, reserved 1048576K
}
Event: 27.216 GC heap after
{Heap after GC invocations=51 (full 0):
 garbage-first heap   total 78848K, used 53716K [0x00000000e0000000, 0x0000000100000000)
  region size 1024K, 1 young (1024K), 1 survivors (1024K)
 Metaspace       used 47444K, capacity 48873K, committed 49152K, reserved 1091584K
  class space    used 6073K, capacity 6533K, committed 6656K, reserved 1048576K
}
Event: 27.574 GC heap before
{Heap before GC invocations=51 (full 0):
 garbage-first heap   total 78848K, used 61908K [0x00000000e0000000, 0x0000000100000000)
  region size 1024K, 9 young (9216K), 1 survivors (1024K)
 Metaspace       used 48030K, capacity 49506K, committed 49664K, reserved 1091584K
  class space    used 6164K, capacity 6639K, committed 6656K, reserved 1048576K
}
Event: 27.584 GC heap after
{Heap after GC invocations=52 (full 0):
 garbage-first heap   total 78848K, used 53963K [0x00000000e0000000, 0x0000000100000000)
  region size 1024K, 2 young (2048K), 2 survivors (2048K)
 Metaspace       used 48030K, capacity 49506K, committed 49664K, reserved 1091584K
  class space    used 6164K, capacity 6639K, committed 6656K, reserved 1048576K
}
Event: 28.271 GC heap before
{Heap before GC invocations=53 (full 0):
 garbage-first heap   total 78848K, used 62155K [0x00000000e0000000, 0x0000000100000000)
  region size 1024K, 10 young (10240K), 2 survivors (2048K)
 Metaspace       used 48716K, capacity 50192K, committed 50304K, reserved 1093632K
  class space    used 6251K, capacity 6717K, committed 6784K, reserved 1048576K
}
Event: 28.281 GC heap after
{Heap after GC invocations=54 (full 0):
 garbage-first heap   total 78848K, used 54278K [0x00000000e0000000, 0x0000000100000000)
  region size 1024K, 2 young (2048K), 2 survivors (2048K)
 Metaspace       used 48716K, capacity 50192K, committed 50304K, reserved 1093632K
  class space    used 6251K, capacity 6717K, committed 6784K, reserved 1048576K
}
Event: 30.045 GC heap before
{Heap before GC invocations=54 (full 0):
 garbage-first heap   total 78848K, used 63494K [0x00000000e0000000, 0x0000000100000000)
  region size 1024K, 11 young (11264K), 2 survivors (2048K)
 Metaspace       used 49163K, capacity 50628K, committed 50816K, reserved 1093632K
  class space    used 6275K, capacity 6731K, committed 6784K, reserved 1048576K
}

