# JRE version: OpenJDK Runtime Environment (11.0.11+9) (build 11.0.11+9-b60-7590822)
# Java VM: OpenJDK 64-Bit Server VM (11.0.11+9-b60-7590822, mixed mode, tiered, compressed oops, g1 gc, windows-amd64)
Heap:
 garbage-first heap   total 232448K, used 148992K [0x00000000e0000000, 0x0000000100000000)
  region size 1024K, 10 young (10240K), 3 survivors (3072K)
 Metaspace       used 119844K, capacity 122520K, committed 122748K, reserved 1157120K
  class space    used 15001K, capacity 16004K, committed 16128K, reserved 1048576K
GC Heap History (20 events):
Event: 164.298 GC heap before
{Heap before GC invocations=236 (full 0):
 garbage-first heap   total 232448K, used 175074K [0x00000000e0000000, 0x0000000100000000)
  region size 1024K, 65 young (66560K), 2 survivors (2048K)
 Metaspace       used 103137K, capacity 105330K, committed 105468K, reserved 1140736K
  class space    used 12792K, capacity 13640K, committed 13696K, reserved 1048576K
}
Event: 164.345 GC heap after
{Heap after GC invocations=237 (full 0):
 garbage-first heap   total 232448K, used 113327K [0x00000000e0000000, 0x0000000100000000)
  region size 1024K, 5 young (5120K), 5 survivors (5120K)
 Metaspace       used 103137K, capacity 105330K, committed 105468K, reserved 1140736K
  class space    used 12792K, capacity 13640K, committed 13696K, reserved 1048576K
}
Event: 178.547 GC heap before
{Heap before GC invocations=237 (full 0):
 garbage-first heap   total 232448K, used 179887K [0x00000000e0000000, 0x0000000100000000)
  region size 1024K, 71 young (72704K), 5 survivors (5120K)
 Metaspace       used 106429K, capacity 108695K, committed 108924K, reserved 1144832K
  class space    used 13221K, capacity 14049K, committed 14080K, reserved 1048576K
}
Event: 178.642 GC heap after
{Heap after GC invocations=238 (full 0):
 garbage-first heap   total 232448K, used 115223K [0x00000000e0000000, 0x0000000100000000)
  region size 1024K, 7 young (7168K), 7 survivors (7168K)
 Metaspace       used 106429K, capacity 108695K, committed 108924K, reserved 1144832K
  class space    used 13221K, capacity 14049K, committed 14080K, reserved 1048576K
}
Event: 201.434 GC heap before
{Heap before GC invocations=238 (full 0):
 garbage-first heap   total 232448K, used 184855K [0x00000000e0000000, 0x0000000100000000)
  region size 1024K, 76 young (77824K), 7 survivors (7168K)
 Metaspace       used 113800K, capacity 116264K, committed 116604K, reserved 1150976K
  class space    used 14323K, capacity 15240K, committed 15360K, reserved 1048576K
}
Event: 201.502 GC heap after
{Heap after GC invocations=239 (full 0):
 garbage-first heap   total 232448K, used 118544K [0x00000000e0000000, 0x0000000100000000)
  region size 1024K, 8 young (8192K), 8 survivors (8192K)
 Metaspace       used 113800K, capacity 116264K, committed 116604K, reserved 1150976K
  class space    used 14323K, capacity 15240K, committed 15360K, reserved 1048576K
}
Event: 219.473 GC heap before
{Heap before GC invocations=239 (full 0):
 garbage-first heap   total 232448K, used 190224K [0x00000000e0000000, 0x0000000100000000)
  region size 1024K, 78 young (79872K), 8 survivors (8192K)
 Metaspace       used 116568K, capacity 119154K, committed 119292K, reserved 1153024K
  class space    used 14705K, capacity 15686K, committed 15744K, reserved 1048576K
}
Event: 219.591 GC heap after
{Heap after GC invocations=240 (full 0):
 garbage-first heap   total 232448K, used 133067K [0x00000000e0000000, 0x0000000100000000)
  region size 1024K, 10 young (10240K), 10 survivors (10240K)
 Metaspace       used 116568K, capacity 119154K, committed 119292K, reserved 1153024K
  class space    used 14705K, capacity 15686K, committed 15744K, reserved 1048576K
}
Event: 221.350 GC heap before
{Heap before GC invocations=240 (full 0):
 garbage-first heap   total 232448K, used 189387K [0x00000000e0000000, 0x0000000100000000)
  region size 1024K, 65 young (66560K), 10 survivors (10240K)
 Metaspace       used 116880K, capacity 119530K, committed 119804K, reserved 1153024K
  class space    used 14744K, capacity 15719K, committed 15744K, reserved 1048576K
}
Event: 221.467 GC heap after
{Heap after GC invocations=241 (full 0):
 garbage-first heap   total 232448K, used 139776K [0x00000000e0000000, 0x0000000100000000)
  region size 1024K, 9 young (9216K), 9 survivors (9216K)
 Metaspace       used 116880K, capacity 119530K, committed 119804K, reserved 1153024K
  class space    used 14744K, capacity 15719K, committed 15744K, reserved 1048576K
}
Event: 226.802 GC heap before
{Heap before GC invocations=241 (full 0):
 garbage-first heap   total 232448K, used 189952K [0x00000000e0000000, 0x0000000100000000)
  region size 1024K, 58 young (59392K), 9 survivors (9216K)
 Metaspace       used 119225K, capacity 121870K, committed 122108K, reserved 1155072K
  class space    used 14954K, capacity 15944K, committed 16000K, reserved 1048576K
}
Event: 226.856 GC heap after
{Heap after GC invocations=242 (full 0):
 garbage-first heap   total 232448K, used 140800K [0x00000000e0000000, 0x0000000100000000)
  region size 1024K, 1 young (1024K), 1 survivors (1024K)
 Metaspace       used 119225K, capacity 121870K, committed 122108K, reserved 1155072K
  class space    used 14954K, capacity 15944K, committed 16000K, reserved 1048576K
}
Event: 229.099 GC heap before
{Heap before GC invocations=242 (full 0):
 garbage-first heap   total 232448K, used 192000K [0x00000000e0000000, 0x0000000100000000)
  region size 1024K, 51 young (52224K), 1 survivors (1024K)
 Metaspace       used 119504K, capacity 122175K, committed 122364K, reserved 1155072K
  class space    used 14975K, capacity 15978K, committed 16000K, reserved 1048576K
}
Event: 229.112 GC heap after
{Heap after GC invocations=243 (full 0):
 garbage-first heap   total 232448K, used 140800K [0x00000000e0000000, 0x0000000100000000)
  region size 1024K, 1 young (1024K), 1 survivors (1024K)
 Metaspace       used 119504K, capacity 122175K, committed 122364K, reserved 1155072K
  class space    used 14975K, capacity 15978K, committed 16000K, reserved 1048576K
}
Event: 230.826 GC heap before
{Heap before GC invocations=243 (full 0):
 garbage-first heap   total 232448K, used 193024K [0x00000000e0000000, 0x0000000100000000)
  region size 1024K, 52 young (53248K), 1 survivors (1024K)
 Metaspace       used 119646K, capacity 122312K, committed 122364K, reserved 1155072K
  class space    used 14988K, capacity 15981K, committed 16000K, reserved 1048576K
}
Event: 230.838 GC heap after
{Heap after GC invocations=244 (full 0):
 garbage-first heap   total 232448K, used 141045K [0x00000000e0000000, 0x0000000100000000)
  region size 1024K, 2 young (2048K), 2 survivors (2048K)
 Metaspace       used 119646K, capacity 122312K, committed 122364K, reserved 1155072K
  class space    used 14988K, capacity 15981K, committed 16000K, reserved 1048576K
}
Event: 232.503 GC heap before
{Heap before GC invocations=244 (full 0):
 garbage-first heap   total 232448K, used 194293K [0x00000000e0000000, 0x0000000100000000)
  region size 1024K, 54 young (55296K), 2 survivors (2048K)
 Metaspace       used 119684K, capacity 122317K, committed 122364K, reserved 1155072K
  class space    used 14988K, capacity 15982K, committed 16000K, reserved 1048576K
}
Event: 232.516 GC heap after
{Heap after GC invocations=245 (full 0):
 garbage-first heap   total 232448K, used 141147K [0x00000000e0000000, 0x0000000100000000)
  region size 1024K, 2 young (2048K), 2 survivors (2048K)
 Metaspace       used 119684K, capacity 122317K, committed 122364K, reserved 1155072K
  class space    used 14988K, capacity 15982K, committed 16000K, reserved 1048576K
}
Event: 235.480 GC heap before
{Heap before GC invocations=245 (full 0):
 garbage-first heap   total 232448K, used 195419K [0x00000000e0000000, 0x0000000100000000)
  region size 1024K, 55 young (56320K), 2 survivors (2048K)
 Metaspace       used 119740K, capacity 122388K, committed 122620K, reserved 1157120K
  class space    used 14989K, capacity 15983K, committed 16000K, reserved 1048576K
}
Event: 235.541 GC heap after
{Heap after GC invocations=246 (full 0):
 garbage-first heap   total 232448K, used 141689K [0x00000000e0000000, 0x0000000100000000)
  region size 1024K, 2 young (2048K), 2 survivors (2048K)
 Metaspace       used 119740K, capacity 122388K, committed 122620K, reserved 1157120K
  class space    used 14989K, capacity 15983K, committed 16000K, reserved 1048576K
}

