# JRE version: OpenJDK Runtime Environment (11.0.11+9) (build 11.0.11+9-b60-7590822)
# Java VM: OpenJDK 64-Bit Server VM (11.0.11+9-b60-7590822, mixed mode, tiered, compressed oops, g1 gc, windows-amd64)
Heap:
 garbage-first heap   total 237568K, used 178500K [0x00000000e0000000, 0x0000000100000000)
  region size 1024K, 23 young (23552K), 2 survivors (2048K)
 Metaspace       used 104917K, capacity 107683K, committed 107900K, reserved 1142784K
  class space    used 13439K, capacity 14483K, committed 14592K, reserved 1048576K
GC Heap History (20 events):
Event: 166.424 GC heap before
{Heap before GC invocations=380 (full 0):
 garbage-first heap   total 192512K, used 164211K [0x00000000e0000000, 0x0000000100000000)
  region size 1024K, 10 young (10240K), 1 survivors (1024K)
 Metaspace       used 104381K, capacity 107055K, committed 107260K, reserved 1142784K
  class space    used 13345K, capacity 14357K, committed 14464K, reserved 1048576K
}
Event: 166.439 GC heap after
{Heap after GC invocations=381 (full 0):
 garbage-first heap   total 192512K, used 156490K [0x00000000e0000000, 0x0000000100000000)
  region size 1024K, 2 young (2048K), 2 survivors (2048K)
 Metaspace       used 104381K, capacity 107055K, committed 107260K, reserved 1142784K
  class space    used 13345K, capacity 14357K, committed 14464K, reserved 1048576K
}
Event: 166.594 GC heap before
{Heap before GC invocations=381 (full 0):
 garbage-first heap   total 192512K, used 165706K [0x00000000e0000000, 0x0000000100000000)
  region size 1024K, 10 young (10240K), 2 survivors (2048K)
 Metaspace       used 104388K, capacity 107055K, committed 107260K, reserved 1142784K
  class space    used 13345K, capacity 14357K, committed 14464K, reserved 1048576K
}
Event: 166.607 GC heap after
{Heap after GC invocations=382 (full 0):
 garbage-first heap   total 192512K, used 158179K [0x00000000e0000000, 0x0000000100000000)
  region size 1024K, 2 young (2048K), 2 survivors (2048K)
 Metaspace       used 104388K, capacity 107055K, committed 107260K, reserved 1142784K
  class space    used 13345K, capacity 14357K, committed 14464K, reserved 1048576K
}
Event: 166.811 GC heap before
{Heap before GC invocations=382 (full 0):
 garbage-first heap   total 192512K, used 166371K [0x00000000e0000000, 0x0000000100000000)
  region size 1024K, 10 young (10240K), 2 survivors (2048K)
 Metaspace       used 104391K, capacity 107055K, committed 107260K, reserved 1142784K
  class space    used 13345K, capacity 14357K, committed 14464K, reserved 1048576K
}
Event: 166.818 GC heap after
{Heap after GC invocations=383 (full 0):
 garbage-first heap   total 192512K, used 157128K [0x00000000e0000000, 0x0000000100000000)
  region size 1024K, 1 young (1024K), 1 survivors (1024K)
 Metaspace       used 104391K, capacity 107055K, committed 107260K, reserved 1142784K
  class space    used 13345K, capacity 14357K, committed 14464K, reserved 1048576K
}
Event: 167.006 GC heap before
{Heap before GC invocations=383 (full 0):
 garbage-first heap   total 192512K, used 165320K [0x00000000e0000000, 0x0000000100000000)
  region size 1024K, 9 young (9216K), 1 survivors (1024K)
 Metaspace       used 104393K, capacity 107055K, committed 107260K, reserved 1142784K
  class space    used 13345K, capacity 14357K, committed 14464K, reserved 1048576K
}
Event: 167.011 GC heap after
{Heap after GC invocations=384 (full 0):
 garbage-first heap   total 192512K, used 157029K [0x00000000e0000000, 0x0000000100000000)
  region size 1024K, 1 young (1024K), 1 survivors (1024K)
 Metaspace       used 104393K, capacity 107055K, committed 107260K, reserved 1142784K
  class space    used 13345K, capacity 14357K, committed 14464K, reserved 1048576K
}
Event: 167.282 GC heap before
{Heap before GC invocations=384 (full 0):
 garbage-first heap   total 192512K, used 166245K [0x00000000e0000000, 0x0000000100000000)
  region size 1024K, 10 young (10240K), 1 survivors (1024K)
 Metaspace       used 104393K, capacity 107055K, committed 107260K, reserved 1142784K
  class space    used 13345K, capacity 14357K, committed 14464K, reserved 1048576K
}
Event: 167.286 GC heap after
{Heap after GC invocations=385 (full 0):
 garbage-first heap   total 192512K, used 157150K [0x00000000e0000000, 0x0000000100000000)
  region size 1024K, 1 young (1024K), 1 survivors (1024K)
 Metaspace       used 104393K, capacity 107055K, committed 107260K, reserved 1142784K
  class space    used 13345K, capacity 14357K, committed 14464K, reserved 1048576K
}
Event: 167.495 GC heap before
{Heap before GC invocations=385 (full 0):
 garbage-first heap   total 192512K, used 166366K [0x00000000e0000000, 0x0000000100000000)
  region size 1024K, 10 young (10240K), 1 survivors (1024K)
 Metaspace       used 104393K, capacity 107055K, committed 107260K, reserved 1142784K
  class space    used 13345K, capacity 14357K, committed 14464K, reserved 1048576K
}
Event: 167.515 GC heap after
{Heap after GC invocations=386 (full 0):
 garbage-first heap   total 192512K, used 157120K [0x00000000e0000000, 0x0000000100000000)
  region size 1024K, 1 young (1024K), 1 survivors (1024K)
 Metaspace       used 104393K, capacity 107055K, committed 107260K, reserved 1142784K
  class space    used 13345K, capacity 14357K, committed 14464K, reserved 1048576K
}
Event: 167.701 GC heap before
{Heap before GC invocations=386 (full 0):
 garbage-first heap   total 192512K, used 167360K [0x00000000e0000000, 0x0000000100000000)
  region size 1024K, 11 young (11264K), 1 survivors (1024K)
 Metaspace       used 104396K, capacity 107055K, committed 107260K, reserved 1142784K
  class space    used 13345K, capacity 14357K, committed 14464K, reserved 1048576K
}
Event: 167.709 GC heap after
{Heap after GC invocations=387 (full 0):
 garbage-first heap   total 237568K, used 157176K [0x00000000e0000000, 0x0000000100000000)
  region size 1024K, 1 young (1024K), 1 survivors (1024K)
 Metaspace       used 104396K, capacity 107055K, committed 107260K, reserved 1142784K
  class space    used 13345K, capacity 14357K, committed 14464K, reserved 1048576K
}
Event: 168.522 GC heap before
{Heap before GC invocations=387 (full 0):
 garbage-first heap   total 237568K, used 190968K [0x00000000e0000000, 0x0000000100000000)
  region size 1024K, 34 young (34816K), 1 survivors (1024K)
 Metaspace       used 104411K, capacity 107064K, committed 107260K, reserved 1142784K
  class space    used 13345K, capacity 14358K, committed 14464K, reserved 1048576K
}
Event: 168.536 GC heap after
{Heap after GC invocations=388 (full 0):
 garbage-first heap   total 237568K, used 157990K [0x00000000e0000000, 0x0000000100000000)
  region size 1024K, 2 young (2048K), 2 survivors (2048K)
 Metaspace       used 104411K, capacity 107064K, committed 107260K, reserved 1142784K
  class space    used 13345K, capacity 14358K, committed 14464K, reserved 1048576K
}
Event: 169.279 GC heap before
{Heap before GC invocations=388 (full 0):
 garbage-first heap   total 237568K, used 193830K [0x00000000e0000000, 0x0000000100000000)
  region size 1024K, 37 young (37888K), 2 survivors (2048K)
 Metaspace       used 104413K, capacity 107064K, committed 107260K, reserved 1142784K
  class space    used 13345K, capacity 14358K, committed 14464K, reserved 1048576K
}
Event: 169.288 GC heap after
{Heap after GC invocations=389 (full 0):
 garbage-first heap   total 237568K, used 157543K [0x00000000e0000000, 0x0000000100000000)
  region size 1024K, 1 young (1024K), 1 survivors (1024K)
 Metaspace       used 104413K, capacity 107064K, committed 107260K, reserved 1142784K
  class space    used 13345K, capacity 14358K, committed 14464K, reserved 1048576K
}
Event: 170.756 GC heap before
{Heap before GC invocations=389 (full 0):
 garbage-first heap   total 237568K, used 195431K [0x00000000e0000000, 0x0000000100000000)
  region size 1024K, 39 young (39936K), 1 survivors (1024K)
 Metaspace       used 104690K, capacity 107394K, committed 107516K, reserved 1142784K
  class space    used 13387K, capacity 14404K, committed 14464K, reserved 1048576K
}
Event: 170.936 GC heap after
{Heap after GC invocations=390 (full 0):
 garbage-first heap   total 237568K, used 158101K [0x00000000e0000000, 0x0000000100000000)
  region size 1024K, 2 young (2048K), 2 survivors (2048K)
 Metaspace       used 104690K, capacity 107394K, committed 107516K, reserved 1142784K
  class space    used 13387K, capacity 14404K, committed 14464K, reserved 1048576K
}

