# JRE version: OpenJDK Runtime Environment (11.0.10) (build 11.0.10+0-b96-7249189)
# Java VM: OpenJDK 64-Bit Server VM (11.0.10+0-b96-7249189, mixed mode, tiered, compressed oops, g1 gc, windows-amd64)
Heap:
 garbage-first heap   total 95232K, used 65801K [0x0000000080000000, 0x0000000100000000)
  region size 1024K, 14 young (14336K), 2 survivors (2048K)
 Metaspace       used 45305K, capacity 46483K, committed 46592K, reserved 1089536K
  class space    used 5715K, capacity 6127K, committed 6144K, reserved 1048576K
GC Heap History (20 events):
Event: 16.782 GC heap before
{Heap before GC invocations=10 (full 0):
 garbage-first heap   total 65536K, used 48464K [0x0000000080000000, 0x0000000100000000)
  region size 1024K, 20 young (20480K), 4 survivors (4096K)
 Metaspace       used 28888K, capacity 29675K, committed 29824K, reserved 1075200K
  class space    used 3844K, capacity 4137K, committed 4224K, reserved 1048576K
}
Event: 16.796 GC heap after
{Heap after GC invocations=11 (full 0):
 garbage-first heap   total 78848K, used 32849K [0x0000000080000000, 0x0000000100000000)
  region size 1024K, 1 young (1024K), 1 survivors (1024K)
 Metaspace       used 28888K, capacity 29675K, committed 29824K, reserved 1075200K
  class space    used 3844K, capacity 4137K, committed 4224K, reserved 1048576K
}
Event: 18.860 GC heap before
{Heap before GC invocations=11 (full 0):
 garbage-first heap   total 78848K, used 54353K [0x0000000080000000, 0x0000000100000000)
  region size 1024K, 22 young (22528K), 1 survivors (1024K)
 Metaspace       used 32195K, capacity 33041K, committed 33280K, reserved 1077248K
  class space    used 4298K, capacity 4598K, committed 4608K, reserved 1048576K
}
Event: 18.870 GC heap after
{Heap after GC invocations=12 (full 0):
 garbage-first heap   total 78848K, used 33659K [0x0000000080000000, 0x0000000100000000)
  region size 1024K, 2 young (2048K), 2 survivors (2048K)
 Metaspace       used 32195K, capacity 33041K, committed 33280K, reserved 1077248K
  class space    used 4298K, capacity 4598K, committed 4608K, reserved 1048576K
}
Event: 20.144 GC heap before
{Heap before GC invocations=12 (full 0):
 garbage-first heap   total 78848K, used 42875K [0x0000000080000000, 0x0000000100000000)
  region size 1024K, 12 young (12288K), 2 survivors (2048K)
 Metaspace       used 34710K, capacity 35603K, committed 35840K, reserved 1081344K
  class space    used 4509K, capacity 4835K, committed 4864K, reserved 1048576K
}
Event: 20.159 GC heap after
{Heap after GC invocations=13 (full 0):
 garbage-first heap   total 78848K, used 35147K [0x0000000080000000, 0x0000000100000000)
  region size 1024K, 3 young (3072K), 3 survivors (3072K)
 Metaspace       used 34710K, capacity 35603K, committed 35840K, reserved 1081344K
  class space    used 4509K, capacity 4835K, committed 4864K, reserved 1048576K
}
Event: 22.027 GC heap before
{Heap before GC invocations=14 (full 0):
 garbage-first heap   total 78848K, used 54603K [0x0000000080000000, 0x0000000100000000)
  region size 1024K, 23 young (23552K), 3 survivors (3072K)
 Metaspace       used 37786K, capacity 38706K, committed 38784K, reserved 1083392K
  class space    used 4882K, capacity 5207K, committed 5248K, reserved 1048576K
}
Event: 22.049 GC heap after
{Heap after GC invocations=15 (full 0):
 garbage-first heap   total 78848K, used 37501K [0x0000000080000000, 0x0000000100000000)
  region size 1024K, 3 young (3072K), 3 survivors (3072K)
 Metaspace       used 37786K, capacity 38706K, committed 38784K, reserved 1083392K
  class space    used 4882K, capacity 5207K, committed 5248K, reserved 1048576K
}
Event: 22.595 GC heap before
{Heap before GC invocations=15 (full 0):
 garbage-first heap   total 78848K, used 52861K [0x0000000080000000, 0x0000000100000000)
  region size 1024K, 20 young (20480K), 3 survivors (3072K)
 Metaspace       used 38182K, capacity 39118K, committed 39424K, reserved 1083392K
  class space    used 4932K, capacity 5257K, committed 5376K, reserved 1048576K
}
Event: 22.618 GC heap after
{Heap after GC invocations=16 (full 0):
 garbage-first heap   total 78848K, used 40457K [0x0000000080000000, 0x0000000100000000)
  region size 1024K, 3 young (3072K), 3 survivors (3072K)
 Metaspace       used 38182K, capacity 39118K, committed 39424K, reserved 1083392K
  class space    used 4932K, capacity 5257K, committed 5376K, reserved 1048576K
}
Event: 23.805 GC heap before
{Heap before GC invocations=17 (full 0):
 garbage-first heap   total 78848K, used 61961K [0x0000000080000000, 0x0000000100000000)
  region size 1024K, 21 young (21504K), 3 survivors (3072K)
 Metaspace       used 40628K, capacity 41691K, committed 41728K, reserved 1085440K
  class space    used 5203K, capacity 5603K, committed 5632K, reserved 1048576K
}
Event: 23.818 GC heap after
{Heap after GC invocations=18 (full 0):
 garbage-first heap   total 78848K, used 40401K [0x0000000080000000, 0x0000000100000000)
  region size 1024K, 1 young (1024K), 1 survivors (1024K)
 Metaspace       used 40628K, capacity 41691K, committed 41728K, reserved 1085440K
  class space    used 5203K, capacity 5603K, committed 5632K, reserved 1048576K
}
Event: 24.913 GC heap before
{Heap before GC invocations=18 (full 0):
 garbage-first heap   total 78848K, used 58833K [0x0000000080000000, 0x0000000100000000)
  region size 1024K, 20 young (20480K), 1 survivors (1024K)
 Metaspace       used 42023K, capacity 43144K, committed 43264K, reserved 1087488K
  class space    used 5406K, capacity 5812K, committed 5888K, reserved 1048576K
}
Event: 24.924 GC heap after
{Heap after GC invocations=19 (full 0):
 garbage-first heap   total 78848K, used 40839K [0x0000000080000000, 0x0000000100000000)
  region size 1024K, 2 young (2048K), 2 survivors (2048K)
 Metaspace       used 42023K, capacity 43144K, committed 43264K, reserved 1087488K
  class space    used 5406K, capacity 5812K, committed 5888K, reserved 1048576K
}
Event: 26.252 GC heap before
{Heap before GC invocations=20 (full 0):
 garbage-first heap   total 78848K, used 51079K [0x0000000080000000, 0x0000000100000000)
  region size 1024K, 8 young (8192K), 2 survivors (2048K)
 Metaspace       used 42245K, capacity 43355K, committed 43520K, reserved 1087488K
  class space    used 5423K, capacity 5855K, committed 5888K, reserved 1048576K
}
Event: 26.266 GC heap after
{Heap after GC invocations=21 (full 0):
 garbage-first heap   total 78848K, used 47953K [0x0000000080000000, 0x0000000100000000)
  region size 1024K, 3 young (3072K), 3 survivors (3072K)
 Metaspace       used 42245K, capacity 43355K, committed 43520K, reserved 1087488K
  class space    used 5423K, capacity 5855K, committed 5888K, reserved 1048576K
}
Event: 27.729 GC heap before
{Heap before GC invocations=22 (full 0):
 garbage-first heap   total 78848K, used 66385K [0x0000000080000000, 0x0000000100000000)
  region size 1024K, 18 young (18432K), 3 survivors (3072K)
 Metaspace       used 43103K, capacity 44298K, committed 44416K, reserved 1087488K
  class space    used 5535K, capacity 5975K, committed 6016K, reserved 1048576K
}
Event: 27.748 GC heap after
{Heap after GC invocations=23 (full 0):
 garbage-first heap   total 95232K, used 52551K [0x0000000080000000, 0x0000000100000000)
  region size 1024K, 3 young (3072K), 3 survivors (3072K)
 Metaspace       used 43103K, capacity 44298K, committed 44416K, reserved 1087488K
  class space    used 5535K, capacity 5975K, committed 6016K, reserved 1048576K
}
Event: 27.950 GC heap before
{Heap before GC invocations=23 (full 0):
 garbage-first heap   total 95232K, used 55623K [0x0000000080000000, 0x0000000100000000)
  region size 1024K, 8 young (8192K), 3 survivors (3072K)
 Metaspace       used 43407K, capacity 44618K, committed 44672K, reserved 1087488K
  class space    used 5560K, capacity 5975K, committed 6016K, reserved 1048576K
}
Event: 27.977 GC heap after
{Heap after GC invocations=24 (full 0):
 garbage-first heap   total 95232K, used 53508K [0x0000000080000000, 0x0000000100000000)
  region size 1024K, 3 young (3072K), 3 survivors (3072K)
 Metaspace       used 43407K, capacity 44618K, committed 44672K, reserved 1087488K
  class space    used 5560K, capacity 5975K, committed 6016K, reserved 1048576K
}

