# JRE version: OpenJDK Runtime Environment (11.0.11+9) (build 11.0.11+9-b60-7590822)
# Java VM: OpenJDK 64-Bit Server VM (11.0.11+9-b60-7590822, mixed mode, tiered, compressed oops, g1 gc, windows-amd64)
Heap:
 garbage-first heap   total 114688K, used 43977K [0x00000000c0000000, 0x0000000100000000)
  region size 1024K, 4 young (4096K), 4 survivors (4096K)
 Metaspace       used 47461K, capacity 48824K, committed 48896K, reserved 1091584K
  class space    used 6120K, capacity 6589K, committed 6656K, reserved 1048576K
GC Heap History (20 events):
Event: 11.946 GC heap after
{Heap after GC invocations=9 (full 0):
 garbage-first heap   total 78848K, used 24887K [0x00000000c0000000, 0x0000000100000000)
  region size 1024K, 4 young (4096K), 4 survivors (4096K)
 Metaspace       used 26154K, capacity 26855K, committed 27008K, reserved 1073152K
  class space    used 3416K, capacity 3686K, committed 3712K, reserved 1048576K
}
Event: 13.057 GC heap before
{Heap before GC invocations=9 (full 0):
 garbage-first heap   total 78848K, used 53559K [0x00000000c0000000, 0x0000000100000000)
  region size 1024K, 29 young (29696K), 4 survivors (4096K)
 Metaspace       used 28247K, capacity 29108K, committed 29184K, reserved 1075200K
  class space    used 3740K, capacity 4033K, committed 4096K, reserved 1048576K
}
Event: 13.097 GC heap after
{Heap after GC invocations=10 (full 0):
 garbage-first heap   total 78848K, used 31171K [0x00000000c0000000, 0x0000000100000000)
  region size 1024K, 2 young (2048K), 2 survivors (2048K)
 Metaspace       used 28247K, capacity 29108K, committed 29184K, reserved 1075200K
  class space    used 3740K, capacity 4033K, committed 4096K, reserved 1048576K
}
Event: 14.228 GC heap before
{Heap before GC invocations=10 (full 0):
 garbage-first heap   total 78848K, used 55747K [0x00000000c0000000, 0x0000000100000000)
  region size 1024K, 26 young (26624K), 2 survivors (2048K)
 Metaspace       used 31411K, capacity 32302K, committed 32512K, reserved 1077248K
  class space    used 4235K, capacity 4564K, committed 4608K, reserved 1048576K
}
Event: 14.238 GC heap after
{Heap after GC invocations=11 (full 0):
 garbage-first heap   total 78848K, used 31833K [0x00000000c0000000, 0x0000000100000000)
  region size 1024K, 3 young (3072K), 3 survivors (3072K)
 Metaspace       used 31411K, capacity 32302K, committed 32512K, reserved 1077248K
  class space    used 4235K, capacity 4564K, committed 4608K, reserved 1048576K
}
Event: 15.376 GC heap before
{Heap before GC invocations=11 (full 0):
 garbage-first heap   total 78848K, used 41049K [0x00000000c0000000, 0x0000000100000000)
  region size 1024K, 13 young (13312K), 3 survivors (3072K)
 Metaspace       used 34955K, capacity 35888K, committed 35968K, reserved 1081344K
  class space    used 4564K, capacity 4929K, committed 4992K, reserved 1048576K
}
Event: 15.399 GC heap after
{Heap after GC invocations=12 (full 0):
 garbage-first heap   total 78848K, used 33169K [0x00000000c0000000, 0x0000000100000000)
  region size 1024K, 3 young (3072K), 3 survivors (3072K)
 Metaspace       used 34955K, capacity 35888K, committed 35968K, reserved 1081344K
  class space    used 4564K, capacity 4929K, committed 4992K, reserved 1048576K
}
Event: 16.511 GC heap before
{Heap before GC invocations=13 (full 0):
 garbage-first heap   total 78848K, used 54673K [0x00000000c0000000, 0x0000000100000000)
  region size 1024K, 25 young (25600K), 3 survivors (3072K)
 Metaspace       used 37383K, capacity 38382K, committed 38528K, reserved 1083392K
  class space    used 4837K, capacity 5205K, committed 5248K, reserved 1048576K
}
Event: 16.536 GC heap after
{Heap after GC invocations=14 (full 0):
 garbage-first heap   total 78848K, used 36307K [0x00000000c0000000, 0x0000000100000000)
  region size 1024K, 4 young (4096K), 4 survivors (4096K)
 Metaspace       used 37383K, capacity 38382K, committed 38528K, reserved 1083392K
  class space    used 4837K, capacity 5205K, committed 5248K, reserved 1048576K
}
Event: 17.586 GC heap before
{Heap before GC invocations=14 (full 0):
 garbage-first heap   total 78848K, used 59859K [0x00000000c0000000, 0x0000000100000000)
  region size 1024K, 25 young (25600K), 4 survivors (4096K)
 Metaspace       used 39499K, capacity 40501K, committed 40704K, reserved 1085440K
  class space    used 4988K, capacity 5332K, committed 5376K, reserved 1048576K
}
Event: 17.608 GC heap after
{Heap after GC invocations=15 (full 0):
 garbage-first heap   total 95232K, used 37618K [0x00000000c0000000, 0x0000000100000000)
  region size 1024K, 2 young (2048K), 2 survivors (2048K)
 Metaspace       used 39499K, capacity 40501K, committed 40704K, reserved 1085440K
  class space    used 4988K, capacity 5332K, committed 5376K, reserved 1048576K
}
Event: 18.841 GC heap before
{Heap before GC invocations=15 (full 0):
 garbage-first heap   total 95232K, used 66290K [0x00000000c0000000, 0x0000000100000000)
  region size 1024K, 30 young (30720K), 2 survivors (2048K)
 Metaspace       used 41884K, capacity 42997K, committed 43136K, reserved 1087488K
  class space    used 5350K, capacity 5741K, committed 5760K, reserved 1048576K
}
Event: 18.854 GC heap after
{Heap after GC invocations=16 (full 0):
 garbage-first heap   total 95232K, used 38647K [0x00000000c0000000, 0x0000000100000000)
  region size 1024K, 3 young (3072K), 3 survivors (3072K)
 Metaspace       used 41884K, capacity 42997K, committed 43136K, reserved 1087488K
  class space    used 5350K, capacity 5741K, committed 5760K, reserved 1048576K
}
Event: 20.478 GC heap before
{Heap before GC invocations=16 (full 0):
 garbage-first heap   total 95232K, used 67319K [0x00000000c0000000, 0x0000000100000000)
  region size 1024K, 32 young (32768K), 3 survivors (3072K)
 Metaspace       used 45064K, capacity 46274K, committed 46592K, reserved 1089536K
  class space    used 5875K, capacity 6299K, committed 6400K, reserved 1048576K
}
Event: 20.502 GC heap after
{Heap after GC invocations=17 (full 0):
 garbage-first heap   total 95232K, used 40720K [0x00000000c0000000, 0x0000000100000000)
  region size 1024K, 4 young (4096K), 4 survivors (4096K)
 Metaspace       used 45064K, capacity 46274K, committed 46592K, reserved 1089536K
  class space    used 5875K, capacity 6299K, committed 6400K, reserved 1048576K
}
Event: 21.062 GC heap before
{Heap before GC invocations=17 (full 0):
 garbage-first heap   total 95232K, used 69392K [0x00000000c0000000, 0x0000000100000000)
  region size 1024K, 32 young (32768K), 4 survivors (4096K)
 Metaspace       used 45208K, capacity 46402K, committed 46592K, reserved 1089536K
  class space    used 5878K, capacity 6299K, committed 6400K, reserved 1048576K
}
Event: 21.084 GC heap after
{Heap after GC invocations=18 (full 0):
 garbage-first heap   total 95232K, used 41686K [0x00000000c0000000, 0x0000000100000000)
  region size 1024K, 3 young (3072K), 3 survivors (3072K)
 Metaspace       used 45208K, capacity 46402K, committed 46592K, reserved 1089536K
  class space    used 5878K, capacity 6299K, committed 6400K, reserved 1048576K
}
Event: 21.420 GC heap before
{Heap before GC invocations=18 (full 0):
 garbage-first heap   total 95232K, used 72406K [0x00000000c0000000, 0x0000000100000000)
  region size 1024K, 33 young (33792K), 3 survivors (3072K)
 Metaspace       used 45231K, capacity 46405K, committed 46592K, reserved 1089536K
  class space    used 5878K, capacity 6299K, committed 6400K, reserved 1048576K
}
Event: 21.440 GC heap after
{Heap after GC invocations=19 (full 0):
 garbage-first heap   total 95232K, used 42371K [0x00000000c0000000, 0x0000000100000000)
  region size 1024K, 2 young (2048K), 2 survivors (2048K)
 Metaspace       used 45231K, capacity 46405K, committed 46592K, reserved 1089536K
  class space    used 5878K, capacity 6299K, committed 6400K, reserved 1048576K
}
Event: 23.432 GC heap before
{Heap before GC invocations=19 (full 0):
 garbage-first heap   total 95232K, used 73091K [0x00000000c0000000, 0x0000000100000000)
  region size 1024K, 32 young (32768K), 2 survivors (2048K)
 Metaspace       used 47461K, capacity 48824K, committed 48896K, reserved 1091584K
  class space    used 6120K, capacity 6589K, committed 6656K, reserved 1048576K
}

