# JRE version: OpenJDK Runtime Environment (11.0.11+9) (build 11.0.11+9-b60-7590822)
# Java VM: OpenJDK 64-Bit Server VM (11.0.11+9-b60-7590822, mixed mode, tiered, compressed oops, g1 gc, windows-amd64)
Heap:
 garbage-first heap   total 95232K, used 70036K [0x00000000c0000000, 0x0000000100000000)
  region size 1024K, 15 young (15360K), 2 survivors (2048K)
 Metaspace       used 65925K, capacity 67482K, committed 67708K, reserved 1107968K
  class space    used 8320K, capacity 8849K, committed 8960K, reserved 1048576K
GC Heap History (20 events):
Event: 97.504 GC heap before
{Heap before GC invocations=64 (full 0):
 garbage-first heap   total 65536K, used 56387K [0x00000000c0000000, 0x0000000100000000)
  region size 1024K, 3 young (3072K), 1 survivors (1024K)
 Metaspace       used 59502K, capacity 60926K, committed 61180K, reserved 1101824K
  class space    used 7508K, capacity 8025K, committed 8064K, reserved 1048576K
}
Event: 97.515 GC heap after
{Heap after GC invocations=65 (full 0):
 garbage-first heap   total 65536K, used 55658K [0x00000000c0000000, 0x0000000100000000)
  region size 1024K, 1 young (1024K), 1 survivors (1024K)
 Metaspace       used 59502K, capacity 60926K, committed 61180K, reserved 1101824K
  class space    used 7508K, capacity 8025K, committed 8064K, reserved 1048576K
}
Event: 97.816 GC heap before
{Heap before GC invocations=66 (full 0):
 garbage-first heap   total 65536K, used 57706K [0x00000000c0000000, 0x0000000100000000)
  region size 1024K, 3 young (3072K), 1 survivors (1024K)
 Metaspace       used 59716K, capacity 61150K, committed 61180K, reserved 1101824K
  class space    used 7527K, capacity 8057K, committed 8064K, reserved 1048576K
}
Event: 97.823 GC heap after
{Heap after GC invocations=67 (full 0):
 garbage-first heap   total 65536K, used 55491K [0x00000000c0000000, 0x0000000100000000)
  region size 1024K, 1 young (1024K), 1 survivors (1024K)
 Metaspace       used 59716K, capacity 61150K, committed 61180K, reserved 1101824K
  class space    used 7527K, capacity 8057K, committed 8064K, reserved 1048576K
}
Event: 98.036 GC heap before
{Heap before GC invocations=67 (full 0):
 garbage-first heap   total 65536K, used 57539K [0x00000000c0000000, 0x0000000100000000)
  region size 1024K, 3 young (3072K), 1 survivors (1024K)
 Metaspace       used 59913K, capacity 61382K, committed 61564K, reserved 1103872K
  class space    used 7550K, capacity 8090K, committed 8192K, reserved 1048576K
}
Event: 98.043 GC heap after
{Heap after GC invocations=68 (full 0):
 garbage-first heap   total 78848K, used 55705K [0x00000000c0000000, 0x0000000100000000)
  region size 1024K, 1 young (1024K), 1 survivors (1024K)
 Metaspace       used 59913K, capacity 61382K, committed 61564K, reserved 1103872K
  class space    used 7550K, capacity 8090K, committed 8192K, reserved 1048576K
}
Event: 99.181 GC heap before
{Heap before GC invocations=69 (full 0):
 garbage-first heap   total 78848K, used 60825K [0x00000000c0000000, 0x0000000100000000)
  region size 1024K, 7 young (7168K), 1 survivors (1024K)
 Metaspace       used 60580K, capacity 62072K, committed 62076K, reserved 1103872K
  class space    used 7646K, capacity 8189K, committed 8192K, reserved 1048576K
}
Event: 99.187 GC heap after
{Heap after GC invocations=70 (full 0):
 garbage-first heap   total 78848K, used 56078K [0x00000000c0000000, 0x0000000100000000)
  region size 1024K, 1 young (1024K), 1 survivors (1024K)
 Metaspace       used 60580K, capacity 62072K, committed 62076K, reserved 1103872K
  class space    used 7646K, capacity 8189K, committed 8192K, reserved 1048576K
}
Event: 99.682 GC heap before
{Heap before GC invocations=70 (full 0):
 garbage-first heap   total 78848K, used 62222K [0x00000000c0000000, 0x0000000100000000)
  region size 1024K, 7 young (7168K), 1 survivors (1024K)
 Metaspace       used 61272K, capacity 62785K, committed 62972K, reserved 1103872K
  class space    used 7721K, capacity 8255K, committed 8320K, reserved 1048576K
}
Event: 99.690 GC heap after
{Heap after GC invocations=71 (full 0):
 garbage-first heap   total 78848K, used 56506K [0x00000000c0000000, 0x0000000100000000)
  region size 1024K, 1 young (1024K), 1 survivors (1024K)
 Metaspace       used 61272K, capacity 62785K, committed 62972K, reserved 1103872K
  class space    used 7721K, capacity 8255K, committed 8320K, reserved 1048576K
}
Event: 100.236 GC heap before
{Heap before GC invocations=72 (full 0):
 garbage-first heap   total 78848K, used 61626K [0x00000000c0000000, 0x0000000100000000)
  region size 1024K, 7 young (7168K), 1 survivors (1024K)
 Metaspace       used 61738K, capacity 63242K, committed 63612K, reserved 1103872K
  class space    used 7781K, capacity 8321K, committed 8448K, reserved 1048576K
}
Event: 100.245 GC heap after
{Heap after GC invocations=73 (full 0):
 garbage-first heap   total 78848K, used 57173K [0x00000000c0000000, 0x0000000100000000)
  region size 1024K, 1 young (1024K), 1 survivors (1024K)
 Metaspace       used 61738K, capacity 63242K, committed 63612K, reserved 1103872K
  class space    used 7781K, capacity 8321K, committed 8448K, reserved 1048576K
}
Event: 100.434 GC heap before
{Heap before GC invocations=73 (full 0):
 garbage-first heap   total 78848K, used 59221K [0x00000000c0000000, 0x0000000100000000)
  region size 1024K, 3 young (3072K), 1 survivors (1024K)
 Metaspace       used 62012K, capacity 63519K, committed 63868K, reserved 1105920K
  class space    used 7808K, capacity 8328K, committed 8448K, reserved 1048576K
}
Event: 100.441 GC heap after
{Heap after GC invocations=74 (full 0):
 garbage-first heap   total 95232K, used 56268K [0x00000000c0000000, 0x0000000100000000)
  region size 1024K, 1 young (1024K), 1 survivors (1024K)
 Metaspace       used 62012K, capacity 63519K, committed 63868K, reserved 1105920K
  class space    used 7808K, capacity 8328K, committed 8448K, reserved 1048576K
}
Event: 101.267 GC heap before
{Heap before GC invocations=74 (full 0):
 garbage-first heap   total 95232K, used 62412K [0x00000000c0000000, 0x0000000100000000)
  region size 1024K, 9 young (9216K), 1 survivors (1024K)
 Metaspace       used 62695K, capacity 64205K, committed 64380K, reserved 1105920K
  class space    used 7908K, capacity 8428K, committed 8448K, reserved 1048576K
}
Event: 101.278 GC heap after
{Heap after GC invocations=75 (full 0):
 garbage-first heap   total 95232K, used 56859K [0x00000000c0000000, 0x0000000100000000)
  region size 1024K, 1 young (1024K), 1 survivors (1024K)
 Metaspace       used 62695K, capacity 64205K, committed 64380K, reserved 1105920K
  class space    used 7908K, capacity 8428K, committed 8448K, reserved 1048576K
}
Event: 103.145 GC heap before
{Heap before GC invocations=76 (full 0):
 garbage-first heap   total 95232K, used 71195K [0x00000000c0000000, 0x0000000100000000)
  region size 1024K, 14 young (14336K), 1 survivors (1024K)
 Metaspace       used 63972K, capacity 65469K, committed 65660K, reserved 1105920K
  class space    used 8067K, capacity 8611K, committed 8704K, reserved 1048576K
}
Event: 103.154 GC heap after
{Heap after GC invocations=77 (full 0):
 garbage-first heap   total 95232K, used 57100K [0x00000000c0000000, 0x0000000100000000)
  region size 1024K, 1 young (1024K), 1 survivors (1024K)
 Metaspace       used 63972K, capacity 65469K, committed 65660K, reserved 1105920K
  class space    used 8067K, capacity 8611K, committed 8704K, reserved 1048576K
}
Event: 105.396 GC heap before
{Heap before GC invocations=77 (full 0):
 garbage-first heap   total 95232K, used 71436K [0x00000000c0000000, 0x0000000100000000)
  region size 1024K, 15 young (15360K), 1 survivors (1024K)
 Metaspace       used 65340K, capacity 66826K, committed 67068K, reserved 1107968K
  class space    used 8240K, capacity 8781K, committed 8832K, reserved 1048576K
}
Event: 105.410 GC heap after
{Heap after GC invocations=78 (full 0):
 garbage-first heap   total 95232K, used 57748K [0x00000000c0000000, 0x0000000100000000)
  region size 1024K, 2 young (2048K), 2 survivors (2048K)
 Metaspace       used 65340K, capacity 66826K, committed 67068K, reserved 1107968K
  class space    used 8240K, capacity 8781K, committed 8832K, reserved 1048576K
}

