# JRE version: OpenJDK Runtime Environment (11.0.11+9) (build 11.0.11+9-b60-7590822)
# Java VM: OpenJDK 64-Bit Server VM (11.0.11+9-b60-7590822, mixed mode, tiered, compressed oops, g1 gc, windows-amd64)
Heap:
 garbage-first heap   total 457728K, used 243445K [0x00000000c0000000, 0x0000000100000000)
  region size 1024K, 84 young (86016K), 3 survivors (3072K)
 Metaspace       used 102259K, capacity 104632K, committed 104828K, reserved 1140736K
  class space    used 13096K, capacity 14038K, committed 14080K, reserved 1048576K
GC Heap History (20 events):
Event: 261.116 GC heap before
{Heap before GC invocations=108 (full 0):
 garbage-first heap   total 402432K, used 216011K [0x00000000c0000000, 0x0000000100000000)
  region size 1024K, 58 young (59392K), 1 survivors (1024K)
 Metaspace       used 101691K, capacity 104091K, committed 104188K, reserved 1140736K
  class space    used 13025K, capacity 13947K, committed 13952K, reserved 1048576K
}
Event: 261.125 GC heap after
{Heap after GC invocations=109 (full 0):
 garbage-first heap   total 402432K, used 157641K [0x00000000c0000000, 0x0000000100000000)
  region size 1024K, 1 young (1024K), 1 survivors (1024K)
 Metaspace       used 101691K, capacity 104091K, committed 104188K, reserved 1140736K
  class space    used 13025K, capacity 13947K, committed 13952K, reserved 1048576K
}
Event: 263.540 GC heap before
{Heap before GC invocations=109 (full 0):
 garbage-first heap   total 402432K, used 231369K [0x00000000c0000000, 0x0000000100000000)
  region size 1024K, 73 young (74752K), 1 survivors (1024K)
 Metaspace       used 101801K, capacity 104185K, committed 104316K, reserved 1140736K
  class space    used 13034K, capacity 13957K, committed 14080K, reserved 1048576K
}
Event: 263.557 GC heap after
{Heap after GC invocations=110 (full 0):
 garbage-first heap   total 402432K, used 157789K [0x00000000c0000000, 0x0000000100000000)
  region size 1024K, 2 young (2048K), 2 survivors (2048K)
 Metaspace       used 101801K, capacity 104185K, committed 104316K, reserved 1140736K
  class space    used 13034K, capacity 13957K, committed 14080K, reserved 1048576K
}
Event: 265.858 GC heap before
{Heap before GC invocations=110 (full 0):
 garbage-first heap   total 402432K, used 246877K [0x00000000c0000000, 0x0000000100000000)
  region size 1024K, 89 young (91136K), 2 survivors (2048K)
 Metaspace       used 101951K, capacity 104352K, committed 104572K, reserved 1140736K
  class space    used 13067K, capacity 13989K, committed 14080K, reserved 1048576K
}
Event: 265.877 GC heap after
{Heap after GC invocations=111 (full 0):
 garbage-first heap   total 402432K, used 158326K [0x00000000c0000000, 0x0000000100000000)
  region size 1024K, 2 young (2048K), 2 survivors (2048K)
 Metaspace       used 101951K, capacity 104352K, committed 104572K, reserved 1140736K
  class space    used 13067K, capacity 13989K, committed 14080K, reserved 1048576K
}
Event: 270.598 GC heap before
{Heap before GC invocations=111 (full 0):
 garbage-first heap   total 402432K, used 321142K [0x00000000c0000000, 0x0000000100000000)
  region size 1024K, 161 young (164864K), 2 survivors (2048K)
 Metaspace       used 102091K, capacity 104461K, committed 104572K, reserved 1140736K
  class space    used 13085K, capacity 14025K, committed 14080K, reserved 1048576K
}
Event: 270.768 GC heap after
{Heap after GC invocations=112 (full 0):
 garbage-first heap   total 402432K, used 159308K [0x00000000c0000000, 0x0000000100000000)
  region size 1024K, 3 young (3072K), 3 survivors (3072K)
 Metaspace       used 102091K, capacity 104461K, committed 104572K, reserved 1140736K
  class space    used 13085K, capacity 14025K, committed 14080K, reserved 1048576K
}
Event: 273.291 GC heap before
{Heap before GC invocations=112 (full 0):
 garbage-first heap   total 402432K, used 243276K [0x00000000c0000000, 0x0000000100000000)
  region size 1024K, 85 young (87040K), 3 survivors (3072K)
 Metaspace       used 102121K, capacity 104538K, committed 104828K, reserved 1140736K
  class space    used 13087K, capacity 14029K, committed 14080K, reserved 1048576K
}
Event: 273.376 GC heap after
{Heap after GC invocations=113 (full 0):
 garbage-first heap   total 457728K, used 159744K [0x00000000c0000000, 0x0000000100000000)
  region size 1024K, 3 young (3072K), 3 survivors (3072K)
 Metaspace       used 102121K, capacity 104538K, committed 104828K, reserved 1140736K
  class space    used 13087K, capacity 14029K, committed 14080K, reserved 1048576K
}
Event: 275.980 GC heap before
{Heap before GC invocations=113 (full 0):
 garbage-first heap   total 457728K, used 232448K [0x00000000c0000000, 0x0000000100000000)
  region size 1024K, 74 young (75776K), 3 survivors (3072K)
 Metaspace       used 102180K, capacity 104558K, committed 104828K, reserved 1140736K
  class space    used 13094K, capacity 14036K, committed 14080K, reserved 1048576K
}
Event: 276.614 GC heap after
{Heap after GC invocations=114 (full 0):
 garbage-first heap   total 457728K, used 160579K [0x00000000c0000000, 0x0000000100000000)
  region size 1024K, 4 young (4096K), 4 survivors (4096K)
 Metaspace       used 102180K, capacity 104558K, committed 104828K, reserved 1140736K
  class space    used 13094K, capacity 14036K, committed 14080K, reserved 1048576K
}
Event: 277.259 GC heap before
{Heap before GC invocations=114 (full 0):
 garbage-first heap   total 457728K, used 179011K [0x00000000c0000000, 0x0000000100000000)
  region size 1024K, 22 young (22528K), 4 survivors (4096K)
 Metaspace       used 102186K, capacity 104558K, committed 104828K, reserved 1140736K
  class space    used 13094K, capacity 14036K, committed 14080K, reserved 1048576K
}
Event: 277.331 GC heap after
{Heap after GC invocations=115 (full 0):
 garbage-first heap   total 457728K, used 160535K [0x00000000c0000000, 0x0000000100000000)
  region size 1024K, 2 young (2048K), 2 survivors (2048K)
 Metaspace       used 102186K, capacity 104558K, committed 104828K, reserved 1140736K
  class space    used 13094K, capacity 14036K, committed 14080K, reserved 1048576K
}
Event: 277.977 GC heap before
{Heap before GC invocations=115 (full 0):
 garbage-first heap   total 457728K, used 186135K [0x00000000c0000000, 0x0000000100000000)
  region size 1024K, 27 young (27648K), 2 survivors (2048K)
 Metaspace       used 102199K, capacity 104558K, committed 104828K, reserved 1140736K
  class space    used 13094K, capacity 14036K, committed 14080K, reserved 1048576K
}
Event: 277.989 GC heap after
{Heap after GC invocations=116 (full 0):
 garbage-first heap   total 457728K, used 160516K [0x00000000c0000000, 0x0000000100000000)
  region size 1024K, 2 young (2048K), 2 survivors (2048K)
 Metaspace       used 102199K, capacity 104558K, committed 104828K, reserved 1140736K
  class space    used 13094K, capacity 14036K, committed 14080K, reserved 1048576K
}
Event: 279.320 GC heap before
{Heap before GC invocations=116 (full 0):
 garbage-first heap   total 457728K, used 211716K [0x00000000c0000000, 0x0000000100000000)
  region size 1024K, 52 young (53248K), 2 survivors (2048K)
 Metaspace       used 102213K, capacity 104623K, committed 104828K, reserved 1140736K
  class space    used 13094K, capacity 14036K, committed 14080K, reserved 1048576K
}
Event: 279.334 GC heap after
{Heap after GC invocations=117 (full 0):
 garbage-first heap   total 457728K, used 160865K [0x00000000c0000000, 0x0000000100000000)
  region size 1024K, 2 young (2048K), 2 survivors (2048K)
 Metaspace       used 102213K, capacity 104623K, committed 104828K, reserved 1140736K
  class space    used 13094K, capacity 14036K, committed 14080K, reserved 1048576K
}
Event: 282.900 GC heap before
{Heap before GC invocations=117 (full 0):
 garbage-first heap   total 457728K, used 236641K [0x00000000c0000000, 0x0000000100000000)
  region size 1024K, 76 young (77824K), 2 survivors (2048K)
 Metaspace       used 102232K, capacity 104624K, committed 104828K, reserved 1140736K
  class space    used 13094K, capacity 14036K, committed 14080K, reserved 1048576K
}
Event: 282.924 GC heap after
{Heap after GC invocations=118 (full 0):
 garbage-first heap   total 457728K, used 161525K [0x00000000c0000000, 0x0000000100000000)
  region size 1024K, 3 young (3072K), 3 survivors (3072K)
 Metaspace       used 102232K, capacity 104624K, committed 104828K, reserved 1140736K
  class space    used 13094K, capacity 14036K, committed 14080K, reserved 1048576K
}

