# JRE version: OpenJDK Runtime Environment (11.0.11+9) (build 11.0.11+9-b60-7590822)
# Java VM: OpenJDK 64-Bit Server VM (11.0.11+9-b60-7590822, mixed mode, tiered, compressed oops, g1 gc, windows-amd64)
Heap:
 garbage-first heap   total 98304K, used 91359K [0x00000000e0000000, 0x0000000100000000)
  region size 1024K, 2 young (2048K), 1 survivors (1024K)
 Metaspace       used 75222K, capacity 77136K, committed 77184K, reserved 1116160K
  class space    used 9699K, capacity 10349K, committed 10368K, reserved 1048576K
GC Heap History (20 events):
Event: 91.788 GC heap before
{Heap before GC invocations=158 (full 0):
 garbage-first heap   total 95232K, used 90829K [0x00000000e0000000, 0x0000000100000000)
  region size 1024K, 4 young (4096K), 1 survivors (1024K)
 Metaspace       used 72649K, capacity 74518K, committed 74752K, reserved 1114112K
  class space    used 9338K, capacity 9971K, committed 9984K, reserved 1048576K
}
Event: 91.795 GC heap after
{Heap after GC invocations=159 (full 0):
 garbage-first heap   total 95232K, used 87902K [0x00000000e0000000, 0x0000000100000000)
  region size 1024K, 1 young (1024K), 1 survivors (1024K)
 Metaspace       used 72649K, capacity 74518K, committed 74752K, reserved 1114112K
  class space    used 9338K, capacity 9971K, committed 9984K, reserved 1048576K
}
Event: 92.225 GC heap before
{Heap before GC invocations=160 (full 0):
 garbage-first heap   total 95232K, used 90974K [0x00000000e0000000, 0x0000000100000000)
  region size 1024K, 4 young (4096K), 1 survivors (1024K)
 Metaspace       used 72906K, capacity 74815K, committed 75136K, reserved 1114112K
  class space    used 9377K, capacity 10005K, committed 10112K, reserved 1048576K
}
Event: 92.232 GC heap after
{Heap after GC invocations=161 (full 0):
 garbage-first heap   total 95232K, used 88031K [0x00000000e0000000, 0x0000000100000000)
  region size 1024K, 1 young (1024K), 1 survivors (1024K)
 Metaspace       used 72906K, capacity 74815K, committed 75136K, reserved 1114112K
  class space    used 9377K, capacity 10005K, committed 10112K, reserved 1048576K
}
Event: 92.462 GC heap before
{Heap before GC invocations=161 (full 0):
 garbage-first heap   total 95232K, used 91103K [0x00000000e0000000, 0x0000000100000000)
  region size 1024K, 4 young (4096K), 1 survivors (1024K)
 Metaspace       used 73071K, capacity 74943K, committed 75136K, reserved 1114112K
  class space    used 9395K, capacity 10005K, committed 10112K, reserved 1048576K
}
Event: 92.469 GC heap after
{Heap after GC invocations=162 (full 0):
 garbage-first heap   total 95232K, used 88397K [0x00000000e0000000, 0x0000000100000000)
  region size 1024K, 1 young (1024K), 1 survivors (1024K)
 Metaspace       used 73071K, capacity 74943K, committed 75136K, reserved 1114112K
  class space    used 9395K, capacity 10005K, committed 10112K, reserved 1048576K
}
Event: 93.386 GC heap before
{Heap before GC invocations=163 (full 0):
 garbage-first heap   total 95232K, used 91469K [0x00000000e0000000, 0x0000000100000000)
  region size 1024K, 4 young (4096K), 1 survivors (1024K)
 Metaspace       used 73328K, capacity 75246K, committed 75392K, reserved 1114112K
  class space    used 9425K, capacity 10040K, committed 10112K, reserved 1048576K
}
Event: 93.394 GC heap after
{Heap after GC invocations=164 (full 0):
 garbage-first heap   total 95232K, used 88563K [0x00000000e0000000, 0x0000000100000000)
  region size 1024K, 1 young (1024K), 1 survivors (1024K)
 Metaspace       used 73328K, capacity 75246K, committed 75392K, reserved 1114112K
  class space    used 9425K, capacity 10040K, committed 10112K, reserved 1048576K
}
Event: 93.749 GC heap before
{Heap before GC invocations=164 (full 0):
 garbage-first heap   total 95232K, used 91635K [0x00000000e0000000, 0x0000000100000000)
  region size 1024K, 4 young (4096K), 1 survivors (1024K)
 Metaspace       used 73708K, capacity 75551K, committed 75776K, reserved 1114112K
  class space    used 9478K, capacity 10119K, committed 10240K, reserved 1048576K
}
Event: 93.757 GC heap after
{Heap after GC invocations=165 (full 0):
 garbage-first heap   total 95232K, used 88824K [0x00000000e0000000, 0x0000000100000000)
  region size 1024K, 1 young (1024K), 1 survivors (1024K)
 Metaspace       used 73708K, capacity 75551K, committed 75776K, reserved 1114112K
  class space    used 9478K, capacity 10119K, committed 10240K, reserved 1048576K
}
Event: 94.057 GC heap before
{Heap before GC invocations=165 (full 0):
 garbage-first heap   total 95232K, used 91896K [0x00000000e0000000, 0x0000000100000000)
  region size 1024K, 4 young (4096K), 1 survivors (1024K)
 Metaspace       used 73902K, capacity 75743K, committed 76032K, reserved 1116160K
  class space    used 9511K, capacity 10119K, committed 10240K, reserved 1048576K
}
Event: 94.063 GC heap after
{Heap after GC invocations=166 (full 0):
 garbage-first heap   total 95232K, used 88849K [0x00000000e0000000, 0x0000000100000000)
  region size 1024K, 1 young (1024K), 1 survivors (1024K)
 Metaspace       used 73902K, capacity 75743K, committed 76032K, reserved 1116160K
  class space    used 9511K, capacity 10119K, committed 10240K, reserved 1048576K
}
Event: 94.242 GC heap before
{Heap before GC invocations=167 (full 0):
 garbage-first heap   total 95232K, used 91921K [0x00000000e0000000, 0x0000000100000000)
  region size 1024K, 4 young (4096K), 1 survivors (1024K)
 Metaspace       used 74138K, capacity 75937K, committed 76032K, reserved 1116160K
  class space    used 9551K, capacity 10185K, committed 10240K, reserved 1048576K
}
Event: 94.248 GC heap after
{Heap after GC invocations=168 (full 0):
 garbage-first heap   total 95232K, used 88898K [0x00000000e0000000, 0x0000000100000000)
  region size 1024K, 1 young (1024K), 1 survivors (1024K)
 Metaspace       used 74138K, capacity 75937K, committed 76032K, reserved 1116160K
  class space    used 9551K, capacity 10185K, committed 10240K, reserved 1048576K
}
Event: 94.531 GC heap before
{Heap before GC invocations=168 (full 0):
 garbage-first heap   total 95232K, used 91970K [0x00000000e0000000, 0x0000000100000000)
  region size 1024K, 4 young (4096K), 1 survivors (1024K)
 Metaspace       used 74332K, capacity 76234K, committed 76288K, reserved 1116160K
  class space    used 9591K, capacity 10220K, committed 10240K, reserved 1048576K
}
Event: 94.537 GC heap after
{Heap after GC invocations=169 (full 0):
 garbage-first heap   total 95232K, used 89065K [0x00000000e0000000, 0x0000000100000000)
  region size 1024K, 1 young (1024K), 1 survivors (1024K)
 Metaspace       used 74332K, capacity 76234K, committed 76288K, reserved 1116160K
  class space    used 9591K, capacity 10220K, committed 10240K, reserved 1048576K
}
Event: 95.435 GC heap before
{Heap before GC invocations=170 (full 0):
 garbage-first heap   total 95232K, used 92137K [0x00000000e0000000, 0x0000000100000000)
  region size 1024K, 4 young (4096K), 1 survivors (1024K)
 Metaspace       used 74702K, capacity 76624K, committed 76928K, reserved 1116160K
  class space    used 9637K, capacity 10285K, committed 10368K, reserved 1048576K
}
Event: 95.443 GC heap after
{Heap after GC invocations=171 (full 0):
 garbage-first heap   total 95232K, used 89218K [0x00000000e0000000, 0x0000000100000000)
  region size 1024K, 1 young (1024K), 1 survivors (1024K)
 Metaspace       used 74702K, capacity 76624K, committed 76928K, reserved 1116160K
  class space    used 9637K, capacity 10285K, committed 10368K, reserved 1048576K
}
Event: 95.816 GC heap before
{Heap before GC invocations=171 (full 0):
 garbage-first heap   total 95232K, used 91266K [0x00000000e0000000, 0x0000000100000000)
  region size 1024K, 4 young (4096K), 1 survivors (1024K)
 Metaspace       used 75200K, capacity 77072K, committed 77184K, reserved 1116160K
  class space    used 9697K, capacity 10349K, committed 10368K, reserved 1048576K
}
Event: 95.822 GC heap after
{Heap after GC invocations=172 (full 0):
 garbage-first heap   total 95232K, used 89311K [0x00000000e0000000, 0x0000000100000000)
  region size 1024K, 1 young (1024K), 1 survivors (1024K)
 Metaspace       used 75200K, capacity 77072K, committed 77184K, reserved 1116160K
  class space    used 9697K, capacity 10349K, committed 10368K, reserved 1048576K
}

