# JRE version: OpenJDK Runtime Environment (11.0.11+9) (build 11.0.11+9-b60-7590822)
# Java VM: OpenJDK 64-Bit Server VM (11.0.11+9-b60-7590822, mixed mode, tiered, compressed oops, g1 gc, windows-amd64)
Heap:
 garbage-first heap   total 444416K, used 190812K [0x00000000c0000000, 0x0000000100000000)
  region size 1024K, 6 young (6144K), 6 survivors (6144K)
 Metaspace       used 123639K, capacity 126540K, committed 126588K, reserved 1159168K
  class space    used 15231K, capacity 16336K, committed 16384K, reserved 1048576K
GC Heap History (20 events):
Event: 337.345 GC heap after
{Heap after GC invocations=210 (full 0):
 garbage-first heap   total 261120K, used 168810K [0x00000000c0000000, 0x0000000100000000)
  region size 1024K, 2 young (2048K), 2 survivors (2048K)
 Metaspace       used 123106K, capacity 125887K, committed 126204K, reserved 1159168K
  class space    used 15136K, capacity 16179K, committed 16256K, reserved 1048576K
}
Event: 338.601 GC heap before
{Heap before GC invocations=210 (full 0):
 garbage-first heap   total 261120K, used 212842K [0x00000000c0000000, 0x0000000100000000)
  region size 1024K, 45 young (46080K), 2 survivors (2048K)
 Metaspace       used 123177K, capacity 125983K, committed 126204K, reserved 1159168K
  class space    used 15144K, capacity 16211K, committed 16256K, reserved 1048576K
}
Event: 338.630 GC heap after
{Heap after GC invocations=211 (full 0):
 garbage-first heap   total 261120K, used 169218K [0x00000000c0000000, 0x0000000100000000)
  region size 1024K, 2 young (2048K), 2 survivors (2048K)
 Metaspace       used 123177K, capacity 125983K, committed 126204K, reserved 1159168K
  class space    used 15144K, capacity 16211K, committed 16256K, reserved 1048576K
}
Event: 340.459 GC heap before
{Heap before GC invocations=211 (full 0):
 garbage-first heap   total 261120K, used 214274K [0x00000000c0000000, 0x0000000100000000)
  region size 1024K, 46 young (47104K), 2 survivors (2048K)
 Metaspace       used 123385K, capacity 126249K, committed 126588K, reserved 1159168K
  class space    used 15179K, capacity 16257K, committed 16384K, reserved 1048576K
}
Event: 340.493 GC heap after
{Heap after GC invocations=212 (full 0):
 garbage-first heap   total 261120K, used 169664K [0x00000000c0000000, 0x0000000100000000)
  region size 1024K, 2 young (2048K), 2 survivors (2048K)
 Metaspace       used 123385K, capacity 126249K, committed 126588K, reserved 1159168K
  class space    used 15179K, capacity 16257K, committed 16384K, reserved 1048576K
}
Event: 342.639 GC heap before
{Heap before GC invocations=212 (full 0):
 garbage-first heap   total 261120K, used 216768K [0x00000000c0000000, 0x0000000100000000)
  region size 1024K, 48 young (49152K), 2 survivors (2048K)
 Metaspace       used 123606K, capacity 126538K, committed 126588K, reserved 1159168K
  class space    used 15230K, capacity 16336K, committed 16384K, reserved 1048576K
}
Event: 342.656 GC heap after
{Heap after GC invocations=213 (full 0):
 garbage-first heap   total 261120K, used 169918K [0x00000000c0000000, 0x0000000100000000)
  region size 1024K, 3 young (3072K), 3 survivors (3072K)
 Metaspace       used 123606K, capacity 126538K, committed 126588K, reserved 1159168K
  class space    used 15230K, capacity 16336K, committed 16384K, reserved 1048576K
}
Event: 343.901 GC heap before
{Heap before GC invocations=213 (full 0):
 garbage-first heap   total 261120K, used 218046K [0x00000000c0000000, 0x0000000100000000)
  region size 1024K, 50 young (51200K), 3 survivors (3072K)
 Metaspace       used 123611K, capacity 126538K, committed 126588K, reserved 1159168K
  class space    used 15230K, capacity 16336K, committed 16384K, reserved 1048576K
}
Event: 343.918 GC heap after
{Heap after GC invocations=214 (full 0):
 garbage-first heap   total 261120K, used 169751K [0x00000000c0000000, 0x0000000100000000)
  region size 1024K, 2 young (2048K), 2 survivors (2048K)
 Metaspace       used 123611K, capacity 126538K, committed 126588K, reserved 1159168K
  class space    used 15230K, capacity 16336K, committed 16384K, reserved 1048576K
}
Event: 344.646 GC heap before
{Heap before GC invocations=214 (full 0):
 garbage-first heap   total 261120K, used 219927K [0x00000000c0000000, 0x0000000100000000)
  region size 1024K, 51 young (52224K), 2 survivors (2048K)
 Metaspace       used 123616K, capacity 126539K, committed 126588K, reserved 1159168K
  class space    used 15230K, capacity 16336K, committed 16384K, reserved 1048576K
}
Event: 344.692 GC heap after
{Heap after GC invocations=215 (full 0):
 garbage-first heap   total 261120K, used 169751K [0x00000000c0000000, 0x0000000100000000)
  region size 1024K, 2 young (2048K), 2 survivors (2048K)
 Metaspace       used 123616K, capacity 126539K, committed 126588K, reserved 1159168K
  class space    used 15230K, capacity 16336K, committed 16384K, reserved 1048576K
}
Event: 345.752 GC heap before
{Heap before GC invocations=215 (full 0):
 garbage-first heap   total 261120K, used 218903K [0x00000000c0000000, 0x0000000100000000)
  region size 1024K, 51 young (52224K), 2 survivors (2048K)
 Metaspace       used 123625K, capacity 126540K, committed 126588K, reserved 1159168K
  class space    used 15230K, capacity 16336K, committed 16384K, reserved 1048576K
}
Event: 345.881 GC heap after
{Heap after GC invocations=216 (full 0):
 garbage-first heap   total 292864K, used 173406K [0x00000000c0000000, 0x0000000100000000)
  region size 1024K, 6 young (6144K), 6 survivors (6144K)
 Metaspace       used 123625K, capacity 126540K, committed 126588K, reserved 1159168K
  class space    used 15230K, capacity 16336K, committed 16384K, reserved 1048576K
}
Event: 347.486 GC heap before
{Heap before GC invocations=216 (full 0):
 garbage-first heap   total 292864K, used 229726K [0x00000000c0000000, 0x0000000100000000)
  region size 1024K, 62 young (63488K), 6 survivors (6144K)
 Metaspace       used 123629K, capacity 126540K, committed 126588K, reserved 1159168K
  class space    used 15230K, capacity 16336K, committed 16384K, reserved 1048576K
}
Event: 347.781 GC heap after
{Heap after GC invocations=217 (full 0):
 garbage-first heap   total 292864K, used 179103K [0x00000000c0000000, 0x0000000100000000)
  region size 1024K, 8 young (8192K), 8 survivors (8192K)
 Metaspace       used 123629K, capacity 126540K, committed 126588K, reserved 1159168K
  class space    used 15230K, capacity 16336K, committed 16384K, reserved 1048576K
}
Event: 349.328 GC heap before
{Heap before GC invocations=217 (full 0):
 garbage-first heap   total 292864K, used 238495K [0x00000000c0000000, 0x0000000100000000)
  region size 1024K, 67 young (68608K), 8 survivors (8192K)
 Metaspace       used 123634K, capacity 126540K, committed 126588K, reserved 1159168K
  class space    used 15230K, capacity 16336K, committed 16384K, reserved 1048576K
}
Event: 349.696 GC heap after
{Heap after GC invocations=218 (full 0):
 garbage-first heap   total 292864K, used 185558K [0x00000000c0000000, 0x0000000100000000)
  region size 1024K, 8 young (8192K), 8 survivors (8192K)
 Metaspace       used 123634K, capacity 126540K, committed 126588K, reserved 1159168K
  class space    used 15230K, capacity 16336K, committed 16384K, reserved 1048576K
}
Event: 350.492 GC heap before
{Heap before GC invocations=218 (full 0):
 garbage-first heap   total 292864K, used 230614K [0x00000000c0000000, 0x0000000100000000)
  region size 1024K, 52 young (53248K), 8 survivors (8192K)
 Metaspace       used 123637K, capacity 126540K, committed 126588K, reserved 1159168K
  class space    used 15230K, capacity 16336K, committed 16384K, reserved 1048576K
}
Event: 350.556 GC heap after
{Heap after GC invocations=219 (full 0):
 garbage-first heap   total 292864K, used 188928K [0x00000000c0000000, 0x0000000100000000)
  region size 1024K, 4 young (4096K), 4 survivors (4096K)
 Metaspace       used 123637K, capacity 126540K, committed 126588K, reserved 1159168K
  class space    used 15230K, capacity 16336K, committed 16384K, reserved 1048576K
}
Event: 351.893 GC heap before
{Heap before GC invocations=219 (full 0):
 garbage-first heap   total 292864K, used 245248K [0x00000000c0000000, 0x0000000100000000)
  region size 1024K, 59 young (60416K), 4 survivors (4096K)
 Metaspace       used 123639K, capacity 126540K, committed 126588K, reserved 1159168K
  class space    used 15231K, capacity 16336K, committed 16384K, reserved 1048576K
}

