# JRE version: OpenJDK Runtime Environment (11.0.11+9) (build 11.0.11+9-b60-7590822)
# Java VM: OpenJDK 64-Bit Server VM (11.0.11+9-b60-7590822, mixed mode, tiered, compressed oops, g1 gc, windows-amd64)
Heap:
 garbage-first heap   total 285696K, used 180087K [0x00000000e0000000, 0x0000000100000000)
  region size 1024K, 5 young (5120K), 2 survivors (2048K)
 Metaspace       used 91972K, capacity 94123K, committed 94332K, reserved 1130496K
  class space    used 11947K, capacity 12764K, committed 12800K, reserved 1048576K
GC Heap History (20 events):
Event: 121.006 GC heap before
{Heap before GC invocations=224 (full 0):
 garbage-first heap   total 144384K, used 142417K [0x00000000e0000000, 0x0000000100000000)
  region size 1024K, 6 young (6144K), 1 survivors (1024K)
 Metaspace       used 89637K, capacity 91721K, committed 92028K, reserved 1128448K
  class space    used 11474K, capacity 12224K, committed 12288K, reserved 1048576K
}
Event: 121.021 GC heap after
{Heap after GC invocations=225 (full 0):
 garbage-first heap   total 147456K, used 133455K [0x00000000e0000000, 0x0000000100000000)
  region size 1024K, 1 young (1024K), 1 survivors (1024K)
 Metaspace       used 89637K, capacity 91721K, committed 92028K, reserved 1128448K
  class space    used 11474K, capacity 12224K, committed 12288K, reserved 1048576K
}
Event: 121.256 GC heap before
{Heap before GC invocations=226 (full 0):
 garbage-first heap   total 147456K, used 138575K [0x00000000e0000000, 0x0000000100000000)
  region size 1024K, 7 young (7168K), 1 survivors (1024K)
 Metaspace       used 89679K, capacity 91722K, committed 92028K, reserved 1128448K
  class space    used 11474K, capacity 12224K, committed 12288K, reserved 1048576K
}
Event: 121.280 GC heap after
{Heap after GC invocations=227 (full 0):
 garbage-first heap   total 147456K, used 136082K [0x00000000e0000000, 0x0000000100000000)
  region size 1024K, 1 young (1024K), 1 survivors (1024K)
 Metaspace       used 89679K, capacity 91722K, committed 92028K, reserved 1128448K
  class space    used 11474K, capacity 12224K, committed 12288K, reserved 1048576K
}
Event: 121.453 GC heap before
{Heap before GC invocations=227 (full 0):
 garbage-first heap   total 147456K, used 142226K [0x00000000e0000000, 0x0000000100000000)
  region size 1024K, 7 young (7168K), 1 survivors (1024K)
 Metaspace       used 89681K, capacity 91786K, committed 92028K, reserved 1128448K
  class space    used 11474K, capacity 12224K, committed 12288K, reserved 1048576K
}
Event: 121.478 GC heap after
{Heap after GC invocations=228 (full 0):
 garbage-first heap   total 147456K, used 138670K [0x00000000e0000000, 0x0000000100000000)
  region size 1024K, 1 young (1024K), 1 survivors (1024K)
 Metaspace       used 89681K, capacity 91786K, committed 92028K, reserved 1128448K
  class space    used 11474K, capacity 12224K, committed 12288K, reserved 1048576K
}
Event: 122.235 GC heap before
{Heap before GC invocations=229 (full 0):
 garbage-first heap   total 147456K, used 143790K [0x00000000e0000000, 0x0000000100000000)
  region size 1024K, 7 young (7168K), 1 survivors (1024K)
 Metaspace       used 89701K, capacity 91786K, committed 92028K, reserved 1128448K
  class space    used 11475K, capacity 12224K, committed 12288K, reserved 1048576K
}
Event: 122.267 GC heap after
{Heap after GC invocations=230 (full 0):
 garbage-first heap   total 149504K, used 141720K [0x00000000e0000000, 0x0000000100000000)
  region size 1024K, 1 young (1024K), 1 survivors (1024K)
 Metaspace       used 89701K, capacity 91786K, committed 92028K, reserved 1128448K
  class space    used 11475K, capacity 12224K, committed 12288K, reserved 1048576K
}
Event: 122.465 GC heap before
{Heap before GC invocations=230 (full 0):
 garbage-first heap   total 149504K, used 147864K [0x00000000e0000000, 0x0000000100000000)
  region size 1024K, 7 young (7168K), 1 survivors (1024K)
 Metaspace       used 89701K, capacity 91786K, committed 92028K, reserved 1128448K
  class space    used 11475K, capacity 12224K, committed 12288K, reserved 1048576K
}
Event: 122.506 GC heap after
{Heap after GC invocations=231 (full 0):
 garbage-first heap   total 152576K, used 144876K [0x00000000e0000000, 0x0000000100000000)
  region size 1024K, 1 young (1024K), 1 survivors (1024K)
 Metaspace       used 89701K, capacity 91786K, committed 92028K, reserved 1128448K
  class space    used 11475K, capacity 12224K, committed 12288K, reserved 1048576K
}
Event: 123.240 GC heap before
{Heap before GC invocations=232 (full 0):
 garbage-first heap   total 152576K, used 147948K [0x00000000e0000000, 0x0000000100000000)
  region size 1024K, 5 young (5120K), 1 survivors (1024K)
 Metaspace       used 89701K, capacity 91786K, committed 92028K, reserved 1128448K
  class space    used 11475K, capacity 12224K, committed 12288K, reserved 1048576K
}
Event: 123.274 GC heap after
{Heap after GC invocations=233 (full 0):
 garbage-first heap   total 225280K, used 146954K [0x00000000e0000000, 0x0000000100000000)
  region size 1024K, 1 young (1024K), 1 survivors (1024K)
 Metaspace       used 89701K, capacity 91786K, committed 92028K, reserved 1128448K
  class space    used 11475K, capacity 12224K, committed 12288K, reserved 1048576K
}
Event: 124.210 GC heap before
{Heap before GC invocations=234 (full 0):
 garbage-first heap   total 225280K, used 156170K [0x00000000e0000000, 0x0000000100000000)
  region size 1024K, 10 young (10240K), 1 survivors (1024K)
 Metaspace       used 89710K, capacity 91798K, committed 92028K, reserved 1128448K
  class space    used 11476K, capacity 12226K, committed 12288K, reserved 1048576K
}
Event: 124.277 GC heap after
{Heap after GC invocations=235 (full 0):
 garbage-first heap   total 225280K, used 151703K [0x00000000e0000000, 0x0000000100000000)
  region size 1024K, 3 young (3072K), 3 survivors (3072K)
 Metaspace       used 89710K, capacity 91798K, committed 92028K, reserved 1128448K
  class space    used 11476K, capacity 12226K, committed 12288K, reserved 1048576K
}
Event: 125.132 GC heap before
{Heap before GC invocations=236 (full 0):
 garbage-first heap   total 225280K, used 170135K [0x00000000e0000000, 0x0000000100000000)
  region size 1024K, 20 young (20480K), 3 survivors (3072K)
 Metaspace       used 89710K, capacity 91798K, committed 92028K, reserved 1128448K
  class space    used 11476K, capacity 12226K, committed 12288K, reserved 1048576K
}
Event: 125.229 GC heap after
{Heap after GC invocations=237 (full 0):
 garbage-first heap   total 225280K, used 160042K [0x00000000e0000000, 0x0000000100000000)
  region size 1024K, 3 young (3072K), 3 survivors (3072K)
 Metaspace       used 89710K, capacity 91798K, committed 92028K, reserved 1128448K
  class space    used 11476K, capacity 12226K, committed 12288K, reserved 1048576K
}
Event: 125.274 GC heap before
{Heap before GC invocations=237 (full 0):
 garbage-first heap   total 225280K, used 166186K [0x00000000e0000000, 0x0000000100000000)
  region size 1024K, 11 young (11264K), 3 survivors (3072K)
 Metaspace       used 89711K, capacity 91798K, committed 92028K, reserved 1128448K
  class space    used 11476K, capacity 12226K, committed 12288K, reserved 1048576K
}
Event: 125.388 GC heap after
{Heap after GC invocations=238 (full 0):
 garbage-first heap   total 225280K, used 163840K [0x00000000e0000000, 0x0000000100000000)
  region size 1024K, 3 young (3072K), 3 survivors (3072K)
 Metaspace       used 89711K, capacity 91798K, committed 92028K, reserved 1128448K
  class space    used 11476K, capacity 12226K, committed 12288K, reserved 1048576K
}
Event: 127.231 GC heap before
{Heap before GC invocations=239 (full 0):
 garbage-first heap   total 225280K, used 179200K [0x00000000e0000000, 0x0000000100000000)
  region size 1024K, 17 young (17408K), 3 survivors (3072K)
 Metaspace       used 91890K, capacity 94018K, committed 94332K, reserved 1130496K
  class space    used 11939K, capacity 12729K, committed 12800K, reserved 1048576K
}
Event: 127.484 GC heap after
{Heap after GC invocations=240 (full 0):
 garbage-first heap   total 285696K, used 171008K [0x00000000e0000000, 0x0000000100000000)
  region size 1024K, 3 young (3072K), 3 survivors (3072K)
 Metaspace       used 91890K, capacity 94018K, committed 94332K, reserved 1130496K
  class space    used 11939K, capacity 12729K, committed 12800K, reserved 1048576K
}

