# JRE version: OpenJDK Runtime Environment (11.0.11+9) (build 11.0.11+9-b60-7590822)
# Java VM: OpenJDK 64-Bit Server VM (11.0.11+9-b60-7590822, mixed mode, tiered, compressed oops, g1 gc, windows-amd64)
Heap:
 garbage-first heap   total 228352K, used 189398K [0x00000000e0000000, 0x0000000100000000)
  region size 1024K, 31 young (31744K), 3 survivors (3072K)
 Metaspace       used 100882K, capacity 103227K, committed 103420K, reserved 1138688K
  class space    used 12952K, capacity 13835K, committed 13952K, reserved 1048576K
GC Heap History (20 events):
Event: 209.286 GC heap before
{Heap before GC invocations=276 (full 0):
 garbage-first heap   total 228352K, used 193799K [0x00000000e0000000, 0x0000000100000000)
  region size 1024K, 36 young (36864K), 2 survivors (2048K)
 Metaspace       used 100687K, capacity 103057K, committed 103292K, reserved 1138688K
  class space    used 12932K, capacity 13821K, committed 13824K, reserved 1048576K
}
Event: 209.310 GC heap after
{Heap after GC invocations=277 (full 0):
 garbage-first heap   total 228352K, used 159307K [0x00000000e0000000, 0x0000000100000000)
  region size 1024K, 2 young (2048K), 2 survivors (2048K)
 Metaspace       used 100687K, capacity 103057K, committed 103292K, reserved 1138688K
  class space    used 12932K, capacity 13821K, committed 13824K, reserved 1048576K
}
Event: 210.360 GC heap before
{Heap before GC invocations=277 (full 0):
 garbage-first heap   total 228352K, used 195147K [0x00000000e0000000, 0x0000000100000000)
  region size 1024K, 37 young (37888K), 2 survivors (2048K)
 Metaspace       used 100731K, capacity 103057K, committed 103292K, reserved 1138688K
  class space    used 12939K, capacity 13821K, committed 13824K, reserved 1048576K
}
Event: 210.377 GC heap after
{Heap after GC invocations=278 (full 0):
 garbage-first heap   total 228352K, used 159454K [0x00000000e0000000, 0x0000000100000000)
  region size 1024K, 2 young (2048K), 2 survivors (2048K)
 Metaspace       used 100731K, capacity 103057K, committed 103292K, reserved 1138688K
  class space    used 12939K, capacity 13821K, committed 13824K, reserved 1048576K
}
Event: 211.306 GC heap before
{Heap before GC invocations=278 (full 0):
 garbage-first heap   total 228352K, used 196318K [0x00000000e0000000, 0x0000000100000000)
  region size 1024K, 38 young (38912K), 2 survivors (2048K)
 Metaspace       used 100748K, capacity 103059K, committed 103292K, reserved 1138688K
  class space    used 12941K, capacity 13822K, committed 13824K, reserved 1048576K
}
Event: 211.323 GC heap after
{Heap after GC invocations=279 (full 0):
 garbage-first heap   total 228352K, used 159561K [0x00000000e0000000, 0x0000000100000000)
  region size 1024K, 2 young (2048K), 2 survivors (2048K)
 Metaspace       used 100748K, capacity 103059K, committed 103292K, reserved 1138688K
  class space    used 12941K, capacity 13822K, committed 13824K, reserved 1048576K
}
Event: 212.253 GC heap before
{Heap before GC invocations=279 (full 0):
 garbage-first heap   total 228352K, used 196425K [0x00000000e0000000, 0x0000000100000000)
  region size 1024K, 38 young (38912K), 2 survivors (2048K)
 Metaspace       used 100751K, capacity 103059K, committed 103292K, reserved 1138688K
  class space    used 12941K, capacity 13822K, committed 13824K, reserved 1048576K
}
Event: 212.270 GC heap after
{Heap after GC invocations=280 (full 0):
 garbage-first heap   total 228352K, used 159952K [0x00000000e0000000, 0x0000000100000000)
  region size 1024K, 3 young (3072K), 3 survivors (3072K)
 Metaspace       used 100751K, capacity 103059K, committed 103292K, reserved 1138688K
  class space    used 12941K, capacity 13822K, committed 13824K, reserved 1048576K
}
Event: 213.208 GC heap before
{Heap before GC invocations=280 (full 0):
 garbage-first heap   total 228352K, used 196816K [0x00000000e0000000, 0x0000000100000000)
  region size 1024K, 39 young (39936K), 3 survivors (3072K)
 Metaspace       used 100761K, capacity 103059K, committed 103292K, reserved 1138688K
  class space    used 12941K, capacity 13822K, committed 13824K, reserved 1048576K
}
Event: 213.225 GC heap after
{Heap after GC invocations=281 (full 0):
 garbage-first heap   total 228352K, used 160002K [0x00000000e0000000, 0x0000000100000000)
  region size 1024K, 3 young (3072K), 3 survivors (3072K)
 Metaspace       used 100761K, capacity 103059K, committed 103292K, reserved 1138688K
  class space    used 12941K, capacity 13822K, committed 13824K, reserved 1048576K
}
Event: 214.511 GC heap before
{Heap before GC invocations=281 (full 0):
 garbage-first heap   total 228352K, used 197890K [0x00000000e0000000, 0x0000000100000000)
  region size 1024K, 40 young (40960K), 3 survivors (3072K)
 Metaspace       used 100784K, capacity 103135K, committed 103420K, reserved 1138688K
  class space    used 12943K, capacity 13826K, committed 13952K, reserved 1048576K
}
Event: 214.531 GC heap after
{Heap after GC invocations=282 (full 0):
 garbage-first heap   total 228352K, used 160496K [0x00000000e0000000, 0x0000000100000000)
  region size 1024K, 3 young (3072K), 3 survivors (3072K)
 Metaspace       used 100784K, capacity 103135K, committed 103420K, reserved 1138688K
  class space    used 12943K, capacity 13826K, committed 13952K, reserved 1048576K
}
Event: 215.332 GC heap before
{Heap before GC invocations=282 (full 0):
 garbage-first heap   total 228352K, used 198384K [0x00000000e0000000, 0x0000000100000000)
  region size 1024K, 40 young (40960K), 3 survivors (3072K)
 Metaspace       used 100828K, capacity 103153K, committed 103420K, reserved 1138688K
  class space    used 12946K, capacity 13832K, committed 13952K, reserved 1048576K
}
Event: 215.352 GC heap after
{Heap after GC invocations=283 (full 0):
 garbage-first heap   total 228352K, used 160453K [0x00000000e0000000, 0x0000000100000000)
  region size 1024K, 3 young (3072K), 3 survivors (3072K)
 Metaspace       used 100828K, capacity 103153K, committed 103420K, reserved 1138688K
  class space    used 12946K, capacity 13832K, committed 13952K, reserved 1048576K
}
Event: 216.537 GC heap before
{Heap before GC invocations=283 (full 0):
 garbage-first heap   total 228352K, used 198341K [0x00000000e0000000, 0x0000000100000000)
  region size 1024K, 40 young (40960K), 3 survivors (3072K)
 Metaspace       used 100851K, capacity 103156K, committed 103420K, reserved 1138688K
  class space    used 12950K, capacity 13833K, committed 13952K, reserved 1048576K
}
Event: 216.558 GC heap after
{Heap after GC invocations=284 (full 0):
 garbage-first heap   total 228352K, used 160634K [0x00000000e0000000, 0x0000000100000000)
  region size 1024K, 3 young (3072K), 3 survivors (3072K)
 Metaspace       used 100851K, capacity 103156K, committed 103420K, reserved 1138688K
  class space    used 12950K, capacity 13833K, committed 13952K, reserved 1048576K
}
Event: 218.014 GC heap before
{Heap before GC invocations=284 (full 0):
 garbage-first heap   total 228352K, used 198522K [0x00000000e0000000, 0x0000000100000000)
  region size 1024K, 40 young (40960K), 3 survivors (3072K)
 Metaspace       used 100860K, capacity 103156K, committed 103420K, reserved 1138688K
  class space    used 12950K, capacity 13833K, committed 13952K, reserved 1048576K
}
Event: 218.036 GC heap after
{Heap after GC invocations=285 (full 0):
 garbage-first heap   total 228352K, used 161124K [0x00000000e0000000, 0x0000000100000000)
  region size 1024K, 3 young (3072K), 3 survivors (3072K)
 Metaspace       used 100860K, capacity 103156K, committed 103420K, reserved 1138688K
  class space    used 12950K, capacity 13833K, committed 13952K, reserved 1048576K
}
Event: 219.213 GC heap before
{Heap before GC invocations=285 (full 0):
 garbage-first heap   total 228352K, used 199012K [0x00000000e0000000, 0x0000000100000000)
  region size 1024K, 40 young (40960K), 3 survivors (3072K)
 Metaspace       used 100871K, capacity 103220K, committed 103420K, reserved 1138688K
  class space    used 12950K, capacity 13833K, committed 13952K, reserved 1048576K
}
Event: 219.236 GC heap after
{Heap after GC invocations=286 (full 0):
 garbage-first heap   total 228352K, used 161301K [0x00000000e0000000, 0x0000000100000000)
  region size 1024K, 3 young (3072K), 3 survivors (3072K)
 Metaspace       used 100871K, capacity 103220K, committed 103420K, reserved 1138688K
  class space    used 12950K, capacity 13833K, committed 13952K, reserved 1048576K
}

