# JRE version: OpenJDK Runtime Environment (11.0.11+9) (build 11.0.11+9-b60-7590822)
# Java VM: OpenJDK 64-Bit Server VM (11.0.11+9-b60-7590822, mixed mode, tiered, compressed oops, g1 gc, windows-amd64)
Heap:
 garbage-first heap   total 194560K, used 139809K [0x00000000e0000000, 0x0000000100000000)
  region size 1024K, 9 young (9216K), 5 survivors (5120K)
 Metaspace       used 119615K, capacity 122478K, committed 122748K, reserved 1157120K
  class space    used 14901K, capacity 16030K, committed 16128K, reserved 1048576K
GC Heap History (20 events):
Event: 331.626 GC heap before
{Heap before GC invocations=288 (full 0):
 garbage-first heap   total 194560K, used 170552K [0x00000000e0000000, 0x0000000100000000)
  region size 1024K, 48 young (49152K), 4 survivors (4096K)
 Metaspace       used 106494K, capacity 108736K, committed 109052K, reserved 1144832K
  class space    used 12999K, capacity 13830K, committed 13952K, reserved 1048576K
}
Event: 331.636 GC heap after
{Heap after GC invocations=289 (full 0):
 garbage-first heap   total 194560K, used 126198K [0x00000000e0000000, 0x0000000100000000)
  region size 1024K, 4 young (4096K), 4 survivors (4096K)
 Metaspace       used 106494K, capacity 108736K, committed 109052K, reserved 1144832K
  class space    used 12999K, capacity 13830K, committed 13952K, reserved 1048576K
}
Event: 334.866 GC heap before
{Heap before GC invocations=289 (full 0):
 garbage-first heap   total 194560K, used 170230K [0x00000000e0000000, 0x0000000100000000)
  region size 1024K, 47 young (48128K), 4 survivors (4096K)
 Metaspace       used 106494K, capacity 108736K, committed 109052K, reserved 1144832K
  class space    used 12999K, capacity 13830K, committed 13952K, reserved 1048576K
}
Event: 334.877 GC heap after
{Heap after GC invocations=290 (full 0):
 garbage-first heap   total 194560K, used 123739K [0x00000000e0000000, 0x0000000100000000)
  region size 1024K, 4 young (4096K), 4 survivors (4096K)
 Metaspace       used 106494K, capacity 108736K, committed 109052K, reserved 1144832K
  class space    used 12999K, capacity 13830K, committed 13952K, reserved 1048576K
}
Event: 339.931 GC heap before
{Heap before GC invocations=290 (full 0):
 garbage-first heap   total 194560K, used 169819K [0x00000000e0000000, 0x0000000100000000)
  region size 1024K, 49 young (50176K), 4 survivors (4096K)
 Metaspace       used 106726K, capacity 109027K, committed 109308K, reserved 1144832K
  class space    used 13025K, capacity 13862K, committed 13952K, reserved 1048576K
}
Event: 339.941 GC heap after
{Heap after GC invocations=291 (full 0):
 garbage-first heap   total 194560K, used 123716K [0x00000000e0000000, 0x0000000100000000)
  region size 1024K, 4 young (4096K), 4 survivors (4096K)
 Metaspace       used 106726K, capacity 109027K, committed 109308K, reserved 1144832K
  class space    used 13025K, capacity 13862K, committed 13952K, reserved 1048576K
}
Event: 343.231 GC heap before
{Heap before GC invocations=291 (full 0):
 garbage-first heap   total 194560K, used 168772K [0x00000000e0000000, 0x0000000100000000)
  region size 1024K, 48 young (49152K), 4 survivors (4096K)
 Metaspace       used 107130K, capacity 109361K, committed 109564K, reserved 1144832K
  class space    used 13071K, capacity 13865K, committed 13952K, reserved 1048576K
}
Event: 343.241 GC heap after
{Heap after GC invocations=292 (full 0):
 garbage-first heap   total 194560K, used 123649K [0x00000000e0000000, 0x0000000100000000)
  region size 1024K, 4 young (4096K), 4 survivors (4096K)
 Metaspace       used 107130K, capacity 109361K, committed 109564K, reserved 1144832K
  class space    used 13071K, capacity 13865K, committed 13952K, reserved 1048576K
}
Event: 350.542 GC heap before
{Heap before GC invocations=292 (full 0):
 garbage-first heap   total 194560K, used 172801K [0x00000000e0000000, 0x0000000100000000)
  region size 1024K, 49 young (50176K), 4 survivors (4096K)
 Metaspace       used 108360K, capacity 110635K, committed 110844K, reserved 1146880K
  class space    used 13276K, capacity 14135K, committed 14208K, reserved 1048576K
}
Event: 350.562 GC heap after
{Heap after GC invocations=293 (full 0):
 garbage-first heap   total 194560K, used 128446K [0x00000000e0000000, 0x0000000100000000)
  region size 1024K, 6 young (6144K), 6 survivors (6144K)
 Metaspace       used 108360K, capacity 110635K, committed 110844K, reserved 1146880K
  class space    used 13276K, capacity 14135K, committed 14208K, reserved 1048576K
}
Event: 353.055 GC heap before
{Heap before GC invocations=293 (full 0):
 garbage-first heap   total 194560K, used 167358K [0x00000000e0000000, 0x0000000100000000)
  region size 1024K, 45 young (46080K), 6 survivors (6144K)
 Metaspace       used 110073K, capacity 112338K, committed 112636K, reserved 1146880K
  class space    used 13508K, capacity 14365K, committed 14464K, reserved 1048576K
}
Event: 353.076 GC heap after
{Heap after GC invocations=294 (full 0):
 garbage-first heap   total 194560K, used 129192K [0x00000000e0000000, 0x0000000100000000)
  region size 1024K, 4 young (4096K), 4 survivors (4096K)
 Metaspace       used 110073K, capacity 112338K, committed 112636K, reserved 1146880K
  class space    used 13508K, capacity 14365K, committed 14464K, reserved 1048576K
}
Event: 356.518 GC heap before
{Heap before GC invocations=294 (full 0):
 garbage-first heap   total 194560K, used 169128K [0x00000000e0000000, 0x0000000100000000)
  region size 1024K, 43 young (44032K), 4 survivors (4096K)
 Metaspace       used 111665K, capacity 114136K, committed 114428K, reserved 1148928K
  class space    used 13737K, capacity 14668K, committed 14720K, reserved 1048576K
}
Event: 356.546 GC heap after
{Heap after GC invocations=295 (full 0):
 garbage-first heap   total 194560K, used 131274K [0x00000000e0000000, 0x0000000100000000)
  region size 1024K, 3 young (3072K), 3 survivors (3072K)
 Metaspace       used 111665K, capacity 114136K, committed 114428K, reserved 1148928K
  class space    used 13737K, capacity 14668K, committed 14720K, reserved 1048576K
}
Event: 360.943 GC heap before
{Heap before GC invocations=295 (full 0):
 garbage-first heap   total 194560K, used 169162K [0x00000000e0000000, 0x0000000100000000)
  region size 1024K, 40 young (40960K), 3 survivors (3072K)
 Metaspace       used 113320K, capacity 115826K, committed 115964K, reserved 1150976K
  class space    used 13989K, capacity 14961K, committed 14976K, reserved 1048576K
}
Event: 360.970 GC heap after
{Heap after GC invocations=296 (full 0):
 garbage-first heap   total 194560K, used 133120K [0x00000000e0000000, 0x0000000100000000)
  region size 1024K, 2 young (2048K), 2 survivors (2048K)
 Metaspace       used 113320K, capacity 115826K, committed 115964K, reserved 1150976K
  class space    used 13989K, capacity 14961K, committed 14976K, reserved 1048576K
}
Event: 365.348 GC heap before
{Heap before GC invocations=296 (full 0):
 garbage-first heap   total 194560K, used 168960K [0x00000000e0000000, 0x0000000100000000)
  region size 1024K, 37 young (37888K), 2 survivors (2048K)
 Metaspace       used 115874K, capacity 118519K, committed 118652K, reserved 1153024K
  class space    used 14433K, capacity 15496K, committed 15616K, reserved 1048576K
}
Event: 365.366 GC heap after
{Heap after GC invocations=297 (full 0):
 garbage-first heap   total 194560K, used 134048K [0x00000000e0000000, 0x0000000100000000)
  region size 1024K, 3 young (3072K), 3 survivors (3072K)
 Metaspace       used 115874K, capacity 118519K, committed 118652K, reserved 1153024K
  class space    used 14433K, capacity 15496K, committed 15616K, reserved 1048576K
}
Event: 367.622 GC heap before
{Heap before GC invocations=297 (full 0):
 garbage-first heap   total 194560K, used 168864K [0x00000000e0000000, 0x0000000100000000)
  region size 1024K, 37 young (37888K), 3 survivors (3072K)
 Metaspace       used 117955K, capacity 120725K, committed 120956K, reserved 1155072K
  class space    used 14740K, capacity 15820K, committed 15872K, reserved 1048576K
}
Event: 367.643 GC heap after
{Heap after GC invocations=298 (full 0):
 garbage-first heap   total 194560K, used 134900K [0x00000000e0000000, 0x0000000100000000)
  region size 1024K, 2 young (2048K), 2 survivors (2048K)
 Metaspace       used 117955K, capacity 120725K, committed 120956K, reserved 1155072K
  class space    used 14740K, capacity 15820K, committed 15872K, reserved 1048576K
}

