# JRE version: OpenJDK Runtime Environment (11.0.11+9) (build 11.0.11+9-b60-7590822)
# Java VM: OpenJDK 64-Bit Server VM (11.0.11+9-b60-7590822, mixed mode, tiered, compressed oops, g1 gc, windows-amd64)
Heap:
 garbage-first heap   total 254976K, used 153806K [0x00000000e0000000, 0x0000000100000000)
  region size 1024K, 2 young (2048K), 2 survivors (2048K)
 Metaspace       used 95347K, capacity 97521K, committed 97788K, reserved 1134592K
  class space    used 12214K, capacity 13018K, committed 13184K, reserved 1048576K
GC Heap History (20 events):
Event: 208.834 GC heap after
{Heap after GC invocations=232 (full 0):
 garbage-first heap   total 165888K, used 137376K [0x00000000e0000000, 0x0000000100000000)
  region size 1024K, 2 young (2048K), 2 survivors (2048K)
 Metaspace       used 95416K, capacity 97628K, committed 97788K, reserved 1134592K
  class space    used 12240K, capacity 13065K, committed 13184K, reserved 1048576K
}
Event: 208.916 GC heap before
{Heap before GC invocations=232 (full 0):
 garbage-first heap   total 165888K, used 143520K [0x00000000e0000000, 0x0000000100000000)
  region size 1024K, 8 young (8192K), 2 survivors (2048K)
 Metaspace       used 95416K, capacity 97628K, committed 97788K, reserved 1134592K
  class space    used 12240K, capacity 13065K, committed 13184K, reserved 1048576K
}
Event: 208.954 GC heap after
{Heap after GC invocations=233 (full 0):
 garbage-first heap   total 165888K, used 138552K [0x00000000e0000000, 0x0000000100000000)
  region size 1024K, 1 young (1024K), 1 survivors (1024K)
 Metaspace       used 95416K, capacity 97628K, committed 97788K, reserved 1134592K
  class space    used 12240K, capacity 13065K, committed 13184K, reserved 1048576K
}
Event: 209.909 GC heap before
{Heap before GC invocations=233 (full 0):
 garbage-first heap   total 165888K, used 145720K [0x00000000e0000000, 0x0000000100000000)
  region size 1024K, 8 young (8192K), 1 survivors (1024K)
 Metaspace       used 95347K, capacity 97521K, committed 97788K, reserved 1134592K
  class space    used 12214K, capacity 13018K, committed 13184K, reserved 1048576K
}
Event: 209.926 GC heap after
{Heap after GC invocations=234 (full 0):
 garbage-first heap   total 165888K, used 140060K [0x00000000e0000000, 0x0000000100000000)
  region size 1024K, 1 young (1024K), 1 survivors (1024K)
 Metaspace       used 95347K, capacity 97521K, committed 97788K, reserved 1134592K
  class space    used 12214K, capacity 13018K, committed 13184K, reserved 1048576K
}
Event: 209.984 GC heap before
{Heap before GC invocations=234 (full 0):
 garbage-first heap   total 165888K, used 147228K [0x00000000e0000000, 0x0000000100000000)
  region size 1024K, 8 young (8192K), 1 survivors (1024K)
 Metaspace       used 95347K, capacity 97521K, committed 97788K, reserved 1134592K
  class space    used 12214K, capacity 13018K, committed 13184K, reserved 1048576K
}
Event: 210.003 GC heap after
{Heap after GC invocations=235 (full 0):
 garbage-first heap   total 165888K, used 141587K [0x00000000e0000000, 0x0000000100000000)
  region size 1024K, 1 young (1024K), 1 survivors (1024K)
 Metaspace       used 95347K, capacity 97521K, committed 97788K, reserved 1134592K
  class space    used 12214K, capacity 13018K, committed 13184K, reserved 1048576K
}
Event: 210.056 GC heap before
{Heap before GC invocations=235 (full 0):
 garbage-first heap   total 165888K, used 148755K [0x00000000e0000000, 0x0000000100000000)
  region size 1024K, 8 young (8192K), 1 survivors (1024K)
 Metaspace       used 95347K, capacity 97521K, committed 97788K, reserved 1134592K
  class space    used 12214K, capacity 13018K, committed 13184K, reserved 1048576K
}
Event: 210.073 GC heap after
{Heap after GC invocations=236 (full 0):
 garbage-first heap   total 165888K, used 143020K [0x00000000e0000000, 0x0000000100000000)
  region size 1024K, 1 young (1024K), 1 survivors (1024K)
 Metaspace       used 95347K, capacity 97521K, committed 97788K, reserved 1134592K
  class space    used 12214K, capacity 13018K, committed 13184K, reserved 1048576K
}
Event: 210.244 GC heap before
{Heap before GC invocations=237 (full 0):
 garbage-first heap   total 165888K, used 150188K [0x00000000e0000000, 0x0000000100000000)
  region size 1024K, 8 young (8192K), 1 survivors (1024K)
 Metaspace       used 95347K, capacity 97521K, committed 97788K, reserved 1134592K
  class space    used 12214K, capacity 13018K, committed 13184K, reserved 1048576K
}
Event: 210.261 GC heap after
{Heap after GC invocations=238 (full 0):
 garbage-first heap   total 165888K, used 144271K [0x00000000e0000000, 0x0000000100000000)
  region size 1024K, 1 young (1024K), 1 survivors (1024K)
 Metaspace       used 95347K, capacity 97521K, committed 97788K, reserved 1134592K
  class space    used 12214K, capacity 13018K, committed 13184K, reserved 1048576K
}
Event: 210.389 GC heap before
{Heap before GC invocations=238 (full 0):
 garbage-first heap   total 165888K, used 151439K [0x00000000e0000000, 0x0000000100000000)
  region size 1024K, 8 young (8192K), 1 survivors (1024K)
 Metaspace       used 95347K, capacity 97521K, committed 97788K, reserved 1134592K
  class space    used 12214K, capacity 13018K, committed 13184K, reserved 1048576K
}
Event: 210.447 GC heap after
{Heap after GC invocations=239 (full 0):
 garbage-first heap   total 187392K, used 144311K [0x00000000e0000000, 0x0000000100000000)
  region size 1024K, 1 young (1024K), 1 survivors (1024K)
 Metaspace       used 95347K, capacity 97521K, committed 97788K, reserved 1134592K
  class space    used 12214K, capacity 13018K, committed 13184K, reserved 1048576K
}
Event: 210.872 GC heap before
{Heap before GC invocations=239 (full 0):
 garbage-first heap   total 187392K, used 155575K [0x00000000e0000000, 0x0000000100000000)
  region size 1024K, 12 young (12288K), 1 survivors (1024K)
 Metaspace       used 95347K, capacity 97521K, committed 97788K, reserved 1134592K
  class space    used 12214K, capacity 13018K, committed 13184K, reserved 1048576K
}
Event: 210.896 GC heap after
{Heap after GC invocations=240 (full 0):
 garbage-first heap   total 187392K, used 146972K [0x00000000e0000000, 0x0000000100000000)
  region size 1024K, 2 young (2048K), 2 survivors (2048K)
 Metaspace       used 95347K, capacity 97521K, committed 97788K, reserved 1134592K
  class space    used 12214K, capacity 13018K, committed 13184K, reserved 1048576K
}
Event: 210.974 GC heap before
{Heap before GC invocations=240 (full 0):
 garbage-first heap   total 187392K, used 157212K [0x00000000e0000000, 0x0000000100000000)
  region size 1024K, 12 young (12288K), 2 survivors (2048K)
 Metaspace       used 95347K, capacity 97521K, committed 97788K, reserved 1134592K
  class space    used 12214K, capacity 13018K, committed 13184K, reserved 1048576K
}
Event: 210.995 GC heap after
{Heap after GC invocations=241 (full 0):
 garbage-first heap   total 187392K, used 149284K [0x00000000e0000000, 0x0000000100000000)
  region size 1024K, 2 young (2048K), 2 survivors (2048K)
 Metaspace       used 95347K, capacity 97521K, committed 97788K, reserved 1134592K
  class space    used 12214K, capacity 13018K, committed 13184K, reserved 1048576K
}
Event: 211.075 GC heap before
{Heap before GC invocations=241 (full 0):
 garbage-first heap   total 187392K, used 158500K [0x00000000e0000000, 0x0000000100000000)
  region size 1024K, 11 young (11264K), 2 survivors (2048K)
 Metaspace       used 95347K, capacity 97521K, committed 97788K, reserved 1134592K
  class space    used 12214K, capacity 13018K, committed 13184K, reserved 1048576K
}
Event: 211.095 GC heap after
{Heap after GC invocations=242 (full 0):
 garbage-first heap   total 187392K, used 151522K [0x00000000e0000000, 0x0000000100000000)
  region size 1024K, 2 young (2048K), 2 survivors (2048K)
 Metaspace       used 95347K, capacity 97521K, committed 97788K, reserved 1134592K
  class space    used 12214K, capacity 13018K, committed 13184K, reserved 1048576K
}
Event: 211.166 GC heap before
{Heap before GC invocations=242 (full 0):
 garbage-first heap   total 187392K, used 160738K [0x00000000e0000000, 0x0000000100000000)
  region size 1024K, 11 young (11264K), 2 survivors (2048K)
 Metaspace       used 95347K, capacity 97521K, committed 97788K, reserved 1134592K
  class space    used 12214K, capacity 13018K, committed 13184K, reserved 1048576K
}

