# JRE version: OpenJDK Runtime Environment (11.0.11+9) (build 11.0.11+9-b60-7590822)
# Java VM: OpenJDK 64-Bit Server VM (11.0.11+9-b60-7590822, mixed mode, tiered, compressed oops, g1 gc, windows-amd64)
Heap:
 garbage-first heap   total 167936K, used 130734K [0x00000000c0000000, 0x0000000100000000)
  region size 1024K, 2 young (2048K), 2 survivors (2048K)
 Metaspace       used 113218K, capacity 115931K, committed 116016K, reserved 1159168K
  class space    used 14401K, capacity 15422K, committed 15488K, reserved 1048576K
GC Heap History (20 events):
Event: 142.367 GC heap before
{Heap before GC invocations=160 (full 0):
 garbage-first heap   total 167936K, used 146817K [0x00000000c0000000, 0x0000000100000000)
  region size 1024K, 20 young (20480K), 2 survivors (2048K)
 Metaspace       used 104579K, capacity 107108K, committed 107312K, reserved 1142784K
  class space    used 13258K, capacity 14125K, committed 14208K, reserved 1048576K
}
Event: 142.375 GC heap after
{Heap after GC invocations=161 (full 0):
 garbage-first heap   total 167936K, used 129201K [0x00000000c0000000, 0x0000000100000000)
  region size 1024K, 3 young (3072K), 3 survivors (3072K)
 Metaspace       used 104579K, capacity 107108K, committed 107312K, reserved 1142784K
  class space    used 13258K, capacity 14125K, committed 14208K, reserved 1048576K
}
Event: 144.704 GC heap before
{Heap before GC invocations=162 (full 0):
 garbage-first heap   total 167936K, used 146609K [0x00000000c0000000, 0x0000000100000000)
  region size 1024K, 20 young (20480K), 3 survivors (3072K)
 Metaspace       used 105193K, capacity 107694K, committed 107824K, reserved 1142784K
  class space    used 13340K, capacity 14190K, committed 14208K, reserved 1048576K
}
Event: 144.713 GC heap after
{Heap after GC invocations=163 (full 0):
 garbage-first heap   total 167936K, used 129953K [0x00000000c0000000, 0x0000000100000000)
  region size 1024K, 3 young (3072K), 3 survivors (3072K)
 Metaspace       used 105193K, capacity 107694K, committed 107824K, reserved 1142784K
  class space    used 13340K, capacity 14190K, committed 14208K, reserved 1048576K
}
Event: 146.639 GC heap before
{Heap before GC invocations=163 (full 0):
 garbage-first heap   total 167936K, used 145313K [0x00000000c0000000, 0x0000000100000000)
  region size 1024K, 19 young (19456K), 3 survivors (3072K)
 Metaspace       used 105586K, capacity 108116K, committed 108464K, reserved 1142784K
  class space    used 13374K, capacity 14236K, committed 14336K, reserved 1048576K
}
Event: 146.654 GC heap after
{Heap after GC invocations=164 (full 0):
 garbage-first heap   total 167936K, used 131143K [0x00000000c0000000, 0x0000000100000000)
  region size 1024K, 3 young (3072K), 3 survivors (3072K)
 Metaspace       used 105586K, capacity 108116K, committed 108464K, reserved 1142784K
  class space    used 13374K, capacity 14236K, committed 14336K, reserved 1048576K
}
Event: 150.236 GC heap before
{Heap before GC invocations=165 (full 0):
 garbage-first heap   total 167936K, used 145479K [0x00000000c0000000, 0x0000000100000000)
  region size 1024K, 18 young (18432K), 3 survivors (3072K)
 Metaspace       used 107545K, capacity 110101K, committed 110256K, reserved 1144832K
  class space    used 13637K, capacity 14514K, committed 14592K, reserved 1048576K
}
Event: 150.254 GC heap after
{Heap after GC invocations=166 (full 0):
 garbage-first heap   total 167936K, used 129771K [0x00000000c0000000, 0x0000000100000000)
  region size 1024K, 2 young (2048K), 2 survivors (2048K)
 Metaspace       used 107545K, capacity 110101K, committed 110256K, reserved 1144832K
  class space    used 13637K, capacity 14514K, committed 14592K, reserved 1048576K
}
Event: 152.709 GC heap before
{Heap before GC invocations=166 (full 0):
 garbage-first heap   total 167936K, used 134891K [0x00000000c0000000, 0x0000000100000000)
  region size 1024K, 8 young (8192K), 2 survivors (2048K)
 Metaspace       used 108736K, capacity 111401K, committed 111536K, reserved 1146880K
  class space    used 13834K, capacity 14770K, committed 14848K, reserved 1048576K
}
Event: 152.724 GC heap after
{Heap after GC invocations=167 (full 0):
 garbage-first heap   total 167936K, used 127930K [0x00000000c0000000, 0x0000000100000000)
  region size 1024K, 1 young (1024K), 1 survivors (1024K)
 Metaspace       used 108736K, capacity 111401K, committed 111536K, reserved 1146880K
  class space    used 13834K, capacity 14770K, committed 14848K, reserved 1048576K
}
Event: 153.716 GC heap before
{Heap before GC invocations=167 (full 0):
 garbage-first heap   total 167936K, used 144314K [0x00000000c0000000, 0x0000000100000000)
  region size 1024K, 17 young (17408K), 1 survivors (1024K)
 Metaspace       used 109286K, capacity 112053K, committed 112176K, reserved 1146880K
  class space    used 13899K, capacity 14898K, committed 14976K, reserved 1048576K
}
Event: 153.727 GC heap after
{Heap after GC invocations=168 (full 0):
 garbage-first heap   total 167936K, used 128815K [0x00000000c0000000, 0x0000000100000000)
  region size 1024K, 2 young (2048K), 2 survivors (2048K)
 Metaspace       used 109286K, capacity 112053K, committed 112176K, reserved 1146880K
  class space    used 13899K, capacity 14898K, committed 14976K, reserved 1048576K
}
Event: 156.756 GC heap before
{Heap before GC invocations=169 (full 0):
 garbage-first heap   total 167936K, used 144175K [0x00000000c0000000, 0x0000000100000000)
  region size 1024K, 18 young (18432K), 2 survivors (2048K)
 Metaspace       used 109902K, capacity 112635K, committed 112816K, reserved 1146880K
  class space    used 13981K, capacity 15006K, committed 15104K, reserved 1048576K
}
Event: 156.769 GC heap after
{Heap after GC invocations=170 (full 0):
 garbage-first heap   total 167936K, used 129677K [0x00000000c0000000, 0x0000000100000000)
  region size 1024K, 3 young (3072K), 3 survivors (3072K)
 Metaspace       used 109902K, capacity 112635K, committed 112816K, reserved 1146880K
  class space    used 13981K, capacity 15006K, committed 15104K, reserved 1048576K
}
Event: 157.828 GC heap before
{Heap before GC invocations=170 (full 0):
 garbage-first heap   total 167936K, used 144013K [0x00000000c0000000, 0x0000000100000000)
  region size 1024K, 18 young (18432K), 3 survivors (3072K)
 Metaspace       used 110888K, capacity 113659K, committed 113968K, reserved 1148928K
  class space    used 14123K, capacity 15134K, committed 15232K, reserved 1048576K
}
Event: 157.842 GC heap after
{Heap after GC invocations=171 (full 0):
 garbage-first heap   total 167936K, used 129744K [0x00000000c0000000, 0x0000000100000000)
  region size 1024K, 1 young (1024K), 1 survivors (1024K)
 Metaspace       used 110888K, capacity 113659K, committed 113968K, reserved 1148928K
  class space    used 14123K, capacity 15134K, committed 15232K, reserved 1048576K
}
Event: 158.979 GC heap before
{Heap before GC invocations=172 (full 0):
 garbage-first heap   total 167936K, used 145104K [0x00000000c0000000, 0x0000000100000000)
  region size 1024K, 17 young (17408K), 1 survivors (1024K)
 Metaspace       used 112165K, capacity 114907K, committed 115120K, reserved 1148928K
  class space    used 14288K, capacity 15294K, committed 15360K, reserved 1048576K
}
Event: 158.991 GC heap after
{Heap after GC invocations=173 (full 0):
 garbage-first heap   total 167936K, used 130098K [0x00000000c0000000, 0x0000000100000000)
  region size 1024K, 2 young (2048K), 2 survivors (2048K)
 Metaspace       used 112165K, capacity 114907K, committed 115120K, reserved 1148928K
  class space    used 14288K, capacity 15294K, committed 15360K, reserved 1048576K
}
Event: 160.069 GC heap before
{Heap before GC invocations=173 (full 0):
 garbage-first heap   total 167936K, used 143410K [0x00000000c0000000, 0x0000000100000000)
  region size 1024K, 16 young (16384K), 2 survivors (2048K)
 Metaspace       used 113218K, capacity 115931K, committed 116016K, reserved 1157120K
  class space    used 14401K, capacity 15422K, committed 15488K, reserved 1048576K
}
Event: 160.083 GC heap after
{Heap after GC invocations=174 (full 0):
 garbage-first heap   total 167936K, used 130734K [0x00000000c0000000, 0x0000000100000000)
  region size 1024K, 2 young (2048K), 2 survivors (2048K)
 Metaspace       used 113218K, capacity 115931K, committed 116016K, reserved 1157120K
  class space    used 14401K, capacity 15422K, committed 15488K, reserved 1048576K
}

