# JRE version: OpenJDK Runtime Environment (11.0.11+9) (build 11.0.11+9-b60-7590822)
# Java VM: OpenJDK 64-Bit Server VM (11.0.11+9-b60-7590822, mixed mode, tiered, compressed oops, g1 gc, windows-amd64)
Heap:
 garbage-first heap   total 112640K, used 89062K [0x00000000e0000000, 0x0000000100000000)
  region size 1024K, 8 young (8192K), 2 survivors (2048K)
 Metaspace       used 68170K, capacity 70024K, committed 70272K, reserved 1110016K
  class space    used 8594K, capacity 9242K, committed 9344K, reserved 1048576K
GC Heap History (20 events):
Event: 46.028 GC heap before
{Heap before GC invocations=73 (full 0):
 garbage-first heap   total 112640K, used 87315K [0x00000000e0000000, 0x0000000100000000)
  region size 1024K, 16 young (16384K), 1 survivors (1024K)
 Metaspace       used 57232K, capacity 58881K, committed 59008K, reserved 1099776K
  class space    used 7234K, capacity 7762K, committed 7808K, reserved 1048576K
}
Event: 46.045 GC heap after
{Heap after GC invocations=74 (full 0):
 garbage-first heap   total 112640K, used 72482K [0x00000000e0000000, 0x0000000100000000)
  region size 1024K, 2 young (2048K), 2 survivors (2048K)
 Metaspace       used 57232K, capacity 58881K, committed 59008K, reserved 1099776K
  class space    used 7234K, capacity 7762K, committed 7808K, reserved 1048576K
}
Event: 47.596 GC heap before
{Heap before GC invocations=75 (full 0):
 garbage-first heap   total 112640K, used 87842K [0x00000000e0000000, 0x0000000100000000)
  region size 1024K, 17 young (17408K), 2 survivors (2048K)
 Metaspace       used 59544K, capacity 61321K, committed 61440K, reserved 1101824K
  class space    used 7549K, capacity 8145K, committed 8192K, reserved 1048576K
}
Event: 47.612 GC heap after
{Heap after GC invocations=76 (full 0):
 garbage-first heap   total 112640K, used 73146K [0x00000000e0000000, 0x0000000100000000)
  region size 1024K, 3 young (3072K), 3 survivors (3072K)
 Metaspace       used 59544K, capacity 61321K, committed 61440K, reserved 1101824K
  class space    used 7549K, capacity 8145K, committed 8192K, reserved 1048576K
}
Event: 48.534 GC heap before
{Heap before GC invocations=76 (full 0):
 garbage-first heap   total 112640K, used 88506K [0x00000000e0000000, 0x0000000100000000)
  region size 1024K, 19 young (19456K), 3 survivors (3072K)
 Metaspace       used 61207K, capacity 62963K, committed 63232K, reserved 1103872K
  class space    used 7737K, capacity 8352K, committed 8448K, reserved 1048576K
}
Event: 48.558 GC heap after
{Heap after GC invocations=77 (full 0):
 garbage-first heap   total 112640K, used 77396K [0x00000000e0000000, 0x0000000100000000)
  region size 1024K, 3 young (3072K), 3 survivors (3072K)
 Metaspace       used 61207K, capacity 62963K, committed 63232K, reserved 1103872K
  class space    used 7737K, capacity 8352K, committed 8448K, reserved 1048576K
}
Event: 49.902 GC heap before
{Heap before GC invocations=78 (full 0):
 garbage-first heap   total 112640K, used 91732K [0x00000000e0000000, 0x0000000100000000)
  region size 1024K, 17 young (17408K), 3 survivors (3072K)
 Metaspace       used 62802K, capacity 64564K, committed 64640K, reserved 1105920K
  class space    used 7929K, capacity 8517K, committed 8576K, reserved 1048576K
}
Event: 49.922 GC heap after
{Heap after GC invocations=79 (full 0):
 garbage-first heap   total 112640K, used 78852K [0x00000000e0000000, 0x0000000100000000)
  region size 1024K, 2 young (2048K), 2 survivors (2048K)
 Metaspace       used 62802K, capacity 64564K, committed 64640K, reserved 1105920K
  class space    used 7929K, capacity 8517K, committed 8576K, reserved 1048576K
}
Event: 50.717 GC heap before
{Heap before GC invocations=79 (full 0):
 garbage-first heap   total 112640K, used 92164K [0x00000000e0000000, 0x0000000100000000)
  region size 1024K, 15 young (15360K), 2 survivors (2048K)
 Metaspace       used 64024K, capacity 65819K, committed 66048K, reserved 1105920K
  class space    used 8078K, capacity 8656K, committed 8704K, reserved 1048576K
}
Event: 50.728 GC heap after
{Heap after GC invocations=80 (full 0):
 garbage-first heap   total 112640K, used 79480K [0x00000000e0000000, 0x0000000100000000)
  region size 1024K, 1 young (1024K), 1 survivors (1024K)
 Metaspace       used 64024K, capacity 65819K, committed 66048K, reserved 1105920K
  class space    used 8078K, capacity 8656K, committed 8704K, reserved 1048576K
}
Event: 51.351 GC heap before
{Heap before GC invocations=81 (full 0):
 garbage-first heap   total 112640K, used 82552K [0x00000000e0000000, 0x0000000100000000)
  region size 1024K, 6 young (6144K), 1 survivors (1024K)
 Metaspace       used 64378K, capacity 66177K, committed 66432K, reserved 1107968K
  class space    used 8138K, capacity 8754K, committed 8832K, reserved 1048576K
}
Event: 51.360 GC heap after
{Heap after GC invocations=82 (full 0):
 garbage-first heap   total 112640K, used 79900K [0x00000000e0000000, 0x0000000100000000)
  region size 1024K, 2 young (2048K), 2 survivors (2048K)
 Metaspace       used 64378K, capacity 66177K, committed 66432K, reserved 1107968K
  class space    used 8138K, capacity 8754K, committed 8832K, reserved 1048576K
}
Event: 52.617 GC heap before
{Heap before GC invocations=83 (full 0):
 garbage-first heap   total 112640K, used 92188K [0x00000000e0000000, 0x0000000100000000)
  region size 1024K, 13 young (13312K), 2 survivors (2048K)
 Metaspace       used 65668K, capacity 67472K, committed 67584K, reserved 1107968K
  class space    used 8296K, capacity 8905K, committed 8960K, reserved 1048576K
}
Event: 52.629 GC heap after
{Heap after GC invocations=84 (full 0):
 garbage-first heap   total 112640K, used 80102K [0x00000000e0000000, 0x0000000100000000)
  region size 1024K, 1 young (1024K), 1 survivors (1024K)
 Metaspace       used 65668K, capacity 67472K, committed 67584K, reserved 1107968K
  class space    used 8296K, capacity 8905K, committed 8960K, reserved 1048576K
}
Event: 53.457 GC heap before
{Heap before GC invocations=84 (full 0):
 garbage-first heap   total 112640K, used 91366K [0x00000000e0000000, 0x0000000100000000)
  region size 1024K, 12 young (12288K), 1 survivors (1024K)
 Metaspace       used 66660K, capacity 68453K, committed 68736K, reserved 1110016K
  class space    used 8431K, capacity 9040K, committed 9088K, reserved 1048576K
}
Event: 53.466 GC heap after
{Heap after GC invocations=85 (full 0):
 garbage-first heap   total 112640K, used 80393K [0x00000000e0000000, 0x0000000100000000)
  region size 1024K, 1 young (1024K), 1 survivors (1024K)
 Metaspace       used 66660K, capacity 68453K, committed 68736K, reserved 1110016K
  class space    used 8431K, capacity 9040K, committed 9088K, reserved 1048576K
}
Event: 54.266 GC heap before
{Heap before GC invocations=86 (full 0):
 garbage-first heap   total 112640K, used 92681K [0x00000000e0000000, 0x0000000100000000)
  region size 1024K, 13 young (13312K), 1 survivors (1024K)
 Metaspace       used 67530K, capacity 69320K, committed 69632K, reserved 1110016K
  class space    used 8524K, capacity 9136K, committed 9216K, reserved 1048576K
}
Event: 54.297 GC heap after
{Heap after GC invocations=87 (full 0):
 garbage-first heap   total 112640K, used 81144K [0x00000000e0000000, 0x0000000100000000)
  region size 1024K, 2 young (2048K), 2 survivors (2048K)
 Metaspace       used 67530K, capacity 69320K, committed 69632K, reserved 1110016K
  class space    used 8524K, capacity 9136K, committed 9216K, reserved 1048576K
}
Event: 54.939 GC heap before
{Heap before GC invocations=87 (full 0):
 garbage-first heap   total 112640K, used 92408K [0x00000000e0000000, 0x0000000100000000)
  region size 1024K, 14 young (14336K), 2 survivors (2048K)
 Metaspace       used 67757K, capacity 69567K, committed 69632K, reserved 1110016K
  class space    used 8566K, capacity 9174K, committed 9216K, reserved 1048576K
}
Event: 54.957 GC heap after
{Heap after GC invocations=88 (full 0):
 garbage-first heap   total 112640K, used 82630K [0x00000000e0000000, 0x0000000100000000)
  region size 1024K, 2 young (2048K), 2 survivors (2048K)
 Metaspace       used 67757K, capacity 69567K, committed 69632K, reserved 1110016K
  class space    used 8566K, capacity 9174K, committed 9216K, reserved 1048576K
}

